
           ___      .______        ______  __    __  .______      
          /   \     |   _  \      /      ||  |  |  | |   _  \     
         /  ^  \    |  |_)  |    |  ,----'|  |__|  | |  |_)  |    
        /  /_\  \   |      /     |  |     |   __   | |      /     
       /  _____  \  |  |\  \\___ |  `----.|  |  |  | |  |\  \\___.
      /__/     \__\ | _| `._____| \______||__|  |__| | _| `._____|
    
Logging With ArchR!

Start Time : 2020-07-04 00:49:06

------- ArchR Info

ArchRThreads = 12
ArchRGenome = Hg38

------- System Info

Computer OS = unix
Total Cores = 24

------- Session Info

R version 3.6.2 (2019-12-12)
Platform: x86_64-pc-linux-gnu (64-bit)
Running under: CentOS Linux 7 (Core)

Matrix products: default
BLAS/LAPACK: /usr/lib64/libopenblasp-r0.3.3.so

locale:
 [1] LC_CTYPE=en_US.UTF-8       LC_NUMERIC=C               LC_TIME=en_US.UTF-8        LC_COLLATE=en_US.UTF-8     LC_MONETARY=en_US.UTF-8    LC_MESSAGES=en_US.UTF-8    LC_PAPER=en_US.UTF-8       LC_NAME=C                  LC_ADDRESS=C              
[10] LC_TELEPHONE=C             LC_MEASUREMENT=en_US.UTF-8 LC_IDENTIFICATION=C       

attached base packages:
 [1] stats4    parallel  grid      stats     graphics  grDevices utils     datasets  methods   base     

other attached packages:
 [1] uwot_0.1.8                        gridExtra_2.3                     ggrastr_0.1.7                     nabor_0.5.0                       BSgenome.Hsapiens.UCSC.hg38_1.4.1 BSgenome_1.54.0                   rtracklayer_1.46.0               
 [8] Biostrings_2.54.0                 XVector_0.26.0                    dplyr_1.0.0                       ArchR_0.9.1                       magrittr_1.5                      rhdf5_2.30.1                      Matrix_1.2-18                    
[15] SummarizedExperiment_1.16.1       DelayedArray_0.12.3               BiocParallel_1.20.1               matrixStats_0.56.0                BuenColors_0.5.6                  ggplot2_3.3.1                     MASS_7.3-51.6                    
[22] data.table_1.12.8                 EnsDb.Hsapiens.v86_2.99.0         ensembldb_2.10.2                  AnnotationFilter_1.10.0           GenomicFeatures_1.38.2            AnnotationDbi_1.48.0              Biobase_2.46.0                   
[29] GenomicRanges_1.38.0              GenomeInfoDb_1.22.1               IRanges_2.20.2                    S4Vectors_0.24.4                  BiocGenerics_0.32.0               ComplexHeatmap_2.2.0              Seurat_3.1.5                     
[36] Signac_0.2.5                     

loaded via a namespace (and not attached):
  [1] circlize_0.4.10          BiocFileCache_1.10.2     plyr_1.8.6               igraph_1.2.5             lazyeval_0.2.2           splines_3.6.2            listenv_0.8.0            digest_0.6.25            htmltools_0.4.0         
 [10] memoise_1.1.0            cluster_2.1.0            ROCR_1.0-11              globals_0.12.5           ggfittext_0.8.1          askpass_1.1              prettyunits_1.1.1        colorspace_1.4-1         blob_1.2.1              
 [19] rappdirs_0.3.1           ggrepel_0.8.2            crayon_1.3.4             RCurl_1.98-1.2           jsonlite_1.6.1           survival_3.2-3           zoo_1.8-8                ape_5.4                  glue_1.4.1              
 [28] gtable_0.3.0             zlibbioc_1.32.0          leiden_0.3.3             GetoptLong_1.0.0         Rhdf5lib_1.8.0           future.apply_1.5.0       shape_1.4.4              scales_1.1.1             DBI_1.1.0               
 [37] Rcpp_1.0.4.6             viridisLite_0.3.0        progress_1.2.2           clue_0.3-57              reticulate_1.16          bit_1.1-15.2             rsvd_1.0.3               tsne_0.1-3               htmlwidgets_1.5.1       
 [46] httr_1.4.1               RColorBrewer_1.1-2       ellipsis_0.3.1           ica_1.0-2                farver_2.0.3             pkgconfig_2.0.3          XML_3.99-0.3             ggseqlogo_0.1            dbplyr_1.4.4            
 [55] labeling_0.3             tidyselect_1.1.0         rlang_0.4.6              reshape2_1.4.4           munsell_0.5.0            tools_3.6.2              generics_0.0.2           RSQLite_2.2.0            ggridges_0.5.2          
 [64] stringr_1.4.0            bit64_0.9-7              fitdistrplus_1.1-1       purrr_0.3.4              RANN_2.6.1               pbapply_1.4-2            future_1.17.0            nlme_3.1-148             biomaRt_2.42.1          
 [73] hdf5r_1.3.2              compiler_3.6.2           rstudioapi_0.11          plotly_4.9.2.1           curl_4.3                 png_0.1-7                tibble_3.0.1             stringi_1.4.6            RSpectra_0.16-0         
 [82] lattice_0.20-41          ProtGenerics_1.18.0      vctrs_0.3.1              pillar_1.4.4             lifecycle_0.2.0          lmtest_0.9-37            GlobalOptions_0.1.2      RcppAnnoy_0.0.16         cowplot_1.0.0           
 [91] bitops_1.0-6             irlba_2.3.3              patchwork_1.0.0          gggenes_0.4.0            R6_2.4.1                 KernSmooth_2.23-17       codetools_0.2-16         gtools_3.8.2             assertthat_0.2.1        
[100] openssl_1.4.1            rjson_0.2.20             withr_2.2.0              GenomicAlignments_1.22.1 sctransform_0.2.1        Rsamtools_2.2.3          GenomeInfoDbData_1.2.2   hms_0.5.3                tidyr_1.1.0             
[109] Cairo_1.5-12             Rtsne_0.15              


------- Log Info


2020-07-04 00:49:07 : getMatrixFromProject Input-Parameters, Class = list

getMatrixFromProject Input-Parameters$ArchRProj: length = 1
class: ArchRProject 
outputDirectory: /data/aryee/caleb/tenx-scatac/asap_paper/asap_large_data_files/pbmc_stim_data/output/archr_pbmc_stim/ASAP_PBMC_only_stim_hg38 
samples(1): Stim
sampleColData names(1): ArrowFiles
cellColData names(15): Sample TSSEnrichment ... DoubletEnrichment BlacklistRatio
numberOfCells(1): 1
medianTSS(1): 13.414
medianFrags(1): 96255


getMatrixFromProject Input-Parameters$useMatrix: length = 1
[1] "GeneScoreMatrix"


getMatrixFromProject Input-Parameters$useSeqnames: length = 0
NULL


getMatrixFromProject Input-Parameters$verbose: length = 1
[1] TRUE


getMatrixFromProject Input-Parameters$binarize: length = 1
[1] FALSE


getMatrixFromProject Input-Parameters$threads: length = 1
[1] 12


getMatrixFromProject Input-Parameters$logFile: length = 1
[1] "ArchRLogs/ArchR-getMatrixFromProject-96d3531015fd-Date-2020-07-04_Time-00-49-06.log"


2020-07-04 00:49:07 : Reading GeneScoreMatrix : Stim(1 of 1), 0.008 mins elapsed.

2020-07-04 00:49:07 : getMatrixFromArrow Input-Parameters, Class = list

getMatrixFromArrow Input-Parameters$ArrowFile: length = 1
                                                                             Stim 
"../../../asap_large_data_files/pbmc_stim_data/output/archr_pbmc_stim/Stim.arrow" 


getMatrixFromArrow Input-Parameters$useMatrix: length = 1
[1] "GeneScoreMatrix"


getMatrixFromArrow Input-Parameters$useSeqnames: length = 0
NULL


getMatrixFromArrow Input-Parameters$cellNames: length = 4919
[1] "Stim#TAGCCCTTCGTTACAG-1" "Stim#GCCAGACCACCATTCC-1" "Stim#GCGGTGTAGGAAGACA-1" "Stim#ACAAAGAAGCTATCGT-1" "Stim#ATCCTCGTCTTAAGCG-1" "Stim#GAGCATTCATAGTCCA-1"


getMatrixFromArrow Input-Parameters$ArchRProj: length = 1
class: ArchRProject 
outputDirectory: /data/aryee/caleb/tenx-scatac/asap_paper/asap_large_data_files/pbmc_stim_data/output/archr_pbmc_stim/ASAP_PBMC_only_stim_hg38 
samples(1): Stim
sampleColData names(1): ArrowFiles
cellColData names(15): Sample TSSEnrichment ... DoubletEnrichment BlacklistRatio
numberOfCells(1): 1
medianTSS(1): 13.414
medianFrags(1): 96255


getMatrixFromArrow Input-Parameters$verbose: length = 1
[1] FALSE


getMatrixFromArrow Input-Parameters$binarize: length = 1
[1] FALSE


getMatrixFromArrow Input-Parameters$logFile: length = 1
[1] "ArchRLogs/ArchR-getMatrixFromProject-96d3531015fd-Date-2020-07-04_Time-00-49-06.log"



2020-07-04 00:49:07 : featureDF Stim, Class = DFrame
DataFrame with 24919 rows and 6 columns
      seqnames     start       end  strand         name     idx
         <Rle>   <array>   <array> <array>      <array> <array>
1         chr1     69091     70008       1        OR4F5       1
2         chr1    140339    139790       2    LOC729737       2
3         chr1    629010    585990       2 LOC101928626       3
4         chr1    817371    819837       1       FAM87B       4
5         chr1    825138    859446       1    LINC01128       5
...        ...       ...       ...     ...          ...     ...
24915     chrX 155264589 155258241       2       RAB39B     952
24916     chrX 155334657 155276211       2        CLIC2     953
24917     chrX 155380787 155381134       1       H2AFB1     954
24918     chrX 155382115 155383230       1         F8A2     955
24919     chrX 155669944 155490115       2        TMLHE     956

2020-07-04 00:49:07 : Getting GeneScoreMatrix from ArrowFile : Stim.arrow, 0.004 mins elapsed.
