
           ___      .______        ______  __    __  .______      
          /   \     |   _  \      /      ||  |  |  | |   _  \     
         /  ^  \    |  |_)  |    |  ,----'|  |__|  | |  |_)  |    
        /  /_\  \   |      /     |  |     |   __   | |      /     
       /  _____  \  |  |\  \\___ |  `----.|  |  |  | |  |\  \\___.
      /__/     \__\ | _| `._____| \______||__|  |__| | _| `._____|
    
Logging With ArchR!

Start Time : 2020-07-04 00:39:19

------- ArchR Info

ArchRThreads = 12
ArchRGenome = Hg38

------- System Info

Computer OS = unix
Total Cores = 24

------- Session Info

R version 3.6.2 (2019-12-12)
Platform: x86_64-pc-linux-gnu (64-bit)
Running under: CentOS Linux 7 (Core)

Matrix products: default
BLAS/LAPACK: /usr/lib64/libopenblasp-r0.3.3.so

locale:
 [1] LC_CTYPE=en_US.UTF-8       LC_NUMERIC=C               LC_TIME=en_US.UTF-8        LC_COLLATE=en_US.UTF-8     LC_MONETARY=en_US.UTF-8    LC_MESSAGES=en_US.UTF-8    LC_PAPER=en_US.UTF-8       LC_NAME=C                  LC_ADDRESS=C              
[10] LC_TELEPHONE=C             LC_MEASUREMENT=en_US.UTF-8 LC_IDENTIFICATION=C       

attached base packages:
 [1] stats4    parallel  grid      stats     graphics  grDevices utils     datasets  methods   base     

other attached packages:
 [1] BSgenome.Hsapiens.UCSC.hg38_1.4.1 BSgenome_1.54.0                   rtracklayer_1.46.0                Biostrings_2.54.0                 XVector_0.26.0                    dplyr_1.0.0                       ArchR_0.9.1                      
 [8] magrittr_1.5                      rhdf5_2.30.1                      Matrix_1.2-18                     SummarizedExperiment_1.16.1       DelayedArray_0.12.3               BiocParallel_1.20.1               matrixStats_0.56.0               
[15] BuenColors_0.5.6                  ggplot2_3.3.1                     MASS_7.3-51.6                     data.table_1.12.8                 EnsDb.Hsapiens.v86_2.99.0         ensembldb_2.10.2                  AnnotationFilter_1.10.0          
[22] GenomicFeatures_1.38.2            AnnotationDbi_1.48.0              Biobase_2.46.0                    GenomicRanges_1.38.0              GenomeInfoDb_1.22.1               IRanges_2.20.2                    S4Vectors_0.24.4                 
[29] BiocGenerics_0.32.0               ComplexHeatmap_2.2.0              Seurat_3.1.5                      Signac_0.2.5                     

loaded via a namespace (and not attached):
  [1] circlize_0.4.10          BiocFileCache_1.10.2     plyr_1.8.6               igraph_1.2.5             lazyeval_0.2.2           splines_3.6.2            listenv_0.8.0            digest_0.6.25            htmltools_0.4.0         
 [10] memoise_1.1.0            cluster_2.1.0            ROCR_1.0-11              globals_0.12.5           ggfittext_0.8.1          askpass_1.1              prettyunits_1.1.1        colorspace_1.4-1         blob_1.2.1              
 [19] rappdirs_0.3.1           ggrepel_0.8.2            crayon_1.3.4             RCurl_1.98-1.2           jsonlite_1.6.1           survival_3.2-3           zoo_1.8-8                ape_5.4                  glue_1.4.1              
 [28] gtable_0.3.0             zlibbioc_1.32.0          leiden_0.3.3             GetoptLong_1.0.0         Rhdf5lib_1.8.0           future.apply_1.5.0       shape_1.4.4              scales_1.1.1             DBI_1.1.0               
 [37] Rcpp_1.0.4.6             viridisLite_0.3.0        progress_1.2.2           clue_0.3-57              reticulate_1.16          bit_1.1-15.2             rsvd_1.0.3               tsne_0.1-3               htmlwidgets_1.5.1       
 [46] httr_1.4.1               RColorBrewer_1.1-2       ellipsis_0.3.1           ica_1.0-2                pkgconfig_2.0.3          XML_3.99-0.3             ggseqlogo_0.1            uwot_0.1.8               dbplyr_1.4.4            
 [55] tidyselect_1.1.0         rlang_0.4.6              reshape2_1.4.4           munsell_0.5.0            tools_3.6.2              generics_0.0.2           RSQLite_2.2.0            ggridges_0.5.2           stringr_1.4.0           
 [64] bit64_0.9-7              fitdistrplus_1.1-1       purrr_0.3.4              RANN_2.6.1               pbapply_1.4-2            future_1.17.0            nlme_3.1-148             biomaRt_2.42.1           hdf5r_1.3.2             
 [73] compiler_3.6.2           rstudioapi_0.11          plotly_4.9.2.1           curl_4.3                 png_0.1-7                tibble_3.0.1             stringi_1.4.6            lattice_0.20-41          ProtGenerics_1.18.0     
 [82] vctrs_0.3.1              pillar_1.4.4             lifecycle_0.2.0          lmtest_0.9-37            GlobalOptions_0.1.2      RcppAnnoy_0.0.16         cowplot_1.0.0            bitops_1.0-6             irlba_2.3.3             
 [91] patchwork_1.0.0          gggenes_0.4.0            R6_2.4.1                 KernSmooth_2.23-17       gridExtra_2.3            codetools_0.2-16         assertthat_0.2.1         openssl_1.4.1            rjson_0.2.20            
[100] withr_2.2.0              GenomicAlignments_1.22.1 sctransform_0.2.1        Rsamtools_2.2.3          GenomeInfoDbData_1.2.2   hms_0.5.3                tidyr_1.1.0              Rtsne_0.15              


------- Log Info


2020-07-04 00:39:19 : addDoubletScores Input-Parameters, Class = list

addDoubletScores Input-Parameters$input: length = 1
class: ArchRProject 
outputDirectory: /data/aryee/caleb/tenx-scatac/asap_paper/asap_large_data_files/pbmc_stim_data/output/archr_pbmc_stim/ASAP_PBMC_only_stim_hg38 
samples(1): Stim
sampleColData names(1): ArrowFiles
cellColData names(15): Sample TSSEnrichment ... DoubletEnrichment BlacklistRatio
numberOfCells(1): 1
medianTSS(1): 14.659
medianFrags(1): 99696


addDoubletScores Input-Parameters$useMatrix: length = 1
[1] "TileMatrix"


addDoubletScores Input-Parameters$k: length = 1
[1] 10


addDoubletScores Input-Parameters$nTrials: length = 1
[1] 5


addDoubletScores Input-Parameters$dimsToUse: length = 30
[1] 1 2 3 4 5 6


addDoubletScores Input-Parameters$LSIMethod: length = 1
[1] 1


addDoubletScores Input-Parameters$scaleDims: length = 1
[1] FALSE


addDoubletScores Input-Parameters$corCutOff: length = 1
[1] 0.75


addDoubletScores Input-Parameters$knnMethod: length = 1
[1] "UMAP"


addDoubletScores Input-Parameters$outDir: length = 1
[1] "/data/aryee/caleb/tenx-scatac/asap_paper/asap_large_data_files/pbmc_stim_data/output/archr_pbmc_stim/ASAP_PBMC_only_stim_hg38"


addDoubletScores Input-Parameters$threads: length = 1
[1] 12


addDoubletScores Input-Parameters$force: length = 1
[1] FALSE


addDoubletScores Input-Parameters$parallelParam: length = 0
NULL


addDoubletScores Input-Parameters$verbose: length = 1
[1] TRUE


addDoubletScores Input-Parameters$logFile: length = 1
[1] "ArchRLogs/ArchR-addDoubletScores-96d356cfef30-Date-2020-07-04_Time-00-39-19.log"


2020-07-04 00:39:19 : Batch Execution w/ safelapply!, 0 mins elapsed.
2020-07-04 00:39:19 : Stim (1 of 1) :  Computing Doublet Statistics, 0 mins elapsed.
2020-07-04 00:39:20 : Running IterativeLSI, 0.007 mins elapsed.

2020-07-04 00:39:20 : IterativeLSI Input-Parameters, Class = list

IterativeLSI Input-Parameters$ArchRProj: length = 1
class: ArchRProject 
outputDirectory: /data/aryee/caleb/tenx-scatac/asap_paper/asap_reproducibility/multiple_datasets/code/tmp/tmp-96d37ea35ec2-Date-2020-07-04_Time-00-39-19 
samples(1): Stim
sampleColData names(1): ArrowFiles
cellColData names(15): Sample TSSEnrichment ... DoubletEnrichment BlacklistRatio
numberOfCells(1): 1
medianTSS(1): 14.659
medianFrags(1): 99696


IterativeLSI Input-Parameters$useMatrix: length = 1
[1] "TileMatrix"


IterativeLSI Input-Parameters$name: length = 1
[1] "IterativeLSI"


IterativeLSI Input-Parameters$iterations: length = 1
[1] 2


IterativeLSI Input-Parameters$varFeatures: length = 1
[1] 25000


IterativeLSI Input-Parameters$dimsToUse: length = 30
[1] 1 2 3 4 5 6


IterativeLSI Input-Parameters$LSIMethod: length = 1
[1] 1


IterativeLSI Input-Parameters$scaleDims: length = 1
[1] FALSE


IterativeLSI Input-Parameters$corCutOff: length = 1
[1] 0.75


IterativeLSI Input-Parameters$binarize: length = 1
[1] TRUE


IterativeLSI Input-Parameters$outlierQuantiles: length = 0
NULL


IterativeLSI Input-Parameters$filterBias: length = 1
[1] FALSE


IterativeLSI Input-Parameters$sampleCellsPre: length = 1
[1] 10000


IterativeLSI Input-Parameters$projectCellsPre: length = 1
[1] FALSE


IterativeLSI Input-Parameters$sampleCellsFinal: length = 0
NULL


IterativeLSI Input-Parameters$selectionMethod: length = 1
[1] "var"


IterativeLSI Input-Parameters$scaleTo: length = 1
[1] 10000


IterativeLSI Input-Parameters$totalFeatures: length = 1
[1] 5e+05


IterativeLSI Input-Parameters$filterQuantile: length = 1
[1] 0.995


IterativeLSI Input-Parameters$excludeChr: length = 0
NULL


IterativeLSI Input-Parameters$saveIterations: length = 1
[1] FALSE


IterativeLSI Input-Parameters$nPlot: length = 1
[1] 10000


IterativeLSI Input-Parameters$outDir: length = 1
[1] "/data/aryee/caleb/tenx-scatac/asap_paper/asap_reproducibility/multiple_datasets/code/tmp/tmp-96d37ea35ec2-Date-2020-07-04_Time-00-39-19"


IterativeLSI Input-Parameters$threads: length = 1
[1] 12


IterativeLSI Input-Parameters$seed: length = 1
[1] 1


IterativeLSI Input-Parameters$verbose: length = 1
[1] FALSE


IterativeLSI Input-Parameters$force: length = 1
[1] TRUE


IterativeLSI Input-Parameters$logFile: length = 1
[1] "ArchRLogs/ArchR-addDoubletScores-96d356cfef30-Date-2020-07-04_Time-00-39-19.log"


2020-07-04 00:39:20 : Computing Total Accessibility Across All Features, 0 mins elapsed.
2020-07-04 00:39:25 : Computing Top Features, 0.086 mins elapsed.
###########
2020-07-04 00:39:26 : Running LSI (1 of 2) on Top Features, 0.094 mins elapsed.
###########
2020-07-04 00:39:26 : Creating Partial Matrix, 0.094 mins elapsed.
2020-07-04 00:39:50 : Computing LSI, 0.5 mins elapsed.

2020-07-04 00:39:50 : LSI Parameters, Class = list

LSI Parameters$: length = 1
                       
1 function (name)      
2 .Internal(args(name))


LSI Parameters$mat: nRows = 25000, nCols = 5836
LSI Parameters$mat: NonZeroEntries = 23519720, EntryRange = [ 1 , 1 ]
5 x 5 sparse Matrix of class "dgCMatrix"
     Stim#TTAGGTGGTAGCGAGT-1 Stim#CGAGTTACAGAATGCG-1 Stim#CTCAACCGTCACAGGA-1 Stim#AATGTCGGTTGAATAG-1 Stim#GAAAGTAGTCATCAAC-1
[1,]                       1                       1                       1                       .                       .
[2,]                       .                       1                       1                       1                       .
[3,]                       1                       1                       1                       .                       1
[4,]                       1                       1                       .                       .                       1
[5,]                       1                       1                       1                       .                       .


LSI Parameters$LSIMethod: length = 1
[1] 1


LSI Parameters$scaleTo: length = 1
[1] 10000


LSI Parameters$nDimensions: length = 1
[1] 30


LSI Parameters$binarize: length = 1
[1] TRUE


LSI Parameters$outlierQuantiles: length = 0
NULL


LSI Parameters$seed: length = 1
[1] 1


LSI Parameters$verbose: length = 1
[1] FALSE


LSI Parameters$tstart: length = 1
[1] "2020-07-04 00:39:20 EDT"


LSI Parameters$logFile: length = 1
[1] "ArchRLogs/ArchR-addDoubletScores-96d356cfef30-Date-2020-07-04_Time-00-39-19.log"


2020-07-04 00:39:50 : Running LSI, Input Matrix = 0.283 GB, 0.507 mins elapsed.
2020-07-04 00:39:50 : Binarizing Matrix, 0.507 mins elapsed.
2020-07-04 00:39:51 : Computing Term Frequency, 0.517 mins elapsed.
2020-07-04 00:39:51 : Removing 0 Sum Rows, 0.519 mins elapsed.
2020-07-04 00:39:53 : Computing Inverse Document Frequency, 0.553 mins elapsed.
2020-07-04 00:39:53 : Computing TF-IDF Matrix, 0.553 mins elapsed.
2020-07-04 00:39:55 : Computing SVD using irlba, 0.582 mins elapsed.
2020-07-04 00:40:06 : Finished LSI (TF-IDF SVD) using irlba, 0.763 mins elapsed.

2020-07-04 00:40:09 : outLSI-1, Class = SimpleList

outLSI-1$matSVD: nRows = 5836, nCols = 30
                               LSI1         LSI2          LSI3         LSI4          LSI5
Stim#TTAGGTGGTAGCGAGT-1 -0.01230730 3.313766e-05 -6.405639e-05 7.937322e-05 -1.080566e-04
Stim#CGAGTTACAGAATGCG-1 -0.01228337 7.845979e-05  3.511607e-05 3.724452e-05 -7.404102e-05
Stim#CTCAACCGTCACAGGA-1 -0.01227770 1.065972e-04 -3.265801e-05 7.178801e-05 -1.186425e-04
Stim#AATGTCGGTTGAATAG-1 -0.01228338 7.681398e-05  4.502842e-05 6.199766e-06 -1.069541e-04
Stim#GAAAGTAGTCATCAAC-1 -0.01226581 9.787491e-05  4.027652e-05 4.706367e-06 -2.167376e-05


outLSI-1$rowSm: length = 25000
[1]  663  857 1111  734  608  792


outLSI-1$nCol: length = 1
[1] 5836


outLSI-1$exclude: length = 0
NULL


outLSI-1$idx: length = 25000
[1] 1 2 3 4 5 6


outLSI-1$u: nRows = 25000, nCols = 30
             [,1]          [,2]          [,3]         [,4]          [,5]
[1,] -0.004802043 -1.643558e-05 -4.354119e-05 0.0001988630 -1.218965e-04
[2,] -0.005832305 -3.724412e-04 -8.399517e-04 0.0001084942 -5.083734e-04
[3,] -0.006943325  6.190153e-04  2.324832e-04 0.0004001440 -8.465178e-04
[4,] -0.005450164  1.323247e-04 -1.301357e-04 0.0002491994 -2.967006e-04
[5,] -0.005009905 -3.032731e-05 -2.931310e-04 0.0005040801  3.517034e-05


outLSI-1$v: nRows = 5836, nCols = 30
            [,1]         [,2]          [,3]         [,4]          [,5]
[1,] -0.01291087 0.0001197558 -0.0002349273 3.168651e-04 -4.618779e-04
[2,] -0.01288577 0.0002835451  0.0001287884 1.486835e-04 -3.164816e-04
[3,] -0.01287982 0.0003852306 -0.0001197735 2.865843e-04 -5.071265e-04
[4,] -0.01288578 0.0002775973  0.0001651421 2.475003e-05 -4.571655e-04
[5,] -0.01286734 0.0003537092  0.0001477144 1.878825e-05 -9.264248e-05


outLSI-1$binarize: length = 1
[1] TRUE


outLSI-1$scaleTo: length = 1
[1] 10000


outLSI-1$nDimensions: length = 1
[1] 30


outLSI-1$LSIMethod: length = 1
[1] 1


outLSI-1$outliers: length = 1
[1] NA


outLSI-1$date: length = 1
[1] "2020-07-04"


outLSI-1$seed: length = 1
[1] 1


outLSI-1$scaleDims: length = 1
[1] FALSE


outLSI-1$useMatrix: length = 1
[1] "TileMatrix"


outLSI-1$tileSize: length = 1
[1] 500



2020-07-04 00:40:09 : Cluster Params, Class = list

Cluster Params$: length = 1
                       
1 function (name)      
2 .Internal(args(name))


Cluster Params$matSVD: nRows = 5836, nCols = 30
                               LSI1         LSI2          LSI3         LSI4          LSI5
Stim#TTAGGTGGTAGCGAGT-1 -0.01230730 3.313766e-05 -6.405639e-05 7.937322e-05 -1.080566e-04
Stim#CGAGTTACAGAATGCG-1 -0.01228337 7.845979e-05  3.511607e-05 3.724452e-05 -7.404102e-05
Stim#CTCAACCGTCACAGGA-1 -0.01227770 1.065972e-04 -3.265801e-05 7.178801e-05 -1.186425e-04
Stim#AATGTCGGTTGAATAG-1 -0.01228338 7.681398e-05  4.502842e-05 6.199766e-06 -1.069541e-04
Stim#GAAAGTAGTCATCAAC-1 -0.01226581 9.787491e-05  4.027652e-05 4.706367e-06 -2.167376e-05


Cluster Params$corCutOff: length = 1
[1] 0.75


Cluster Params$dimsToUse: length = 30
[1] 1 2 3 4 5 6


Cluster Params$scaleDims: length = 1
[1] FALSE


Cluster Params$verbose: length = 1
[1] FALSE


Cluster Params$j: length = 1
[1] 1


Cluster Params$filterBias: length = 1
[1] FALSE


Cluster Params$cellNames: length = 5836
[1] "Stim#TTAGGTGGTAGCGAGT-1" "Stim#CGAGTTACAGAATGCG-1" "Stim#CTCAACCGTCACAGGA-1" "Stim#AATGTCGGTTGAATAG-1" "Stim#GAAAGTAGTCATCAAC-1" "Stim#GACTAGTTCCTCCCAA-1"


Cluster Params$cellDepth: length = 5836
Stim#TTAGGTGGTAGCGAGT-1 Stim#CGAGTTACAGAATGCG-1 Stim#CTCAACCGTCACAGGA-1 Stim#AATGTCGGTTGAATAG-1 Stim#GAAAGTAGTCATCAAC-1 Stim#GACTAGTTCCTCCCAA-1 
               4.998682                4.995591                4.994621                4.994612                4.994348                4.984878 


Cluster Params$tstart: length = 1
[1] "2020-07-04 00:39:20 EDT"


Cluster Params$logFile: length = 1
[1] "ArchRLogs/ArchR-addDoubletScores-96d356cfef30-Date-2020-07-04_Time-00-39-19.log"


2020-07-04 00:40:09 : Identifying Clusters, 0.815 mins elapsed.

2020-07-04 00:40:09 : addClusters Input-Parameters, Class = list

addClusters Input-Parameters$: length = 1
                       
1 function (name)      
2 .Internal(args(name))


addClusters Input-Parameters$input: nRows = 5836, nCols = 30
                               LSI1         LSI2          LSI3         LSI4          LSI5
Stim#TTAGGTGGTAGCGAGT-1 -0.01230730 3.313766e-05 -6.405639e-05 7.937322e-05 -1.080566e-04
Stim#CGAGTTACAGAATGCG-1 -0.01228337 7.845979e-05  3.511607e-05 3.724452e-05 -7.404102e-05
Stim#CTCAACCGTCACAGGA-1 -0.01227770 1.065972e-04 -3.265801e-05 7.178801e-05 -1.186425e-04
Stim#AATGTCGGTTGAATAG-1 -0.01228338 7.681398e-05  4.502842e-05 6.199766e-06 -1.069541e-04
Stim#GAAAGTAGTCATCAAC-1 -0.01226581 9.787491e-05  4.027652e-05 4.706367e-06 -2.167376e-05


addClusters Input-Parameters$reducedDims: length = 1
[1] "IterativeLSI"


addClusters Input-Parameters$name: length = 1
[1] "Clusters"


addClusters Input-Parameters$sampleCells: length = 1
[1] 10000


addClusters Input-Parameters$seed: length = 1
[1] 1


addClusters Input-Parameters$method: length = 1
[1] "Seurat"


addClusters Input-Parameters$dimsToUse: length = 0
NULL


addClusters Input-Parameters$scaleDims: length = 0
NULL


addClusters Input-Parameters$corCutOff: length = 1
[1] 0.75


addClusters Input-Parameters$knnAssign: length = 1
[1] 10


addClusters Input-Parameters$nOutlier: length = 1
[1] 5


addClusters Input-Parameters$testBias: length = 1
[1] TRUE


addClusters Input-Parameters$filterBias: length = 1
[1] FALSE


addClusters Input-Parameters$biasClusters: length = 1
[1] 0.01


addClusters Input-Parameters$biasCol: length = 1
[1] "nFrags"


addClusters Input-Parameters$biasVals: length = 5836
[1] 4.998682 4.995591 4.994621 4.994612 4.994348 4.984878


addClusters Input-Parameters$biasQuantiles: length = 2
[1] 0.05 0.95


addClusters Input-Parameters$biasEnrich: length = 1
[1] 10


addClusters Input-Parameters$biasProportion: length = 1
[1] 0.5


addClusters Input-Parameters$biasPval: length = 1
[1] 0.05


addClusters Input-Parameters$nPerm: length = 1
[1] 500


addClusters Input-Parameters$prefix: length = 1
[1] "C"


addClusters Input-Parameters$ArchRProj: length = 0
NULL


addClusters Input-Parameters$verbose: length = 1
[1] FALSE


addClusters Input-Parameters$tstart: length = 0
NULL


addClusters Input-Parameters$force: length = 1
[1] FALSE


addClusters Input-Parameters$logFile: length = 1
[1] "ArchRLogs/ArchR-addDoubletScores-96d356cfef30-Date-2020-07-04_Time-00-39-19.log"


addClusters Input-Parameters$...: length = 2
[[1]]
<promise: 0x563f0e3ed7b8>

[[2]]
<promise: 0x563f0e3ed898>



2020-07-04 00:40:09 : Running Seurats FindClusters (Stuart et al. Cell 2019), 0 mins elapsed.
2020-07-04 00:40:21 : Testing Outlier Clusters, 0.195 mins elapsed.
2020-07-04 00:40:21 : Assigning Cluster Names to 5 Clusters, 0.195 mins elapsed.
2020-07-04 00:40:21 : Finished addClusters, 0.195 mins elapsed.
2020-07-04 00:40:21 : Identified 5 Clusters, 1.013 mins elapsed.

2020-07-04 00:40:21 : clusterDF-1, Class = DFrame
DataFrame with 5836 rows and 2 columns
                   cellNames    clusters
                 <character> <character>
1    Stim#TTAGGTGGTAGCGAGT-1          C2
2    Stim#CGAGTTACAGAATGCG-1          C2
3    Stim#CTCAACCGTCACAGGA-1          C2
4    Stim#AATGTCGGTTGAATAG-1          C2
5    Stim#GAAAGTAGTCATCAAC-1          C2
...                      ...         ...
5832 Stim#ACAATCGCAAATTCCG-1          C5
5833 Stim#CTTGTCGTCAGGATCT-1          C4
5834 Stim#CGTGGCAAGCCTGGTC-1          C1
5835 Stim#ATCGAGTTCGCGCTGA-1          C5
5836 Stim#TGGCGCACACTTATGG-1          C5

2020-07-04 00:40:21 : Creating Cluster Matrix on the total Group Features, 1.014 mins elapsed.
2020-07-04 00:40:56 : Computing Variable Features, 1.605 mins elapsed.
###########
2020-07-04 00:40:56 : Running LSI (2 of 2) on Variable Features, 1.608 mins elapsed.
###########
2020-07-04 00:40:56 : Creating Partial Matrix, 1.608 mins elapsed.
2020-07-04 00:41:15 : Computing LSI, 1.925 mins elapsed.

2020-07-04 00:41:15 : LSI Parameters, Class = list

LSI Parameters$: length = 1
                       
1 function (name)      
2 .Internal(args(name))


LSI Parameters$mat: nRows = 25000, nCols = 5836
LSI Parameters$mat: NonZeroEntries = 18703726, EntryRange = [ 1 , 1 ]
5 x 5 sparse Matrix of class "dgCMatrix"
     Stim#TTAGGTGGTAGCGAGT-1 Stim#CGAGTTACAGAATGCG-1 Stim#CTCAACCGTCACAGGA-1 Stim#AATGTCGGTTGAATAG-1 Stim#GAAAGTAGTCATCAAC-1
[1,]                       1                       .                       1                       .                       .
[2,]                       1                       .                       1                       .                       1
[3,]                       .                       .                       .                       .                       .
[4,]                       1                       .                       .                       1                       .
[5,]                       .                       1                       .                       .                       .


LSI Parameters$LSIMethod: length = 1
[1] 1


LSI Parameters$scaleTo: length = 1
[1] 10000


LSI Parameters$nDimensions: length = 1
[1] 30


LSI Parameters$binarize: length = 1
[1] TRUE


LSI Parameters$outlierQuantiles: length = 0
NULL


LSI Parameters$seed: length = 1
[1] 1


LSI Parameters$verbose: length = 1
[1] FALSE


LSI Parameters$tstart: length = 1
[1] "2020-07-04 00:39:20 EDT"


LSI Parameters$logFile: length = 1
[1] "ArchRLogs/ArchR-addDoubletScores-96d356cfef30-Date-2020-07-04_Time-00-39-19.log"


2020-07-04 00:41:16 : Running LSI, Input Matrix = 0.225 GB, 1.93 mins elapsed.
2020-07-04 00:41:16 : Binarizing Matrix, 1.93 mins elapsed.
2020-07-04 00:41:16 : Computing Term Frequency, 1.938 mins elapsed.
2020-07-04 00:41:16 : Removing 0 Sum Rows, 1.94 mins elapsed.
2020-07-04 00:41:18 : Computing Inverse Document Frequency, 1.967 mins elapsed.
2020-07-04 00:41:18 : Computing TF-IDF Matrix, 1.967 mins elapsed.
2020-07-04 00:41:20 : Computing SVD using irlba, 1.994 mins elapsed.
2020-07-04 00:41:29 : Finished LSI (TF-IDF SVD) using irlba, 2.149 mins elapsed.

2020-07-04 00:41:30 : outLSI-2, Class = SimpleList

outLSI-2$matSVD: nRows = 5836, nCols = 30
                               LSI1          LSI2         LSI3          LSI4         LSI5
Stim#TTAGGTGGTAGCGAGT-1 -0.01327856  1.388486e-05 -0.001088767 -0.0004767161 0.0009243221
Stim#CGAGTTACAGAATGCG-1 -0.01289964 -1.635259e-04 -0.003094302 -0.0007901681 0.0002923126
Stim#CTCAACCGTCACAGGA-1 -0.01295683 -3.078944e-04 -0.002311926 -0.0007931089 0.0005626675
Stim#AATGTCGGTTGAATAG-1 -0.01277000 -1.277762e-04 -0.003395882 -0.0009250570 0.0001179762
Stim#GAAAGTAGTCATCAAC-1 -0.01225701 -1.440212e-04 -0.006307321 -0.0015889468 0.0019856666


outLSI-2$rowSm: length = 25000
[1]  792  683  200  146  465 2110


outLSI-2$nCol: length = 1
[1] 5836


outLSI-2$exclude: length = 0
NULL


outLSI-2$idx: length = 25000
[1] 1 2 3 4 5 6


outLSI-2$u: nRows = 25000, nCols = 30
             [,1]          [,2]         [,3]          [,4]         [,5]
[1,] -0.006702799 -0.0002480781 -0.001426788 -0.0005959666 -0.003766907
[2,] -0.005561564 -0.0003070587 -0.003246858 -0.0008613177 -0.002056414
[3,] -0.002271776 -0.0002425668 -0.004817332 -0.0007161436 -0.001411298
[4,] -0.001432992 -0.0002441987 -0.007644116 -0.0013882075 -0.001292253
[5,] -0.004865480 -0.0001624698  0.007413666  0.0014030063  0.001062748


outLSI-2$v: nRows = 5836, nCols = 30
            [,1]          [,2]         [,3]         [,4]         [,5]
[1,] -0.01252042  4.249416e-05 -0.003383552 -0.001556062 0.0033620694
[2,] -0.01216313 -5.004657e-04 -0.009616139 -0.002579210 0.0010632389
[3,] -0.01221706 -9.423005e-04 -0.007184754 -0.002588809 0.0020466105
[4,] -0.01204089 -3.910549e-04 -0.010553356 -0.003019504 0.0004291189
[5,] -0.01155719 -4.407720e-04 -0.019601213 -0.005186525 0.0072225354


outLSI-2$binarize: length = 1
[1] TRUE


outLSI-2$scaleTo: length = 1
[1] 10000


outLSI-2$nDimensions: length = 1
[1] 30


outLSI-2$LSIMethod: length = 1
[1] 1


outLSI-2$outliers: length = 1
[1] NA


outLSI-2$date: length = 1
[1] "2020-07-04"


outLSI-2$seed: length = 1
[1] 1


outLSI-2$scaleDims: length = 1
[1] FALSE


outLSI-2$useMatrix: length = 1
[1] "TileMatrix"


outLSI-2$tileSize: length = 1
[1] 500


2020-07-04 00:41:32 : Finished Running IterativeLSI, 2.2 mins elapsed.
2020-07-04 00:41:32 : Constructing Partial Matrix for Projection, 2.212 mins elapsed.

2020-07-04 00:41:32 : Stim (1 of 1) : LSI Result, Class = SimpleList

Stim (1 of 1) : LSI Result$matSVD: nRows = 5836, nCols = 30
                               LSI1          LSI2         LSI3          LSI4         LSI5
Stim#TTAGGTGGTAGCGAGT-1 -0.01327856  1.388486e-05 -0.001088767 -0.0004767161 0.0009243221
Stim#CGAGTTACAGAATGCG-1 -0.01289964 -1.635259e-04 -0.003094302 -0.0007901681 0.0002923126
Stim#CTCAACCGTCACAGGA-1 -0.01295683 -3.078944e-04 -0.002311926 -0.0007931089 0.0005626675
Stim#AATGTCGGTTGAATAG-1 -0.01277000 -1.277762e-04 -0.003395882 -0.0009250570 0.0001179762
Stim#GAAAGTAGTCATCAAC-1 -0.01225701 -1.440212e-04 -0.006307321 -0.0015889468 0.0019856666


Stim (1 of 1) : LSI Result$rowSm: length = 25000
[1]  792  683  200  146  465 2110


Stim (1 of 1) : LSI Result$nCol: length = 1
[1] 5836


Stim (1 of 1) : LSI Result$exclude: length = 0
NULL


Stim (1 of 1) : LSI Result$idx: length = 25000
[1] 1 2 3 4 5 6


Stim (1 of 1) : LSI Result$u: nRows = 25000, nCols = 30
             [,1]          [,2]         [,3]          [,4]         [,5]
[1,] -0.006702799 -0.0002480781 -0.001426788 -0.0005959666 -0.003766907
[2,] -0.005561564 -0.0003070587 -0.003246858 -0.0008613177 -0.002056414
[3,] -0.002271776 -0.0002425668 -0.004817332 -0.0007161436 -0.001411298
[4,] -0.001432992 -0.0002441987 -0.007644116 -0.0013882075 -0.001292253
[5,] -0.004865480 -0.0001624698  0.007413666  0.0014030063  0.001062748


Stim (1 of 1) : LSI Result$v: nRows = 5836, nCols = 30
            [,1]          [,2]         [,3]         [,4]         [,5]
[1,] -0.01252042  4.249416e-05 -0.003383552 -0.001556062 0.0033620694
[2,] -0.01216313 -5.004657e-04 -0.009616139 -0.002579210 0.0010632389
[3,] -0.01221706 -9.423005e-04 -0.007184754 -0.002588809 0.0020466105
[4,] -0.01204089 -3.910549e-04 -0.010553356 -0.003019504 0.0004291189
[5,] -0.01155719 -4.407720e-04 -0.019601213 -0.005186525 0.0072225354


Stim (1 of 1) : LSI Result$binarize: length = 1
[1] TRUE


Stim (1 of 1) : LSI Result$scaleTo: length = 1
[1] 10000


Stim (1 of 1) : LSI Result$nDimensions: length = 1
[1] 30


Stim (1 of 1) : LSI Result$LSIMethod: length = 1
[1] 1


Stim (1 of 1) : LSI Result$outliers: length = 1
[1] NA


Stim (1 of 1) : LSI Result$date: length = 1
[1] "2020-07-04"


Stim (1 of 1) : LSI Result$seed: length = 1
[1] 1


Stim (1 of 1) : LSI Result$scaleDims: length = 1
[1] FALSE


Stim (1 of 1) : LSI Result$useMatrix: length = 1
[1] "TileMatrix"


Stim (1 of 1) : LSI Result$tileSize: length = 1
[1] 500


Stim (1 of 1) : LSI Result$dimsKept: length = 30
[1] 1 2 3 4 5 6


2020-07-04 00:41:50 : Running LSI UMAP, 2.521 mins elapsed.

2020-07-04 00:41:50 : Stim (1 of 1) : UMAP Params, Class = list

Stim (1 of 1) : UMAP Params$n_neighbors: length = 1
[1] 40


Stim (1 of 1) : UMAP Params$min_dist: length = 1
[1] 0.4


Stim (1 of 1) : UMAP Params$metric: length = 1
[1] "euclidean"


Stim (1 of 1) : UMAP Params$verbose: length = 1
[1] FALSE


Stim (1 of 1) : UMAP Params$X: nRows = 5836, nCols = 30
                               LSI1          LSI2         LSI3          LSI4         LSI5
Stim#TTAGGTGGTAGCGAGT-1 -0.01327856  1.388486e-05 -0.001088767 -0.0004767161 0.0009243221
Stim#CGAGTTACAGAATGCG-1 -0.01289964 -1.635259e-04 -0.003094302 -0.0007901681 0.0002923126
Stim#CTCAACCGTCACAGGA-1 -0.01295683 -3.078944e-04 -0.002311926 -0.0007931089 0.0005626675
Stim#AATGTCGGTTGAATAG-1 -0.01277000 -1.277762e-04 -0.003395882 -0.0009250570 0.0001179762
Stim#GAAAGTAGTCATCAAC-1 -0.01225701 -1.440212e-04 -0.006307321 -0.0015889468 0.0019856666


Stim (1 of 1) : UMAP Params$ret_nn: length = 1
[1] TRUE


Stim (1 of 1) : UMAP Params$ret_model: length = 1
[1] TRUE


Stim (1 of 1) : UMAP Params$n_threads: length = 1
[1] 12


2020-07-04 00:42:17 : Simulating and Projecting Doublets, 2.957 mins elapsed.

2020-07-04 00:42:50 : Stim (1 of 1) : SimulatedLSI, Class = matrix
            LSI1         LSI2         LSI3          LSI4          LSI5
[1,] -0.01397293 2.305272e-04 0.0003914805 -7.820504e-05 -5.155276e-04
[2,] -0.01437213 8.682478e-05 0.0019547524  3.079310e-04 -6.804242e-04
[3,] -0.01422914 4.400710e-04 0.0023792947  1.086310e-04  7.377761e-04
[4,] -0.01379806 1.763464e-04 0.0001197304 -2.938924e-04 -1.361657e-03
[5,] -0.01436830 3.839276e-05 0.0029306033  5.186937e-04 -3.738818e-06

Stim (1 of 1) : SimulatedLSI: nRows = 25000, nCols = 30


2020-07-04 00:42:55 : Stim (1 of 1) : OriginalLSI, Class = matrix
                               LSI1          LSI2         LSI3          LSI4         LSI5
Stim#TTAGGTGGTAGCGAGT-1 -0.01327856  1.388486e-05 -0.001088767 -0.0004767161 0.0009243221
Stim#CGAGTTACAGAATGCG-1 -0.01289964 -1.635259e-04 -0.003094302 -0.0007901681 0.0002923126
Stim#CTCAACCGTCACAGGA-1 -0.01295683 -3.078944e-04 -0.002311926 -0.0007931089 0.0005626675
Stim#AATGTCGGTTGAATAG-1 -0.01277000 -1.277762e-04 -0.003395882 -0.0009250570 0.0001179762
Stim#GAAAGTAGTCATCAAC-1 -0.01225701 -1.440212e-04 -0.006307321 -0.0015889468 0.0019856666

Stim (1 of 1) : OriginalLSI: nRows = 5836, nCols = 30


2020-07-04 00:43:01 : Stim (1 of 1) : OriginalReProjectedLSI, Class = matrix
                               LSI1          LSI2         LSI3          LSI4         LSI5
Stim#TTAGGTGGTAGCGAGT-1 -0.01327856  1.388486e-05 -0.001088767 -0.0004767161 0.0009243221
Stim#CGAGTTACAGAATGCG-1 -0.01289964 -1.635259e-04 -0.003094302 -0.0007901681 0.0002923126
Stim#CTCAACCGTCACAGGA-1 -0.01295683 -3.078944e-04 -0.002311926 -0.0007931089 0.0005626675
Stim#AATGTCGGTTGAATAG-1 -0.01277000 -1.277762e-04 -0.003395882 -0.0009250570 0.0001179762
Stim#GAAAGTAGTCATCAAC-1 -0.01225701 -1.440212e-04 -0.006307321 -0.0015889468 0.0019856666

Stim (1 of 1) : OriginalReProjectedLSI: nRows = 5836, nCols = 30


2020-07-04 00:43:27 : Stim (1 of 1) : OriginalUMAP, Class = matrix
           [,1]        [,2]
[1,] -0.4160432 -0.09784259
[2,] -0.8867602 -1.71662464
[3,] -1.1105555 -0.94818630
[4,] -1.0050334 -1.82876601
[5,] -4.6869086 -0.49522139

Stim (1 of 1) : OriginalUMAP: nRows = 5836, nCols = 2


2020-07-04 00:43:27 : Stim (1 of 1) : OriginalReProjectedUMAP, Class = matrix
           [,1]       [,2]
[1,] -0.4781535 -0.1549148
[2,] -0.8268319 -1.4789422
[3,] -1.1470155 -0.9000959
[4,] -0.9860456 -1.7244473
[5,] -4.7883863 -0.3697110

Stim (1 of 1) : OriginalReProjectedUMAP: nRows = 5836, nCols = 2


2020-07-04 00:43:27 : Stim (1 of 1) : UMAP Projection R^2 = 0.99692

2020-07-04 00:43:29 : Stim (1 of 1) : Number of Nearby Simulated Doublets, Class = numeric

Stim (1 of 1) : Number of Nearby Simulated Doublets: length = 5836
Stim#TTAGGTGGTAGCGAGT-1 Stim#CGAGTTACAGAATGCG-1 Stim#CTCAACCGTCACAGGA-1 Stim#AATGTCGGTTGAATAG-1 Stim#GAAAGTAGTCATCAAC-1 Stim#GACTAGTTCCTCCCAA-1 
                    162                      91                     128                      84                      58                      78 



2020-07-04 00:43:29 : Stim (1 of 1) : DoubletScoresLSI, Class = numeric

Stim (1 of 1) : DoubletScoresLSI: length = 5836
Stim#TTAGGTGGTAGCGAGT-1 Stim#CGAGTTACAGAATGCG-1 Stim#CTCAACCGTCACAGGA-1 Stim#AATGTCGGTTGAATAG-1 Stim#GAAAGTAGTCATCAAC-1 Stim#GACTAGTTCCTCCCAA-1 
             121.478062               36.015142               76.406291               29.453112                9.018353               24.312032 



2020-07-04 00:43:29 : Stim (1 of 1) : DoubletEnrichLSI, Class = numeric

Stim (1 of 1) : DoubletEnrichLSI: length = 5836
Stim#TTAGGTGGTAGCGAGT-1 Stim#CGAGTTACAGAATGCG-1 Stim#CTCAACCGTCACAGGA-1 Stim#AATGTCGGTTGAATAG-1 Stim#GAAAGTAGTCATCAAC-1 Stim#GACTAGTTCCTCCCAA-1 
                   6.48                    3.64                    5.12                    3.36                    2.32                    3.12 



2020-07-04 00:43:29 : Stim (1 of 1) : DoubletScoresUMAP, Class = numeric

Stim (1 of 1) : DoubletScoresUMAP: length = 5836
Stim#TTAGGTGGTAGCGAGT-1 Stim#CGAGTTACAGAATGCG-1 Stim#CTCAACCGTCACAGGA-1 Stim#AATGTCGGTTGAATAG-1 Stim#GAAAGTAGTCATCAAC-1 Stim#GACTAGTTCCTCCCAA-1 
              131.35092                31.05462                97.03698                44.17173                24.31203                88.01738 



2020-07-04 00:43:29 : Stim (1 of 1) : DoubletEnrichUMAP, Class = numeric

Stim (1 of 1) : DoubletEnrichUMAP: length = 5836
Stim#TTAGGTGGTAGCGAGT-1 Stim#CGAGTTACAGAATGCG-1 Stim#CTCAACCGTCACAGGA-1 Stim#AATGTCGGTTGAATAG-1 Stim#GAAAGTAGTCATCAAC-1 Stim#GACTAGTTCCTCCCAA-1 
                   6.76                    3.44                    5.76                    3.96                    3.12                    5.48 



2020-07-04 00:43:29 : Stim (1 of 1) : SimulationResults, Class = SimpleList

Stim (1 of 1) : SimulationResults$doubletUMAP: nRows = 25000, nCols = 2
           [,1]       [,2]
[1,]  3.1217530  0.7857261
[2,] -0.1043045  3.2774072
[3,]  5.4094477  2.0900357
[4,]  0.5958930 -5.8782525
[5,]  3.1892462  4.2531996


Stim (1 of 1) : SimulationResults$doubletScore: length = 5836
Stim#TTAGGTGGTAGCGAGT-1 Stim#CGAGTTACAGAATGCG-1 Stim#CTCAACCGTCACAGGA-1 Stim#AATGTCGGTTGAATAG-1 Stim#GAAAGTAGTCATCAAC-1 Stim#GACTAGTTCCTCCCAA-1 
              131.35092                31.05462                97.03698                44.17173                24.31203                88.01738 


Stim (1 of 1) : SimulationResults$doubletEnrich: length = 5836
Stim#TTAGGTGGTAGCGAGT-1 Stim#CGAGTTACAGAATGCG-1 Stim#CTCAACCGTCACAGGA-1 Stim#AATGTCGGTTGAATAG-1 Stim#GAAAGTAGTCATCAAC-1 Stim#GACTAGTTCCTCCCAA-1 
                   6.76                    3.44                    5.76                    3.96                    3.12                    5.48 



2020-07-04 00:43:30 : Stim (1 of 1) : Sample UMAP, Class = data.frame
Stim (1 of 1) : Sample UMAP: nRows = 5836, nCols = 5
                                X1          X2       type     score enrichment
Stim#TTAGGTGGTAGCGAGT-1 -0.4160432 -0.09784259 experiment 131.35092       6.76
Stim#CGAGTTACAGAATGCG-1 -0.8867602 -1.71662464 experiment  31.05462       3.44
Stim#CTCAACCGTCACAGGA-1 -1.1105555 -0.94818630 experiment  97.03698       5.76
Stim#AATGTCGGTTGAATAG-1 -1.0050334 -1.82876601 experiment  44.17173       3.96
Stim#GAAAGTAGTCATCAAC-1 -4.6869086 -0.49522139 experiment  24.31203       3.12
Stim#GACTAGTTCCTCCCAA-1 -1.6347220 -0.77028837 experiment  88.01738       5.48



2020-07-04 00:43:30 : Stim (1 of 1) : Simulated Doublet UMAP, Class = data.frame
Stim (1 of 1) : Simulated Doublet UMAP: nRows = 25000, nCols = 5
                       x         y      density              type        color
doublet_13319 -4.6203837 -7.121782 7.499849e-05 simulated_doublet 7.499849e-05
doublet_4912  -0.9223108 -5.106241 1.227214e-04 simulated_doublet 1.227214e-04
doublet_6610  -4.9763827 -7.455026 1.297820e-04 simulated_doublet 1.297820e-04
doublet_11236  4.6984844 -2.340447 1.780188e-04 simulated_doublet 1.780188e-04
doublet_8174  -0.2283356 -4.665760 3.037196e-04 simulated_doublet 3.037196e-04
doublet_17402 -3.7742424 -6.718601 3.189394e-04 simulated_doublet 3.189394e-04



------- Completed

End Time : 2020-07-04 00:43:44
Elapsed Time Minutes = 4.42184106906255
Elapsed Time Hours = 0.0736974661880069

-------



