
           ___      .______        ______  __    __  .______      
          /   \     |   _  \      /      ||  |  |  | |   _  \     
         /  ^  \    |  |_)  |    |  ,----'|  |__|  | |  |_)  |    
        /  /_\  \   |      /     |  |     |   __   | |      /     
       /  _____  \  |  |\  \\___ |  `----.|  |  |  | |  |\  \\___.
      /__/     \__\ | _| `._____| \______||__|  |__| | _| `._____|
    
Logging With ArchR!

Start Time : 2020-07-04 00:43:44

------- ArchR Info

ArchRThreads = 12
ArchRGenome = Hg38

------- System Info

Computer OS = unix
Total Cores = 24

------- Session Info

R version 3.6.2 (2019-12-12)
Platform: x86_64-pc-linux-gnu (64-bit)
Running under: CentOS Linux 7 (Core)

Matrix products: default
BLAS/LAPACK: /usr/lib64/libopenblasp-r0.3.3.so

locale:
 [1] LC_CTYPE=en_US.UTF-8       LC_NUMERIC=C               LC_TIME=en_US.UTF-8        LC_COLLATE=en_US.UTF-8     LC_MONETARY=en_US.UTF-8    LC_MESSAGES=en_US.UTF-8    LC_PAPER=en_US.UTF-8       LC_NAME=C                  LC_ADDRESS=C              
[10] LC_TELEPHONE=C             LC_MEASUREMENT=en_US.UTF-8 LC_IDENTIFICATION=C       

attached base packages:
 [1] stats4    parallel  grid      stats     graphics  grDevices utils     datasets  methods   base     

other attached packages:
 [1] gridExtra_2.3                     ggrastr_0.1.7                     nabor_0.5.0                       BSgenome.Hsapiens.UCSC.hg38_1.4.1 BSgenome_1.54.0                   rtracklayer_1.46.0                Biostrings_2.54.0                
 [8] XVector_0.26.0                    dplyr_1.0.0                       ArchR_0.9.1                       magrittr_1.5                      rhdf5_2.30.1                      Matrix_1.2-18                     SummarizedExperiment_1.16.1      
[15] DelayedArray_0.12.3               BiocParallel_1.20.1               matrixStats_0.56.0                BuenColors_0.5.6                  ggplot2_3.3.1                     MASS_7.3-51.6                     data.table_1.12.8                
[22] EnsDb.Hsapiens.v86_2.99.0         ensembldb_2.10.2                  AnnotationFilter_1.10.0           GenomicFeatures_1.38.2            AnnotationDbi_1.48.0              Biobase_2.46.0                    GenomicRanges_1.38.0             
[29] GenomeInfoDb_1.22.1               IRanges_2.20.2                    S4Vectors_0.24.4                  BiocGenerics_0.32.0               ComplexHeatmap_2.2.0              Seurat_3.1.5                      Signac_0.2.5                     

loaded via a namespace (and not attached):
  [1] circlize_0.4.10          BiocFileCache_1.10.2     plyr_1.8.6               igraph_1.2.5             lazyeval_0.2.2           splines_3.6.2            listenv_0.8.0            digest_0.6.25            htmltools_0.4.0         
 [10] memoise_1.1.0            cluster_2.1.0            ROCR_1.0-11              globals_0.12.5           ggfittext_0.8.1          askpass_1.1              prettyunits_1.1.1        colorspace_1.4-1         blob_1.2.1              
 [19] rappdirs_0.3.1           ggrepel_0.8.2            crayon_1.3.4             RCurl_1.98-1.2           jsonlite_1.6.1           survival_3.2-3           zoo_1.8-8                ape_5.4                  glue_1.4.1              
 [28] gtable_0.3.0             zlibbioc_1.32.0          leiden_0.3.3             GetoptLong_1.0.0         Rhdf5lib_1.8.0           future.apply_1.5.0       shape_1.4.4              scales_1.1.1             DBI_1.1.0               
 [37] Rcpp_1.0.4.6             viridisLite_0.3.0        progress_1.2.2           clue_0.3-57              reticulate_1.16          bit_1.1-15.2             rsvd_1.0.3               tsne_0.1-3               htmlwidgets_1.5.1       
 [46] httr_1.4.1               RColorBrewer_1.1-2       ellipsis_0.3.1           ica_1.0-2                farver_2.0.3             pkgconfig_2.0.3          XML_3.99-0.3             ggseqlogo_0.1            uwot_0.1.8              
 [55] dbplyr_1.4.4             labeling_0.3             tidyselect_1.1.0         rlang_0.4.6              reshape2_1.4.4           munsell_0.5.0            tools_3.6.2              generics_0.0.2           RSQLite_2.2.0           
 [64] ggridges_0.5.2           stringr_1.4.0            bit64_0.9-7              fitdistrplus_1.1-1       purrr_0.3.4              RANN_2.6.1               pbapply_1.4-2            future_1.17.0            nlme_3.1-148            
 [73] biomaRt_2.42.1           hdf5r_1.3.2              compiler_3.6.2           rstudioapi_0.11          plotly_4.9.2.1           curl_4.3                 png_0.1-7                tibble_3.0.1             stringi_1.4.6           
 [82] RSpectra_0.16-0          lattice_0.20-41          ProtGenerics_1.18.0      vctrs_0.3.1              pillar_1.4.4             lifecycle_0.2.0          lmtest_0.9-37            GlobalOptions_0.1.2      RcppAnnoy_0.0.16        
 [91] cowplot_1.0.0            bitops_1.0-6             irlba_2.3.3              patchwork_1.0.0          gggenes_0.4.0            R6_2.4.1                 KernSmooth_2.23-17       codetools_0.2-16         assertthat_0.2.1        
[100] openssl_1.4.1            rjson_0.2.20             withr_2.2.0              GenomicAlignments_1.22.1 sctransform_0.2.1        Rsamtools_2.2.3          GenomeInfoDbData_1.2.2   hms_0.5.3                tidyr_1.1.0             
[109] Cairo_1.5-12             Rtsne_0.15              


------- Log Info


2020-07-04 00:43:45 : IterativeLSI Input-Parameters, Class = list

IterativeLSI Input-Parameters$ArchRProj: length = 1
class: ArchRProject 
outputDirectory: /data/aryee/caleb/tenx-scatac/asap_paper/asap_large_data_files/pbmc_stim_data/output/archr_pbmc_stim/ASAP_PBMC_only_stim_hg38 
samples(1): Stim
sampleColData names(1): ArrowFiles
cellColData names(15): Sample TSSEnrichment ... DoubletEnrichment BlacklistRatio
numberOfCells(1): 1
medianTSS(1): 13.414
medianFrags(1): 96255


IterativeLSI Input-Parameters$useMatrix: length = 1
[1] "TileMatrix"


IterativeLSI Input-Parameters$name: length = 1
[1] "IterativeLSI"


IterativeLSI Input-Parameters$iterations: length = 1
[1] 2


IterativeLSI Input-Parameters$varFeatures: length = 1
[1] 25000


IterativeLSI Input-Parameters$dimsToUse: length = 30
[1] 1 2 3 4 5 6


IterativeLSI Input-Parameters$LSIMethod: length = 1
[1] 2


IterativeLSI Input-Parameters$scaleDims: length = 1
[1] TRUE


IterativeLSI Input-Parameters$corCutOff: length = 1
[1] 0.75


IterativeLSI Input-Parameters$binarize: length = 1
[1] TRUE


IterativeLSI Input-Parameters$outlierQuantiles: length = 2
[1] 0.02 0.98


IterativeLSI Input-Parameters$filterBias: length = 1
[1] TRUE


IterativeLSI Input-Parameters$sampleCellsPre: length = 1
[1] 10000


IterativeLSI Input-Parameters$projectCellsPre: length = 1
[1] FALSE


IterativeLSI Input-Parameters$sampleCellsFinal: length = 0
NULL


IterativeLSI Input-Parameters$selectionMethod: length = 1
[1] "var"


IterativeLSI Input-Parameters$scaleTo: length = 1
[1] 10000


IterativeLSI Input-Parameters$totalFeatures: length = 1
[1] 5e+05


IterativeLSI Input-Parameters$filterQuantile: length = 1
[1] 0.995


IterativeLSI Input-Parameters$excludeChr: length = 0
NULL


IterativeLSI Input-Parameters$saveIterations: length = 1
[1] TRUE


IterativeLSI Input-Parameters$nPlot: length = 1
[1] 10000


IterativeLSI Input-Parameters$outDir: length = 1
[1] "/data/aryee/caleb/tenx-scatac/asap_paper/asap_large_data_files/pbmc_stim_data/output/archr_pbmc_stim/ASAP_PBMC_only_stim_hg38"


IterativeLSI Input-Parameters$threads: length = 1
[1] 12


IterativeLSI Input-Parameters$seed: length = 1
[1] 1


IterativeLSI Input-Parameters$verbose: length = 1
[1] TRUE


IterativeLSI Input-Parameters$force: length = 1
[1] TRUE


IterativeLSI Input-Parameters$logFile: length = 1
[1] "ArchRLogs/ArchR-addIterativeLSI-96d36bbbfa81-Date-2020-07-04_Time-00-43-44.log"


2020-07-04 00:43:45 : Computing Total Accessibility Across All Features, 0.009 mins elapsed.
2020-07-04 00:43:48 : Computing Top Features, 0.062 mins elapsed.
###########
2020-07-04 00:43:49 : Running LSI (1 of 2) on Top Features, 0.07 mins elapsed.
###########
2020-07-04 00:43:49 : Creating Partial Matrix, 0.07 mins elapsed.
2020-07-04 00:44:06 : Computing LSI, 0.357 mins elapsed.

2020-07-04 00:44:06 : LSI Parameters, Class = list

LSI Parameters$: length = 1
                       
1 function (name)      
2 .Internal(args(name))


LSI Parameters$mat: nRows = 25000, nCols = 4919
LSI Parameters$mat: NonZeroEntries = 17692032, EntryRange = [ 1 , 1 ]
5 x 5 sparse Matrix of class "dgCMatrix"
     Stim#TAGCCCTTCGTTACAG-1 Stim#GCCAGACCACCATTCC-1 Stim#GCGGTGTAGGAAGACA-1 Stim#ACAAAGAAGCTATCGT-1 Stim#ATCCTCGTCTTAAGCG-1
[1,]                       1                       1                       1                       .                       1
[2,]                       1                       .                       1                       .                       1
[3,]                       .                       1                       1                       1                       .
[4,]                       1                       1                       .                       1                       1
[5,]                       .                       .                       .                       .                       1


LSI Parameters$LSIMethod: length = 1
[1] 2


LSI Parameters$scaleTo: length = 1
[1] 10000


LSI Parameters$nDimensions: length = 1
[1] 30


LSI Parameters$binarize: length = 1
[1] TRUE


LSI Parameters$outlierQuantiles: length = 2
[1] 0.02 0.98


LSI Parameters$seed: length = 1
[1] 1


LSI Parameters$verbose: length = 1
[1] FALSE


LSI Parameters$tstart: length = 1
[1] "2020-07-04 00:43:45 EDT"


LSI Parameters$logFile: length = 1
[1] "ArchRLogs/ArchR-addIterativeLSI-96d36bbbfa81-Date-2020-07-04_Time-00-43-44.log"


2020-07-04 00:44:06 : Running LSI, Input Matrix = 0.213 GB, 0.362 mins elapsed.
2020-07-04 00:44:06 : Binarizing Matrix, 0.362 mins elapsed.
2020-07-04 00:44:07 : Computing Term Frequency, 0.368 mins elapsed.
2020-07-04 00:44:07 : Filtering Outliers Based On Counts, 0.369 mins elapsed.
2020-07-04 00:44:07 : Removing 0 Sum Rows, 0.375 mins elapsed.
2020-07-04 00:44:09 : Computing Inverse Document Frequency, 0.399 mins elapsed.
2020-07-04 00:44:11 : Computing SVD using irlba, 0.439 mins elapsed.
2020-07-04 00:44:40 : Projecting Outliers with LSI-Projection (Granja* et al 2019), 0.917 mins elapsed.

2020-07-04 00:44:40 : LSI-Projection Parameters, Class = list

LSI-Projection Parameters$: length = 1
                       
1 function (name)      
2 .Internal(args(name))


LSI-Projection Parameters$mat: nRows = 25000, nCols = 10
LSI-Projection Parameters$mat: NonZeroEntries = 69480, EntryRange = [ 1 , 1 ]
5 x 5 sparse Matrix of class "dgCMatrix"
     Stim#ACAAAGAAGCTATCGT-1 Stim#GTGTCAAAGTAGACCG-1 Stim#GATCGTATCGCTTCAC-1 Stim#TGAGCCGTCTCTGAGA-1 Stim#TCAAAGCGTGATAACA-1
[1,]                       .                       1                       .                       .                       .
[2,]                       .                       .                       .                       1                       .
[3,]                       1                       .                       .                       1                       .
[4,]                       1                       .                       1                       .                       .
[5,]                       .                       .                       .                       .                       .


LSI-Projection Parameters$matSVD: nRows = 4721, nCols = 30
                              LSI1     LSI2      LSI3      LSI4      LSI5
Stim#ACAAAGAAGCTATCGT-1 -134.00227 23.73779  6.218832  3.452433  9.214503
Stim#GTGTCAAAGTAGACCG-1 -119.91658 11.73119  9.508667 -2.378682 17.774107
Stim#GATCGTATCGCTTCAC-1  -55.30719 13.83273 -5.659352  3.741990 27.157133
Stim#TGAGCCGTCTCTGAGA-1 -111.49638 29.82540  2.502468 -3.124704 20.287668
Stim#TCAAAGCGTGATAACA-1  -60.64946 16.66814 -6.269499  3.377207 27.249448


LSI-Projection Parameters$returnModel: length = 1
[1] FALSE


LSI-Projection Parameters$verbose: length = 1
[1] FALSE


LSI-Projection Parameters$tstart: length = 0
NULL


LSI-Projection Parameters$logFile: length = 1
[1] "ArchRLogs/ArchR-addIterativeLSI-96d36bbbfa81-Date-2020-07-04_Time-00-43-44.log"


2020-07-04 00:44:40 : Projecting LSI, Input Matrix = 0.001 GB, 0 mins elapsed.
2020-07-04 00:44:40 : Subsetting by Non-Zero features in inital Matrix, 0 mins elapsed.
2020-07-04 00:44:40 : Binarizing Matrix, 0 mins elapsed.
2020-07-04 00:44:40 : Computing Term Frequency, 0 mins elapsed.
2020-07-04 00:44:40 : Computing Inverse Document Frequency, 0 mins elapsed.
2020-07-04 00:44:40 : Computing TF-IDF Matrix, 0 mins elapsed.
2020-07-04 00:44:41 : Calculating V Matrix, 0.026 mins elapsed.
2020-07-04 00:44:41 : Computing Projected Coordinates, 0.026 mins elapsed.

2020-07-04 00:44:41 : LSI-Projection Parameters, Class = list

LSI-Projection Parameters$: length = 1
                       
1 function (name)      
2 .Internal(args(name))


LSI-Projection Parameters$mat: nRows = 25000, nCols = 198
LSI-Projection Parameters$mat: NonZeroEntries = 1243587, EntryRange = [ 1 , 1 ]
5 x 5 sparse Matrix of class "dgCMatrix"
     Stim#TAGCCCTTCGTTACAG-1 Stim#GCCAGACCACCATTCC-1 Stim#GCGGTGTAGGAAGACA-1 Stim#ATCCTCGTCTTAAGCG-1 Stim#GAGCATTCATAGTCCA-1
[1,]                       1                       1                       1                       1                       1
[2,]                       1                       .                       1                       1                       1
[3,]                       .                       1                       1                       .                       .
[4,]                       1                       1                       .                       1                       1
[5,]                       .                       .                       .                       1                       .


LSI-Projection Parameters$matSVD: nRows = 4721, nCols = 30
                              LSI1     LSI2      LSI3      LSI4      LSI5
Stim#ACAAAGAAGCTATCGT-1 -134.00227 23.73779  6.218832  3.452433  9.214503
Stim#GTGTCAAAGTAGACCG-1 -119.91658 11.73119  9.508667 -2.378682 17.774107
Stim#GATCGTATCGCTTCAC-1  -55.30719 13.83273 -5.659352  3.741990 27.157133
Stim#TGAGCCGTCTCTGAGA-1 -111.49638 29.82540  2.502468 -3.124704 20.287668
Stim#TCAAAGCGTGATAACA-1  -60.64946 16.66814 -6.269499  3.377207 27.249448


LSI-Projection Parameters$returnModel: length = 1
[1] FALSE


LSI-Projection Parameters$verbose: length = 1
[1] FALSE


LSI-Projection Parameters$tstart: length = 0
NULL


LSI-Projection Parameters$logFile: length = 1
[1] "ArchRLogs/ArchR-addIterativeLSI-96d36bbbfa81-Date-2020-07-04_Time-00-43-44.log"


2020-07-04 00:44:42 : Projecting LSI, Input Matrix = 0.015 GB, 0 mins elapsed.
2020-07-04 00:44:42 : Subsetting by Non-Zero features in inital Matrix, 0 mins elapsed.
2020-07-04 00:44:42 : Binarizing Matrix, 0 mins elapsed.
2020-07-04 00:44:42 : Computing Term Frequency, 0.001 mins elapsed.
2020-07-04 00:44:42 : Computing Inverse Document Frequency, 0.001 mins elapsed.
2020-07-04 00:44:42 : Computing TF-IDF Matrix, 0.001 mins elapsed.
2020-07-04 00:44:43 : Calculating V Matrix, 0.024 mins elapsed.
2020-07-04 00:44:43 : Computing Projected Coordinates, 0.025 mins elapsed.
2020-07-04 00:44:43 : Finished LSI (TF-IDF SVD) using irlba, 0.972 mins elapsed.

2020-07-04 00:44:46 : outLSI-1, Class = SimpleList

outLSI-1$matSVD: nRows = 4919, nCols = 30
                             LSI1     LSI2      LSI3        LSI4       LSI5
Stim#TAGCCCTTCGTTACAG-1 -172.2718 11.55753 27.119027 -8.63432239  -6.634447
Stim#GCCAGACCACCATTCC-1 -166.4913 28.03831 27.604863 -0.07565646  -1.382633
Stim#GCGGTGTAGGAAGACA-1 -168.1928 30.07162 23.594836 11.53714549 -12.870408
Stim#ACAAAGAAGCTATCGT-1 -134.0023 23.73779  6.218832  3.45243323   9.214503
Stim#ATCCTCGTCTTAAGCG-1 -167.2736 19.38491 24.532732 -6.04417660  -6.805322


outLSI-1$rowSm: length = 25000
[1] 449 593 775 509 436 586


outLSI-1$nCol: length = 1
[1] 4721


outLSI-1$exclude: length = 0
NULL


outLSI-1$idx: length = 25000
[1] 1 2 3 4 5 6


outLSI-1$u: nRows = 25000, nCols = 30
             [,1]         [,2]         [,3]          [,4]         [,5]
[1,] -0.004871656 0.0052701439 -0.003004865 -0.0030539302 0.0066674227
[2,] -0.005951903 0.0040909662 -0.003023520 -0.0026157888 0.0086177260
[3,] -0.007054057 0.0009662378 -0.002668463  0.0008115881 0.0007105140
[4,] -0.005330405 0.0011288950 -0.004676456 -0.0006197337 0.0004358532
[5,] -0.004788523 0.0035218145 -0.001964469 -0.0008839495 0.0072506598


outLSI-1$v: nRows = 4721, nCols = 30
            [,1]       [,2]         [,3]         [,4]       [,5]
[1,] -0.02784596 0.02797599  0.008598298  0.005566994 0.01812885
[2,] -0.02491893 0.01382570  0.013146897 -0.003835587 0.03496924
[3,] -0.01149295 0.01630245 -0.007824747  0.006033901 0.05342964
[4,] -0.02316919 0.03515049  0.003459968 -0.005038537 0.03991448
[5,] -0.01260309 0.01964410 -0.008668350  0.005445694 0.05361127


outLSI-1$binarize: length = 1
[1] TRUE


outLSI-1$scaleTo: length = 1
[1] 10000


outLSI-1$nDimensions: length = 1
[1] 30


outLSI-1$LSIMethod: length = 1
[1] 2


outLSI-1$outliers: length = 198
[1] "Stim#TAGCCCTTCGTTACAG-1" "Stim#GCCAGACCACCATTCC-1" "Stim#GCGGTGTAGGAAGACA-1" "Stim#ATCCTCGTCTTAAGCG-1" "Stim#GAGCATTCATAGTCCA-1" "Stim#GGACACCTCTATTTCG-1"


outLSI-1$date: length = 1
[1] "2020-07-04"


outLSI-1$seed: length = 1
[1] 1


outLSI-1$scaleDims: length = 1
[1] TRUE


outLSI-1$useMatrix: length = 1
[1] "TileMatrix"


outLSI-1$tileSize: length = 1
[1] 500



2020-07-04 00:44:46 : Cluster Params, Class = list

Cluster Params$: length = 1
                       
1 function (name)      
2 .Internal(args(name))


Cluster Params$matSVD: nRows = 4919, nCols = 30
                             LSI1     LSI2      LSI3        LSI4       LSI5
Stim#TAGCCCTTCGTTACAG-1 -172.2718 11.55753 27.119027 -8.63432239  -6.634447
Stim#GCCAGACCACCATTCC-1 -166.4913 28.03831 27.604863 -0.07565646  -1.382633
Stim#GCGGTGTAGGAAGACA-1 -168.1928 30.07162 23.594836 11.53714549 -12.870408
Stim#ACAAAGAAGCTATCGT-1 -134.0023 23.73779  6.218832  3.45243323   9.214503
Stim#ATCCTCGTCTTAAGCG-1 -167.2736 19.38491 24.532732 -6.04417660  -6.805322


Cluster Params$corCutOff: length = 1
[1] 0.75


Cluster Params$dimsToUse: length = 30
[1] 1 2 3 4 5 6


Cluster Params$scaleDims: length = 1
[1] TRUE


Cluster Params$verbose: length = 1
[1] TRUE


Cluster Params$j: length = 1
[1] 1


Cluster Params$filterBias: length = 1
[1] TRUE


Cluster Params$cellNames: length = 4919
[1] "Stim#TAGCCCTTCGTTACAG-1" "Stim#GCCAGACCACCATTCC-1" "Stim#GCGGTGTAGGAAGACA-1" "Stim#ACAAAGAAGCTATCGT-1" "Stim#ATCCTCGTCTTAAGCG-1" "Stim#GAGCATTCATAGTCCA-1"


Cluster Params$cellDepth: length = 4919
Stim#TAGCCCTTCGTTACAG-1 Stim#GCCAGACCACCATTCC-1 Stim#GCGGTGTAGGAAGACA-1 Stim#ACAAAGAAGCTATCGT-1 Stim#ATCCTCGTCTTAAGCG-1 Stim#GAGCATTCATAGTCCA-1 
               4.983428                4.979230                4.967445                4.946280                4.932611                4.932388 


Cluster Params$tstart: length = 1
[1] "2020-07-04 00:43:45 EDT"


Cluster Params$logFile: length = 1
[1] "ArchRLogs/ArchR-addIterativeLSI-96d36bbbfa81-Date-2020-07-04_Time-00-43-44.log"


2020-07-04 00:44:46 : Identifying Clusters, 1.019 mins elapsed.

2020-07-04 00:44:46 : addClusters Input-Parameters, Class = list

addClusters Input-Parameters$: length = 1
                       
1 function (name)      
2 .Internal(args(name))


addClusters Input-Parameters$input: nRows = 4919, nCols = 30
                             LSI1      LSI2      LSI3        LSI4        LSI5
Stim#TAGCCCTTCGTTACAG-1 -5.177475 0.5184380 1.0006076 -0.10720237 -0.04523666
Stim#GCCAGACCACCATTCC-1 -5.114955 1.0115270 0.9978762  0.12611080  0.08494911
Stim#GCGGTGTAGGAAGACA-1 -5.121397 1.0493773 0.8477943  0.47251122 -0.28714842
Stim#ACAAAGAAGCTATCGT-1 -5.167595 1.0027378 0.3174470  0.20923352  0.43462893
Stim#ATCCTCGTCTTAAGCG-1 -5.173676 0.7527213 0.9161645 -0.05465072 -0.07881706


addClusters Input-Parameters$reducedDims: length = 1
[1] "IterativeLSI"


addClusters Input-Parameters$name: length = 1
[1] "Clusters"


addClusters Input-Parameters$sampleCells: length = 1
[1] 10000


addClusters Input-Parameters$seed: length = 1
[1] 1


addClusters Input-Parameters$method: length = 1
[1] "Seurat"


addClusters Input-Parameters$dimsToUse: length = 0
NULL


addClusters Input-Parameters$scaleDims: length = 0
NULL


addClusters Input-Parameters$corCutOff: length = 1
[1] 0.75


addClusters Input-Parameters$knnAssign: length = 1
[1] 10


addClusters Input-Parameters$nOutlier: length = 1
[1] 5


addClusters Input-Parameters$testBias: length = 1
[1] TRUE


addClusters Input-Parameters$filterBias: length = 1
[1] TRUE


addClusters Input-Parameters$biasClusters: length = 1
[1] 0.01


addClusters Input-Parameters$biasCol: length = 1
[1] "nFrags"


addClusters Input-Parameters$biasVals: length = 4919
[1] 4.983428 4.979230 4.967445 4.946280 4.932611 4.932388


addClusters Input-Parameters$biasQuantiles: length = 2
[1] 0.05 0.95


addClusters Input-Parameters$biasEnrich: length = 1
[1] 10


addClusters Input-Parameters$biasProportion: length = 1
[1] 0.5


addClusters Input-Parameters$biasPval: length = 1
[1] 0.05


addClusters Input-Parameters$nPerm: length = 1
[1] 500


addClusters Input-Parameters$prefix: length = 1
[1] "C"


addClusters Input-Parameters$ArchRProj: length = 0
NULL


addClusters Input-Parameters$verbose: length = 1
[1] FALSE


addClusters Input-Parameters$tstart: length = 0
NULL


addClusters Input-Parameters$force: length = 1
[1] FALSE


addClusters Input-Parameters$logFile: length = 1
[1] "ArchRLogs/ArchR-addIterativeLSI-96d36bbbfa81-Date-2020-07-04_Time-00-43-44.log"


addClusters Input-Parameters$...: length = 2
[[1]]
<promise: 0x563f28044560>

[[2]]
<promise: 0x563f28044640>



2020-07-04 00:44:46 : Running Seurats FindClusters (Stuart et al. Cell 2019), 0 mins elapsed.
2020-07-04 00:44:55 : Testing Biased Clusters, 0.156 mins elapsed.
2020-07-04 00:44:55 : Testing Outlier Clusters, 0.156 mins elapsed.
2020-07-04 00:44:55 : Assigning Cluster Names to 7 Clusters, 0.157 mins elapsed.
2020-07-04 00:44:55 : Finished addClusters, 0.157 mins elapsed.
2020-07-04 00:44:55 : Identified 7 Clusters, 1.179 mins elapsed.

2020-07-04 00:44:55 : clusterDF-1, Class = DFrame
DataFrame with 4919 rows and 2 columns
                   cellNames    clusters
                 <character> <character>
1    Stim#TAGCCCTTCGTTACAG-1          C3
2    Stim#GCCAGACCACCATTCC-1          C3
3    Stim#GCGGTGTAGGAAGACA-1          C3
4    Stim#ACAAAGAAGCTATCGT-1          C3
5    Stim#ATCCTCGTCTTAAGCG-1          C3
...                      ...         ...
4915 Stim#ACAATCGCAAATTCCG-1          C7
4916 Stim#CTTGTCGTCAGGATCT-1          C5
4917 Stim#CGTGGCAAGCCTGGTC-1          C1
4918 Stim#ATCGAGTTCGCGCTGA-1          C7
4919 Stim#TGGCGCACACTTATGG-1          C7

2020-07-04 00:44:56 : Saving LSI Iteration, 1.179 mins elapsed.

2020-07-04 00:44:56 : Save iteration, Class = list

Save iteration$: length = 1
                       
1 function (name)      
2 .Internal(args(name))


Save iteration$matSVD: nRows = 4919, nCols = 30
                             LSI1     LSI2      LSI3        LSI4       LSI5
Stim#TAGCCCTTCGTTACAG-1 -172.2718 11.55753 27.119027 -8.63432239  -6.634447
Stim#GCCAGACCACCATTCC-1 -166.4913 28.03831 27.604863 -0.07565646  -1.382633
Stim#GCGGTGTAGGAAGACA-1 -168.1928 30.07162 23.594836 11.53714549 -12.870408
Stim#ACAAAGAAGCTATCGT-1 -134.0023 23.73779  6.218832  3.45243323   9.214503
Stim#ATCCTCGTCTTAAGCG-1 -167.2736 19.38491 24.532732 -6.04417660  -6.805322


Save iteration$clusters: length = 4919
[1] "C3" "C3" "C3" "C3" "C3" "C6"


Save iteration$nPlot: length = 1
[1] 10000


Save iteration$ArchRProj: length = 1
class: ArchRProject 
outputDirectory: /data/aryee/caleb/tenx-scatac/asap_paper/asap_large_data_files/pbmc_stim_data/output/archr_pbmc_stim/ASAP_PBMC_only_stim_hg38 
samples(1): Stim
sampleColData names(1): ArrowFiles
cellColData names(15): Sample TSSEnrichment ... DoubletEnrichment BlacklistRatio
numberOfCells(1): 1
medianTSS(1): 13.414
medianFrags(1): 96255


Save iteration$scaleDims: length = 1
[1] TRUE


Save iteration$corCutOff: length = 1
[1] 0.75


Save iteration$dimsToUse: length = 30
[1] 1 2 3 4 5 6


Save iteration$j: length = 1
[1] 1


Save iteration$threads: length = 1
[1] 12


Save iteration$outDir: length = 1
[1] "/data/aryee/caleb/tenx-scatac/asap_paper/asap_large_data_files/pbmc_stim_data/output/archr_pbmc_stim/ASAP_PBMC_only_stim_hg38/IterativeLSI"


Save iteration$logFile: length = 1
[1] "ArchRLogs/ArchR-addIterativeLSI-96d36bbbfa81-Date-2020-07-04_Time-00-43-44.log"


2020-07-04 00:45:13 : Creating Cluster Matrix on the total Group Features, 1.472 mins elapsed.
2020-07-04 00:45:45 : Computing Variable Features, 2.003 mins elapsed.
###########
2020-07-04 00:45:45 : Running LSI (2 of 2) on Variable Features, 2.007 mins elapsed.
###########
2020-07-04 00:45:45 : Creating Partial Matrix, 2.007 mins elapsed.
2020-07-04 00:46:00 : Computing LSI, 2.253 mins elapsed.

2020-07-04 00:46:00 : LSI Parameters, Class = list

LSI Parameters$: length = 1
                       
1 function (name)      
2 .Internal(args(name))


LSI Parameters$mat: nRows = 25000, nCols = 4919
LSI Parameters$mat: NonZeroEntries = 14363437, EntryRange = [ 1 , 1 ]
5 x 5 sparse Matrix of class "dgCMatrix"
     Stim#TAGCCCTTCGTTACAG-1 Stim#GCCAGACCACCATTCC-1 Stim#GCGGTGTAGGAAGACA-1 Stim#ACAAAGAAGCTATCGT-1 Stim#ATCCTCGTCTTAAGCG-1
[1,]                       .                       .                       1                       .                       .
[2,]                       1                       1                       1                       1                       .
[3,]                       1                       1                       1                       1                       1
[4,]                       .                       .                       .                       .                       .
[5,]                       .                       .                       1                       .                       .


LSI Parameters$LSIMethod: length = 1
[1] 2


LSI Parameters$scaleTo: length = 1
[1] 10000


LSI Parameters$nDimensions: length = 1
[1] 30


LSI Parameters$binarize: length = 1
[1] TRUE


LSI Parameters$outlierQuantiles: length = 2
[1] 0.02 0.98


LSI Parameters$seed: length = 1
[1] 1


LSI Parameters$verbose: length = 1
[1] FALSE


LSI Parameters$tstart: length = 1
[1] "2020-07-04 00:43:45 EDT"


LSI Parameters$logFile: length = 1
[1] "ArchRLogs/ArchR-addIterativeLSI-96d36bbbfa81-Date-2020-07-04_Time-00-43-44.log"


2020-07-04 00:46:00 : Running LSI, Input Matrix = 0.173 GB, 2.257 mins elapsed.
2020-07-04 00:46:00 : Binarizing Matrix, 2.257 mins elapsed.
2020-07-04 00:46:00 : Computing Term Frequency, 2.262 mins elapsed.
2020-07-04 00:46:01 : Filtering Outliers Based On Counts, 2.263 mins elapsed.
2020-07-04 00:46:01 : Removing 0 Sum Rows, 2.268 mins elapsed.
2020-07-04 00:46:02 : Computing Inverse Document Frequency, 2.287 mins elapsed.
2020-07-04 00:46:04 : Computing SVD using irlba, 2.323 mins elapsed.
2020-07-04 00:46:19 : Projecting Outliers with LSI-Projection (Granja* et al 2019), 2.563 mins elapsed.

2020-07-04 00:46:19 : LSI-Projection Parameters, Class = list

LSI-Projection Parameters$: length = 1
                       
1 function (name)      
2 .Internal(args(name))


LSI-Projection Parameters$mat: nRows = 25000, nCols = 10
LSI-Projection Parameters$mat: NonZeroEntries = 57138, EntryRange = [ 1 , 1 ]
5 x 5 sparse Matrix of class "dgCMatrix"
     Stim#GTGTCAAAGTAGACCG-1 Stim#GATCGTATCGCTTCAC-1 Stim#TGAGCCGTCTCTGAGA-1 Stim#TCAAAGCGTGATAACA-1 Stim#TTAGCTTGTGCATTCA-1
[1,]                       .                       .                       .                       .                       .
[2,]                       1                       1                       .                       .                       .
[3,]                       .                       .                       1                       1                       .
[4,]                       .                       .                       .                       .                       .
[5,]                       .                       .                       .                       .                       .


LSI-Projection Parameters$matSVD: nRows = 4721, nCols = 30
                              LSI1        LSI2      LSI3        LSI4      LSI5
Stim#GTGTCAAAGTAGACCG-1 -112.43921 49.05021571 -27.70942  -63.129407 -3.950712
Stim#GATCGTATCGCTTCAC-1  -58.27934 18.86159777 -20.07571  -28.215861 13.128041
Stim#TGAGCCGTCTCTGAGA-1 -100.51715 87.95538159 -69.61725 -117.823910  4.398471
Stim#TCAAAGCGTGATAACA-1  -62.65960 26.11496120 -25.90870  -38.699733 14.545191
Stim#TTAGCTTGTGCATTCA-1  -46.61512  0.09135913 -11.17127   -1.591326 12.603208


LSI-Projection Parameters$returnModel: length = 1
[1] FALSE


LSI-Projection Parameters$verbose: length = 1
[1] FALSE


LSI-Projection Parameters$tstart: length = 0
NULL


LSI-Projection Parameters$logFile: length = 1
[1] "ArchRLogs/ArchR-addIterativeLSI-96d36bbbfa81-Date-2020-07-04_Time-00-43-44.log"


2020-07-04 00:46:19 : Projecting LSI, Input Matrix = 0.001 GB, 0 mins elapsed.
2020-07-04 00:46:19 : Subsetting by Non-Zero features in inital Matrix, 0 mins elapsed.
2020-07-04 00:46:19 : Binarizing Matrix, 0 mins elapsed.
2020-07-04 00:46:19 : Computing Term Frequency, 0 mins elapsed.
2020-07-04 00:46:19 : Computing Inverse Document Frequency, 0 mins elapsed.
2020-07-04 00:46:19 : Computing TF-IDF Matrix, 0 mins elapsed.
2020-07-04 00:46:20 : Calculating V Matrix, 0.027 mins elapsed.
2020-07-04 00:46:20 : Computing Projected Coordinates, 0.027 mins elapsed.

2020-07-04 00:46:20 : LSI-Projection Parameters, Class = list

LSI-Projection Parameters$: length = 1
                       
1 function (name)      
2 .Internal(args(name))


LSI-Projection Parameters$mat: nRows = 25000, nCols = 198
LSI-Projection Parameters$mat: NonZeroEntries = 1019901, EntryRange = [ 1 , 1 ]
5 x 5 sparse Matrix of class "dgCMatrix"
     Stim#TAGCCCTTCGTTACAG-1 Stim#GCCAGACCACCATTCC-1 Stim#GCGGTGTAGGAAGACA-1 Stim#ACAAAGAAGCTATCGT-1 Stim#ATCCTCGTCTTAAGCG-1
[1,]                       .                       .                       1                       .                       .
[2,]                       1                       1                       1                       1                       .
[3,]                       1                       1                       1                       1                       1
[4,]                       .                       .                       .                       .                       .
[5,]                       .                       .                       1                       .                       .


LSI-Projection Parameters$matSVD: nRows = 4721, nCols = 30
                              LSI1        LSI2      LSI3        LSI4      LSI5
Stim#GTGTCAAAGTAGACCG-1 -112.43921 49.05021571 -27.70942  -63.129407 -3.950712
Stim#GATCGTATCGCTTCAC-1  -58.27934 18.86159777 -20.07571  -28.215861 13.128041
Stim#TGAGCCGTCTCTGAGA-1 -100.51715 87.95538159 -69.61725 -117.823910  4.398471
Stim#TCAAAGCGTGATAACA-1  -62.65960 26.11496120 -25.90870  -38.699733 14.545191
Stim#TTAGCTTGTGCATTCA-1  -46.61512  0.09135913 -11.17127   -1.591326 12.603208


LSI-Projection Parameters$returnModel: length = 1
[1] FALSE


LSI-Projection Parameters$verbose: length = 1
[1] FALSE


LSI-Projection Parameters$tstart: length = 0
NULL


LSI-Projection Parameters$logFile: length = 1
[1] "ArchRLogs/ArchR-addIterativeLSI-96d36bbbfa81-Date-2020-07-04_Time-00-43-44.log"


2020-07-04 00:46:20 : Projecting LSI, Input Matrix = 0.012 GB, 0 mins elapsed.
2020-07-04 00:46:20 : Subsetting by Non-Zero features in inital Matrix, 0 mins elapsed.
2020-07-04 00:46:20 : Binarizing Matrix, 0 mins elapsed.
2020-07-04 00:46:20 : Computing Term Frequency, 0.001 mins elapsed.
2020-07-04 00:46:20 : Computing Inverse Document Frequency, 0.001 mins elapsed.
2020-07-04 00:46:20 : Computing TF-IDF Matrix, 0.001 mins elapsed.
2020-07-04 00:46:22 : Calculating V Matrix, 0.024 mins elapsed.
2020-07-04 00:46:22 : Computing Projected Coordinates, 0.025 mins elapsed.
2020-07-04 00:46:22 : Finished LSI (TF-IDF SVD) using irlba, 2.618 mins elapsed.

2020-07-04 00:46:23 : outLSI-2, Class = SimpleList

outLSI-2$matSVD: nRows = 4919, nCols = 30
                             LSI1      LSI2       LSI3       LSI4       LSI5
Stim#TAGCCCTTCGTTACAG-1 -157.6276  68.31667  18.283340   7.926004 -31.189711
Stim#GCCAGACCACCATTCC-1 -151.4288  97.93013  17.539949  11.638528 -18.971559
Stim#GCGGTGTAGGAAGACA-1 -153.0824 101.80071  19.843881  22.036799  -8.008025
Stim#ACAAAGAAGCTATCGT-1 -126.0814  46.03318 -14.227014 -11.811173  -1.443882
Stim#ATCCTCGTCTTAAGCG-1 -153.8252  75.41504   9.151855  12.904452 -27.491090


outLSI-2$rowSm: length = 25000
[1] 583 476 486  71 338 217


outLSI-2$nCol: length = 1
[1] 4721


outLSI-2$exclude: length = 0
NULL


outLSI-2$idx: length = 25000
[1] 1 2 3 4 5 6


outLSI-2$u: nRows = 25000, nCols = 30
             [,1]          [,2]         [,3]          [,4]         [,5]
[1,] -0.006379215 -7.206756e-05 -0.006203091 -0.0009011161  0.001494422
[2,] -0.005505875  2.053573e-03 -0.003959254 -0.0024890266 -0.001911870
[3,] -0.005578369  1.274642e-03 -0.001157172 -0.0024555260  0.003990677
[4,] -0.001255259  7.345115e-03 -0.002922337 -0.0081629520  0.001549892
[5,] -0.004256463 -6.943158e-03  0.008081953 -0.0067022432 -0.002638164


outLSI-2$v: nRows = 4721, nCols = 30
             [,1]         [,2]        [,3]         [,4]         [,5]
[1,] -0.023816735 3.700585e-02 -0.02794026 -0.071142027 -0.005279714
[2,] -0.012344658 1.423010e-02 -0.02024296 -0.031797124  0.017544256
[3,] -0.021291420 6.635778e-02 -0.07019721 -0.132778561  0.005878097
[4,] -0.013272479 1.970239e-02 -0.02612453 -0.043611647  0.019438129
[5,] -0.009873958 6.892574e-05 -0.01126433 -0.001793303  0.016842871


outLSI-2$binarize: length = 1
[1] TRUE


outLSI-2$scaleTo: length = 1
[1] 10000


outLSI-2$nDimensions: length = 1
[1] 30


outLSI-2$LSIMethod: length = 1
[1] 2


outLSI-2$outliers: length = 198
[1] "Stim#TAGCCCTTCGTTACAG-1" "Stim#GCCAGACCACCATTCC-1" "Stim#GCGGTGTAGGAAGACA-1" "Stim#ACAAAGAAGCTATCGT-1" "Stim#ATCCTCGTCTTAAGCG-1" "Stim#GAGCATTCATAGTCCA-1"


outLSI-2$date: length = 1
[1] "2020-07-04"


outLSI-2$seed: length = 1
[1] 1


outLSI-2$scaleDims: length = 1
[1] TRUE


outLSI-2$useMatrix: length = 1
[1] "TileMatrix"


outLSI-2$tileSize: length = 1
[1] 500


2020-07-04 00:46:25 : Finished Running IterativeLSI, 2.666 mins elapsed.
