
           ___      .______        ______  __    __  .______      
          /   \     |   _  \      /      ||  |  |  | |   _  \     
         /  ^  \    |  |_)  |    |  ,----'|  |__|  | |  |_)  |    
        /  /_\  \   |      /     |  |     |   __   | |      /     
       /  _____  \  |  |\  \\___ |  `----.|  |  |  | |  |\  \\___.
      /__/     \__\ | _| `._____| \______||__|  |__| | _| `._____|
    
Logging With ArchR!

Start Time : 2020-07-04 01:21:15

------- ArchR Info

ArchRThreads = 12
ArchRGenome = Hg38

------- System Info

Computer OS = unix
Total Cores = 24

------- Session Info

R version 3.6.2 (2019-12-12)
Platform: x86_64-pc-linux-gnu (64-bit)
Running under: CentOS Linux 7 (Core)

Matrix products: default
BLAS/LAPACK: /usr/lib64/libopenblasp-r0.3.3.so

locale:
 [1] LC_CTYPE=en_US.UTF-8       LC_NUMERIC=C               LC_TIME=en_US.UTF-8        LC_COLLATE=en_US.UTF-8     LC_MONETARY=en_US.UTF-8    LC_MESSAGES=en_US.UTF-8    LC_PAPER=en_US.UTF-8       LC_NAME=C                  LC_ADDRESS=C              
[10] LC_TELEPHONE=C             LC_MEASUREMENT=en_US.UTF-8 LC_IDENTIFICATION=C       

attached base packages:
 [1] stats4    parallel  grid      stats     graphics  grDevices utils     datasets  methods   base     

other attached packages:
 [1] uwot_0.1.8                        gridExtra_2.3                     ggrastr_0.1.7                     nabor_0.5.0                       BSgenome.Hsapiens.UCSC.hg38_1.4.1 BSgenome_1.54.0                   rtracklayer_1.46.0               
 [8] Biostrings_2.54.0                 XVector_0.26.0                    dplyr_1.0.0                       ArchR_0.9.1                       magrittr_1.5                      rhdf5_2.30.1                      Matrix_1.2-18                    
[15] SummarizedExperiment_1.16.1       DelayedArray_0.12.3               BiocParallel_1.20.1               matrixStats_0.56.0                BuenColors_0.5.6                  ggplot2_3.3.1                     MASS_7.3-51.6                    
[22] data.table_1.12.8                 EnsDb.Hsapiens.v86_2.99.0         ensembldb_2.10.2                  AnnotationFilter_1.10.0           GenomicFeatures_1.38.2            AnnotationDbi_1.48.0              Biobase_2.46.0                   
[29] GenomicRanges_1.38.0              GenomeInfoDb_1.22.1               IRanges_2.20.2                    S4Vectors_0.24.4                  BiocGenerics_0.32.0               ComplexHeatmap_2.2.0              Seurat_3.1.5                     
[36] Signac_0.2.5                     

loaded via a namespace (and not attached):
  [1] circlize_0.4.10          BiocFileCache_1.10.2     plyr_1.8.6               igraph_1.2.5             lazyeval_0.2.2           splines_3.6.2            listenv_0.8.0            digest_0.6.25            htmltools_0.4.0         
 [10] memoise_1.1.0            cluster_2.1.0            ROCR_1.0-11              globals_0.12.5           ggfittext_0.8.1          askpass_1.1              prettyunits_1.1.1        colorspace_1.4-1         blob_1.2.1              
 [19] rappdirs_0.3.1           ggrepel_0.8.2            crayon_1.3.4             RCurl_1.98-1.2           jsonlite_1.6.1           survival_3.2-3           zoo_1.8-8                ape_5.4                  glue_1.4.1              
 [28] gtable_0.3.0             zlibbioc_1.32.0          leiden_0.3.3             GetoptLong_1.0.0         Rhdf5lib_1.8.0           future.apply_1.5.0       shape_1.4.4              scales_1.1.1             DBI_1.1.0               
 [37] Rcpp_1.0.4.6             viridisLite_0.3.0        progress_1.2.2           clue_0.3-57              reticulate_1.16          bit_1.1-15.2             rsvd_1.0.3               tsne_0.1-3               htmlwidgets_1.5.1       
 [46] httr_1.4.1               RColorBrewer_1.1-2       ellipsis_0.3.1           ica_1.0-2                farver_2.0.3             pkgconfig_2.0.3          XML_3.99-0.3             ggseqlogo_0.1            dbplyr_1.4.4            
 [55] labeling_0.3             tidyselect_1.1.0         rlang_0.4.6              reshape2_1.4.4           munsell_0.5.0            tools_3.6.2              generics_0.0.2           RSQLite_2.2.0            ggridges_0.5.2          
 [64] stringr_1.4.0            bit64_0.9-7              fitdistrplus_1.1-1       purrr_0.3.4              RANN_2.6.1               pbapply_1.4-2            future_1.17.0            nlme_3.1-148             biomaRt_2.42.1          
 [73] hdf5r_1.3.2              compiler_3.6.2           rstudioapi_0.11          plotly_4.9.2.1           curl_4.3                 png_0.1-7                tibble_3.0.1             stringi_1.4.6            RSpectra_0.16-0         
 [82] lattice_0.20-41          ProtGenerics_1.18.0      vctrs_0.3.1              pillar_1.4.4             lifecycle_0.2.0          lmtest_0.9-37            GlobalOptions_0.1.2      RcppAnnoy_0.0.16         cowplot_1.0.0           
 [91] bitops_1.0-6             irlba_2.3.3              patchwork_1.0.0          gggenes_0.4.0            R6_2.4.1                 KernSmooth_2.23-17       codetools_0.2-16         gtools_3.8.2             assertthat_0.2.1        
[100] openssl_1.4.1            rjson_0.2.20             withr_2.2.0              GenomicAlignments_1.22.1 sctransform_0.2.1        Rsamtools_2.2.3          GenomeInfoDbData_1.2.2   hms_0.5.3                tidyr_1.1.0             
[109] Cairo_1.5-12             Rtsne_0.15              


------- Log Info


2020-07-04 01:21:16 : IterativeLSI Input-Parameters, Class = list

IterativeLSI Input-Parameters$ArchRProj: length = 1
class: ArchRProject 
outputDirectory: /data/aryee/caleb/tenx-scatac/asap_paper/asap_large_data_files/pbmc_stim_data/output/archr_pbmc_stim/ASAP_PBMC_only_control_hg38 
samples(1): Control
sampleColData names(1): ArrowFiles
cellColData names(15): Sample TSSEnrichment ... DoubletEnrichment BlacklistRatio
numberOfCells(1): 1
medianTSS(1): 6.726
medianFrags(1): 98193


IterativeLSI Input-Parameters$useMatrix: length = 1
[1] "TileMatrix"


IterativeLSI Input-Parameters$name: length = 1
[1] "IterativeLSI"


IterativeLSI Input-Parameters$iterations: length = 1
[1] 2


IterativeLSI Input-Parameters$varFeatures: length = 1
[1] 25000


IterativeLSI Input-Parameters$dimsToUse: length = 30
[1] 1 2 3 4 5 6


IterativeLSI Input-Parameters$LSIMethod: length = 1
[1] 2


IterativeLSI Input-Parameters$scaleDims: length = 1
[1] TRUE


IterativeLSI Input-Parameters$corCutOff: length = 1
[1] 0.75


IterativeLSI Input-Parameters$binarize: length = 1
[1] TRUE


IterativeLSI Input-Parameters$outlierQuantiles: length = 2
[1] 0.02 0.98


IterativeLSI Input-Parameters$filterBias: length = 1
[1] TRUE


IterativeLSI Input-Parameters$sampleCellsPre: length = 1
[1] 10000


IterativeLSI Input-Parameters$projectCellsPre: length = 1
[1] FALSE


IterativeLSI Input-Parameters$sampleCellsFinal: length = 0
NULL


IterativeLSI Input-Parameters$selectionMethod: length = 1
[1] "var"


IterativeLSI Input-Parameters$scaleTo: length = 1
[1] 10000


IterativeLSI Input-Parameters$totalFeatures: length = 1
[1] 5e+05


IterativeLSI Input-Parameters$filterQuantile: length = 1
[1] 0.995


IterativeLSI Input-Parameters$excludeChr: length = 0
NULL


IterativeLSI Input-Parameters$saveIterations: length = 1
[1] TRUE


IterativeLSI Input-Parameters$nPlot: length = 1
[1] 10000


IterativeLSI Input-Parameters$outDir: length = 1
[1] "/data/aryee/caleb/tenx-scatac/asap_paper/asap_large_data_files/pbmc_stim_data/output/archr_pbmc_stim/ASAP_PBMC_only_control_hg38"


IterativeLSI Input-Parameters$threads: length = 1
[1] 12


IterativeLSI Input-Parameters$seed: length = 1
[1] 1


IterativeLSI Input-Parameters$verbose: length = 1
[1] TRUE


IterativeLSI Input-Parameters$force: length = 1
[1] TRUE


IterativeLSI Input-Parameters$logFile: length = 1
[1] "ArchRLogs/ArchR-addIterativeLSI-96d374b89d03-Date-2020-07-04_Time-01-21-15.log"


2020-07-04 01:21:16 : Computing Total Accessibility Across All Features, 0.001 mins elapsed.
2020-07-04 01:21:22 : Computing Top Features, 0.093 mins elapsed.
###########
2020-07-04 01:21:22 : Running LSI (1 of 2) on Top Features, 0.104 mins elapsed.
###########
2020-07-04 01:21:22 : Creating Partial Matrix, 0.104 mins elapsed.
2020-07-04 01:21:36 : Computing LSI, 0.325 mins elapsed.

2020-07-04 01:21:36 : LSI Parameters, Class = list

LSI Parameters$: length = 1
                       
1 function (name)      
2 .Internal(args(name))


LSI Parameters$mat: nRows = 25000, nCols = 3572
LSI Parameters$mat: NonZeroEntries = 13339315, EntryRange = [ 1 , 1 ]
5 x 5 sparse Matrix of class "dgCMatrix"
     Control#TATGTTCCACAAGGGT-1 Control#ATCCTGCTCCGCTCTA-1 Control#GAACCTAAGTCGAGCA-1 Control#AGTCAACTCATGAACC-1 Control#ACCAAACCATCCTGGG-1
[1,]                          .                          .                          1                          1                          1
[2,]                          1                          .                          .                          1                          .
[3,]                          .                          .                          .                          .                          1
[4,]                          .                          .                          .                          .                          1
[5,]                          .                          .                          .                          1                          1


LSI Parameters$LSIMethod: length = 1
[1] 2


LSI Parameters$scaleTo: length = 1
[1] 10000


LSI Parameters$nDimensions: length = 1
[1] 30


LSI Parameters$binarize: length = 1
[1] TRUE


LSI Parameters$outlierQuantiles: length = 2
[1] 0.02 0.98


LSI Parameters$seed: length = 1
[1] 1


LSI Parameters$verbose: length = 1
[1] FALSE


LSI Parameters$tstart: length = 1
[1] "2020-07-04 01:21:16 EDT"


LSI Parameters$logFile: length = 1
[1] "ArchRLogs/ArchR-addIterativeLSI-96d374b89d03-Date-2020-07-04_Time-01-21-15.log"


2020-07-04 01:21:36 : Running LSI, Input Matrix = 0.16 GB, 0.33 mins elapsed.
2020-07-04 01:21:36 : Binarizing Matrix, 0.33 mins elapsed.
2020-07-04 01:21:36 : Computing Term Frequency, 0.335 mins elapsed.
2020-07-04 01:21:36 : Filtering Outliers Based On Counts, 0.336 mins elapsed.
2020-07-04 01:21:37 : Removing 0 Sum Rows, 0.341 mins elapsed.
2020-07-04 01:21:38 : Computing Inverse Document Frequency, 0.359 mins elapsed.
2020-07-04 01:21:40 : Computing SVD using irlba, 0.398 mins elapsed.
2020-07-04 01:22:12 : Projecting Outliers with LSI-Projection (Granja* et al 2019), 0.932 mins elapsed.

2020-07-04 01:22:12 : LSI-Projection Parameters, Class = list

LSI-Projection Parameters$: length = 1
                       
1 function (name)      
2 .Internal(args(name))


LSI-Projection Parameters$mat: nRows = 25000, nCols = 10
LSI-Projection Parameters$mat: NonZeroEntries = 39794, EntryRange = [ 1 , 1 ]
5 x 5 sparse Matrix of class "dgCMatrix"
     Control#TATGTTCCACAAGGGT-1 Control#ATCCTGCTCCGCTCTA-1 Control#GAACCTAAGTCGAGCA-1 Control#ACGGATTCAGCCACGT-1 Control#GCATTGAGTGCTGTGC-1
[1,]                          .                          .                          1                          1                          .
[2,]                          1                          .                          .                          .                          1
[3,]                          .                          .                          .                          .                          .
[4,]                          .                          .                          .                          .                          1
[5,]                          .                          .                          .                          .                          .


LSI-Projection Parameters$matSVD: nRows = 3427, nCols = 30
                                LSI1     LSI2       LSI3     LSI4      LSI5
Control#TATGTTCCACAAGGGT-1 -91.55685 23.04000  3.9454545 17.35301  5.202930
Control#ATCCTGCTCCGCTCTA-1 -65.98838 20.92948 16.0298157 23.85654 -5.477878
Control#GAACCTAAGTCGAGCA-1 -64.56118 18.81638 13.9849932 20.33286 -1.975872
Control#ACGGATTCAGCCACGT-1 -41.36852 11.00349  0.5894426 13.04813 10.756937
Control#GCATTGAGTGCTGTGC-1 -77.26583 13.69271 -0.9671081 10.55655  9.842252


LSI-Projection Parameters$returnModel: length = 1
[1] FALSE


LSI-Projection Parameters$verbose: length = 1
[1] FALSE


LSI-Projection Parameters$tstart: length = 0
NULL


LSI-Projection Parameters$logFile: length = 1
[1] "ArchRLogs/ArchR-addIterativeLSI-96d374b89d03-Date-2020-07-04_Time-01-21-15.log"


2020-07-04 01:22:12 : Projecting LSI, Input Matrix = 0 GB, 0 mins elapsed.
2020-07-04 01:22:12 : Subsetting by Non-Zero features in inital Matrix, 0 mins elapsed.
2020-07-04 01:22:12 : Binarizing Matrix, 0 mins elapsed.
2020-07-04 01:22:12 : Computing Term Frequency, 0 mins elapsed.
2020-07-04 01:22:12 : Computing Inverse Document Frequency, 0 mins elapsed.
2020-07-04 01:22:12 : Computing TF-IDF Matrix, 0 mins elapsed.
2020-07-04 01:22:14 : Calculating V Matrix, 0.028 mins elapsed.
2020-07-04 01:22:14 : Computing Projected Coordinates, 0.028 mins elapsed.

2020-07-04 01:22:14 : LSI-Projection Parameters, Class = list

LSI-Projection Parameters$: length = 1
                       
1 function (name)      
2 .Internal(args(name))


LSI-Projection Parameters$mat: nRows = 25000, nCols = 145
LSI-Projection Parameters$mat: NonZeroEntries = 758062, EntryRange = [ 1 , 1 ]
5 x 5 sparse Matrix of class "dgCMatrix"
     Control#AGTCAACTCATGAACC-1 Control#ACCAAACCATCCTGGG-1 Control#GAACCTAGTGTTGGTT-1 Control#TTATGTCGTATTCTGG-1 Control#GCACGCACAGCAAACG-1
[1,]                          1                          1                          1                          1                          .
[2,]                          1                          .                          .                          .                          1
[3,]                          .                          1                          .                          1                          .
[4,]                          .                          1                          1                          1                          .
[5,]                          1                          1                          1                          .                          .


LSI-Projection Parameters$matSVD: nRows = 3427, nCols = 30
                                LSI1     LSI2       LSI3     LSI4      LSI5
Control#TATGTTCCACAAGGGT-1 -91.55685 23.04000  3.9454545 17.35301  5.202930
Control#ATCCTGCTCCGCTCTA-1 -65.98838 20.92948 16.0298157 23.85654 -5.477878
Control#GAACCTAAGTCGAGCA-1 -64.56118 18.81638 13.9849932 20.33286 -1.975872
Control#ACGGATTCAGCCACGT-1 -41.36852 11.00349  0.5894426 13.04813 10.756937
Control#GCATTGAGTGCTGTGC-1 -77.26583 13.69271 -0.9671081 10.55655  9.842252


LSI-Projection Parameters$returnModel: length = 1
[1] FALSE


LSI-Projection Parameters$verbose: length = 1
[1] FALSE


LSI-Projection Parameters$tstart: length = 0
NULL


LSI-Projection Parameters$logFile: length = 1
[1] "ArchRLogs/ArchR-addIterativeLSI-96d374b89d03-Date-2020-07-04_Time-01-21-15.log"


2020-07-04 01:22:14 : Projecting LSI, Input Matrix = 0.009 GB, 0 mins elapsed.
2020-07-04 01:22:14 : Subsetting by Non-Zero features in inital Matrix, 0 mins elapsed.
2020-07-04 01:22:14 : Binarizing Matrix, 0 mins elapsed.
2020-07-04 01:22:14 : Computing Term Frequency, 0 mins elapsed.
2020-07-04 01:22:14 : Computing Inverse Document Frequency, 0.001 mins elapsed.
2020-07-04 01:22:14 : Computing TF-IDF Matrix, 0.001 mins elapsed.
2020-07-04 01:22:15 : Calculating V Matrix, 0.025 mins elapsed.
2020-07-04 01:22:16 : Computing Projected Coordinates, 0.026 mins elapsed.
2020-07-04 01:22:16 : Finished LSI (TF-IDF SVD) using irlba, 0.988 mins elapsed.

2020-07-04 01:22:18 : outLSI-1, Class = SimpleList

outLSI-1$matSVD: nRows = 3572, nCols = 30
                                 LSI1     LSI2      LSI3      LSI4      LSI5
Control#TATGTTCCACAAGGGT-1  -91.55685 23.04000  3.945455  17.35301  5.202930
Control#ATCCTGCTCCGCTCTA-1  -65.98838 20.92948 16.029816  23.85654 -5.477878
Control#GAACCTAAGTCGAGCA-1  -64.56118 18.81638 13.984993  20.33286 -1.975872
Control#AGTCAACTCATGAACC-1 -160.93256 29.42231 35.034055 -29.90543 10.273860
Control#ACCAAACCATCCTGGG-1 -160.71119 31.21327 36.942690 -28.37805  9.374729


outLSI-1$rowSm: length = 25000
[1] 320 473 561 358 300 475


outLSI-1$nCol: length = 1
[1] 3427


outLSI-1$exclude: length = 0
NULL


outLSI-1$idx: length = 25000
[1] 1 2 3 4 5 6


outLSI-1$u: nRows = 25000, nCols = 30
             [,1]          [,2]          [,3]        [,4]          [,5]
[1,] -0.004644267  0.0060449542 -0.0023180326 0.005875321  0.0104306456
[2,] -0.006006819  0.0028837484  0.0004239005 0.007263680 -0.0006644279
[3,] -0.006828991 -0.0006140521  0.0023696145 0.003169415 -0.0026250464
[4,] -0.005023079 -0.0008706427 -0.0002302891 0.001234682  0.0050603644
[5,] -0.004498419  0.0013774078  0.0006469991 0.005371877  0.0082085782


outLSI-1$v: nRows = 3427, nCols = 30
             [,1]       [,2]          [,3]       [,4]         [,5]
[1,] -0.021996690 0.02884532  0.0064323105 0.03663143  0.012849078
[2,] -0.015853821 0.02620302  0.0261335549 0.05036010 -0.013528088
[3,] -0.015510933 0.02355749  0.0227998621 0.04292177 -0.004879584
[4,] -0.009938856 0.01377601  0.0009609737 0.02754402  0.026565172
[5,] -0.018563247 0.01714283 -0.0015766852 0.02228441  0.024306280


outLSI-1$binarize: length = 1
[1] TRUE


outLSI-1$scaleTo: length = 1
[1] 10000


outLSI-1$nDimensions: length = 1
[1] 30


outLSI-1$LSIMethod: length = 1
[1] 2


outLSI-1$outliers: length = 145
[1] "Control#AGTCAACTCATGAACC-1" "Control#ACCAAACCATCCTGGG-1" "Control#GAACCTAGTGTTGGTT-1" "Control#TTATGTCGTATTCTGG-1" "Control#GCACGCACAGCAAACG-1" "Control#GTTACGAGTAACGGCA-1"


outLSI-1$date: length = 1
[1] "2020-07-04"


outLSI-1$seed: length = 1
[1] 1


outLSI-1$scaleDims: length = 1
[1] TRUE


outLSI-1$useMatrix: length = 1
[1] "TileMatrix"


outLSI-1$tileSize: length = 1
[1] 500



2020-07-04 01:22:19 : Cluster Params, Class = list

Cluster Params$: length = 1
                       
1 function (name)      
2 .Internal(args(name))


Cluster Params$matSVD: nRows = 3572, nCols = 30
                                 LSI1     LSI2      LSI3      LSI4      LSI5
Control#TATGTTCCACAAGGGT-1  -91.55685 23.04000  3.945455  17.35301  5.202930
Control#ATCCTGCTCCGCTCTA-1  -65.98838 20.92948 16.029816  23.85654 -5.477878
Control#GAACCTAAGTCGAGCA-1  -64.56118 18.81638 13.984993  20.33286 -1.975872
Control#AGTCAACTCATGAACC-1 -160.93256 29.42231 35.034055 -29.90543 10.273860
Control#ACCAAACCATCCTGGG-1 -160.71119 31.21327 36.942690 -28.37805  9.374729


Cluster Params$corCutOff: length = 1
[1] 0.75


Cluster Params$dimsToUse: length = 30
[1] 1 2 3 4 5 6


Cluster Params$scaleDims: length = 1
[1] TRUE


Cluster Params$verbose: length = 1
[1] TRUE


Cluster Params$j: length = 1
[1] 1


Cluster Params$filterBias: length = 1
[1] TRUE


Cluster Params$cellNames: length = 3572
[1] "Control#TATGTTCCACAAGGGT-1" "Control#ATCCTGCTCCGCTCTA-1" "Control#GAACCTAAGTCGAGCA-1" "Control#AGTCAACTCATGAACC-1" "Control#ACCAAACCATCCTGGG-1" "Control#GAACCTAGTGTTGGTT-1"


Cluster Params$cellDepth: length = 3572
Control#TATGTTCCACAAGGGT-1 Control#ATCCTGCTCCGCTCTA-1 Control#GAACCTAAGTCGAGCA-1 Control#AGTCAACTCATGAACC-1 Control#ACCAAACCATCCTGGG-1 Control#GAACCTAGTGTTGGTT-1 
                  4.992085                   4.975128                   4.969160                   4.952153                   4.948931                   4.941452 


Cluster Params$tstart: length = 1
[1] "2020-07-04 01:21:16 EDT"


Cluster Params$logFile: length = 1
[1] "ArchRLogs/ArchR-addIterativeLSI-96d374b89d03-Date-2020-07-04_Time-01-21-15.log"


2020-07-04 01:22:19 : Identifying Clusters, 1.04 mins elapsed.

2020-07-04 01:22:19 : addClusters Input-Parameters, Class = list

addClusters Input-Parameters$: length = 1
                       
1 function (name)      
2 .Internal(args(name))


addClusters Input-Parameters$input: nRows = 3572, nCols = 30
                                LSI1     LSI2      LSI3       LSI4       LSI5
Control#TATGTTCCACAAGGGT-1 -4.746093 1.415579 0.3888993  1.1098000  0.4565115
Control#ATCCTGCTCCGCTCTA-1 -4.577782 1.401396 1.0643427  1.6027520 -0.4151960
Control#GAACCTAAGTCGAGCA-1 -4.601661 1.363497 1.0178404  1.4719919 -0.1240626
Control#AGTCAACTCATGAACC-1 -4.984704 1.063570 1.2418757 -0.8214902  0.4551534
Control#ACCAAACCATCCTGGG-1 -4.979600 1.116855 1.2988491 -0.7760555  0.4231565


addClusters Input-Parameters$reducedDims: length = 1
[1] "IterativeLSI"


addClusters Input-Parameters$name: length = 1
[1] "Clusters"


addClusters Input-Parameters$sampleCells: length = 1
[1] 10000


addClusters Input-Parameters$seed: length = 1
[1] 1


addClusters Input-Parameters$method: length = 1
[1] "Seurat"


addClusters Input-Parameters$dimsToUse: length = 0
NULL


addClusters Input-Parameters$scaleDims: length = 0
NULL


addClusters Input-Parameters$corCutOff: length = 1
[1] 0.75


addClusters Input-Parameters$knnAssign: length = 1
[1] 10


addClusters Input-Parameters$nOutlier: length = 1
[1] 5


addClusters Input-Parameters$testBias: length = 1
[1] TRUE


addClusters Input-Parameters$filterBias: length = 1
[1] TRUE


addClusters Input-Parameters$biasClusters: length = 1
[1] 0.01


addClusters Input-Parameters$biasCol: length = 1
[1] "nFrags"


addClusters Input-Parameters$biasVals: length = 3572
[1] 4.992085 4.975128 4.969160 4.952153 4.948931 4.941452


addClusters Input-Parameters$biasQuantiles: length = 2
[1] 0.05 0.95


addClusters Input-Parameters$biasEnrich: length = 1
[1] 10


addClusters Input-Parameters$biasProportion: length = 1
[1] 0.5


addClusters Input-Parameters$biasPval: length = 1
[1] 0.05


addClusters Input-Parameters$nPerm: length = 1
[1] 500


addClusters Input-Parameters$prefix: length = 1
[1] "C"


addClusters Input-Parameters$ArchRProj: length = 0
NULL


addClusters Input-Parameters$verbose: length = 1
[1] FALSE


addClusters Input-Parameters$tstart: length = 0
NULL


addClusters Input-Parameters$force: length = 1
[1] FALSE


addClusters Input-Parameters$logFile: length = 1
[1] "ArchRLogs/ArchR-addIterativeLSI-96d374b89d03-Date-2020-07-04_Time-01-21-15.log"


addClusters Input-Parameters$...: length = 2
[[1]]
<promise: 0x563f24507090>

[[2]]
<promise: 0x563f24507170>



2020-07-04 01:22:19 : Running Seurats FindClusters (Stuart et al. Cell 2019), 0 mins elapsed.
2020-07-04 01:22:26 : Testing Outlier Clusters, 0.125 mins elapsed.
2020-07-04 01:22:26 : Assigning Cluster Names to 6 Clusters, 0.125 mins elapsed.
2020-07-04 01:22:26 : Finished addClusters, 0.125 mins elapsed.
2020-07-04 01:22:26 : Identified 6 Clusters, 1.168 mins elapsed.

2020-07-04 01:22:26 : clusterDF-1, Class = DFrame
DataFrame with 3572 rows and 2 columns
                      cellNames    clusters
                    <character> <character>
1    Control#TATGTTCCACAAGGGT-1          C5
2    Control#ATCCTGCTCCGCTCTA-1          C5
3    Control#GAACCTAAGTCGAGCA-1          C5
4    Control#AGTCAACTCATGAACC-1          C3
5    Control#ACCAAACCATCCTGGG-1          C3
...                         ...         ...
3568 Control#TACTCGCAGCGGACAT-1          C1
3569 Control#GTAATCGAGTCGAGCA-1          C2
3570 Control#AGGCGAATCTAAGGTC-1          C5
3571 Control#TCGTTCGCAGTGGTCC-1          C2
3572 Control#CACTGAACACCTGGTG-1          C2

2020-07-04 01:22:26 : Saving LSI Iteration, 1.168 mins elapsed.

2020-07-04 01:22:26 : Save iteration, Class = list

Save iteration$: length = 1
                       
1 function (name)      
2 .Internal(args(name))


Save iteration$matSVD: nRows = 3572, nCols = 30
                                 LSI1     LSI2      LSI3      LSI4      LSI5
Control#TATGTTCCACAAGGGT-1  -91.55685 23.04000  3.945455  17.35301  5.202930
Control#ATCCTGCTCCGCTCTA-1  -65.98838 20.92948 16.029816  23.85654 -5.477878
Control#GAACCTAAGTCGAGCA-1  -64.56118 18.81638 13.984993  20.33286 -1.975872
Control#AGTCAACTCATGAACC-1 -160.93256 29.42231 35.034055 -29.90543 10.273860
Control#ACCAAACCATCCTGGG-1 -160.71119 31.21327 36.942690 -28.37805  9.374729


Save iteration$clusters: length = 3572
[1] "C5" "C5" "C5" "C3" "C3" "C3"


Save iteration$nPlot: length = 1
[1] 10000


Save iteration$ArchRProj: length = 1
class: ArchRProject 
outputDirectory: /data/aryee/caleb/tenx-scatac/asap_paper/asap_large_data_files/pbmc_stim_data/output/archr_pbmc_stim/ASAP_PBMC_only_control_hg38 
samples(1): Control
sampleColData names(1): ArrowFiles
cellColData names(15): Sample TSSEnrichment ... DoubletEnrichment BlacklistRatio
numberOfCells(1): 1
medianTSS(1): 6.726
medianFrags(1): 98193


Save iteration$scaleDims: length = 1
[1] TRUE


Save iteration$corCutOff: length = 1
[1] 0.75


Save iteration$dimsToUse: length = 30
[1] 1 2 3 4 5 6


Save iteration$j: length = 1
[1] 1


Save iteration$threads: length = 1
[1] 12


Save iteration$outDir: length = 1
[1] "/data/aryee/caleb/tenx-scatac/asap_paper/asap_large_data_files/pbmc_stim_data/output/archr_pbmc_stim/ASAP_PBMC_only_control_hg38/IterativeLSI"


Save iteration$logFile: length = 1
[1] "ArchRLogs/ArchR-addIterativeLSI-96d374b89d03-Date-2020-07-04_Time-01-21-15.log"


2020-07-04 01:22:42 : Creating Cluster Matrix on the total Group Features, 1.431 mins elapsed.
2020-07-04 01:23:12 : Computing Variable Features, 1.935 mins elapsed.
###########
2020-07-04 01:23:13 : Running LSI (2 of 2) on Variable Features, 1.939 mins elapsed.
###########
2020-07-04 01:23:13 : Creating Partial Matrix, 1.94 mins elapsed.
2020-07-04 01:23:24 : Computing LSI, 2.127 mins elapsed.

2020-07-04 01:23:24 : LSI Parameters, Class = list

LSI Parameters$: length = 1
                       
1 function (name)      
2 .Internal(args(name))


LSI Parameters$mat: nRows = 25000, nCols = 3572
LSI Parameters$mat: NonZeroEntries = 11744326, EntryRange = [ 1 , 1 ]
5 x 5 sparse Matrix of class "dgCMatrix"
     Control#TATGTTCCACAAGGGT-1 Control#ATCCTGCTCCGCTCTA-1 Control#GAACCTAAGTCGAGCA-1 Control#AGTCAACTCATGAACC-1 Control#ACCAAACCATCCTGGG-1
[1,]                          .                          .                          1                          1                          .
[2,]                          .                          .                          .                          1                          1
[3,]                          1                          .                          .                          .                          1
[4,]                          .                          .                          1                          1                          1
[5,]                          .                          .                          .                          1                          1


LSI Parameters$LSIMethod: length = 1
[1] 2


LSI Parameters$scaleTo: length = 1
[1] 10000


LSI Parameters$nDimensions: length = 1
[1] 30


LSI Parameters$binarize: length = 1
[1] TRUE


LSI Parameters$outlierQuantiles: length = 2
[1] 0.02 0.98


LSI Parameters$seed: length = 1
[1] 1


LSI Parameters$verbose: length = 1
[1] FALSE


LSI Parameters$tstart: length = 1
[1] "2020-07-04 01:21:16 EDT"


LSI Parameters$logFile: length = 1
[1] "ArchRLogs/ArchR-addIterativeLSI-96d374b89d03-Date-2020-07-04_Time-01-21-15.log"


2020-07-04 01:23:24 : Running LSI, Input Matrix = 0.141 GB, 2.131 mins elapsed.
2020-07-04 01:23:24 : Binarizing Matrix, 2.131 mins elapsed.
2020-07-04 01:23:24 : Computing Term Frequency, 2.135 mins elapsed.
2020-07-04 01:23:24 : Filtering Outliers Based On Counts, 2.135 mins elapsed.
2020-07-04 01:23:25 : Removing 0 Sum Rows, 2.139 mins elapsed.
2020-07-04 01:23:25 : Computing Inverse Document Frequency, 2.154 mins elapsed.
2020-07-04 01:23:28 : Computing SVD using irlba, 2.189 mins elapsed.
2020-07-04 01:23:57 : Projecting Outliers with LSI-Projection (Granja* et al 2019), 2.675 mins elapsed.

2020-07-04 01:23:57 : LSI-Projection Parameters, Class = list

LSI-Projection Parameters$: length = 1
                       
1 function (name)      
2 .Internal(args(name))


LSI-Projection Parameters$mat: nRows = 25000, nCols = 10
LSI-Projection Parameters$mat: NonZeroEntries = 36383, EntryRange = [ 1 , 1 ]
5 x 5 sparse Matrix of class "dgCMatrix"
     Control#TATGTTCCACAAGGGT-1 Control#ATCCTGCTCCGCTCTA-1 Control#GAACCTAAGTCGAGCA-1 Control#ACGGATTCAGCCACGT-1 Control#GCATTGAGTGCTGTGC-1
[1,]                          .                          .                          1                          1                          .
[2,]                          .                          .                          .                          .                          .
[3,]                          1                          .                          .                          .                          .
[4,]                          .                          .                          1                          .                          .
[5,]                          .                          .                          .                          .                          .


LSI-Projection Parameters$matSVD: nRows = 3428, nCols = 30
                                LSI1      LSI2       LSI3        LSI4     LSI5
Control#TATGTTCCACAAGGGT-1 -86.48244 12.941925 -16.927306   4.6590603 27.73514
Control#ATCCTGCTCCGCTCTA-1 -67.20994 43.331393 -15.059651 -23.5825773 26.33724
Control#GAACCTAAGTCGAGCA-1 -67.42119 38.686856 -11.622782 -22.2439089 25.69554
Control#ACGGATTCAGCCACGT-1 -41.40451  7.535890  -8.335108   0.2878033 18.10640
Control#GCATTGAGTGCTGTGC-1 -74.30009  4.396876 -11.468680   4.5762141 16.32247


LSI-Projection Parameters$returnModel: length = 1
[1] FALSE


LSI-Projection Parameters$verbose: length = 1
[1] FALSE


LSI-Projection Parameters$tstart: length = 0
NULL


LSI-Projection Parameters$logFile: length = 1
[1] "ArchRLogs/ArchR-addIterativeLSI-96d374b89d03-Date-2020-07-04_Time-01-21-15.log"


2020-07-04 01:23:57 : Projecting LSI, Input Matrix = 0 GB, 0 mins elapsed.
2020-07-04 01:23:57 : Subsetting by Non-Zero features in inital Matrix, 0 mins elapsed.
2020-07-04 01:23:57 : Binarizing Matrix, 0 mins elapsed.
2020-07-04 01:23:57 : Computing Term Frequency, 0 mins elapsed.
2020-07-04 01:23:57 : Computing Inverse Document Frequency, 0 mins elapsed.
2020-07-04 01:23:57 : Computing TF-IDF Matrix, 0 mins elapsed.
2020-07-04 01:23:59 : Calculating V Matrix, 0.028 mins elapsed.
2020-07-04 01:23:59 : Computing Projected Coordinates, 0.028 mins elapsed.

2020-07-04 01:23:59 : LSI-Projection Parameters, Class = list

LSI-Projection Parameters$: length = 1
                       
1 function (name)      
2 .Internal(args(name))


LSI-Projection Parameters$mat: nRows = 25000, nCols = 144
LSI-Projection Parameters$mat: NonZeroEntries = 664728, EntryRange = [ 1 , 1 ]
5 x 5 sparse Matrix of class "dgCMatrix"
     Control#AGTCAACTCATGAACC-1 Control#ACCAAACCATCCTGGG-1 Control#GAACCTAGTGTTGGTT-1 Control#TTATGTCGTATTCTGG-1 Control#GCACGCACAGCAAACG-1
[1,]                          1                          .                          1                          1                          1
[2,]                          1                          1                          1                          1                          1
[3,]                          .                          1                          1                          1                          1
[4,]                          1                          1                          1                          1                          .
[5,]                          1                          1                          1                          1                          1


LSI-Projection Parameters$matSVD: nRows = 3428, nCols = 30
                                LSI1      LSI2       LSI3        LSI4     LSI5
Control#TATGTTCCACAAGGGT-1 -86.48244 12.941925 -16.927306   4.6590603 27.73514
Control#ATCCTGCTCCGCTCTA-1 -67.20994 43.331393 -15.059651 -23.5825773 26.33724
Control#GAACCTAAGTCGAGCA-1 -67.42119 38.686856 -11.622782 -22.2439089 25.69554
Control#ACGGATTCAGCCACGT-1 -41.40451  7.535890  -8.335108   0.2878033 18.10640
Control#GCATTGAGTGCTGTGC-1 -74.30009  4.396876 -11.468680   4.5762141 16.32247


LSI-Projection Parameters$returnModel: length = 1
[1] FALSE


LSI-Projection Parameters$verbose: length = 1
[1] FALSE


LSI-Projection Parameters$tstart: length = 0
NULL


LSI-Projection Parameters$logFile: length = 1
[1] "ArchRLogs/ArchR-addIterativeLSI-96d374b89d03-Date-2020-07-04_Time-01-21-15.log"


2020-07-04 01:23:59 : Projecting LSI, Input Matrix = 0.008 GB, 0 mins elapsed.
2020-07-04 01:23:59 : Subsetting by Non-Zero features in inital Matrix, 0 mins elapsed.
2020-07-04 01:23:59 : Binarizing Matrix, 0 mins elapsed.
2020-07-04 01:23:59 : Computing Term Frequency, 0 mins elapsed.
2020-07-04 01:23:59 : Computing Inverse Document Frequency, 0.001 mins elapsed.
2020-07-04 01:23:59 : Computing TF-IDF Matrix, 0.001 mins elapsed.
2020-07-04 01:24:00 : Calculating V Matrix, 0.025 mins elapsed.
2020-07-04 01:24:00 : Computing Projected Coordinates, 0.025 mins elapsed.
2020-07-04 01:24:00 : Finished LSI (TF-IDF SVD) using irlba, 2.733 mins elapsed.

2020-07-04 01:24:02 : outLSI-2, Class = SimpleList

outLSI-2$matSVD: nRows = 3572, nCols = 30
                                 LSI1      LSI2      LSI3      LSI4      LSI5
Control#TATGTTCCACAAGGGT-1  -86.48244  12.94193 -16.92731   4.65906 27.735137
Control#ATCCTGCTCCGCTCTA-1  -67.20994  43.33139 -15.05965 -23.58258 26.337240
Control#GAACCTAAGTCGAGCA-1  -67.42119  38.68686 -11.62278 -22.24391 25.695539
Control#AGTCAACTCATGAACC-1 -144.61358 107.89060  73.98250  54.74694 -9.150177
Control#ACCAAACCATCCTGGG-1 -144.54856 108.11945  74.38039  56.76968 -6.751788


outLSI-2$rowSm: length = 25000
[1] 219 475 325 273 407 321


outLSI-2$nCol: length = 1
[1] 3428


outLSI-2$exclude: length = 0
NULL


outLSI-2$idx: length = 25000
[1] 1 2 3 4 5 6


outLSI-2$u: nRows = 25000, nCols = 30
             [,1]          [,2]          [,3]          [,4]        [,5]
[1,] -0.003651454  0.0019082130 -0.0056368124  0.0042211725 0.010825912
[2,] -0.006404893 -0.0003418319 -0.0006336953  0.0010587103 0.011289901
[3,] -0.004931814  0.0011820737  0.0073310057 -0.0004292304 0.006836295
[4,] -0.004390034  0.0019912489 -0.0007512909  0.0003115847 0.014013153
[5,] -0.005768204  0.0032093428  0.0007889461  0.0062174258 0.001088826


outLSI-2$v: nRows = 3428, nCols = 30
             [,1]        [,2]         [,3]          [,4]       [,5]
[1,] -0.020867345 0.010683085 -0.018206916  0.0052651024 0.05673532
[2,] -0.016217084 0.035768479 -0.016198077 -0.0266501563 0.05387577
[3,] -0.016268055 0.031934583 -0.012501400 -0.0251373563 0.05256310
[4,] -0.009990491 0.006220601 -0.008965196  0.0003252402 0.03703867
[5,] -0.017927866 0.003629460 -0.012335648  0.0051714797 0.03338944


outLSI-2$binarize: length = 1
[1] TRUE


outLSI-2$scaleTo: length = 1
[1] 10000


outLSI-2$nDimensions: length = 1
[1] 30


outLSI-2$LSIMethod: length = 1
[1] 2


outLSI-2$outliers: length = 144
[1] "Control#AGTCAACTCATGAACC-1" "Control#ACCAAACCATCCTGGG-1" "Control#GAACCTAGTGTTGGTT-1" "Control#TTATGTCGTATTCTGG-1" "Control#GCACGCACAGCAAACG-1" "Control#GTTACGAGTAACGGCA-1"


outLSI-2$date: length = 1
[1] "2020-07-04"


outLSI-2$seed: length = 1
[1] 1


outLSI-2$scaleDims: length = 1
[1] TRUE


outLSI-2$useMatrix: length = 1
[1] "TileMatrix"


outLSI-2$tileSize: length = 1
[1] 500


2020-07-04 01:24:03 : Finished Running IterativeLSI, 2.783 mins elapsed.
