
           ___      .______        ______  __    __  .______      
          /   \     |   _  \      /      ||  |  |  | |   _  \     
         /  ^  \    |  |_)  |    |  ,----'|  |__|  | |  |_)  |    
        /  /_\  \   |      /     |  |     |   __   | |      /     
       /  _____  \  |  |\  \\___ |  `----.|  |  |  | |  |\  \\___.
      /__/     \__\ | _| `._____| \______||__|  |__| | _| `._____|
    
Logging With ArchR!

Start Time : 2020-08-10 17:24:10

------- ArchR Info

ArchRThreads = 12

------- System Info

Computer OS = unix
Total Cores = 24

------- Session Info

R version 3.6.2 (2019-12-12)
Platform: x86_64-pc-linux-gnu (64-bit)

Matrix products: default
BLAS/LAPACK: /usr/lib64/libopenblasp-r0.3.3.so

locale:
 [1] LC_CTYPE=en_US.UTF-8       LC_NUMERIC=C               LC_TIME=en_US.UTF-8        LC_COLLATE=en_US.UTF-8     LC_MONETARY=en_US.UTF-8   
 [6] LC_MESSAGES=en_US.UTF-8    LC_PAPER=en_US.UTF-8       LC_NAME=C                  LC_ADDRESS=C               LC_TELEPHONE=C            
[11] LC_MEASUREMENT=en_US.UTF-8 LC_IDENTIFICATION=C       

attached base packages:
[1] parallel  stats4    stats     graphics  grDevices utils     datasets  methods   base     

other attached packages:
 [1] dplyr_1.0.0                 ggrastr_0.1.7               ArchR_0.9.1                 magrittr_1.5                rhdf5_2.30.1               
 [6] Matrix_1.2-18               data.table_1.12.8           SummarizedExperiment_1.16.1 DelayedArray_0.12.3         BiocParallel_1.20.1        
[11] matrixStats_0.56.0          Biobase_2.46.0              GenomicRanges_1.38.0        GenomeInfoDb_1.22.1         IRanges_2.20.2             
[16] S4Vectors_0.24.4            BiocGenerics_0.32.0         ggplot2_3.3.1              

loaded via a namespace (and not attached):
 [1] Rcpp_1.0.4.6           pillar_1.4.4           compiler_3.6.2         XVector_0.26.0         bitops_1.0-6           tools_3.6.2           
 [7] zlibbioc_1.32.0        digest_0.6.25          lifecycle_0.2.0        tibble_3.0.1           gtable_0.3.0           lattice_0.20-41       
[13] pkgconfig_2.0.3        rlang_0.4.6            rstudioapi_0.11        GenomeInfoDbData_1.2.2 stringr_1.4.0          withr_2.2.0           
[19] gtools_3.8.2           generics_0.0.2         vctrs_0.3.1            grid_3.6.2             tidyselect_1.1.0       glue_1.4.1            
[25] R6_2.4.1               farver_2.0.3           Rhdf5lib_1.8.0         purrr_0.3.4            scales_1.1.1           ellipsis_0.3.1        
[31] colorspace_1.4-1       labeling_0.3           stringi_1.4.6          RCurl_1.98-1.2         munsell_0.5.0          crayon_1.3.4          
[37] Cairo_1.5-12          


------- Log Info


2020-08-10 17:24:11 : Input-Parameters, Class = list

Input-Parameters$ArchRProj: length = 1
class: ArchRProject 
outputDirectory: /data/aryee/caleb/tenx-scatac/asap_paper/asap_large_data_files/bonemarrow_data/output/archr_marrow/ASAP_marrow_hg38 
samples(1): ASAP_marrow_hg38
sampleColData names(1): ArrowFiles
cellColData names(16): Sample TSSEnrichment ... myeloidPS myeloidPS2
numberOfCells(1): 1
medianTSS(1): 5.918
medianFrags(1): 98421


Input-Parameters$embedding: length = 1
[1] "UMAP"


Input-Parameters$colorBy: length = 1
[1] "cellColData"


Input-Parameters$name: length = 1
[1] "Clusters_for_mono_PS"


Input-Parameters$log2Norm: length = 0
NULL


Input-Parameters$imputeWeights: length = 0
NULL


Input-Parameters$pal: length = 0
NULL


Input-Parameters$size: length = 1
[1] 0.1


Input-Parameters$sampleCells: length = 0
NULL


Input-Parameters$rastr: length = 1
[1] TRUE


Input-Parameters$quantCut: length = 2
[1] 0.01 0.99


Input-Parameters$discreteSet: length = 0
NULL


Input-Parameters$continuousSet: length = 0
NULL


Input-Parameters$randomize: length = 1
[1] TRUE


Input-Parameters$keepAxis: length = 1
[1] FALSE


Input-Parameters$baseSize: length = 1
[1] 10


Input-Parameters$plotAs: length = 0
NULL


Input-Parameters$threads: length = 1
[1] 12


Input-Parameters$logFile: length = 1
[1] "ArchRLogs/ArchR-plotEmbedding-970678e1f8ba-Date-2020-08-10_Time-17-24-10.log"



2020-08-10 17:24:11 : Getting UMAP Embedding

2020-08-10 17:24:11 : Embedding data.frame, Class = data.frame
Embedding data.frame: nRows = 10928, nCols = 2
                                    IterativeLSI#UMAP_Dimension_1 IterativeLSI#UMAP_Dimension_2
ASAP_marrow_hg38#CCCACATTCAAAGTAG-1                   -7.23609963                     -2.569708
ASAP_marrow_hg38#AAACTCGTCGCTAGTA-1                   -7.35174313                     -3.023473
ASAP_marrow_hg38#ATTGTCTGTGGTTCTA-1                   -8.43893662                     -2.951052
ASAP_marrow_hg38#TGCTCGTTCACCACAA-1                   -7.22066823                     -3.127027
ASAP_marrow_hg38#TCACCACCAATTCAGC-1                   -0.02774492                     -2.462725
ASAP_marrow_hg38#CCGCATTCACTGCTCT-1                   -8.72398797                     -2.905372



2020-08-10 17:24:11 : ColorBy = cellColData
