
           ___      .______        ______  __    __  .______      
          /   \     |   _  \      /      ||  |  |  | |   _  \     
         /  ^  \    |  |_)  |    |  ,----'|  |__|  | |  |_)  |    
        /  /_\  \   |      /     |  |     |   __   | |      /     
       /  _____  \  |  |\  \\___ |  `----.|  |  |  | |  |\  \\___.
      /__/     \__\ | _| `._____| \______||__|  |__| | _| `._____|
    
Logging With ArchR!

Start Time : 2020-08-10 17:16:08

------- ArchR Info

ArchRThreads = 12

------- System Info

Computer OS = unix
Total Cores = 24

------- Session Info

R version 3.6.2 (2019-12-12)
Platform: x86_64-pc-linux-gnu (64-bit)

Matrix products: default
BLAS/LAPACK: /usr/lib64/libopenblasp-r0.3.3.so

locale:
 [1] LC_CTYPE=en_US.UTF-8       LC_NUMERIC=C               LC_TIME=en_US.UTF-8        LC_COLLATE=en_US.UTF-8     LC_MONETARY=en_US.UTF-8   
 [6] LC_MESSAGES=en_US.UTF-8    LC_PAPER=en_US.UTF-8       LC_NAME=C                  LC_ADDRESS=C               LC_TELEPHONE=C            
[11] LC_MEASUREMENT=en_US.UTF-8 LC_IDENTIFICATION=C       

attached base packages:
[1] parallel  stats4    stats     graphics  grDevices utils     datasets  methods   base     

other attached packages:
 [1] ArchR_0.9.1                 magrittr_1.5                rhdf5_2.30.1                Matrix_1.2-18               data.table_1.12.8          
 [6] SummarizedExperiment_1.16.1 DelayedArray_0.12.3         BiocParallel_1.20.1         matrixStats_0.56.0          Biobase_2.46.0             
[11] GenomicRanges_1.38.0        GenomeInfoDb_1.22.1         IRanges_2.20.2              S4Vectors_0.24.4            BiocGenerics_0.32.0        
[16] ggplot2_3.3.1              

loaded via a namespace (and not attached):
 [1] Rcpp_1.0.4.6           pillar_1.4.4           compiler_3.6.2         XVector_0.26.0         bitops_1.0-6           tools_3.6.2           
 [7] zlibbioc_1.32.0        lifecycle_0.2.0        tibble_3.0.1           gtable_0.3.0           lattice_0.20-41        pkgconfig_2.0.3       
[13] rlang_0.4.6            rstudioapi_0.11        GenomeInfoDbData_1.2.2 stringr_1.4.0          withr_2.2.0            dplyr_1.0.0           
[19] generics_0.0.2         vctrs_0.3.1            grid_3.6.2             tidyselect_1.1.0       glue_1.4.1             R6_2.4.1              
[25] Rhdf5lib_1.8.0         purrr_0.3.4            scales_1.1.1           ellipsis_0.3.1         colorspace_1.4-1       stringi_1.4.6         
[31] RCurl_1.98-1.2         munsell_0.5.0          crayon_1.3.4          


------- Log Info


2020-08-10 17:16:08 : Input-Parameters, Class = list

Input-Parameters$ArchRProj: length = 1
class: ArchRProject 
outputDirectory: /data/aryee/caleb/tenx-scatac/asap_paper/asap_large_data_files/bonemarrow_data/output/archr_marrow/ASAP_marrow_hg38 
samples(1): ASAP_marrow_hg38
sampleColData names(1): ArrowFiles
cellColData names(16): Sample TSSEnrichment ... myeloidPS myeloidPS2
numberOfCells(1): 1
medianTSS(1): 5.918
medianFrags(1): 98421


Input-Parameters$embedding: length = 1
[1] "UMAP"


Input-Parameters$colorBy: length = 1
[1] "cellColData"


Input-Parameters$name: length = 1
[1] "Clusters"


Input-Parameters$log2Norm: length = 0
NULL


Input-Parameters$imputeWeights: length = 0
NULL


Input-Parameters$pal: length = 0
NULL


Input-Parameters$size: length = 1
[1] 0.1


Input-Parameters$sampleCells: length = 0
NULL


Input-Parameters$rastr: length = 1
[1] TRUE


Input-Parameters$quantCut: length = 2
[1] 0.01 0.99


Input-Parameters$discreteSet: length = 0
NULL


Input-Parameters$continuousSet: length = 0
NULL


Input-Parameters$randomize: length = 1
[1] TRUE


Input-Parameters$keepAxis: length = 1
[1] FALSE


Input-Parameters$baseSize: length = 1
[1] 10


Input-Parameters$plotAs: length = 0
NULL


Input-Parameters$threads: length = 1
[1] 12


Input-Parameters$logFile: length = 1
[1] "ArchRLogs/ArchR-plotEmbedding-970653d09e55-Date-2020-08-10_Time-17-16-07.log"



2020-08-10 17:16:08 : Getting UMAP Embedding

2020-08-10 17:16:08 : Embedding data.frame, Class = data.frame
Embedding data.frame: nRows = 10928, nCols = 2
                                    IterativeLSI#UMAP_Dimension_1 IterativeLSI#UMAP_Dimension_2
ASAP_marrow_hg38#CCCACATTCAAAGTAG-1                   -7.23609963                     -2.569708
ASAP_marrow_hg38#AAACTCGTCGCTAGTA-1                   -7.35174313                     -3.023473
ASAP_marrow_hg38#ATTGTCTGTGGTTCTA-1                   -8.43893662                     -2.951052
ASAP_marrow_hg38#TGCTCGTTCACCACAA-1                   -7.22066823                     -3.127027
ASAP_marrow_hg38#TCACCACCAATTCAGC-1                   -0.02774492                     -2.462725
ASAP_marrow_hg38#CCGCATTCACTGCTCT-1                   -8.72398797                     -2.905372



2020-08-10 17:16:12 : ColorBy = cellColData

2020-08-10 17:16:13 : ColorParams 1, Class = list

ColorParams 1$color: length = 10928
[1] "C20" "C20" "C20" "C20" "C1"  "C20"


ColorParams 1$discrete: length = 1
[1] TRUE


ColorParams 1$continuousSet: length = 1
[1] "solarExtra"


ColorParams 1$discreteSet: length = 1
[1] "stallion"


ColorParams 1$title: length = 1
[1] "UMAP of IterativeLSI  colored by\ncolData :  Clusters"



2020-08-10 17:16:13 : PlotParams-1, Class = list

PlotParams-1$color: length = 10928
[1] "C20" "C20" "C20" "C20" "C1"  "C20"


PlotParams-1$discrete: length = 1
[1] TRUE


PlotParams-1$continuousSet: length = 1
[1] "solarExtra"


PlotParams-1$discreteSet: length = 1
[1] "stallion"


PlotParams-1$title: length = 1
[1] "UMAP of IterativeLSI  colored by\ncolData :  Clusters"


PlotParams-1$x: length = 10928
[1] -7.23609963 -7.35174313 -8.43893662 -7.22066823 -0.02774492 -8.72398797


PlotParams-1$y: length = 10928
[1] -2.569708 -3.023473 -2.951052 -3.127027 -2.462725 -2.905372


PlotParams-1$baseSize: length = 1
[1] 10


PlotParams-1$xlabel: length = 1
[1] "UMAP Dimension 1"


PlotParams-1$ylabel: length = 1
[1] "UMAP Dimension 2"


PlotParams-1$rastr: length = 1
[1] TRUE


PlotParams-1$size: length = 1
[1] 0.1


PlotParams-1$randomize: length = 1
[1] TRUE



------- Completed

End Time : 2020-08-10 17:16:13
Elapsed Time Minutes = 0.0942058285077413
Elapsed Time Hours = 0.00157026370366414

-------



