
           ___      .______        ______  __    __  .______      
          /   \     |   _  \      /      ||  |  |  | |   _  \     
         /  ^  \    |  |_)  |    |  ,----'|  |__|  | |  |_)  |    
        /  /_\  \   |      /     |  |     |   __   | |      /     
       /  _____  \  |  |\  \\___ |  `----.|  |  |  | |  |\  \\___.
      /__/     \__\ | _| `._____| \______||__|  |__| | _| `._____|
    
Logging With ArchR!

Start Time : 2020-08-22 12:07:48

------- ArchR Info

ArchRThreads = 12
ArchRGenome = Hg38

------- System Info

Computer OS = unix
Total Cores = NA

------- Session Info

R version 3.6.2 (2019-12-12)
Platform: x86_64-pc-linux-gnu (64-bit)

Matrix products: default
BLAS/LAPACK: /usr/lib64/libopenblasp-r0.3.3.so

locale:
 [1] LC_CTYPE=en_US.UTF-8       LC_NUMERIC=C               LC_TIME=en_US.UTF-8        LC_COLLATE=en_US.UTF-8     LC_MONETARY=en_US.UTF-8    LC_MESSAGES=en_US.UTF-8   
 [7] LC_PAPER=en_US.UTF-8       LC_NAME=C                  LC_ADDRESS=C               LC_TELEPHONE=C             LC_MEASUREMENT=en_US.UTF-8 LC_IDENTIFICATION=C       

attached base packages:
[1] parallel  stats4    stats     graphics  grDevices utils     datasets  methods   base     

other attached packages:
 [1] BSgenome.Hsapiens.UCSC.hg38_1.4.1 BSgenome_1.54.0                   rtracklayer_1.46.0                Biostrings_2.54.0                
 [5] XVector_0.26.0                    ArchR_0.9.1                       magrittr_1.5                      rhdf5_2.30.1                     
 [9] Matrix_1.2-18                     SummarizedExperiment_1.16.1       DelayedArray_0.12.3               BiocParallel_1.20.1              
[13] matrixStats_0.56.0                Biobase_2.46.0                    GenomicRanges_1.38.0              GenomeInfoDb_1.22.1              
[17] IRanges_2.20.2                    S4Vectors_0.24.4                  BiocGenerics_0.32.0               ggplot2_3.3.1                    
[21] data.table_1.12.8                

loaded via a namespace (and not attached):
 [1] httr_1.4.1               jsonlite_1.6.1           splines_3.6.2            leiden_0.3.3             GenomeInfoDbData_1.2.2   Rsamtools_2.2.3         
 [7] ggrepel_0.8.2            globals_0.12.5           pillar_1.4.4             lattice_0.20-41          glue_1.4.1               reticulate_1.16         
[13] digest_0.6.25            RColorBrewer_1.1-2       colorspace_1.4-1         cowplot_1.0.0            plyr_1.8.6               XML_3.99-0.3            
[19] pkgconfig_2.0.3          listenv_0.8.0            zlibbioc_1.32.0          patchwork_1.0.0          scales_1.1.1             RANN_2.6.1              
[25] Rtsne_0.15               tibble_3.0.1             ellipsis_0.3.1           withr_2.2.0              pbapply_1.4-2            ROCR_1.0-11             
[31] survival_3.2-3           crayon_1.3.4             future_1.17.0            nlme_3.1-148             MASS_7.3-51.6            ica_1.0-2               
[37] tools_3.6.2              fitdistrplus_1.1-1       lifecycle_0.2.0          stringr_1.4.0            Rhdf5lib_1.8.0           munsell_0.5.0           
[43] cluster_2.1.0            irlba_2.3.3              compiler_3.6.2           rlang_0.4.6              grid_3.6.2               RCurl_1.98-1.2          
[49] ggridges_0.5.2           rstudioapi_0.11          RcppAnnoy_0.0.16         rappdirs_0.3.1           igraph_1.2.5             bitops_1.0-6            
[55] gtable_0.3.0             codetools_0.2-16         R6_2.4.1                 zoo_1.8-8                GenomicAlignments_1.22.1 future.apply_1.5.0      
[61] KernSmooth_2.23-17       ape_5.4                  stringi_1.4.6            Rcpp_1.0.4.6             vctrs_0.3.1              lmtest_0.9-37           


------- Log Info


2020-08-22 12:07:48 : addClusters Input-Parameters, Class = list

addClusters Input-Parameters$: length = 1
                       
1 function (name)      
2 .Internal(args(name))


addClusters Input-Parameters$input: length = 1
class: ArchRProject 
outputDirectory: /data/aryee/caleb/tenx-scatac/asap_paper/asap_large_data_files/nygc_pbmc/output/archr/AvsB_combined_out 
samples(2): AvsB_LLL AvsB_OMNI
sampleColData names(1): ArrowFiles
cellColData names(13): Sample TSSEnrichment ... nDiFrags BlacklistRatio
numberOfCells(1): 1
medianTSS(1): 6.021
medianFrags(1): 59015


addClusters Input-Parameters$reducedDims: length = 1
[1] "IterativeLSI"


addClusters Input-Parameters$name: length = 1
[1] "Clusters"


addClusters Input-Parameters$sampleCells: length = 0
NULL


addClusters Input-Parameters$seed: length = 1
[1] 1


addClusters Input-Parameters$method: length = 1
[1] "Seurat"


addClusters Input-Parameters$dimsToUse: length = 0
NULL


addClusters Input-Parameters$scaleDims: length = 0
NULL


addClusters Input-Parameters$corCutOff: length = 1
[1] 0.75


addClusters Input-Parameters$knnAssign: length = 1
[1] 10


addClusters Input-Parameters$nOutlier: length = 1
[1] 5


addClusters Input-Parameters$testBias: length = 1
[1] TRUE


addClusters Input-Parameters$filterBias: length = 1
[1] FALSE


addClusters Input-Parameters$biasClusters: length = 1
[1] 0.01


addClusters Input-Parameters$biasCol: length = 1
[1] "nFrags"


addClusters Input-Parameters$biasVals: length = 0
NULL


addClusters Input-Parameters$biasQuantiles: length = 2
[1] 0.05 0.95


addClusters Input-Parameters$biasEnrich: length = 1
[1] 10


addClusters Input-Parameters$biasProportion: length = 1
[1] 0.5


addClusters Input-Parameters$biasPval: length = 1
[1] 0.05


addClusters Input-Parameters$nPerm: length = 1
[1] 500


addClusters Input-Parameters$prefix: length = 1
[1] "C"


addClusters Input-Parameters$ArchRProj: length = 0
NULL


addClusters Input-Parameters$verbose: length = 1
[1] TRUE


addClusters Input-Parameters$tstart: length = 0
NULL


addClusters Input-Parameters$force: length = 1
[1] FALSE


addClusters Input-Parameters$logFile: length = 1
[1] "ArchRLogs/ArchR-addClusters-a88a759ab17b-Date-2020-08-22_Time-12-07-48.log"


