
           ___      .______        ______  __    __  .______      
          /   \     |   _  \      /      ||  |  |  | |   _  \     
         /  ^  \    |  |_)  |    |  ,----'|  |__|  | |  |_)  |    
        /  /_\  \   |      /     |  |     |   __   | |      /     
       /  _____  \  |  |\  \\___ |  `----.|  |  |  | |  |\  \\___.
      /__/     \__\ | _| `._____| \______||__|  |__| | _| `._____|
    
Logging With ArchR!

Start Time : 2020-08-22 12:11:33

------- ArchR Info

ArchRThreads = 12
ArchRGenome = Hg38

------- System Info

Computer OS = unix
Total Cores = NA

------- Session Info

R version 3.6.2 (2019-12-12)
Platform: x86_64-pc-linux-gnu (64-bit)

Matrix products: default
BLAS/LAPACK: /usr/lib64/libopenblasp-r0.3.3.so

locale:
 [1] LC_CTYPE=en_US.UTF-8       LC_NUMERIC=C               LC_TIME=en_US.UTF-8        LC_COLLATE=en_US.UTF-8     LC_MONETARY=en_US.UTF-8    LC_MESSAGES=en_US.UTF-8   
 [7] LC_PAPER=en_US.UTF-8       LC_NAME=C                  LC_ADDRESS=C               LC_TELEPHONE=C             LC_MEASUREMENT=en_US.UTF-8 LC_IDENTIFICATION=C       

attached base packages:
[1] parallel  stats4    stats     graphics  grDevices utils     datasets  methods   base     

other attached packages:
 [1] BSgenome.Hsapiens.UCSC.hg38_1.4.1 BSgenome_1.54.0                   rtracklayer_1.46.0                Biostrings_2.54.0                
 [5] XVector_0.26.0                    ArchR_0.9.1                       magrittr_1.5                      rhdf5_2.30.1                     
 [9] Matrix_1.2-18                     SummarizedExperiment_1.16.1       DelayedArray_0.12.3               BiocParallel_1.20.1              
[13] matrixStats_0.56.0                Biobase_2.46.0                    GenomicRanges_1.38.0              GenomeInfoDb_1.22.1              
[17] IRanges_2.20.2                    S4Vectors_0.24.4                  BiocGenerics_0.32.0               ggplot2_3.3.1                    
[21] data.table_1.12.8                

loaded via a namespace (and not attached):
 [1] nlme_3.1-148             fs_1.4.1                 bitops_1.0-6             usethis_1.6.1            devtools_2.3.0           RcppAnnoy_0.0.16        
 [7] RColorBrewer_1.1-2       httr_1.4.1               rprojroot_1.3-2          backports_1.1.7          tools_3.6.2              R6_2.4.1                
[13] irlba_2.3.3              KernSmooth_2.23-17       colorspace_1.4-1         withr_2.2.0              prettyunits_1.1.1        processx_3.4.2          
[19] curl_4.3                 compiler_3.6.2           cli_2.0.2                desc_1.2.0               scales_1.1.1             lmtest_0.9-37           
[25] callr_3.4.3              ggridges_0.5.2           pbapply_1.4-2            rappdirs_0.3.1           stringr_1.4.0            digest_0.6.25           
[31] Rsamtools_2.2.3          pkgconfig_2.0.3          sessioninfo_1.1.1        rlang_0.4.6              rstudioapi_0.11          zoo_1.8-8               
[37] jsonlite_1.6.1           ica_1.0-2                RCurl_1.98-1.2           GenomeInfoDbData_1.2.2   patchwork_1.0.0          fansi_0.4.1             
[43] Rcpp_1.0.4.6             munsell_0.5.0            Rhdf5lib_1.8.0           ape_5.4                  reticulate_1.16          lifecycle_0.2.0         
[49] stringi_1.4.6            MASS_7.3-51.6            zlibbioc_1.32.0          pkgbuild_1.0.8           Rtsne_0.15               plyr_1.8.6              
[55] grid_3.6.2               listenv_0.8.0            ggrepel_0.8.2            crayon_1.3.4             lattice_0.20-41          cowplot_1.0.0           
[61] splines_3.6.2            ps_1.3.3                 pillar_1.4.4             igraph_1.2.5             pkgload_1.1.0            future.apply_1.5.0      
[67] codetools_0.2-16         leiden_0.3.3             XML_3.99-0.3             glue_1.4.1               remotes_2.1.1            vctrs_0.3.1             
[73] testthat_2.3.2           gtable_0.3.0             RANN_2.6.1               assertthat_0.2.1         future_1.17.0            survival_3.2-3          
[79] tibble_3.0.1             memoise_1.1.0            GenomicAlignments_1.22.1 cluster_2.1.0            globals_0.12.5           fitdistrplus_1.1-1      
[85] ellipsis_0.3.1           ROCR_1.0-11             


------- Log Info


2020-08-22 12:11:33 : IterativeLSI Input-Parameters, Class = list

IterativeLSI Input-Parameters$ArchRProj: length = 1
class: ArchRProject 
outputDirectory: /data/aryee/caleb/tenx-scatac/asap_paper/asap_large_data_files/nygc_pbmc/output/archr/AvsB_combined_out 
samples(2): AvsB_LLL AvsB_OMNI
sampleColData names(1): ArrowFiles
cellColData names(13): Sample TSSEnrichment ... nDiFrags BlacklistRatio
numberOfCells(1): 1
medianTSS(1): 6.021
medianFrags(1): 59015


IterativeLSI Input-Parameters$useMatrix: length = 1
[1] "TileMatrix"


IterativeLSI Input-Parameters$name: length = 1
[1] "IterativeLSI"


IterativeLSI Input-Parameters$iterations: length = 1
[1] 2


IterativeLSI Input-Parameters$varFeatures: length = 1
[1] 25000


IterativeLSI Input-Parameters$dimsToUse: length = 30
[1] 1 2 3 4 5 6


IterativeLSI Input-Parameters$LSIMethod: length = 1
[1] 2


IterativeLSI Input-Parameters$scaleDims: length = 1
[1] TRUE


IterativeLSI Input-Parameters$corCutOff: length = 1
[1] 0.75


IterativeLSI Input-Parameters$binarize: length = 1
[1] TRUE


IterativeLSI Input-Parameters$outlierQuantiles: length = 2
[1] 0.02 0.98


IterativeLSI Input-Parameters$filterBias: length = 1
[1] TRUE


IterativeLSI Input-Parameters$sampleCellsPre: length = 1
[1] 10000


IterativeLSI Input-Parameters$projectCellsPre: length = 1
[1] FALSE


IterativeLSI Input-Parameters$sampleCellsFinal: length = 0
NULL


IterativeLSI Input-Parameters$selectionMethod: length = 1
[1] "var"


IterativeLSI Input-Parameters$scaleTo: length = 1
[1] 10000


IterativeLSI Input-Parameters$totalFeatures: length = 1
[1] 5e+05


IterativeLSI Input-Parameters$filterQuantile: length = 1
[1] 0.995


IterativeLSI Input-Parameters$excludeChr: length = 0
NULL


IterativeLSI Input-Parameters$saveIterations: length = 1
[1] TRUE


IterativeLSI Input-Parameters$nPlot: length = 1
[1] 10000


IterativeLSI Input-Parameters$outDir: length = 1
[1] "/data/aryee/caleb/tenx-scatac/asap_paper/asap_large_data_files/nygc_pbmc/output/archr/AvsB_combined_out"


IterativeLSI Input-Parameters$threads: length = 1
[1] 12


IterativeLSI Input-Parameters$seed: length = 1
[1] 1


IterativeLSI Input-Parameters$verbose: length = 1
[1] TRUE


IterativeLSI Input-Parameters$force: length = 1
[1] FALSE


IterativeLSI Input-Parameters$logFile: length = 1
[1] "ArchRLogs/ArchR-addIterativeLSI-a88a3f08b02f-Date-2020-08-22_Time-12-11-33.log"


2020-08-22 12:11:33 : Computing Total Accessibility Across All Features, 0.002 mins elapsed.
2020-08-22 12:11:36 : Computing Top Features, 0.058 mins elapsed.
###########
2020-08-22 12:11:37 : Running LSI (1 of 2) on Top Features, 0.069 mins elapsed.
###########
2020-08-22 12:11:37 : Sampling Cells (N = 10001) for Estimated LSI, 0.07 mins elapsed.
2020-08-22 12:11:37 : Creating Sampled Partial Matrix, 0.07 mins elapsed.
2020-08-22 12:11:49 : Computing Estimated LSI (projectAll = FALSE), 0.266 mins elapsed.

2020-08-22 12:11:49 : LSI Parameters, Class = list

LSI Parameters$: length = 1
                       
1 function (name)      
2 .Internal(args(name))


LSI Parameters$mat: nRows = 25000, nCols = 10001
LSI Parameters$mat: NonZeroEntries = 15543073, EntryRange = [ 1 , 1 ]
5 x 5 sparse Matrix of class "dgCMatrix"
     AvsB_LLL#AAACGAAAGAGAATTC-1 AvsB_LLL#AAACGAAAGGTAGGAA-1 AvsB_LLL#AAACGAAAGTCCGGAA-1 AvsB_LLL#AAACGAACAGGTGTCC-1 AvsB_LLL#AAACGAACAGTTACAC-1
[1,]                           .                           .                           .                           .                           .
[2,]                           .                           .                           .                           .                           .
[3,]                           1                           .                           .                           .                           .
[4,]                           .                           .                           1                           .                           .
[5,]                           .                           .                           1                           .                           .


LSI Parameters$LSIMethod: length = 1
[1] 2


LSI Parameters$scaleTo: length = 1
[1] 10000


LSI Parameters$nDimensions: length = 1
[1] 30


LSI Parameters$binarize: length = 1
[1] TRUE


LSI Parameters$outlierQuantiles: length = 2
[1] 0.02 0.98


LSI Parameters$seed: length = 1
[1] 1


LSI Parameters$verbose: length = 1
[1] FALSE


LSI Parameters$tstart: length = 1
[1] "2020-08-22 12:11:33 EDT"


LSI Parameters$logFile: length = 1
[1] "ArchRLogs/ArchR-addIterativeLSI-a88a3f08b02f-Date-2020-08-22_Time-12-11-33.log"


2020-08-22 12:11:49 : Running LSI, Input Matrix = 0.187 GB, 0.27 mins elapsed.
2020-08-22 12:11:49 : Binarizing Matrix, 0.27 mins elapsed.
2020-08-22 12:11:50 : Computing Term Frequency, 0.291 mins elapsed.
2020-08-22 12:11:51 : Filtering Outliers Based On Counts, 0.293 mins elapsed.
2020-08-22 12:11:51 : Removing 0 Sum Rows, 0.296 mins elapsed.
2020-08-22 12:11:52 : Computing Inverse Document Frequency, 0.319 mins elapsed.
2020-08-22 12:11:55 : Computing SVD using irlba, 0.361 mins elapsed.
2020-08-22 12:12:30 : Projecting Outliers with LSI-Projection (Granja* et al 2019), 0.957 mins elapsed.

2020-08-22 12:12:30 : LSI-Projection Parameters, Class = list

LSI-Projection Parameters$: length = 1
                       
1 function (name)      
2 .Internal(args(name))


LSI-Projection Parameters$mat: nRows = 25000, nCols = 10
LSI-Projection Parameters$mat: NonZeroEntries = 14569, EntryRange = [ 1 , 1 ]
5 x 5 sparse Matrix of class "dgCMatrix"
     AvsB_LLL#AAACGAAAGAGAATTC-1 AvsB_LLL#AAACGAAAGGTAGGAA-1 AvsB_LLL#AAACGAAAGTCCGGAA-1 AvsB_LLL#AAACGAACAGGTGTCC-1 AvsB_LLL#AAACGAACAGTTACAC-1
[1,]                           .                           .                           .                           .                           .
[2,]                           .                           .                           .                           .                           .
[3,]                           1                           .                           .                           .                           .
[4,]                           .                           .                           1                           .                           .
[5,]                           .                           .                           1                           .                           .


LSI-Projection Parameters$matSVD: nRows = 9599, nCols = 30
                                 LSI1      LSI2      LSI3       LSI4      LSI5
AvsB_LLL#AAACGAAAGAGAATTC-1 -58.13967 -26.10287  8.334490  8.7077243 -2.910853
AvsB_LLL#AAACGAAAGGTAGGAA-1 -30.79395 -17.19762 -7.855368 -6.0169375 -1.449371
AvsB_LLL#AAACGAAAGTCCGGAA-1 -72.82052  25.45470  0.918649  4.5557204 -5.281968
AvsB_LLL#AAACGAACAGGTGTCC-1 -19.94138 -10.92697 -3.320750 -2.5465384  1.529680
AvsB_LLL#AAACGAACAGTTACAC-1 -32.61542 -17.77084  7.102837  0.3259962  1.213085


LSI-Projection Parameters$returnModel: length = 1
[1] FALSE


LSI-Projection Parameters$verbose: length = 1
[1] FALSE


LSI-Projection Parameters$tstart: length = 0
NULL


LSI-Projection Parameters$logFile: length = 1
[1] "ArchRLogs/ArchR-addIterativeLSI-a88a3f08b02f-Date-2020-08-22_Time-12-11-33.log"


2020-08-22 12:12:31 : Projecting LSI, Input Matrix = 0 GB, 0 mins elapsed.
2020-08-22 12:12:31 : Subsetting by Non-Zero features in inital Matrix, 0 mins elapsed.
2020-08-22 12:12:31 : Binarizing Matrix, 0 mins elapsed.
2020-08-22 12:12:31 : Computing Term Frequency, 0 mins elapsed.
2020-08-22 12:12:31 : Computing Inverse Document Frequency, 0 mins elapsed.
2020-08-22 12:12:31 : Computing TF-IDF Matrix, 0 mins elapsed.
2020-08-22 12:12:32 : Calculating V Matrix, 0.019 mins elapsed.
2020-08-22 12:12:32 : Computing Projected Coordinates, 0.019 mins elapsed.

2020-08-22 12:12:32 : LSI-Projection Parameters, Class = list

LSI-Projection Parameters$: length = 1
                       
1 function (name)      
2 .Internal(args(name))


LSI-Projection Parameters$mat: nRows = 25000, nCols = 402
LSI-Projection Parameters$mat: NonZeroEntries = 1019292, EntryRange = [ 1 , 1 ]
5 x 5 sparse Matrix of class "dgCMatrix"
     AvsB_LLL#AAAGATGAGCACGTAG-1 AvsB_LLL#AAAGGATCATTAGCCA-1 AvsB_LLL#AACAGTCCAACGAGGT-1 AvsB_LLL#AACCAACTCTATATCC-1 AvsB_LLL#AATGCCAAGCATTCCA-1
[1,]                           .                           .                           .                           1                           .
[2,]                           .                           .                           .                           1                           .
[3,]                           .                           .                           .                           1                           .
[4,]                           .                           .                           .                           .                           .
[5,]                           .                           .                           .                           .                           .


LSI-Projection Parameters$matSVD: nRows = 9599, nCols = 30
                                 LSI1      LSI2      LSI3       LSI4      LSI5
AvsB_LLL#AAACGAAAGAGAATTC-1 -58.13967 -26.10287  8.334490  8.7077243 -2.910853
AvsB_LLL#AAACGAAAGGTAGGAA-1 -30.79395 -17.19762 -7.855368 -6.0169375 -1.449371
AvsB_LLL#AAACGAAAGTCCGGAA-1 -72.82052  25.45470  0.918649  4.5557204 -5.281968
AvsB_LLL#AAACGAACAGGTGTCC-1 -19.94138 -10.92697 -3.320750 -2.5465384  1.529680
AvsB_LLL#AAACGAACAGTTACAC-1 -32.61542 -17.77084  7.102837  0.3259962  1.213085


LSI-Projection Parameters$returnModel: length = 1
[1] FALSE


LSI-Projection Parameters$verbose: length = 1
[1] FALSE


LSI-Projection Parameters$tstart: length = 0
NULL


LSI-Projection Parameters$logFile: length = 1
[1] "ArchRLogs/ArchR-addIterativeLSI-a88a3f08b02f-Date-2020-08-22_Time-12-11-33.log"


2020-08-22 12:12:32 : Projecting LSI, Input Matrix = 0.012 GB, 0 mins elapsed.
2020-08-22 12:12:32 : Subsetting by Non-Zero features in inital Matrix, 0 mins elapsed.
2020-08-22 12:12:32 : Binarizing Matrix, 0 mins elapsed.
2020-08-22 12:12:32 : Computing Term Frequency, 0.001 mins elapsed.
2020-08-22 12:12:32 : Computing Inverse Document Frequency, 0.001 mins elapsed.
2020-08-22 12:12:32 : Computing TF-IDF Matrix, 0.001 mins elapsed.
2020-08-22 12:12:33 : Calculating V Matrix, 0.02 mins elapsed.
2020-08-22 12:12:33 : Computing Projected Coordinates, 0.021 mins elapsed.
2020-08-22 12:12:33 : Finished LSI (TF-IDF SVD) using irlba, 1 mins elapsed.

2020-08-22 12:12:35 : outLSI-1, Class = SimpleList

outLSI-1$matSVD: nRows = 10001, nCols = 30
                                 LSI1      LSI2      LSI3       LSI4      LSI5
AvsB_LLL#AAACGAAAGAGAATTC-1 -58.13967 -26.10287  8.334490  8.7077243 -2.910853
AvsB_LLL#AAACGAAAGGTAGGAA-1 -30.79395 -17.19762 -7.855368 -6.0169375 -1.449371
AvsB_LLL#AAACGAAAGTCCGGAA-1 -72.82052  25.45470  0.918649  4.5557204 -5.281968
AvsB_LLL#AAACGAACAGGTGTCC-1 -19.94138 -10.92697 -3.320750 -2.5465384  1.529680
AvsB_LLL#AAACGAACAGTTACAC-1 -32.61542 -17.77084  7.102837  0.3259962  1.213085


outLSI-1$rowSm: length = 25000
[1]  399  449  412  666  422 1077


outLSI-1$nCol: length = 1
[1] 9599


outLSI-1$exclude: length = 0
NULL


outLSI-1$idx: length = 25000
[1] 1 2 3 4 5 6


outLSI-1$u: nRows = 25000, nCols = 30
             [,1]          [,2]          [,3]        [,4]          [,5]
[1,] -0.004715533  9.051553e-04 -0.0072885474 0.004243424 -0.0007957086
[2,] -0.005105679 -2.506446e-04 -0.0026979256 0.004714295 -0.0020684062
[3,] -0.004878826  8.763487e-06  0.0007588231 0.010744020 -0.0038826353
[4,] -0.006911759 -1.132279e-03 -0.0024799594 0.004567747  0.0003510188
[5,] -0.004726814 -4.046658e-03 -0.0054295659 0.003965303 -0.0034603618


outLSI-1$v: nRows = 9599, nCols = 30
             [,1]         [,2]         [,3]          [,4]         [,5]
[1,] -0.012062763 -0.013823552  0.015570071  0.0177178341 -0.006232355
[2,] -0.006389099 -0.009107511 -0.014675000 -0.0122428199 -0.003103212
[3,] -0.015108733  0.013480299  0.001716173  0.0092696432 -0.011309090
[4,] -0.004137418 -0.005786701 -0.006203658 -0.0051815082  0.003275159
[5,] -0.006767017 -0.009411081  0.013269160  0.0006633129  0.002597305


outLSI-1$binarize: length = 1
[1] TRUE


outLSI-1$scaleTo: length = 1
[1] 10000


outLSI-1$nDimensions: length = 1
[1] 30


outLSI-1$LSIMethod: length = 1
[1] 2


outLSI-1$outliers: length = 402
[1] "AvsB_LLL#AAAGATGAGCACGTAG-1" "AvsB_LLL#AAAGGATCATTAGCCA-1" "AvsB_LLL#AACAGTCCAACGAGGT-1" "AvsB_LLL#AACCAACTCTATATCC-1" "AvsB_LLL#AATGCCAAGCATTCCA-1"
[6] "AvsB_LLL#AATGGAAGTCCCTAAA-1"


outLSI-1$date: length = 1
[1] "2020-08-22"


outLSI-1$seed: length = 1
[1] 1


outLSI-1$scaleDims: length = 1
[1] TRUE


outLSI-1$useMatrix: length = 1
[1] "TileMatrix"


outLSI-1$tileSize: length = 1
[1] 500



2020-08-22 12:12:35 : Cluster Params, Class = list

Cluster Params$: length = 1
                       
1 function (name)      
2 .Internal(args(name))


Cluster Params$matSVD: nRows = 10001, nCols = 30
                                 LSI1      LSI2      LSI3       LSI4      LSI5
AvsB_LLL#AAACGAAAGAGAATTC-1 -58.13967 -26.10287  8.334490  8.7077243 -2.910853
AvsB_LLL#AAACGAAAGGTAGGAA-1 -30.79395 -17.19762 -7.855368 -6.0169375 -1.449371
AvsB_LLL#AAACGAAAGTCCGGAA-1 -72.82052  25.45470  0.918649  4.5557204 -5.281968
AvsB_LLL#AAACGAACAGGTGTCC-1 -19.94138 -10.92697 -3.320750 -2.5465384  1.529680
AvsB_LLL#AAACGAACAGTTACAC-1 -32.61542 -17.77084  7.102837  0.3259962  1.213085


Cluster Params$corCutOff: length = 1
[1] 0.75


Cluster Params$dimsToUse: length = 30
[1] 1 2 3 4 5 6


Cluster Params$scaleDims: length = 1
[1] TRUE


Cluster Params$verbose: length = 1
[1] TRUE


Cluster Params$j: length = 1
[1] 1


Cluster Params$filterBias: length = 1
[1] TRUE


Cluster Params$cellNames: length = 11664
[1] "AvsB_LLL#GCTTTCGAGACCGCAA-1" "AvsB_LLL#TGGAAGGTCTATATCC-1" "AvsB_LLL#GCAAAGGGTTTCTACT-1" "AvsB_LLL#TCAGTCCGTCATTGCA-1" "AvsB_LLL#CCACAGGAGCCCATTA-1"
[6] "AvsB_LLL#CTTCTAAGTTCACGTA-1"


Cluster Params$cellDepth: length = 11664
AvsB_LLL#GCTTTCGAGACCGCAA-1 AvsB_LLL#TGGAAGGTCTATATCC-1 AvsB_LLL#GCAAAGGGTTTCTACT-1 AvsB_LLL#TCAGTCCGTCATTGCA-1 AvsB_LLL#CCACAGGAGCCCATTA-1 AvsB_LLL#CTTCTAAGTTCACGTA-1 
                   4.880453                    4.861779                    4.848035                    4.816129                    4.775800                    4.781849 


Cluster Params$tstart: length = 1
[1] "2020-08-22 12:11:33 EDT"


Cluster Params$logFile: length = 1
[1] "ArchRLogs/ArchR-addIterativeLSI-a88a3f08b02f-Date-2020-08-22_Time-12-11-33.log"


2020-08-22 12:12:35 : Identifying Clusters, 1.034 mins elapsed.

2020-08-22 12:12:35 : addClusters Input-Parameters, Class = list

addClusters Input-Parameters$: length = 1
                       
1 function (name)      
2 .Internal(args(name))


addClusters Input-Parameters$input: nRows = 10001, nCols = 30
                                 LSI1      LSI2       LSI3       LSI4        LSI5
AvsB_LLL#AAACGAAAGAGAATTC-1 -4.617769 -1.969381  0.8774545  0.9083087 -0.05216498
AvsB_LLL#AAACGAAAGGTAGGAA-1 -4.428636 -2.241929 -0.7394083 -0.4437322  0.29087274
AvsB_LLL#AAACGAAAGTCCGGAA-1 -4.788697  1.852862  0.1946855  0.4404832 -0.22435976
AvsB_LLL#AAACGAACAGGTGTCC-1 -4.271449 -2.206357 -0.4638660 -0.2865035  0.64730843
AvsB_LLL#AAACGAACAGTTACAC-1 -4.367989 -2.241315  1.3221553  0.3512869  0.47837361


addClusters Input-Parameters$reducedDims: length = 1
[1] "IterativeLSI"


addClusters Input-Parameters$name: length = 1
[1] "Clusters"


addClusters Input-Parameters$sampleCells: length = 1
[1] 10000


addClusters Input-Parameters$seed: length = 1
[1] 1


addClusters Input-Parameters$method: length = 1
[1] "Seurat"


addClusters Input-Parameters$dimsToUse: length = 0
NULL


addClusters Input-Parameters$scaleDims: length = 0
NULL


addClusters Input-Parameters$corCutOff: length = 1
[1] 0.75


addClusters Input-Parameters$knnAssign: length = 1
[1] 10


addClusters Input-Parameters$nOutlier: length = 1
[1] 5


addClusters Input-Parameters$testBias: length = 1
[1] TRUE


addClusters Input-Parameters$filterBias: length = 1
[1] TRUE


addClusters Input-Parameters$biasClusters: length = 1
[1] 0.01


addClusters Input-Parameters$biasCol: length = 1
[1] "nFrags"


addClusters Input-Parameters$biasVals: length = 10001
[1] 4.118199 3.638389 4.191032 3.232234 3.628185 3.643847


addClusters Input-Parameters$biasQuantiles: length = 2
[1] 0.05 0.95


addClusters Input-Parameters$biasEnrich: length = 1
[1] 10


addClusters Input-Parameters$biasProportion: length = 1
[1] 0.5


addClusters Input-Parameters$biasPval: length = 1
[1] 0.05


addClusters Input-Parameters$nPerm: length = 1
[1] 500


addClusters Input-Parameters$prefix: length = 1
[1] "C"


addClusters Input-Parameters$ArchRProj: length = 0
NULL


addClusters Input-Parameters$verbose: length = 1
[1] FALSE


addClusters Input-Parameters$tstart: length = 0
NULL


addClusters Input-Parameters$force: length = 1
[1] FALSE


addClusters Input-Parameters$logFile: length = 1
[1] "ArchRLogs/ArchR-addIterativeLSI-a88a3f08b02f-Date-2020-08-22_Time-12-11-33.log"


addClusters Input-Parameters$...: length = 2
[[1]]
<promise: 0x55a42ade8f00>

[[2]]
<promise: 0x55a42ade8fe0>



2020-08-22 12:12:35 : Estimating Clusters by Sampling, 0 mins elapsed.
2020-08-22 12:12:35 : Running Seurats FindClusters (Stuart et al. Cell 2019), 0.002 mins elapsed.

************************************************************
2020-08-22 12:12:35 : ERROR Found in FindNeighbors for  
LogFile = ArchRLogs/ArchR-addIterativeLSI-a88a3f08b02f-Date-2020-08-22_Time-12-11-33.log

<simpleError in loadNamespace(i, c(lib.loc, .libPaths()), versionCheck = vI[[i]]): namespace ‘rlang’ 0.4.6 is already loaded, but >= 0.4.7 is required>

2020-08-22 12:12:35 : errorList, Class = list

errorList$: length = 1
                       
1 function (name)      
2 .Internal(args(name))


errorList$e: length = 2
$message
[1] "namespace ‘rlang’ 0.4.6 is already loaded, but >= 0.4.7 is required"

$call
loadNamespace(i, c(lib.loc, .libPaths()), versionCheck = vI[[i]])




************************************************************


************************************************************
2020-08-22 12:12:35 : ERROR Found in runClusters for  
LogFile = ArchRLogs/ArchR-addIterativeLSI-a88a3f08b02f-Date-2020-08-22_Time-12-11-33.log

<simpleError in .logError(e, fn = "FindNeighbors", info = "", errorList = errorList,     logFile = logFile): Exiting See Error Above>

2020-08-22 12:12:35 : errorList, Class = list

errorList$resolution: length = 1
[1] 0.2


errorList$n.start: length = 1
[1] 10


errorList$verbose: length = 1
[1] FALSE


errorList$tstart: length = 1
[1] "2020-08-22 12:12:35 EDT"



************************************************************


************************************************************
2020-08-22 12:12:36 : ERROR Found in .LSICluster for  
LogFile = ArchRLogs/ArchR-addIterativeLSI-a88a3f08b02f-Date-2020-08-22_Time-12-11-33.log

<simpleError in .logError(e, fn = "runClusters", info = "", errorList = errorList,     logFile = logFile): Exiting See Error Above>

2020-08-22 12:12:36 : errorList, Class = list

errorList$: length = 1
                       
1 function (name)      
2 .Internal(args(name))


errorList$matSVD: nRows = 10001, nCols = 30
                                 LSI1      LSI2      LSI3       LSI4      LSI5
AvsB_LLL#AAACGAAAGAGAATTC-1 -58.13967 -26.10287  8.334490  8.7077243 -2.910853
AvsB_LLL#AAACGAAAGGTAGGAA-1 -30.79395 -17.19762 -7.855368 -6.0169375 -1.449371
AvsB_LLL#AAACGAAAGTCCGGAA-1 -72.82052  25.45470  0.918649  4.5557204 -5.281968
AvsB_LLL#AAACGAACAGGTGTCC-1 -19.94138 -10.92697 -3.320750 -2.5465384  1.529680
AvsB_LLL#AAACGAACAGTTACAC-1 -32.61542 -17.77084  7.102837  0.3259962  1.213085


errorList$corCutOff: length = 1
[1] 0.75


errorList$dimsToUse: length = 30
[1] 1 2 3 4 5 6


errorList$scaleDims: length = 1
[1] TRUE


errorList$verbose: length = 1
[1] TRUE


errorList$j: length = 1
[1] 1


errorList$filterBias: length = 1
[1] TRUE


errorList$cellNames: length = 11664
[1] "AvsB_LLL#GCTTTCGAGACCGCAA-1" "AvsB_LLL#TGGAAGGTCTATATCC-1" "AvsB_LLL#GCAAAGGGTTTCTACT-1" "AvsB_LLL#TCAGTCCGTCATTGCA-1" "AvsB_LLL#CCACAGGAGCCCATTA-1"
[6] "AvsB_LLL#CTTCTAAGTTCACGTA-1"


errorList$cellDepth: length = 11664
AvsB_LLL#GCTTTCGAGACCGCAA-1 AvsB_LLL#TGGAAGGTCTATATCC-1 AvsB_LLL#GCAAAGGGTTTCTACT-1 AvsB_LLL#TCAGTCCGTCATTGCA-1 AvsB_LLL#CCACAGGAGCCCATTA-1 AvsB_LLL#CTTCTAAGTTCACGTA-1 
                   4.880453                    4.861779                    4.848035                    4.816129                    4.775800                    4.781849 


errorList$tstart: length = 1
[1] "2020-08-22 12:11:33 EDT"


errorList$logFile: length = 1
[1] "ArchRLogs/ArchR-addIterativeLSI-a88a3f08b02f-Date-2020-08-22_Time-12-11-33.log"



************************************************************

