
           ___      .______        ______  __    __  .______      
          /   \     |   _  \      /      ||  |  |  | |   _  \     
         /  ^  \    |  |_)  |    |  ,----'|  |__|  | |  |_)  |    
        /  /_\  \   |      /     |  |     |   __   | |      /     
       /  _____  \  |  |\  \\___ |  `----.|  |  |  | |  |\  \\___.
      /__/     \__\ | _| `._____| \______||__|  |__| | _| `._____|
    
Logging With ArchR!

Start Time : 2020-08-22 11:52:56

------- ArchR Info

ArchRThreads = 12
ArchRGenome = Hg38

------- System Info

Computer OS = unix
Total Cores = NA

------- Session Info

R version 3.6.2 (2019-12-12)
Platform: x86_64-pc-linux-gnu (64-bit)

Matrix products: default
BLAS/LAPACK: /usr/lib64/libopenblasp-r0.3.3.so

locale:
 [1] LC_CTYPE=en_US.UTF-8       LC_NUMERIC=C               LC_TIME=en_US.UTF-8        LC_COLLATE=en_US.UTF-8     LC_MONETARY=en_US.UTF-8    LC_MESSAGES=en_US.UTF-8   
 [7] LC_PAPER=en_US.UTF-8       LC_NAME=C                  LC_ADDRESS=C               LC_TELEPHONE=C             LC_MEASUREMENT=en_US.UTF-8 LC_IDENTIFICATION=C       

attached base packages:
 [1] grid      parallel  stats4    stats     graphics  grDevices utils     datasets  methods   base     

other attached packages:
 [1] uwot_0.1.8                        stringi_1.4.6                     ComplexHeatmap_2.2.0              scales_1.1.1                     
 [5] Rsamtools_2.2.3                   BSgenome.Hsapiens.UCSC.hg38_1.4.1 BSgenome_1.54.0                   rtracklayer_1.46.0               
 [9] Biostrings_2.54.0                 XVector_0.26.0                    viridis_0.5.1                     viridisLite_0.3.0                
[13] stringr_1.4.0                     reshape2_1.4.4                    gridExtra_2.3                     ggrastr_0.1.7                    
[17] nabor_0.5.0                       Seurat_3.1.5                      ArchR_0.9.1                       magrittr_1.5                     
[21] rhdf5_2.30.1                      Matrix_1.2-18                     SummarizedExperiment_1.16.1       DelayedArray_0.12.3              
[25] BiocParallel_1.20.1               matrixStats_0.56.0                Biobase_2.46.0                    GenomicRanges_1.38.0             
[29] GenomeInfoDb_1.22.1               IRanges_2.20.2                    S4Vectors_0.24.4                  BiocGenerics_0.32.0              
[33] BuenColors_0.5.6                  ggplot2_3.3.1                     MASS_7.3-51.6                     dplyr_1.0.0                      
[37] data.table_1.12.8                

loaded via a namespace (and not attached):
 [1] Rtsne_0.15               colorspace_1.4-1         rjson_0.2.20             ellipsis_0.3.1           ggridges_0.5.2           circlize_0.4.10         
 [7] GlobalOptions_0.1.2      clue_0.3-57              rstudioapi_0.11          farver_2.0.3             leiden_0.3.3             listenv_0.8.0           
[13] ggrepel_0.8.2            RSpectra_0.16-0          fansi_0.4.1              codetools_0.2-16         splines_3.6.2            jsonlite_1.6.1          
[19] Cairo_1.5-12             ica_1.0-2                cluster_2.1.0            png_0.1-7                sctransform_0.2.1        compiler_3.6.2          
[25] httr_1.4.1               assertthat_0.2.1         lazyeval_0.2.2           cli_2.0.2                htmltools_0.4.0          tools_3.6.2             
[31] rsvd_1.0.3               igraph_1.2.5             gtable_0.3.0             glue_1.4.1               GenomeInfoDbData_1.2.2   RANN_2.6.1              
[37] rappdirs_0.3.1           Rcpp_1.0.4.6             vctrs_0.3.1              ape_5.4                  nlme_3.1-148             lmtest_0.9-37           
[43] globals_0.12.5           lifecycle_0.2.0          irlba_2.3.3              gtools_3.8.2             XML_3.99-0.3             future_1.17.0           
[49] zlibbioc_1.32.0          zoo_1.8-8                RColorBrewer_1.1-2       reticulate_1.16          pbapply_1.4-2            shape_1.4.4             
[55] rlang_0.4.6              pkgconfig_2.0.3          bitops_1.0-6             lattice_0.20-41          ROCR_1.0-11              purrr_0.3.4             
[61] Rhdf5lib_1.8.0           labeling_0.3             GenomicAlignments_1.22.1 patchwork_1.0.0          htmlwidgets_1.5.1        cowplot_1.0.0           
[67] tidyselect_1.1.0         RcppAnnoy_0.0.16         plyr_1.8.6               R6_2.4.1                 generics_0.0.2           pillar_1.4.4            
[73] withr_2.2.0              fitdistrplus_1.1-1       survival_3.2-3           RCurl_1.98-1.2           tibble_3.0.1             future.apply_1.5.0      
[79] tsne_0.1-3               crayon_1.3.4             KernSmooth_2.23-17       plotly_4.9.2.1           GetoptLong_1.0.0         digest_0.6.25           
[85] tidyr_1.1.0              munsell_0.5.0           


------- Log Info


2020-08-22 11:52:56 : addClusters Input-Parameters, Class = list

addClusters Input-Parameters$: length = 1
                       
1 function (name)      
2 .Internal(args(name))


addClusters Input-Parameters$input: length = 1
class: ArchRProject 
outputDirectory: /data/aryee/caleb/tenx-scatac/asap_paper/asap_large_data_files/nygc_pbmc/output/archr/AvsB_combined_out 
samples(2): AvsB_LLL AvsB_OMNI
sampleColData names(1): ArrowFiles
cellColData names(13): Sample TSSEnrichment ... nDiFrags BlacklistRatio
numberOfCells(1): 1
medianTSS(1): 6.021
medianFrags(1): 59015


addClusters Input-Parameters$reducedDims: length = 1
[1] "IterativeLSI"


addClusters Input-Parameters$name: length = 1
[1] "Clusters"


addClusters Input-Parameters$sampleCells: length = 0
NULL


addClusters Input-Parameters$seed: length = 1
[1] 1


addClusters Input-Parameters$method: length = 1
[1] "Seurat"


addClusters Input-Parameters$dimsToUse: length = 0
NULL


addClusters Input-Parameters$scaleDims: length = 0
NULL


addClusters Input-Parameters$corCutOff: length = 1
[1] 0.75


addClusters Input-Parameters$knnAssign: length = 1
[1] 10


addClusters Input-Parameters$nOutlier: length = 1
[1] 5


addClusters Input-Parameters$testBias: length = 1
[1] TRUE


addClusters Input-Parameters$filterBias: length = 1
[1] FALSE


addClusters Input-Parameters$biasClusters: length = 1
[1] 0.01


addClusters Input-Parameters$biasCol: length = 1
[1] "nFrags"


addClusters Input-Parameters$biasVals: length = 0
NULL


addClusters Input-Parameters$biasQuantiles: length = 2
[1] 0.05 0.95


addClusters Input-Parameters$biasEnrich: length = 1
[1] 10


addClusters Input-Parameters$biasProportion: length = 1
[1] 0.5


addClusters Input-Parameters$biasPval: length = 1
[1] 0.05


addClusters Input-Parameters$nPerm: length = 1
[1] 500


addClusters Input-Parameters$prefix: length = 1
[1] "C"


addClusters Input-Parameters$ArchRProj: length = 0
NULL


addClusters Input-Parameters$verbose: length = 1
[1] TRUE


addClusters Input-Parameters$tstart: length = 0
NULL


addClusters Input-Parameters$force: length = 1
[1] FALSE


addClusters Input-Parameters$logFile: length = 1
[1] "ArchRLogs/ArchR-addClusters-86f91dfd609-Date-2020-08-22_Time-11-52-56.log"


2020-08-22 11:52:57 : Running Seurats FindClusters (Stuart et al. Cell 2019), 0.002 mins elapsed.
2020-08-22 11:53:23 : Testing Biased Clusters, 0.435 mins elapsed.
2020-08-22 11:53:23 : Testing Outlier Clusters, 0.436 mins elapsed.
2020-08-22 11:53:23 : Assigning Cluster Names to 11 Clusters, 0.436 mins elapsed.
2020-08-22 11:53:23 : Finished addClusters, 0.438 mins elapsed.
