
           ___      .______        ______  __    __  .______      
          /   \     |   _  \      /      ||  |  |  | |   _  \     
         /  ^  \    |  |_)  |    |  ,----'|  |__|  | |  |_)  |    
        /  /_\  \   |      /     |  |     |   __   | |      /     
       /  _____  \  |  |\  \\___ |  `----.|  |  |  | |  |\  \\___.
      /__/     \__\ | _| `._____| \______||__|  |__| | _| `._____|
    
Logging With ArchR!

Start Time : 2020-08-17 20:37:10

------- ArchR Info

ArchRThreads = 30
ArchRGenome = Hg38

------- System Info

Computer OS = unix
Total Cores = 112

------- Session Info

R version 3.6.3 (2020-02-29)
Platform: x86_64-pc-linux-gnu (64-bit)
Running under: CentOS Linux 7 (Core)

Matrix products: default
BLAS:   /home/ytakeshima/tool/R-3.6.3/lib/libRblas.so
LAPACK: /home/ytakeshima/tool/R-3.6.3/lib/libRlapack.so

locale:
 [1] LC_CTYPE=en_US.UTF-8       LC_NUMERIC=C              
 [3] LC_TIME=en_US.UTF-8        LC_COLLATE=en_US.UTF-8    
 [5] LC_MONETARY=en_US.UTF-8    LC_MESSAGES=en_US.UTF-8   
 [7] LC_PAPER=en_US.UTF-8       LC_NAME=C                 
 [9] LC_ADDRESS=C               LC_TELEPHONE=C            
[11] LC_MEASUREMENT=en_US.UTF-8 LC_IDENTIFICATION=C       

attached base packages:
 [1] grid      parallel  stats4    stats     graphics  grDevices utils    
 [8] datasets  methods   base     

other attached packages:
 [1] uwot_0.1.8                        Seurat_3.1.5                     
 [3] Rsamtools_2.2.3                   BSgenome.Hsapiens.UCSC.hg38_1.4.1
 [5] BSgenome_1.54.0                   rtracklayer_1.46.0               
 [7] Biostrings_2.54.0                 XVector_0.26.0                   
 [9] gridExtra_2.3                     forcats_0.5.0                    
[11] stringr_1.4.0                     dplyr_1.0.0                      
[13] purrr_0.3.4                       readr_1.3.1                      
[15] tidyr_1.0.3                       tibble_3.0.1                     
[17] tidyverse_1.3.0                   patchwork_1.0.0                  
[19] ArchR_0.9.4                       magrittr_1.5                     
[21] rhdf5_2.30.1                      Matrix_1.2-18                    
[23] data.table_1.12.8                 SummarizedExperiment_1.16.1      
[25] DelayedArray_0.12.3               BiocParallel_1.20.1              
[27] matrixStats_0.56.0                Biobase_2.46.0                   
[29] GenomicRanges_1.38.0              GenomeInfoDb_1.22.1              
[31] IRanges_2.20.2                    S4Vectors_0.24.4                 
[33] BiocGenerics_0.32.0               ggplot2_3.3.2                    

loaded via a namespace (and not attached):
 [1] Rtsne_0.15               colorspace_1.4-1         ellipsis_0.3.1          
 [4] ggridges_0.5.2           fs_1.4.1                 rstudioapi_0.11         
 [7] leiden_0.3.3             listenv_0.8.0            farver_2.0.3            
[10] npsurv_0.4-0.1           ggrepel_0.8.2            RSpectra_0.16-0         
[13] fansi_0.4.1              lubridate_1.7.8          xml2_1.3.1              
[16] codetools_0.2-16         splines_3.6.3            lsei_1.2-0.1            
[19] jsonlite_1.6.1           Cairo_1.5-12             broom_0.5.6             
[22] ica_1.0-2                cluster_2.1.0            dbplyr_1.4.3            
[25] png_0.1-7                sctransform_0.2.1        compiler_3.6.3          
[28] httr_1.4.1               backports_1.1.8          lazyeval_0.2.2          
[31] assertthat_0.2.1         cli_2.0.2                htmltools_0.4.0         
[34] tools_3.6.3              rsvd_1.0.3               igraph_1.2.5            
[37] gtable_0.3.0             glue_1.4.1               GenomeInfoDbData_1.2.2  
[40] reshape2_1.4.4           RANN_2.6.1               rappdirs_0.3.1          
[43] Rcpp_1.0.4.6             cellranger_1.1.0         vctrs_0.3.1             
[46] ape_5.3                  nlme_3.1-147             lmtest_0.9-37           
[49] globals_0.12.5           rvest_0.3.5              lifecycle_0.2.0         
[52] irlba_2.3.3              gtools_3.8.2             XML_3.99-0.3            
[55] future_1.17.0            zlibbioc_1.32.0          MASS_7.3-51.6           
[58] zoo_1.8-7                scales_1.1.1             hms_0.5.3               
[61] RColorBrewer_1.1-2       pbapply_1.4-2            reticulate_1.15         
[64] stringi_1.4.6            rlang_0.4.6              pkgconfig_2.0.3         
[67] bitops_1.0-6             lattice_0.20-41          ROCR_1.0-11             
[70] Rhdf5lib_1.8.0           htmlwidgets_1.5.1        GenomicAlignments_1.22.1
[73] labeling_0.3             cowplot_1.0.0            tidyselect_1.1.0        
[76] RcppAnnoy_0.0.16         plyr_1.8.6               R6_2.4.1                
[79] generics_0.0.2           DBI_1.1.0                pillar_1.4.4            
[82] haven_2.2.0              withr_2.2.0              fitdistrplus_1.0-14     
[85] survival_3.1-12          RCurl_1.98-1.2           tsne_0.1-3              
[88] future.apply_1.5.0       modelr_0.1.6             crayon_1.3.4            
[91] KernSmooth_2.23-17       plotly_4.9.2.1           readxl_1.3.1            
[94] reprex_0.3.0             digest_0.6.25            munsell_0.5.0           
[97] viridisLite_0.3.0       


------- Log Info


2020-08-17 20:37:10 : Input-Parameters, Class = list

Input-Parameters$: length = 1
                       
1 function (name)      
2 .Internal(args(name))


Input-Parameters$ArchRProj: length = 1
class: ArchRProject 
outputDirectory: /home/ytakeshima/wd/2020/200817_Perturb_CD4_w_reseq_log_check_final/ArchR/plot_Perturb_CD4_stim 
samples(1): Perturb_CD4_stim
sampleColData names(1): ArrowFiles
cellColData names(20): Sample TSSEnrichment ... ReadsInPeaks FRIP
numberOfCells(1): 1
medianTSS(1): 9.077
medianFrags(1): 11898


Input-Parameters$groupBy: length = 1
[1] "HTO"


Input-Parameters$useGroups: length = 0
NULL


Input-Parameters$bgdGroups: length = 0
NULL


Input-Parameters$useMatrix: length = 1
[1] "PeakMatrix"


Input-Parameters$bias: length = 2
[1] "TSSEnrichment" "log10(nFrags)"


Input-Parameters$normBy: length = 0
NULL


Input-Parameters$testMethod: length = 1
[1] "wilcoxon"


Input-Parameters$maxCells: length = 1
[1] 500


Input-Parameters$scaleTo: length = 1
[1] 10000


Input-Parameters$threads: length = 1
[1] 30


Input-Parameters$k: length = 1
[1] 100


Input-Parameters$bufferRatio: length = 1
[1] 0.8


Input-Parameters$binarize: length = 1
[1] FALSE


Input-Parameters$useSeqnames: length = 0
NULL


Input-Parameters$verbose: length = 1
[1] TRUE


Input-Parameters$logFile: length = 1
[1] "ArchRLogs/ArchR-getMarkerFeatures-35d904f1855b2-Date-2020-08-17_Time-20-37-10.log"


Input-Parameters$ArchRProj: length = 1
class: ArchRProject 
outputDirectory: /home/ytakeshima/wd/2020/200817_Perturb_CD4_w_reseq_log_check_final/ArchR/plot_Perturb_CD4_stim 
samples(1): Perturb_CD4_stim
sampleColData names(1): ArrowFiles
cellColData names(20): Sample TSSEnrichment ... ReadsInPeaks FRIP
numberOfCells(1): 1
medianTSS(1): 9.077
medianFrags(1): 11898


Input-Parameters$groupBy: length = 1
[1] "HTO"


Input-Parameters$useGroups: length = 0
NULL


Input-Parameters$bgdGroups: length = 0
NULL


Input-Parameters$useMatrix: length = 1
[1] "PeakMatrix"


Input-Parameters$bias: length = 2
[1] "TSSEnrichment" "log10(nFrags)"


Input-Parameters$normBy: length = 0
NULL


Input-Parameters$testMethod: length = 1
[1] "wilcoxon"


Input-Parameters$maxCells: length = 1
[1] 500


Input-Parameters$scaleTo: length = 1
[1] 10000


Input-Parameters$threads: length = 1
[1] 30


Input-Parameters$k: length = 1
[1] 100


Input-Parameters$bufferRatio: length = 1
[1] 0.8


Input-Parameters$binarize: length = 1
[1] FALSE


Input-Parameters$useSeqnames: length = 0
NULL


Input-Parameters$verbose: length = 1
[1] TRUE


Input-Parameters$logFile: length = 1
[1] "ArchRLogs/ArchR-getMarkerFeatures-35d904f1855b2-Date-2020-08-17_Time-20-37-10.log"



2020-08-17 20:37:10 : FeatureDF, Class = DFrame
DataFrame with 112469 rows and 4 columns
       seqnames     idx     start       end
          <Rle> <array>   <array>   <array>
1          chr1       1    827298    827798
2          chr1       2    844380    844880
3          chr1       3    869662    870162
4          chr1       4    875232    875732
5          chr1       5    876372    876872
...         ...     ...       ...       ...
112465     chrX    2846 155632386 155632886
112466     chrX    2847 155767383 155767883
112467     chrX    2848 155880992 155881492
112468     chrX    2849 155881548 155882048
112469     chrX    2850 155966801 155967301


2020-08-17 20:37:10 : MatrixClass = Sparse.Integer.Matrix
2020-08-17 20:37:10 : Matching Known Biases, 0.002 mins elapsed.

2020-08-17 20:37:10 : MatchSummary sgCD3E_sgGuide2, Class = list

MatchSummary sgCD3E_sgGuide2$cells: length = 494
[1] 1239 4855 4433 2895 2553 1849


MatchSummary sgCD3E_sgGuide2$bgd: length = 494
[1] 1967 4881 1025 2738 3601 5615


MatchSummary sgCD3E_sgGuide2$summaryCells: nRows = 5, nCols = 3
              TSSEnrichment log10(nFrags)       name
median             10.11450     4.0428257 foreground
mean               10.26150     4.0364656 foreground
sd                  1.89647     0.2095507 foreground
lowerQuartile       9.07925     3.8785648 foreground
upperQuartile      11.28750     4.1795230 foreground


MatchSummary sgCD3E_sgGuide2$summaryBgd: nRows = 5, nCols = 3
              TSSEnrichment log10(nFrags)       name
median            10.176000     4.0411731 background
mean              10.195688     4.0385374 background
sd                 1.759158     0.2067738 background
lowerQuartile      9.121750     3.8760301 background
upperQuartile     11.174000     4.1825781 background


MatchSummary sgCD3E_sgGuide2$bgdGroups: nRows = 2, nCols = 9
       sgNFKB2_sgGuide2 sgNFKB2_sgGuide1 sgCD4_sgGuide1 sgNTC_sgGuide1
estbgd               47               50             52             53
obsbgd               47               50             52             53
       sgNTC_sgGuide2
estbgd             53
obsbgd             53


MatchSummary sgCD3E_sgGuide2$bgdGroupsProbs: nRows = 2, nCols = 9
        sgNFKB2_sgGuide2 sgNFKB2_sgGuide1 sgCD4_sgGuide1 sgNTC_sgGuide1
estbgdP            9.514           10.121         10.526         10.729
obsbgdP            9.514           10.121         10.526         10.729
        sgNTC_sgGuide2
estbgdP         10.729
obsbgdP         10.729


MatchSummary sgCD3E_sgGuide2$corbgdGroups: length = 1
[1] 1


MatchSummary sgCD3E_sgGuide2$n: length = 1
[1] 621


MatchSummary sgCD3E_sgGuide2$p: length = 1
[1] 1


MatchSummary sgCD3E_sgGuide2$group: length = 1
[1] "sgCD3E_sgGuide2"


MatchSummary sgCD3E_sgGuide2$k: length = 1
[1] 100



2020-08-17 20:37:10 : MatchSummary sgCD3ECD4_sgGuide1, Class = list

MatchSummary sgCD3ECD4_sgGuide1$cells: length = 494
[1] 4491 4072 4701 4325 2400 1346


MatchSummary sgCD3ECD4_sgGuide1$bgd: length = 494
[1] 5500 4664  218 2865 5534 5560


MatchSummary sgCD3ECD4_sgGuide1$summaryCells: nRows = 5, nCols = 3
              TSSEnrichment log10(nFrags)       name
median             9.615500     4.0668473 foreground
mean               9.703498     4.0719493 foreground
sd                 1.691643     0.2068196 foreground
lowerQuartile      8.574250     3.9190250 foreground
upperQuartile     10.553500     4.2209078 foreground


MatchSummary sgCD3ECD4_sgGuide1$summaryBgd: nRows = 5, nCols = 3
              TSSEnrichment log10(nFrags)       name
median             9.632000     4.0710162 background
mean               9.643719     4.0753985 background
sd                 1.571765     0.2021539 background
lowerQuartile      8.565750     3.9284471 background
upperQuartile     10.540750     4.2169834 background


MatchSummary sgCD3ECD4_sgGuide1$bgdGroups: nRows = 2, nCols = 9
       sgNFKB2_sgGuide2 sgNFKB2_sgGuide1 sgCD4_sgGuide1 sgNTC_sgGuide1
estbgd               47               51             52             53
obsbgd               47               51             52             53
       sgNTC_sgGuide2
estbgd             53
obsbgd             53


MatchSummary sgCD3ECD4_sgGuide1$bgdGroupsProbs: nRows = 2, nCols = 9
        sgNFKB2_sgGuide2 sgNFKB2_sgGuide1 sgCD4_sgGuide1 sgNTC_sgGuide1
estbgdP            9.514           10.324         10.526         10.729
obsbgdP            9.514           10.324         10.526         10.729
        sgNTC_sgGuide2
estbgdP         10.729
obsbgdP         10.729


MatchSummary sgCD3ECD4_sgGuide1$corbgdGroups: length = 1
[1] 1


MatchSummary sgCD3ECD4_sgGuide1$n: length = 1
[1] 639


MatchSummary sgCD3ECD4_sgGuide1$p: length = 1
[1] 1


MatchSummary sgCD3ECD4_sgGuide1$group: length = 1
[1] "sgCD3ECD4_sgGuide1"


MatchSummary sgCD3ECD4_sgGuide1$k: length = 1
[1] 100



2020-08-17 20:37:11 : MatchSummary sgCD4_sgGuide1, Class = list

MatchSummary sgCD4_sgGuide1$cells: length = 436
[1] 5188 1676 2627 1165 4584 5634


MatchSummary sgCD4_sgGuide1$bgd: length = 436
[1] 4024 3090 2357 1296  612  848


MatchSummary sgCD4_sgGuide1$summaryCells: nRows = 5, nCols = 3
              TSSEnrichment log10(nFrags)       name
median             8.476500     4.2457963 foreground
mean               8.515213     4.2351348 foreground
sd                 1.548584     0.2400568 foreground
lowerQuartile      7.428000     4.0799857 foreground
upperQuartile      9.352250     4.4006413 foreground


MatchSummary sgCD4_sgGuide1$summaryBgd: nRows = 5, nCols = 3
              TSSEnrichment log10(nFrags)       name
median             8.439500     4.2493329 background
mean               8.524805     4.2326901 background
sd                 1.522236     0.2310763 background
lowerQuartile      7.449500     4.0791178 background
upperQuartile      9.362000     4.4022007 background


MatchSummary sgCD4_sgGuide1$bgdGroups: nRows = 2, nCols = 9
       sgNFKB2_sgGuide2 sgNFKB2_sgGuide1 sgNTC_sgGuide1 sgNTC_sgGuide2
estbgd               41               44             46             46
obsbgd               41               44             46             46
       sgCD3E_sgGuide2
estbgd              51
obsbgd              51


MatchSummary sgCD4_sgGuide1$bgdGroupsProbs: nRows = 2, nCols = 9
        sgNFKB2_sgGuide2 sgNFKB2_sgGuide1 sgNTC_sgGuide1 sgNTC_sgGuide2
estbgdP            9.404           10.092          10.55          10.55
obsbgdP            9.404           10.092          10.55          10.55
        sgCD3E_sgGuide2
estbgdP          11.697
obsbgdP          11.697


MatchSummary sgCD4_sgGuide1$corbgdGroups: length = 1
[1] 1


MatchSummary sgCD4_sgGuide1$n: length = 1
[1] 548


MatchSummary sgCD4_sgGuide1$p: length = 1
[1] 1


MatchSummary sgCD4_sgGuide1$group: length = 1
[1] "sgCD4_sgGuide1"


MatchSummary sgCD4_sgGuide1$k: length = 1
[1] 100



2020-08-17 20:37:11 : MatchSummary sgCD4_sgGuide2, Class = list

MatchSummary sgCD4_sgGuide2$cells: length = 491
[1] 5142 2903 1975 1752  269 4366


MatchSummary sgCD4_sgGuide2$bgd: length = 491
[1] 2887 3343 1285 5166 5407   60


MatchSummary sgCD4_sgGuide2$summaryCells: nRows = 5, nCols = 3
              TSSEnrichment log10(nFrags)       name
median             8.808000     4.2207878 foreground
mean               8.946969     4.2127390 foreground
sd                 1.806021     0.2364333 foreground
lowerQuartile      7.832000     4.0461427 foreground
upperQuartile     10.039000     4.3714095 foreground


MatchSummary sgCD4_sgGuide2$summaryBgd: nRows = 5, nCols = 3
              TSSEnrichment log10(nFrags)       name
median             8.816000     4.2240407 background
mean               8.912829     4.2107989 background
sd                 1.719233     0.2318838 background
lowerQuartile      7.766000     4.0518011 background
upperQuartile     10.021500     4.3815480 background


MatchSummary sgCD4_sgGuide2$bgdGroups: nRows = 2, nCols = 9
       sgNFKB2_sgGuide2 sgNFKB2_sgGuide1 sgCD4_sgGuide1 sgNTC_sgGuide2
estbgd               47               50             52             52
obsbgd               47               50             52             52
       sgNTC_sgGuide1
estbgd             53
obsbgd             53


MatchSummary sgCD4_sgGuide2$bgdGroupsProbs: nRows = 2, nCols = 9
        sgNFKB2_sgGuide2 sgNFKB2_sgGuide1 sgCD4_sgGuide1 sgNTC_sgGuide2
estbgdP            9.572           10.183         10.591         10.591
obsbgdP            9.572           10.183         10.591         10.591
        sgNTC_sgGuide1
estbgdP         10.794
obsbgdP         10.794


MatchSummary sgCD4_sgGuide2$corbgdGroups: length = 1
[1] 1


MatchSummary sgCD4_sgGuide2$n: length = 1
[1] 620


MatchSummary sgCD4_sgGuide2$p: length = 1
[1] 1


MatchSummary sgCD4_sgGuide2$group: length = 1
[1] "sgCD4_sgGuide2"


MatchSummary sgCD4_sgGuide2$k: length = 1
[1] 100



2020-08-17 20:37:11 : MatchSummary sgNFKB2_sgGuide1, Class = list

MatchSummary sgNFKB2_sgGuide1$cells: length = 423
[1] 3863 5121 5216 5524 4355 2604


MatchSummary sgNFKB2_sgGuide1$bgd: length = 423
[1] 2212 4099 1262 5666 2321 3982


MatchSummary sgNFKB2_sgGuide1$summaryCells: nRows = 5, nCols = 3
              TSSEnrichment log10(nFrags)       name
median             9.181000     4.2536772 foreground
mean               9.299775     4.2383947 foreground
sd                 2.050741     0.2374776 foreground
lowerQuartile      8.029000     4.0740839 foreground
upperQuartile     10.153500     4.4192532 foreground


MatchSummary sgNFKB2_sgGuide1$summaryBgd: nRows = 5, nCols = 3
              TSSEnrichment log10(nFrags)       name
median             9.224000     4.2435837 background
mean               9.213392     4.2353885 background
sd                 1.720750     0.2317459 background
lowerQuartile      8.128500     4.0738464 background
upperQuartile     10.122500     4.4186410 background


MatchSummary sgNFKB2_sgGuide1$bgdGroups: nRows = 2, nCols = 9
       sgNFKB2_sgGuide2 sgCD4_sgGuide1 sgNTC_sgGuide2 sgNTC_sgGuide1
estbgd               39             44             44             45
obsbgd               39             44             44             45
       sgZAP70_sgGuide1
estbgd               49
obsbgd               49


MatchSummary sgNFKB2_sgGuide1$bgdGroupsProbs: nRows = 2, nCols = 9
        sgNFKB2_sgGuide2 sgCD4_sgGuide1 sgNTC_sgGuide2 sgNTC_sgGuide1
estbgdP             9.22         10.402         10.402         10.638
obsbgdP             9.22         10.402         10.402         10.638
        sgZAP70_sgGuide1
estbgdP           11.584
obsbgdP           11.584


MatchSummary sgNFKB2_sgGuide1$corbgdGroups: length = 1
[1] 1


MatchSummary sgNFKB2_sgGuide1$n: length = 1
[1] 534


MatchSummary sgNFKB2_sgGuide1$p: length = 1
[1] 1


MatchSummary sgNFKB2_sgGuide1$group: length = 1
[1] "sgNFKB2_sgGuide1"


MatchSummary sgNFKB2_sgGuide1$k: length = 1
[1] 100



2020-08-17 20:37:11 : MatchSummary sgNFKB2_sgGuide2, Class = list

MatchSummary sgNFKB2_sgGuide2$cells: length = 391
[1] 2554 2348 3014  312 2995  196


MatchSummary sgNFKB2_sgGuide2$bgd: length = 391
[1] 4968 2972 4268 1540 1822 1470


MatchSummary sgNFKB2_sgGuide2$summaryCells: nRows = 5, nCols = 3
              TSSEnrichment log10(nFrags)       name
median             8.860000     4.2878913 foreground
mean               9.061670     4.2670455 foreground
sd                 1.794582     0.2438576 foreground
lowerQuartile      7.870500     4.1110588 foreground
upperQuartile     10.144000     4.4367508 foreground


MatchSummary sgNFKB2_sgGuide2$summaryBgd: nRows = 5, nCols = 3
              TSSEnrichment log10(nFrags)       name
median             8.872000     4.2865238 background
mean               9.045379     4.2639590 background
sd                 1.857329     0.2342786 background
lowerQuartile      7.814500     4.1169230 background
upperQuartile     10.135500     4.4346804 background


MatchSummary sgNFKB2_sgGuide2$bgdGroups: nRows = 2, nCols = 9
       sgNFKB2_sgGuide1 sgCD4_sgGuide1 sgNTC_sgGuide1 sgNTC_sgGuide2
estbgd               39             40             41             41
obsbgd               39             40             41             41
       sgCD4_sgGuide2
estbgd             45
obsbgd             45


MatchSummary sgNFKB2_sgGuide2$bgdGroupsProbs: nRows = 2, nCols = 9
        sgNFKB2_sgGuide1 sgCD4_sgGuide1 sgNTC_sgGuide1 sgNTC_sgGuide2
estbgdP            9.974          10.23         10.486         10.486
obsbgdP            9.974          10.23         10.486         10.486
        sgCD4_sgGuide2
estbgdP         11.509
obsbgdP         11.509


MatchSummary sgNFKB2_sgGuide2$corbgdGroups: length = 1
[1] 1


MatchSummary sgNFKB2_sgGuide2$n: length = 1
[1] 494


MatchSummary sgNFKB2_sgGuide2$p: length = 1
[1] 1


MatchSummary sgNFKB2_sgGuide2$group: length = 1
[1] "sgNFKB2_sgGuide2"


MatchSummary sgNFKB2_sgGuide2$k: length = 1
[1] 100



2020-08-17 20:37:11 : MatchSummary sgNTC_sgGuide1, Class = list

MatchSummary sgNTC_sgGuide1$cells: length = 444
[1] 1846  719 1255 2692 1992 1626


MatchSummary sgNTC_sgGuide1$bgd: length = 444
[1] 4311 1888  300 2006 3801 2921


MatchSummary sgNTC_sgGuide1$summaryCells: nRows = 5, nCols = 3
              TSSEnrichment log10(nFrags)       name
median             7.634500     4.3052961 foreground
mean               7.753788     4.2806781 foreground
sd                 1.470624     0.2347678 foreground
lowerQuartile      6.717500     4.1353699 foreground
upperQuartile      8.684750     4.4527099 foreground


MatchSummary sgNTC_sgGuide1$summaryBgd: nRows = 5, nCols = 3
              TSSEnrichment log10(nFrags)       name
median             7.649000     4.2984008 background
mean               7.822932     4.2792352 background
sd                 1.385480     0.2312865 background
lowerQuartile      6.952000     4.1444029 background
upperQuartile      8.700500     4.4413375 background


MatchSummary sgNTC_sgGuide1$bgdGroups: nRows = 2, nCols = 9
       sgNFKB2_sgGuide2 sgNFKB2_sgGuide1 sgCD4_sgGuide1 sgNTC_sgGuide2
estbgd               42               45             46             47
obsbgd               42               45             46             47
       sgCD3E_sgGuide2
estbgd              52
obsbgd              52


MatchSummary sgNTC_sgGuide1$bgdGroupsProbs: nRows = 2, nCols = 9
        sgNFKB2_sgGuide2 sgNFKB2_sgGuide1 sgCD4_sgGuide1 sgNTC_sgGuide2
estbgdP            9.459           10.135          10.36         10.586
obsbgdP            9.459           10.135          10.36         10.586
        sgCD3E_sgGuide2
estbgdP          11.712
obsbgdP          11.712


MatchSummary sgNTC_sgGuide1$corbgdGroups: length = 1
[1] 1


MatchSummary sgNTC_sgGuide1$n: length = 1
[1] 560


MatchSummary sgNTC_sgGuide1$p: length = 1
[1] 1


MatchSummary sgNTC_sgGuide1$group: length = 1
[1] "sgNTC_sgGuide1"


MatchSummary sgNTC_sgGuide1$k: length = 1
[1] 100



2020-08-17 20:37:11 : MatchSummary sgNTC_sgGuide2, Class = list

MatchSummary sgNTC_sgGuide2$cells: length = 440
[1] 4121 1553 5778 1751 5130 1513


MatchSummary sgNTC_sgGuide2$bgd: length = 440
[1] 1190 4161 1321 4457 1614 1345


MatchSummary sgNTC_sgGuide2$summaryCells: nRows = 5, nCols = 3
              TSSEnrichment log10(nFrags)       name
median             8.889500     4.2432613 foreground
mean               8.959698     4.2236404 foreground
sd                 1.735932     0.2417832 foreground
lowerQuartile      7.893750     4.0488203 foreground
upperQuartile      9.847000     4.3907046 foreground


MatchSummary sgNTC_sgGuide2$summaryBgd: nRows = 5, nCols = 3
              TSSEnrichment log10(nFrags)       name
median             8.891500     4.2373929 background
mean               8.958241     4.2212315 background
sd                 1.616133     0.2289089 background
lowerQuartile      7.936500     4.0508725 background
upperQuartile      9.849500     4.3893736 background


MatchSummary sgNTC_sgGuide2$bgdGroups: nRows = 2, nCols = 9
       sgNFKB2_sgGuide2 sgNFKB2_sgGuide1 sgCD4_sgGuide1 sgNTC_sgGuide1
estbgd               41               45             46             47
obsbgd               41               45             46             47
       sgZAP70_sgGuide1
estbgd               51
obsbgd               51


MatchSummary sgNTC_sgGuide2$bgdGroupsProbs: nRows = 2, nCols = 9
        sgNFKB2_sgGuide2 sgNFKB2_sgGuide1 sgCD4_sgGuide1 sgNTC_sgGuide1
estbgdP            9.318           10.227         10.455         10.682
obsbgdP            9.318           10.227         10.455         10.682
        sgZAP70_sgGuide1
estbgdP           11.591
obsbgdP           11.591


MatchSummary sgNTC_sgGuide2$corbgdGroups: length = 1
[1] 1


MatchSummary sgNTC_sgGuide2$n: length = 1
[1] 556


MatchSummary sgNTC_sgGuide2$p: length = 1
[1] 1


MatchSummary sgNTC_sgGuide2$group: length = 1
[1] "sgNTC_sgGuide2"


MatchSummary sgNTC_sgGuide2$k: length = 1
[1] 100



2020-08-17 20:37:11 : MatchSummary sgZAP70_sgGuide1, Class = list

MatchSummary sgZAP70_sgGuide1$cells: length = 487
[1] 3435 1118 1315 2312 3292 4252


MatchSummary sgZAP70_sgGuide1$bgd: length = 487
[1] 1189 3723 1244 3325 4595 1718


MatchSummary sgZAP70_sgGuide1$summaryCells: nRows = 5, nCols = 3
              TSSEnrichment log10(nFrags)       name
median             9.374000     4.0986437 foreground
mean               9.453634     4.1105637 foreground
sd                 1.932775     0.2300453 foreground
lowerQuartile      8.207500     3.9497314 foreground
upperQuartile     10.637500     4.2712606 foreground


MatchSummary sgZAP70_sgGuide1$summaryBgd: nRows = 5, nCols = 3
              TSSEnrichment log10(nFrags)       name
median             9.365000     4.0967015 background
mean               9.468396     4.1103276 background
sd                 1.877144     0.2246636 background
lowerQuartile      8.260500     3.9556637 background
upperQuartile     10.635500     4.2684022 background


MatchSummary sgZAP70_sgGuide1$bgdGroups: nRows = 2, nCols = 9
       sgNFKB2_sgGuide2 sgNFKB2_sgGuide1 sgCD4_sgGuide1 sgNTC_sgGuide1
estbgd               46               50             51             52
obsbgd               46               50             51             52
       sgNTC_sgGuide2
estbgd             52
obsbgd             52


MatchSummary sgZAP70_sgGuide1$bgdGroupsProbs: nRows = 2, nCols = 9
        sgNFKB2_sgGuide2 sgNFKB2_sgGuide1 sgCD4_sgGuide1 sgNTC_sgGuide1
estbgdP            9.446           10.267         10.472         10.678
obsbgdP            9.446           10.267         10.472         10.678
        sgNTC_sgGuide2
estbgdP         10.678
obsbgdP         10.678


MatchSummary sgZAP70_sgGuide1$corbgdGroups: length = 1
[1] 1


MatchSummary sgZAP70_sgGuide1$n: length = 1
[1] 614


MatchSummary sgZAP70_sgGuide1$p: length = 1
[1] 1


MatchSummary sgZAP70_sgGuide1$group: length = 1
[1] "sgZAP70_sgGuide1"


MatchSummary sgZAP70_sgGuide1$k: length = 1
[1] 100



2020-08-17 20:37:11 : MatchSummary sgZAP70_sgGuide2, Class = list

MatchSummary sgZAP70_sgGuide2$cells: length = 494
[1] 3782 4690 3081 2398 3917 4435


MatchSummary sgZAP70_sgGuide2$bgd: length = 494
[1] 2419 2389 3540 1664 5199 4296


MatchSummary sgZAP70_sgGuide2$summaryCells: nRows = 5, nCols = 3
              TSSEnrichment log10(nFrags)       name
median            10.408500     4.0370277 foreground
mean              10.391666     4.0544700 foreground
sd                 2.030934     0.2328238 foreground
lowerQuartile      9.073750     3.8882493 foreground
upperQuartile     11.616000     4.1976309 foreground


MatchSummary sgZAP70_sgGuide2$summaryBgd: nRows = 5, nCols = 3
              TSSEnrichment log10(nFrags)       name
median            10.404000     4.0367461 background
mean              10.294492     4.0569996 background
sd                 1.949427     0.2253754 background
lowerQuartile      9.066250     3.8884742 background
upperQuartile     11.496250     4.1930202 background


MatchSummary sgZAP70_sgGuide2$bgdGroups: nRows = 2, nCols = 9
       sgNFKB2_sgGuide2 sgNFKB2_sgGuide1 sgCD4_sgGuide1 sgNTC_sgGuide1
estbgd               47               51             52             53
obsbgd               47               51             52             53
       sgNTC_sgGuide2
estbgd             53
obsbgd             53


MatchSummary sgZAP70_sgGuide2$bgdGroupsProbs: nRows = 2, nCols = 9
        sgNFKB2_sgGuide2 sgNFKB2_sgGuide1 sgCD4_sgGuide1 sgNTC_sgGuide1
estbgdP            9.514           10.324         10.526         10.729
obsbgdP            9.514           10.324         10.526         10.729
        sgNTC_sgGuide2
estbgdP         10.729
obsbgdP         10.729


MatchSummary sgZAP70_sgGuide2$corbgdGroups: length = 1
[1] 1


MatchSummary sgZAP70_sgGuide2$n: length = 1
[1] 639


MatchSummary sgZAP70_sgGuide2$p: length = 1
[1] 1


MatchSummary sgZAP70_sgGuide2$group: length = 1
[1] "sgZAP70_sgGuide2"


MatchSummary sgZAP70_sgGuide2$k: length = 1
[1] 100


2020-08-17 20:37:12 : Computing Pairwise Tests (1 of 10), 0.041 mins elapsed.
2020-08-17 20:37:12 : Computing Pairwise Tests (2 of 10), 0.041 mins elapsed.
2020-08-17 20:37:12 : Computing Pairwise Tests (3 of 10), 0.042 mins elapsed.
2020-08-17 20:37:12 : Computing Pairwise Tests (4 of 10), 0.042 mins elapsed.
2020-08-17 20:37:12 : Computing Pairwise Tests (5 of 10), 0.043 mins elapsed.
2020-08-17 20:37:12 : Computing Pairwise Tests (6 of 10), 0.043 mins elapsed.
2020-08-17 20:37:12 : Computing Pairwise Tests (7 of 10), 0.044 mins elapsed.
2020-08-17 20:37:12 : Computing Pairwise Tests (8 of 10), 0.044 mins elapsed.
2020-08-17 20:37:12 : Computing Pairwise Tests (9 of 10), 0.045 mins elapsed.
2020-08-17 20:37:12 : Computing Pairwise Tests (10 of 10), 0.046 mins elapsed.
###########
2020-08-17 20:37:46 : Completed Pairwise Tests, 0.6 mins elapsed.
###########

------- Completed

End Time : 2020-08-17 20:37:46
Elapsed Time Minutes = 0.604904170831045
Elapsed Time Hours = 0.0100818071762721

-------



