
           ___      .______        ______  __    __  .______      
          /   \     |   _  \      /      ||  |  |  | |   _  \     
         /  ^  \    |  |_)  |    |  ,----'|  |__|  | |  |_)  |    
        /  /_\  \   |      /     |  |     |   __   | |      /     
       /  _____  \  |  |\  \\___ |  `----.|  |  |  | |  |\  \\___.
      /__/     \__\ | _| `._____| \______||__|  |__| | _| `._____|
    
Logging With ArchR!

Start Time : 2020-08-17 20:16:12

------- ArchR Info

ArchRThreads = 30
ArchRGenome = Hg38

------- System Info

Computer OS = unix
Total Cores = 112

------- Session Info

R version 3.6.3 (2020-02-29)
Platform: x86_64-pc-linux-gnu (64-bit)
Running under: CentOS Linux 7 (Core)

Matrix products: default
BLAS:   /home/ytakeshima/tool/R-3.6.3/lib/libRblas.so
LAPACK: /home/ytakeshima/tool/R-3.6.3/lib/libRlapack.so

locale:
 [1] LC_CTYPE=en_US.UTF-8       LC_NUMERIC=C              
 [3] LC_TIME=en_US.UTF-8        LC_COLLATE=en_US.UTF-8    
 [5] LC_MONETARY=en_US.UTF-8    LC_MESSAGES=en_US.UTF-8   
 [7] LC_PAPER=en_US.UTF-8       LC_NAME=C                 
 [9] LC_ADDRESS=C               LC_TELEPHONE=C            
[11] LC_MEASUREMENT=en_US.UTF-8 LC_IDENTIFICATION=C       

attached base packages:
[1] parallel  stats4    stats     graphics  grDevices utils     datasets 
[8] methods   base     

other attached packages:
 [1] BSgenome.Hsapiens.UCSC.hg38_1.4.1 BSgenome_1.54.0                  
 [3] rtracklayer_1.46.0                Biostrings_2.54.0                
 [5] XVector_0.26.0                    gridExtra_2.3                    
 [7] forcats_0.5.0                     stringr_1.4.0                    
 [9] dplyr_1.0.0                       purrr_0.3.4                      
[11] readr_1.3.1                       tidyr_1.0.3                      
[13] tibble_3.0.1                      tidyverse_1.3.0                  
[15] patchwork_1.0.0                   ArchR_0.9.4                      
[17] magrittr_1.5                      rhdf5_2.30.1                     
[19] Matrix_1.2-18                     data.table_1.12.8                
[21] SummarizedExperiment_1.16.1       DelayedArray_0.12.3              
[23] BiocParallel_1.20.1               matrixStats_0.56.0               
[25] Biobase_2.46.0                    GenomicRanges_1.38.0             
[27] GenomeInfoDb_1.22.1               IRanges_2.20.2                   
[29] S4Vectors_0.24.4                  BiocGenerics_0.32.0              
[31] ggplot2_3.3.2                    

loaded via a namespace (and not attached):
 [1] Rcpp_1.0.4.6             lubridate_1.7.8          lattice_0.20-41         
 [4] Rsamtools_2.2.3          assertthat_0.2.1         R6_2.4.1                
 [7] cellranger_1.1.0         backports_1.1.8          reprex_0.3.0            
[10] httr_1.4.1               pillar_1.4.4             zlibbioc_1.32.0         
[13] rlang_0.4.6              readxl_1.3.1             rstudioapi_0.11         
[16] RCurl_1.98-1.2           munsell_0.5.0            broom_0.5.6             
[19] compiler_3.6.3           modelr_0.1.6             pkgconfig_2.0.3         
[22] tidyselect_1.1.0         GenomeInfoDbData_1.2.2   XML_3.99-0.3            
[25] fansi_0.4.1              crayon_1.3.4             dbplyr_1.4.3            
[28] withr_2.2.0              GenomicAlignments_1.22.1 bitops_1.0-6            
[31] grid_3.6.3               nlme_3.1-147             jsonlite_1.6.1          
[34] gtable_0.3.0             lifecycle_0.2.0          DBI_1.1.0               
[37] scales_1.1.1             cli_2.0.2                stringi_1.4.6           
[40] fs_1.4.1                 xml2_1.3.1               ellipsis_0.3.1          
[43] generics_0.0.2           vctrs_0.3.1              Rhdf5lib_1.8.0          
[46] tools_3.6.3              Cairo_1.5-12             glue_1.4.1              
[49] hms_0.5.3                colorspace_1.4-1         rvest_0.3.5             
[52] haven_2.2.0             


------- Log Info


2020-08-17 20:16:12 : createArrowFiles Input-Parameters, Class = list

createArrowFiles Input-Parameters$inputFiles: length = 1
[1] "cellranger/Perturb_CD4_stim/outs/fragments.tsv.gz"


createArrowFiles Input-Parameters$sampleNames: length = 1
[1] "Perturb_CD4_stim"


createArrowFiles Input-Parameters$outputNames: length = 1
[1] "Perturb_CD4_stim"


createArrowFiles Input-Parameters$validBarcodes: length = 0
NULL


createArrowFiles Input-Parameters$filterFrags: length = 1
[1] 500


createArrowFiles Input-Parameters$filterTSS: length = 1
[1] 1


createArrowFiles Input-Parameters$removeFilteredCells: length = 1
[1] TRUE


createArrowFiles Input-Parameters$minFrags: length = 1
[1] 500


createArrowFiles Input-Parameters$maxFrags: length = 1
[1] 1e+05


createArrowFiles Input-Parameters$QCDir: length = 1
[1] "QualityControl"


createArrowFiles Input-Parameters$nucLength: length = 1
[1] 147


createArrowFiles Input-Parameters$promoterRegion: length = 2
[1] 2000  100


createArrowFiles Input-Parameters$excludeChr: length = 2
[1] "chrM" "chrY"


createArrowFiles Input-Parameters$nChunk: length = 1
[1] 5


createArrowFiles Input-Parameters$bcTag: length = 1
[1] "qname"


createArrowFiles Input-Parameters$gsubExpression: length = 0
NULL


createArrowFiles Input-Parameters$bamFlag: length = 0
NULL


createArrowFiles Input-Parameters$offsetPlus: length = 1
[1] 4


createArrowFiles Input-Parameters$offsetMinus: length = 1
[1] -5


createArrowFiles Input-Parameters$addTileMat: length = 1
[1] TRUE


createArrowFiles Input-Parameters$addGeneScoreMat: length = 1
[1] FALSE


createArrowFiles Input-Parameters$force: length = 1
[1] TRUE


createArrowFiles Input-Parameters$threads: length = 1
[1] 30


createArrowFiles Input-Parameters$parallelParam: length = 0
NULL


createArrowFiles Input-Parameters$subThreading: length = 1
[1] TRUE


createArrowFiles Input-Parameters$verbose: length = 1
[1] TRUE


createArrowFiles Input-Parameters$cleanTmp: length = 1
[1] TRUE


createArrowFiles Input-Parameters$logFile: length = 1
[1] "ArchRLogs/ArchR-createArrows-35d9055c83642-Date-2020-08-17_Time-20-16-12.log"



2020-08-17 20:16:12 : Cleaning Temporary Files
2020-08-17 20:16:12 : Batch Execution w/ safelapply!, 0 mins elapsed.

###########
2020-08-17 20:16:12 : Creating Arrow File Perturb_CD4_stim.arrow (Perturb_CD4_stim : 1 of 1)
###########


2020-08-17 20:16:12 : validBC, Class = NULL

validBC: length = 0
NULL



2020-08-17 20:16:12 : (Perturb_CD4_stim : 1 of 1) Determining Arrow Method to use!
2020-08-17 20:16:12 : (Perturb_CD4_stim : 1 of 1) Reading In Fragments from inputFiles (readMethod = tabix), 0 mins elapsed.
2020-08-17 20:16:12 : (Perturb_CD4_stim : 1 of 1) Tabix Bed To Temporary File, 0.001 mins elapsed.

2020-08-17 20:16:12 : tileChromSizes, Class = GRanges
GRanges object with 120 ranges and 1 metadata column:
        seqnames              ranges strand |     chunkName
           <Rle>           <IRanges>  <Rle> |   <character>
    [1]     chr1          1-49791284      * |   chr1#chunk1
    [2]     chr1   49791285-99582568      * |   chr1#chunk2
    [3]     chr1  99582569-149373853      * |   chr1#chunk3
    [4]     chr1 149373854-199165137      * |   chr1#chunk4
    [5]     chr1 199165138-248956422      * |   chr1#chunk5
    ...      ...                 ...    ... .           ...
  [116]     chrY          1-11445483      * | chrY#chunk116
  [117]     chrY   11445484-22890966      * | chrY#chunk117
  [118]     chrY   22890967-34336449      * | chrY#chunk118
  [119]     chrY   34336450-45781932      * | chrY#chunk119
  [120]     chrY   45781933-57227415      * | chrY#chunk120
  -------
  seqinfo: 24 sequences from an unspecified genome; no seqlengths

2020-08-17 20:16:52 : (Perturb_CD4_stim : 1 of 1) Reading TabixFile 51 Percent, 0.67 mins elapsed.

2020-08-17 20:16:59 : (Perturb_CD4_stim : 1 of 1) .tabixToTmp Fragments-Chunk-(1 of 120)-chr1:1-49791284, Class = data.table
 
2020-08-17 20:16:59 : (Perturb_CD4_stim : 1 of 1) .tabixToTmp Fragments-Chunk-(1 of 120)-chr1:1-49791284, Class = data.frame
(Perturb_CD4_stim : 1 of 1) .tabixToTmp Fragments-Chunk-(1 of 120)-chr1:1-49791284: nRows = 4310030, nCols = 3
      V2    V3                 V4
1: 10062 10130 ATTACTCAGAACGCCA-1
2: 10067 10126 CACTGAATCCAAGTCA-1
3: 10074 10120 GGTACCGCATCCCTCA-1
4: 10086 10210 AGACAAACACGTTGTA-1
5: 10152 10204 TTCAACTCACTCAAGT-1
6: 10158 10184 CTTTGCGGTAAACGAT-1



2020-08-17 20:16:59 : (Perturb_CD4_stim : 1 of 1) .tabixToTmp Barcodes-Chunk-(1 of 120)-chr1:1-49791284, Class = character

(Perturb_CD4_stim : 1 of 1) .tabixToTmp Barcodes-Chunk-(1 of 120)-chr1:1-49791284: length = 40836
[1] "ATTACTCAGAACGCCA-1" "CACTGAATCCAAGTCA-1" "GGTACCGCATCCCTCA-1"
[4] "AGACAAACACGTTGTA-1" "TTCAACTCACTCAAGT-1" "CTTTGCGGTAAACGAT-1"


2020-08-17 20:17:30 : (Perturb_CD4_stim : 1 of 1) Parallel Hdf5 Linkage Temporary File, 1.296 mins elapsed.
2020-08-17 20:17:30 : (Perturb_CD4_stim : 1 of 1) Successful creation of Temporary File, 1.306 mins elapsed.
2020-08-17 20:17:30 : (Perturb_CD4_stim : 1 of 1) Creating ArrowFile From Temporary File, 1.306 mins elapsed.

2020-08-17 20:17:30 : (Perturb_CD4_stim : 1 of 1) chunkChrNames, Class = data.frame
(Perturb_CD4_stim : 1 of 1) chunkChrNames: nRows = 118, nCols = 1
     chunkNames
1   chr1#chunk1
2   chr1#chunk2
3   chr1#chunk3
4   chr1#chunk4
5   chr1#chunk5
6 chr10#chunk46


2020-08-17 20:17:30 : (Perturb_CD4_stim : 1 of 1) Counting Unique Barcodes From Temporary File, 1.309 mins elapsed.

2020-08-17 20:17:38 : (Perturb_CD4_stim : 1 of 1) BarcodeFrequencyTable, Class = data.table
 
2020-08-17 20:17:38 : (Perturb_CD4_stim : 1 of 1) BarcodeFrequencyTable, Class = data.frame
(Perturb_CD4_stim : 1 of 1) BarcodeFrequencyTable: nRows = 427734, nCols = 2
            values.V1     V1
1: CTCGCTATCAGGAAGC-1 166952
2: GATTGACCATATAGAG-1 156036
3: AAGATAGTCCCATAGA-1 155913
4: GCCAGACAGAGCCTGA-1 152540
5: TAGCCCTGTCTCTGGG-1 135126
6: GCTCGAGGTCTAAAGA-1 132352



2020-08-17 20:17:38 : (Perturb_CD4_stim : 1 of 1) BarcodesMinMaxFrags, Class = data.frame
(Perturb_CD4_stim : 1 of 1) BarcodesMinMaxFrags: nRows = 11023, nCols = 1
                  bc
1 CATTCCGTCAGCACGC-1
2 CCAATGAGTACGGATG-1
3 TTCTAACTCTACTGCC-1
4 TAGGTGTTCCCAGTAA-1
5 TACTAGGTCGCAAGCC-1
6 GAAAGTAGTAACATAG-1



2020-08-17 20:17:39 : (Perturb_CD4_stim : 1 of 1) Unique Chromosomes, Class = data.frame
(Perturb_CD4_stim : 1 of 1) Unique Chromosomes: nRows = 24, nCols = 1
   chr
1 chr1
2 chr2
3 chr3
4 chr4
5 chr5
6 chr6


2020-08-17 20:17:39 : (Perturb_CD4_stim : 1 of 1) Adding Chromosome 1 of 24, 1.449 mins elapsed.
2020-08-17 20:17:39 : (Perturb_CD4_stim : 1 of 1) Adding Chromosome 2 of 24, 1.449 mins elapsed.
2020-08-17 20:17:39 : (Perturb_CD4_stim : 1 of 1) Adding Chromosome 3 of 24, 1.45 mins elapsed.
2020-08-17 20:17:39 : (Perturb_CD4_stim : 1 of 1) Adding Chromosome 4 of 24, 1.45 mins elapsed.
2020-08-17 20:17:39 : (Perturb_CD4_stim : 1 of 1) Adding Chromosome 5 of 24, 1.45 mins elapsed.
2020-08-17 20:17:39 : (Perturb_CD4_stim : 1 of 1) Adding Chromosome 6 of 24, 1.45 mins elapsed.
2020-08-17 20:17:39 : (Perturb_CD4_stim : 1 of 1) Adding Chromosome 7 of 24, 1.451 mins elapsed.
2020-08-17 20:17:39 : (Perturb_CD4_stim : 1 of 1) Adding Chromosome 8 of 24, 1.451 mins elapsed.
2020-08-17 20:17:39 : (Perturb_CD4_stim : 1 of 1) Adding Chromosome 9 of 24, 1.451 mins elapsed.
2020-08-17 20:17:39 : (Perturb_CD4_stim : 1 of 1) Adding Chromosome 10 of 24, 1.451 mins elapsed.
2020-08-17 20:17:39 : (Perturb_CD4_stim : 1 of 1) Adding Chromosome 11 of 24, 1.452 mins elapsed.
2020-08-17 20:17:39 : (Perturb_CD4_stim : 1 of 1) Adding Chromosome 12 of 24, 1.452 mins elapsed.
2020-08-17 20:17:39 : (Perturb_CD4_stim : 1 of 1) Adding Chromosome 13 of 24, 1.452 mins elapsed.
2020-08-17 20:17:39 : (Perturb_CD4_stim : 1 of 1) Adding Chromosome 14 of 24, 1.453 mins elapsed.
2020-08-17 20:17:39 : (Perturb_CD4_stim : 1 of 1) Adding Chromosome 15 of 24, 1.453 mins elapsed.
2020-08-17 20:17:39 : (Perturb_CD4_stim : 1 of 1) Adding Chromosome 16 of 24, 1.453 mins elapsed.
2020-08-17 20:17:39 : (Perturb_CD4_stim : 1 of 1) Adding Chromosome 17 of 24, 1.454 mins elapsed.
2020-08-17 20:17:39 : (Perturb_CD4_stim : 1 of 1) Adding Chromosome 18 of 24, 1.454 mins elapsed.
2020-08-17 20:17:39 : (Perturb_CD4_stim : 1 of 1) Adding Chromosome 19 of 24, 1.454 mins elapsed.
2020-08-17 20:17:39 : (Perturb_CD4_stim : 1 of 1) Adding Chromosome 20 of 24, 1.455 mins elapsed.
2020-08-17 20:17:39 : (Perturb_CD4_stim : 1 of 1) Adding Chromosome 21 of 24, 1.455 mins elapsed.
2020-08-17 20:17:39 : (Perturb_CD4_stim : 1 of 1) Adding Chromosome 22 of 24, 1.455 mins elapsed.
2020-08-17 20:17:39 : (Perturb_CD4_stim : 1 of 1) Adding Chromosome 23 of 24, 1.456 mins elapsed.
2020-08-17 20:17:39 : (Perturb_CD4_stim : 1 of 1) Adding Chromosome 24 of 24, 1.456 mins elapsed.

2020-08-17 20:18:06 : (Perturb_CD4_stim : 1 of 1) .tmpToArrow Fragments-Chr-(1 of 24)-chr1, Class = IRanges

(Perturb_CD4_stim : 1 of 1) .tmpToArrow Fragments-Chr-(1 of 24)-chr1: length = 16269143
IRanges object with 6 ranges and 1 metadata column:
          start       end     width |                 RG
      <integer> <integer> <integer> |              <Rle>
  [1]    778598    778801       204 | CATTCCGTCAGCACGC-1
  [2]    869927    870173       247 | CATTCCGTCAGCACGC-1
  [3]    876464    876630       167 | CATTCCGTCAGCACGC-1
  [4]    931449    931624       176 | CATTCCGTCAGCACGC-1
  [5]    941280    941481       202 | CATTCCGTCAGCACGC-1
  [6]    950748    950786        39 | CATTCCGTCAGCACGC-1



2020-08-17 20:18:06 : (Perturb_CD4_stim : 1 of 1) .tmpToArrow Barcodes-Chr-(1 of 24)-chr1, Class = data.frame
(Perturb_CD4_stim : 1 of 1) .tmpToArrow Barcodes-Chr-(1 of 24)-chr1: nRows = 11023, nCols = 1
                  bc
1 CATTCCGTCAGCACGC-1
2 CCAATGAGTACGGATG-1
3 TTCTAACTCTACTGCC-1
4 TAGGTGTTCCCAGTAA-1
5 TACTAGGTCGCAAGCC-1
6 GAAAGTAGTAACATAG-1


2020-08-17 20:18:08 : (Perturb_CD4_stim : 1 of 1) Parallel Hdf5 Linkage Arrow File, 1.932 mins elapsed.
2020-08-17 20:18:09 : (Perturb_CD4_stim : 1 of 1) Successful creation of Arrow File, 1.946 mins elapsed.
2020-08-17 20:18:10 : (Perturb_CD4_stim : 1 of 1) Adding Fragment Summary, 1.966 mins elapsed.
2020-08-17 20:18:42 : (Perturb_CD4_stim : 1 of 1) Plotting Fragment Size Distribution, 2.509 mins elapsed.
2020-08-17 20:18:44 : (Perturb_CD4_stim : 1 of 1) Computing TSS Enrichment Scores, 2.534 mins elapsed.
2020-08-17 20:18:59 : (Perturb_CD4_stim : 1 of 1) Computed TSS Scores!, 0.249 mins elapsed.
2020-08-17 20:18:59 : (Perturb_CD4_stim : 1 of 1) CellStats : Number of Cells Pass Filter = 11010 , 2.783 mins elapsed.
2020-08-17 20:18:59 : (Perturb_CD4_stim : 1 of 1) CellStats : Median Frags = 12769.5 , 2.783 mins elapsed.
2020-08-17 20:18:59 : (Perturb_CD4_stim : 1 of 1) CellStats : Median TSS Enrichment = 8.7285 , 2.783 mins elapsed.
2020-08-17 20:18:59 : (Perturb_CD4_stim : 1 of 1) Plotting TSS Enrichment Scores, 2.783 mins elapsed.
2020-08-17 20:19:02 : (Perturb_CD4_stim : 1 of 1) Adding Metadata to Fragments, 2.829 mins elapsed.
2020-08-17 20:19:02 : (Perturb_CD4_stim : 1 of 1) Adding Additional Feature Counts!, 2.844 mins elapsed.
2020-08-17 20:19:17 : (Perturb_CD4_stim : 1 of 1) Finished Adding Additional Feature Counts!, 3.085 mins elapsed.

2020-08-17 20:19:17 : (Perturb_CD4_stim : 1 of 1) Metadata, Class = DFrame
DataFrame with 11023 rows and 12 columns
                                cellNames    nFrags nMonoFrags  nDiFrags
                              <character> <numeric>  <numeric> <numeric>
1     Perturb_CD4_stim#CATTCCGTCAGCACGC-1     97624      29739     53652
2     Perturb_CD4_stim#CCAATGAGTACGGATG-1     97135      21607     54690
3     Perturb_CD4_stim#TTCTAACTCTACTGCC-1     96622      31257     54417
4     Perturb_CD4_stim#TAGGTGTTCCCAGTAA-1     96593      36220     49954
5     Perturb_CD4_stim#TACTAGGTCGCAAGCC-1     93411      20663     59000
...                                   ...       ...        ...       ...
11019 Perturb_CD4_stim#ATGTACGGTCGAGGAT-1       502        144       268
11020 Perturb_CD4_stim#GGCGTTGTCCCGTAGG-1       502        136       281
11021 Perturb_CD4_stim#ACATGCAGTCTAACCA-1       501        171       228
11022 Perturb_CD4_stim#CGCTATCCAGTTGGAG-1       501        139       268
11023 Perturb_CD4_stim#CTAGGGCCATACCCGG-1       500        169       244
      nMultiFrags TSSEnrichment ReadsInTSS      Keep ReadsInPromoter
        <numeric>     <numeric>  <numeric> <numeric>       <numeric>
1           14233         8.375      23583         1           27891
2           20838          4.21       7668         1           11763
3           10948         9.899      22045         1           23577
4           10419         8.244      25890         1           28208
5           13748         6.354      14206         1           17761
...           ...           ...        ...       ...             ...
11019          90        10.325        146         1             147
11020          85        13.696        166         1             163
11021         102         9.835        149         1             155
11022          94        10.198        103         1             125
11023          87        10.693        108         1             142
           PromoterRatio ReadsInBlacklist      BlacklistRatio
               <numeric>        <numeric>           <numeric>
1      0.142849094484963              983 0.00503462263377858
2     0.0605497503474546              713 0.00367014979152726
3      0.122006375359649             1067 0.00552151683881518
4      0.146014721563674             1016 0.00525918027186235
5     0.0950691032105427              817 0.00437314663155303
...                  ...              ...                 ...
11019  0.146414342629482                6 0.00597609561752988
11020  0.162350597609562                6 0.00597609561752988
11021  0.154690618762475                4 0.00399201596806387
11022  0.124750499001996                2 0.00199600798403194
11023              0.142                0                   0

2020-08-17 20:19:17 : (Perturb_CD4_stim : 1 of 1) Removing Fragments from Filtered Cells, 3.088 mins elapsed.
2020-08-17 20:19:17 : (Perturb_CD4_stim : 1 of 1) Creating Filtered Arrow File, 3.088 mins elapsed.

2020-08-17 20:19:23 : (Perturb_CD4_stim : 1 of 1) .filterCellsFromArrow Fragments-Chr-(1 of 24)-chr1, Class = GRanges
GRanges object with 16266258 ranges and 1 metadata column:
             seqnames              ranges strand |
                <Rle>           <IRanges>  <Rle> |
         [1]     chr1       778598-778801      * |
         [2]     chr1       869927-870173      * |
         [3]     chr1       876464-876630      * |
         [4]     chr1       931449-931624      * |
         [5]     chr1       941280-941481      * |
         ...      ...                 ...    ... .
  [16266254]     chr1 223143277-223143316      * |
  [16266255]     chr1 234350780-234350974      * |
  [16266256]     chr1 234610173-234610280      * |
  [16266257]     chr1 236281922-236282008      * |
  [16266258]     chr1 246117681-246117846      * |
                                              RG
                                           <Rle>
         [1] Perturb_CD4_stim#CATTCCGTCAGCACGC-1
         [2] Perturb_CD4_stim#CATTCCGTCAGCACGC-1
         [3] Perturb_CD4_stim#CATTCCGTCAGCACGC-1
         [4] Perturb_CD4_stim#CATTCCGTCAGCACGC-1
         [5] Perturb_CD4_stim#CATTCCGTCAGCACGC-1
         ...                                 ...
  [16266254] Perturb_CD4_stim#CTAGGGCCATACCCGG-1
  [16266255] Perturb_CD4_stim#CTAGGGCCATACCCGG-1
  [16266256] Perturb_CD4_stim#CTAGGGCCATACCCGG-1
  [16266257] Perturb_CD4_stim#CTAGGGCCATACCCGG-1
  [16266258] Perturb_CD4_stim#CTAGGGCCATACCCGG-1
  -------
  seqinfo: 1 sequence from an unspecified genome; no seqlengths


2020-08-17 20:19:23 : (Perturb_CD4_stim : 1 of 1) .filterCellsFromArrow Barcodes-Chr-(1 of 24)-chr1, Class = data.frame
(Perturb_CD4_stim : 1 of 1) .filterCellsFromArrow Barcodes-Chr-(1 of 24)-chr1: nRows = 11010, nCols = 1
                                   bc
1 Perturb_CD4_stim#CATTCCGTCAGCACGC-1
2 Perturb_CD4_stim#CCAATGAGTACGGATG-1
3 Perturb_CD4_stim#TTCTAACTCTACTGCC-1
4 Perturb_CD4_stim#TAGGTGTTCCCAGTAA-1
5 Perturb_CD4_stim#TACTAGGTCGCAAGCC-1
6 Perturb_CD4_stim#GAAAGTAGTAACATAG-1


2020-08-17 20:20:09 : (Perturb_CD4_stim : 1 of 1) Finished Constructing Filtered Arrow File!, 3.946 mins elapsed.
2020-08-17 20:20:09 : (Perturb_CD4_stim : 1 of 1) Adding TileMatrix!, 3.949 mins elapsed.

2020-08-17 20:20:10 : Perturb_CD4_stim .addTileMat FeatureDF, Class = DFrame
DataFrame with 6062095 rows and 3 columns
           seqnames       idx     start
        <character> <integer> <numeric>
1              chr1         1         0
2              chr1         2       500
3              chr1         3      1000
4              chr1         4      1500
5              chr1         5      2000
...             ...       ...       ...
6062091        chrX    312078 156038500
6062092        chrX    312079 156039000
6062093        chrX    312080 156039500
6062094        chrX    312081 156040000
6062095        chrX    312082 156040500

2020-08-17 20:20:23 : Adding TileMatrix to Perturb_CD4_stim for Chr (1 of 23)!, 0.237 mins elapsed.
2020-08-17 20:20:41 : Adding TileMatrix to Perturb_CD4_stim for Chr (2 of 23)!, 0.533 mins elapsed.
2020-08-17 20:20:54 : Adding TileMatrix to Perturb_CD4_stim for Chr (3 of 23)!, 0.762 mins elapsed.
2020-08-17 20:21:05 : Adding TileMatrix to Perturb_CD4_stim for Chr (4 of 23)!, 0.94 mins elapsed.
2020-08-17 20:21:15 : Adding TileMatrix to Perturb_CD4_stim for Chr (5 of 23)!, 1.101 mins elapsed.
2020-08-17 20:21:25 : Adding TileMatrix to Perturb_CD4_stim for Chr (6 of 23)!, 1.266 mins elapsed.
2020-08-17 20:21:36 : Adding TileMatrix to Perturb_CD4_stim for Chr (7 of 23)!, 1.451 mins elapsed.
2020-08-17 20:21:44 : Adding TileMatrix to Perturb_CD4_stim for Chr (8 of 23)!, 1.585 mins elapsed.
2020-08-17 20:21:51 : Adding TileMatrix to Perturb_CD4_stim for Chr (9 of 23)!, 1.71 mins elapsed.
2020-08-17 20:21:58 : Adding TileMatrix to Perturb_CD4_stim for Chr (10 of 23)!, 1.815 mins elapsed.
2020-08-17 20:22:05 : Adding TileMatrix to Perturb_CD4_stim for Chr (11 of 23)!, 1.931 mins elapsed.
2020-08-17 20:22:13 : Adding TileMatrix to Perturb_CD4_stim for Chr (12 of 23)!, 2.063 mins elapsed.
2020-08-17 20:22:20 : Adding TileMatrix to Perturb_CD4_stim for Chr (13 of 23)!, 2.194 mins elapsed.
2020-08-17 20:22:25 : Adding TileMatrix to Perturb_CD4_stim for Chr (14 of 23)!, 2.273 mins elapsed.
2020-08-17 20:22:30 : Adding TileMatrix to Perturb_CD4_stim for Chr (15 of 23)!, 2.358 mins elapsed.
2020-08-17 20:22:35 : Adding TileMatrix to Perturb_CD4_stim for Chr (16 of 23)!, 2.434 mins elapsed.
2020-08-17 20:22:39 : Adding TileMatrix to Perturb_CD4_stim for Chr (17 of 23)!, 2.511 mins elapsed.
2020-08-17 20:22:45 : Adding TileMatrix to Perturb_CD4_stim for Chr (18 of 23)!, 2.611 mins elapsed.
2020-08-17 20:22:50 : Adding TileMatrix to Perturb_CD4_stim for Chr (19 of 23)!, 2.678 mins elapsed.
2020-08-17 20:22:54 : Adding TileMatrix to Perturb_CD4_stim for Chr (20 of 23)!, 2.76 mins elapsed.
2020-08-17 20:22:58 : Adding TileMatrix to Perturb_CD4_stim for Chr (21 of 23)!, 2.826 mins elapsed.
2020-08-17 20:23:01 : Adding TileMatrix to Perturb_CD4_stim for Chr (22 of 23)!, 2.87 mins elapsed.
2020-08-17 20:23:04 : Adding TileMatrix to Perturb_CD4_stim for Chr (23 of 23)!, 2.92 mins elapsed.
2020-08-17 20:23:09 : (Perturb_CD4_stim : 1 of 1) Finished Adding TileMatrix!, 6.955 mins elapsed.
2020-08-17 20:23:09 : (Perturb_CD4_stim : 1 of 1) Finished Creating Arrow File, 6.955 mins elapsed.

------- Completed

End Time : 2020-08-17 20:23:09
Elapsed Time Minutes = 6.9615309158961
Elapsed Time Hours = 0.116025646130244

-------



