
           ___      .______        ______  __    __  .______      
          /   \     |   _  \      /      ||  |  |  | |   _  \     
         /  ^  \    |  |_)  |    |  ,----'|  |__|  | |  |_)  |    
        /  /_\  \   |      /     |  |     |   __   | |      /     
       /  _____  \  |  |\  \\___ |  `----.|  |  |  | |  |\  \\___.
      /__/     \__\ | _| `._____| \______||__|  |__| | _| `._____|
    
Logging With ArchR!

Start Time : 2020-08-17 21:11:34

------- ArchR Info

ArchRThreads = 30
ArchRGenome = Hg38

------- System Info

Computer OS = unix
Total Cores = 112

------- Session Info

R version 3.6.3 (2020-02-29)
Platform: x86_64-pc-linux-gnu (64-bit)
Running under: CentOS Linux 7 (Core)

Matrix products: default
BLAS:   /home/ytakeshima/tool/R-3.6.3/lib/libRblas.so
LAPACK: /home/ytakeshima/tool/R-3.6.3/lib/libRlapack.so

locale:
 [1] LC_CTYPE=en_US.UTF-8       LC_NUMERIC=C              
 [3] LC_TIME=en_US.UTF-8        LC_COLLATE=en_US.UTF-8    
 [5] LC_MONETARY=en_US.UTF-8    LC_MESSAGES=en_US.UTF-8   
 [7] LC_PAPER=en_US.UTF-8       LC_NAME=C                 
 [9] LC_ADDRESS=C               LC_TELEPHONE=C            
[11] LC_MEASUREMENT=en_US.UTF-8 LC_IDENTIFICATION=C       

attached base packages:
 [1] grid      parallel  stats4    stats     graphics  grDevices utils    
 [8] datasets  methods   base     

other attached packages:
 [1] chromVARmotifs_0.2.0              motifmatchr_1.8.0                
 [3] circlize_0.4.9                    ComplexHeatmap_2.2.0             
 [5] nabor_0.5.0                       uwot_0.1.8                       
 [7] Seurat_3.1.5                      Rsamtools_2.2.3                  
 [9] BSgenome.Hsapiens.UCSC.hg38_1.4.1 BSgenome_1.54.0                  
[11] rtracklayer_1.46.0                Biostrings_2.54.0                
[13] XVector_0.26.0                    gridExtra_2.3                    
[15] forcats_0.5.0                     stringr_1.4.0                    
[17] dplyr_1.0.0                       purrr_0.3.4                      
[19] readr_1.3.1                       tidyr_1.0.3                      
[21] tibble_3.0.1                      tidyverse_1.3.0                  
[23] patchwork_1.0.0                   ArchR_0.9.4                      
[25] magrittr_1.5                      rhdf5_2.30.1                     
[27] Matrix_1.2-18                     data.table_1.12.8                
[29] SummarizedExperiment_1.16.1       DelayedArray_0.12.3              
[31] BiocParallel_1.20.1               matrixStats_0.56.0               
[33] Biobase_2.46.0                    GenomicRanges_1.38.0             
[35] GenomeInfoDb_1.22.1               IRanges_2.20.2                   
[37] S4Vectors_0.24.4                  BiocGenerics_0.32.0              
[39] ggplot2_3.3.2                    

loaded via a namespace (and not attached):
  [1] reticulate_1.15             R.utils_2.9.2              
  [3] tidyselect_1.1.0            poweRlaw_0.70.6            
  [5] RSQLite_2.2.0               AnnotationDbi_1.48.0       
  [7] htmlwidgets_1.5.1           Rtsne_0.15                 
  [9] munsell_0.5.0               codetools_0.2-16           
 [11] ica_1.0-2                   DT_0.13                    
 [13] future_1.17.0               miniUI_0.1.1.1             
 [15] withr_2.2.0                 colorspace_1.4-1           
 [17] chromVAR_1.8.0              rstudioapi_0.11            
 [19] ROCR_1.0-11                 listenv_0.8.0              
 [21] labeling_0.3                GenomeInfoDbData_1.2.2     
 [23] bit64_0.9-7                 farver_2.0.3               
 [25] vctrs_0.3.1                 generics_0.0.2             
 [27] R6_2.4.1                    clue_0.3-57                
 [29] rsvd_1.0.3                  bitops_1.0-6               
 [31] assertthat_0.2.1            promises_1.1.0             
 [33] scales_1.1.1                gtable_0.3.0               
 [35] npsurv_0.4-0.1              Cairo_1.5-12               
 [37] globals_0.12.5              seqLogo_1.52.0             
 [39] rlang_0.4.6                 GlobalOptions_0.1.1        
 [41] splines_3.6.3               lazyeval_0.2.2             
 [43] broom_0.5.6                 reshape2_1.4.4             
 [45] modelr_0.1.6                backports_1.1.8            
 [47] httpuv_1.5.2                tools_3.6.3                
 [49] ellipsis_0.3.1              RColorBrewer_1.1-2         
 [51] ggridges_0.5.2              Rcpp_1.0.4.6               
 [53] plyr_1.8.6                  zlibbioc_1.32.0            
 [55] RCurl_1.98-1.2              pbapply_1.4-2              
 [57] GetoptLong_0.1.8            cowplot_1.0.0              
 [59] zoo_1.8-7                   haven_2.2.0                
 [61] ggrepel_0.8.2               cluster_2.1.0              
 [63] fs_1.4.1                    RSpectra_0.16-0            
 [65] lmtest_0.9-37               reprex_0.3.0               
 [67] RANN_2.6.1                  fitdistrplus_1.0-14        
 [69] hms_0.5.3                   lsei_1.2-0.1               
 [71] mime_0.9                    xtable_1.8-4               
 [73] XML_3.99-0.3                readxl_1.3.1               
 [75] shape_1.4.4                 compiler_3.6.3             
 [77] KernSmooth_2.23-17          crayon_1.3.4               
 [79] R.oo_1.23.0                 htmltools_0.4.0            
 [81] later_1.0.0                 TFBSTools_1.24.0           
 [83] lubridate_1.7.8             DBI_1.1.0                  
 [85] dbplyr_1.4.3                MASS_7.3-51.6              
 [87] rappdirs_0.3.1              cli_2.0.2                  
 [89] R.methodsS3_1.8.0           igraph_1.2.5               
 [91] pkgconfig_2.0.3             GenomicAlignments_1.22.1   
 [93] TFMPvalue_0.0.8             plotly_4.9.2.1             
 [95] xml2_1.3.1                  annotate_1.64.0            
 [97] DirichletMultinomial_1.28.0 rvest_0.3.5                
 [99] digest_0.6.25               sctransform_0.2.1          
[101] RcppAnnoy_0.0.16            pracma_2.2.9               
[103] tsne_0.1-3                  CNEr_1.22.0                
[105] cellranger_1.1.0            leiden_0.3.3               
[107] shiny_1.4.0.2               gtools_3.8.2               
[109] rjson_0.2.20                lifecycle_0.2.0            
[111] nlme_3.1-147                jsonlite_1.6.1             
[113] Rhdf5lib_1.8.0              viridisLite_0.3.0          
[115] fansi_0.4.1                 pillar_1.4.4               
[117] lattice_0.20-41             KEGGREST_1.26.1            
[119] fastmap_1.0.1               httr_1.4.1                 
[121] survival_3.1-12             GO.db_3.10.0               
[123] glue_1.4.1                  png_0.1-7                  
[125] bit_1.1-15.2                stringi_1.4.6              
[127] blob_1.2.1                  caTools_1.18.0             
[129] memoise_1.1.0               irlba_2.3.3                
[131] future.apply_1.5.0          ape_5.3                    


------- Log Info


2020-08-17 21:11:34 : getMatrixFromProject Input-Parameters, Class = list

getMatrixFromProject Input-Parameters$ArchRProj: length = 1
class: ArchRProject 
outputDirectory: /home/ytakeshima/wd/2020/200817_Perturb_CD4_w_reseq_log_check_final/ArchR/plot_Perturb_CD4_stim 
samples(1): Perturb_CD4_stim
sampleColData names(1): ArrowFiles
cellColData names(20): Sample TSSEnrichment ... ReadsInPeaks FRIP
numberOfCells(1): 1
medianTSS(1): 9.077
medianFrags(1): 11898


getMatrixFromProject Input-Parameters$useMatrix: length = 1
[1] "MotifMatrix"


getMatrixFromProject Input-Parameters$useSeqnames: length = 0
NULL


getMatrixFromProject Input-Parameters$verbose: length = 1
[1] TRUE


getMatrixFromProject Input-Parameters$binarize: length = 1
[1] FALSE


getMatrixFromProject Input-Parameters$threads: length = 1
[1] 100


getMatrixFromProject Input-Parameters$logFile: length = 1
[1] "ArchRLogs/ArchR-getMatrixFromProject-35d902606b369-Date-2020-08-17_Time-21-11-34.log"


2020-08-17 21:11:34 : Reading MotifMatrix : Perturb_CD4_stim(1 of 1), 0.005 mins elapsed.

2020-08-17 21:11:34 : getMatrixFromArrow Input-Parameters, Class = list

getMatrixFromArrow Input-Parameters$ArrowFile: length = 1
                                                                                                                   Perturb_CD4_stim 
"/home/ytakeshima/wd/2020/200817_Perturb_CD4_w_reseq_log_check_final/ArchR/plot_Perturb_CD4_stim/ArrowFiles/Perturb_CD4_stim.arrow" 


getMatrixFromArrow Input-Parameters$useMatrix: length = 1
[1] "MotifMatrix"


getMatrixFromArrow Input-Parameters$useSeqnames: length = 0
NULL


getMatrixFromArrow Input-Parameters$cellNames: length = 5825
[1] "Perturb_CD4_stim#CATGTTTGTGTCGTCG-1" "Perturb_CD4_stim#TGTAGCAAGCTACGCC-1"
[3] "Perturb_CD4_stim#AAGATAGCAATTCTCT-1" "Perturb_CD4_stim#GGAATCTTCTAGCAGT-1"
[5] "Perturb_CD4_stim#ACCATCCTCCCACTTG-1" "Perturb_CD4_stim#ACAGAAATCTTCGTTA-1"


getMatrixFromArrow Input-Parameters$ArchRProj: length = 1
class: ArchRProject 
outputDirectory: /home/ytakeshima/wd/2020/200817_Perturb_CD4_w_reseq_log_check_final/ArchR/plot_Perturb_CD4_stim 
samples(1): Perturb_CD4_stim
sampleColData names(1): ArrowFiles
cellColData names(20): Sample TSSEnrichment ... ReadsInPeaks FRIP
numberOfCells(1): 1
medianTSS(1): 9.077
medianFrags(1): 11898


getMatrixFromArrow Input-Parameters$verbose: length = 1
[1] FALSE


getMatrixFromArrow Input-Parameters$binarize: length = 1
[1] FALSE


getMatrixFromArrow Input-Parameters$logFile: length = 1
[1] "ArchRLogs/ArchR-getMatrixFromProject-35d902606b369-Date-2020-08-17_Time-21-11-34.log"



2020-08-17 21:11:34 : featureDF Perturb_CD4_stim, Class = DFrame
DataFrame with 1740 rows and 3 columns
       seqnames     idx      name
          <Rle> <array>   <array>
1    deviations       1  TFAP2B_1
2    deviations       2  TFAP2D_2
3    deviations       3  TFAP2C_3
4    deviations       4  TFAP2E_4
5    deviations       5  TFAP2A_5
...         ...     ...       ...
1736          z     866 SMAD5_866
1737          z     867 SMAD9_867
1738          z     868  SOX6_868
1739          z     869 TBX18_869
1740          z     870 TBX22_870

2020-08-17 21:11:34 : Getting MotifMatrix from ArrowFile : Perturb_CD4_stim.arrow, 0.001 mins elapsed.

2020-08-17 21:11:37 : mat Perturb_CD4_stim, Class = dgCMatrix
mat Perturb_CD4_stim: nRows = 1740, nCols = 5825
mat Perturb_CD4_stim: NonZeroEntries = 10135500, EntryRange = [ -18.142267620193 , 23.1972932474226 ]
5 x 5 sparse Matrix of class "dgCMatrix"
     Perturb_CD4_stim#CATGTTTGTGTCGTCG-1 Perturb_CD4_stim#TGTAGCAAGCTACGCC-1
[1,]                          0.00468359                          0.02277942
[2,]                         -0.01424845                          0.01206506
[3,]                          0.01429774                          0.02865557
[4,]                          0.04827540                          0.04255369
[5,]                          0.01509597                          0.02055313
     Perturb_CD4_stim#AAGATAGCAATTCTCT-1 Perturb_CD4_stim#GGAATCTTCTAGCAGT-1
[1,]                        -0.049232206                         0.016530552
[2,]                        -0.008585512                         0.002242868
[3,]                        -0.002570956                         0.048821151
[4,]                        -0.070524872                         0.016977495
[5,]                         0.004717221                         0.007756504
     Perturb_CD4_stim#ACCATCCTCCCACTTG-1
[1,]                        0.0301363022
[2,]                        0.0066848034
[3,]                        0.0401460128
[4,]                        0.0158955012
[5,]                        0.0005912045


2020-08-17 21:11:37 : Organizing SE MotifMatrix from ArrowFile : Perturb_CD4_stim.arrow, 0.049 mins elapsed.

2020-08-17 21:11:37 : se Perturb_CD4_stim, Class = SummarizedExperiment
class: SummarizedExperiment 
dim: 870 5825 
metadata(0):
assays(2): deviations z
rownames(870): TFAP2B_1 TFAP2D_2 ... TBX18_869 TBX22_870
rowData names(2): idx name
colnames(5825): Perturb_CD4_stim#CATGTTTGTGTCGTCG-1
  Perturb_CD4_stim#TGTAGCAAGCTACGCC-1 ...
  Perturb_CD4_stim#GCTTAAGAGCGGACAT-1
  Perturb_CD4_stim#TAGCTTTGTCCAGACC-1
colData names(20): BlacklistRatio DoubletEnrichment ... ReadsInPeaks
  FRIP

2020-08-17 21:11:37 : Completed MotifMatrix : Perturb_CD4_stim(1 of 1), 0.063 mins elapsed.
2020-08-17 21:11:37 : Organizing colData, 0.063 mins elapsed.
2020-08-17 21:11:37 : Organizing rowData, 0.063 mins elapsed.
2020-08-17 21:11:37 : Organizing Assays (1 of 2), 0.063 mins elapsed.
2020-08-17 21:11:37 : Organizing Assays (2 of 2), 0.063 mins elapsed.
2020-08-17 21:11:37 : Constructing SummarizedExperiment, 0.063 mins elapsed.
2020-08-17 21:11:39 : Finished Matrix Creation, 0.086 mins elapsed.
