
           ___      .______        ______  __    __  .______      
          /   \     |   _  \      /      ||  |  |  | |   _  \     
         /  ^  \    |  |_)  |    |  ,----'|  |__|  | |  |_)  |    
        /  /_\  \   |      /     |  |     |   __   | |      /     
       /  _____  \  |  |\  \\___ |  `----.|  |  |  | |  |\  \\___.
      /__/     \__\ | _| `._____| \______||__|  |__| | _| `._____|
    
Logging With ArchR!

Start Time : 2020-08-17 20:47:40

------- ArchR Info

ArchRThreads = 30
ArchRGenome = Hg38

------- System Info

Computer OS = unix
Total Cores = 112

------- Session Info

R version 3.6.3 (2020-02-29)
Platform: x86_64-pc-linux-gnu (64-bit)
Running under: CentOS Linux 7 (Core)

Matrix products: default
BLAS:   /home/ytakeshima/tool/R-3.6.3/lib/libRblas.so
LAPACK: /home/ytakeshima/tool/R-3.6.3/lib/libRlapack.so

locale:
 [1] LC_CTYPE=en_US.UTF-8       LC_NUMERIC=C              
 [3] LC_TIME=en_US.UTF-8        LC_COLLATE=en_US.UTF-8    
 [5] LC_MONETARY=en_US.UTF-8    LC_MESSAGES=en_US.UTF-8   
 [7] LC_PAPER=en_US.UTF-8       LC_NAME=C                 
 [9] LC_ADDRESS=C               LC_TELEPHONE=C            
[11] LC_MEASUREMENT=en_US.UTF-8 LC_IDENTIFICATION=C       

attached base packages:
 [1] grid      parallel  stats4    stats     graphics  grDevices utils    
 [8] datasets  methods   base     

other attached packages:
 [1] chromVARmotifs_0.2.0              motifmatchr_1.8.0                
 [3] circlize_0.4.9                    ComplexHeatmap_2.2.0             
 [5] nabor_0.5.0                       uwot_0.1.8                       
 [7] Seurat_3.1.5                      Rsamtools_2.2.3                  
 [9] BSgenome.Hsapiens.UCSC.hg38_1.4.1 BSgenome_1.54.0                  
[11] rtracklayer_1.46.0                Biostrings_2.54.0                
[13] XVector_0.26.0                    gridExtra_2.3                    
[15] forcats_0.5.0                     stringr_1.4.0                    
[17] dplyr_1.0.0                       purrr_0.3.4                      
[19] readr_1.3.1                       tidyr_1.0.3                      
[21] tibble_3.0.1                      tidyverse_1.3.0                  
[23] patchwork_1.0.0                   ArchR_0.9.4                      
[25] magrittr_1.5                      rhdf5_2.30.1                     
[27] Matrix_1.2-18                     data.table_1.12.8                
[29] SummarizedExperiment_1.16.1       DelayedArray_0.12.3              
[31] BiocParallel_1.20.1               matrixStats_0.56.0               
[33] Biobase_2.46.0                    GenomicRanges_1.38.0             
[35] GenomeInfoDb_1.22.1               IRanges_2.20.2                   
[37] S4Vectors_0.24.4                  BiocGenerics_0.32.0              
[39] ggplot2_3.3.2                    

loaded via a namespace (and not attached):
  [1] readxl_1.3.1                backports_1.1.8            
  [3] plyr_1.8.6                  igraph_1.2.5               
  [5] lazyeval_0.2.2              splines_3.6.3              
  [7] listenv_0.8.0               TFBSTools_1.24.0           
  [9] digest_0.6.25               htmltools_0.4.0            
 [11] GO.db_3.10.0                fansi_0.4.1                
 [13] memoise_1.1.0               cluster_2.1.0              
 [15] ROCR_1.0-11                 annotate_1.64.0            
 [17] globals_0.12.5              modelr_0.1.6               
 [19] R.utils_2.9.2               colorspace_1.4-1           
 [21] blob_1.2.1                  rvest_0.3.5                
 [23] rappdirs_0.3.1              ggrepel_0.8.2              
 [25] haven_2.2.0                 crayon_1.3.4               
 [27] RCurl_1.98-1.2              jsonlite_1.6.1             
 [29] TFMPvalue_0.0.8             survival_3.1-12            
 [31] zoo_1.8-7                   ape_5.3                    
 [33] glue_1.4.1                  gtable_0.3.0               
 [35] zlibbioc_1.32.0             leiden_0.3.3               
 [37] GetoptLong_0.1.8            Rhdf5lib_1.8.0             
 [39] future.apply_1.5.0          shape_1.4.4                
 [41] scales_1.1.1                DBI_1.1.0                  
 [43] Rcpp_1.0.4.6                xtable_1.8-4               
 [45] viridisLite_0.3.0           clue_0.3-57                
 [47] reticulate_1.15             bit_1.1-15.2               
 [49] rsvd_1.0.3                  tsne_0.1-3                 
 [51] htmlwidgets_1.5.1           httr_1.4.1                 
 [53] RColorBrewer_1.1-2          ellipsis_0.3.1             
 [55] ica_1.0-2                   R.methodsS3_1.8.0          
 [57] pkgconfig_2.0.3             XML_3.99-0.3               
 [59] farver_2.0.3                dbplyr_1.4.3               
 [61] AnnotationDbi_1.48.0        tidyselect_1.1.0           
 [63] labeling_0.3                rlang_0.4.6                
 [65] reshape2_1.4.4              munsell_0.5.0              
 [67] cellranger_1.1.0            tools_3.6.3                
 [69] cli_2.0.2                   DirichletMultinomial_1.28.0
 [71] RSQLite_2.2.0               generics_0.0.2             
 [73] broom_0.5.6                 ggridges_0.5.2             
 [75] npsurv_0.4-0.1              bit64_0.9-7                
 [77] fs_1.4.1                    fitdistrplus_1.0-14        
 [79] caTools_1.18.0              RANN_2.6.1                 
 [81] KEGGREST_1.26.1             pbapply_1.4-2              
 [83] future_1.17.0               nlme_3.1-147               
 [85] R.oo_1.23.0                 poweRlaw_0.70.6            
 [87] pracma_2.2.9                xml2_1.3.1                 
 [89] compiler_3.6.3              rstudioapi_0.11            
 [91] plotly_4.9.2.1              png_0.1-7                  
 [93] lsei_1.2-0.1                reprex_0.3.0               
 [95] stringi_1.4.6               RSpectra_0.16-0            
 [97] lattice_0.20-41             CNEr_1.22.0                
 [99] vctrs_0.3.1                 pillar_1.4.4               
[101] lifecycle_0.2.0             lmtest_0.9-37              
[103] GlobalOptions_0.1.1         RcppAnnoy_0.0.16           
[105] cowplot_1.0.0               bitops_1.0-6               
[107] irlba_2.3.3                 R6_2.4.1                   
[109] KernSmooth_2.23-17          codetools_0.2-16           
[111] seqLogo_1.52.0              MASS_7.3-51.6              
[113] gtools_3.8.2                assertthat_0.2.1           
[115] rjson_0.2.20                withr_2.2.0                
[117] GenomicAlignments_1.22.1    sctransform_0.2.1          
[119] GenomeInfoDbData_1.2.2      hms_0.5.3                  
[121] Cairo_1.5-12                Rtsne_0.15                 
[123] lubridate_1.7.8            


------- Log Info


2020-08-17 20:47:41 : addArchRAnnotations Input-Parameters, Class = list

addArchRAnnotations Input-Parameters$ArchRProj: length = 1
class: ArchRProject 
outputDirectory: /home/ytakeshima/wd/2020/200817_Perturb_CD4_w_reseq_log_check_final/ArchR/plot_Perturb_CD4_stim 
samples(1): Perturb_CD4_stim
sampleColData names(1): ArrowFiles
cellColData names(20): Sample TSSEnrichment ... ReadsInPeaks FRIP
numberOfCells(1): 1
medianTSS(1): 9.077
medianFrags(1): 11898


addArchRAnnotations Input-Parameters$db: length = 1
[1] "ArchR"


addArchRAnnotations Input-Parameters$collection: length = 1
[1] "EncodeTFBS"


addArchRAnnotations Input-Parameters$name: length = 1
[1] "EncodeTFBS"


addArchRAnnotations Input-Parameters$force: length = 1
[1] FALSE


addArchRAnnotations Input-Parameters$logFile: length = 1
[1] "ArchRLogs/ArchR-addArchRAnnotations-35d904a9ab560-Date-2020-08-17_Time-20-47-40.log"



2020-08-17 20:47:42 : Annotating Chromosomes

2020-08-17 20:47:42 : 	Annotating Chr: chr1

2020-08-17 20:47:42 : 	Annotating Chr: chr2

2020-08-17 20:47:42 : 	Annotating Chr: chr3

2020-08-17 20:47:43 : 	Annotating Chr: chr4

2020-08-17 20:47:43 : 	Annotating Chr: chr5

2020-08-17 20:47:43 : 	Annotating Chr: chr6

2020-08-17 20:47:43 : 	Annotating Chr: chr7

2020-08-17 20:47:44 : 	Annotating Chr: chr8

2020-08-17 20:47:44 : 	Annotating Chr: chr9

2020-08-17 20:47:44 : 	Annotating Chr: chr10

2020-08-17 20:47:44 : 	Annotating Chr: chr11

2020-08-17 20:47:44 : 	Annotating Chr: chr12

2020-08-17 20:47:45 : 	Annotating Chr: chr13

2020-08-17 20:47:45 : 	Annotating Chr: chr14

2020-08-17 20:47:45 : 	Annotating Chr: chr15

2020-08-17 20:47:45 : 	Annotating Chr: chr16

2020-08-17 20:47:45 : 	Annotating Chr: chr17

2020-08-17 20:47:46 : 	Annotating Chr: chr18

2020-08-17 20:47:46 : 	Annotating Chr: chr19

2020-08-17 20:47:46 : 	Annotating Chr: chr20

2020-08-17 20:47:46 : 	Annotating Chr: chr21

2020-08-17 20:47:46 : 	Annotating Chr: chr22

2020-08-17 20:47:46 : 	Annotating Chr: chrX

2020-08-17 20:47:47 : regionMat-Overlaps, Class = DFrame
DataFrame with 6974692 rows and 2 columns
        queryHits        ID
        <integer> <integer>
1               1        31
2               1        32
3               1        34
4               1        48
5               1        55
...           ...       ...
6974688    112469       682
6974689    112469       683
6974690    112469       685
6974691    112469       687
6974692    112469       688


2020-08-17 20:47:47 : regionMat-Overlaps-1, Class = integer

regionMat-Overlaps-1: length = 2
[1]      1 112469



2020-08-17 20:47:47 : regionMat-Overlaps-2, Class = integer

regionMat-Overlaps-2: length = 2
[1]   1 689



2020-08-17 20:47:47 : regionMat-Overlaps-1-Peaks, Class = GRanges
GRanges object with 112469 ranges and 12 metadata columns:
                     seqnames              ranges strand |     score
                        <Rle>           <IRanges>  <Rle> | <numeric>
    sgNFKB2_sgGuide2     chr1       827298-827798      * |   69.1625
    sgZAP70_sgGuide2     chr1       844380-844880      * |   12.0927
      sgCD4_sgGuide1     chr1       869662-870162      * |   37.6461
    sgNFKB2_sgGuide2     chr1       875232-875732      * |   3.02902
    sgNFKB2_sgGuide1     chr1       876372-876872      * |    13.391
                 ...      ...                 ...    ... .       ...
  sgCD3ECD4_sgGuide1     chrX 155632386-155632886      * |   34.1903
    sgNFKB2_sgGuide1     chrX 155767383-155767883      * |   4.75853
      sgNTC_sgGuide2     chrX 155880992-155881492      * |   120.955
    sgNFKB2_sgGuide1     chrX 155881548-155882048      * |   12.1979
      sgNTC_sgGuide1     chrX 155966801-155967301      * |   16.1022
                     replicateScoreQuantile groupScoreQuantile Reproducibility
                                  <numeric>          <numeric>       <numeric>
    sgNFKB2_sgGuide2                  0.875              0.686               2
    sgZAP70_sgGuide2                  0.594              0.207               2
      sgCD4_sgGuide1                  0.795              0.492               2
    sgNFKB2_sgGuide2                  0.273              0.045               2
    sgNFKB2_sgGuide1                  0.568              0.208               2
                 ...                    ...                ...             ...
  sgCD3ECD4_sgGuide1                  0.814              0.466               2
    sgNFKB2_sgGuide1                   0.54              0.165               2
      sgNTC_sgGuide2                  0.934              0.811               2
    sgNFKB2_sgGuide1                  0.544               0.19               2
      sgNTC_sgGuide1                  0.653              0.275               2
                                GroupReplicate distToGeneStart nearestGene
                                   <character>       <integer> <character>
    sgNFKB2_sgGuide2   sgNFKB2_sgGuide2._.Rep1              25   LINC00115
    sgZAP70_sgGuide2   sgZAP70_sgGuide2._.Rep1           17107   LINC00115
      sgCD4_sgGuide1     sgCD4_sgGuide1._.Rep1            6990      FAM41C
    sgNFKB2_sgGuide2   sgNFKB2_sgGuide2._.Rep2            1420      FAM41C
    sgNFKB2_sgGuide1   sgNFKB2_sgGuide1._.Rep1             280      FAM41C
                 ...                       ...             ...         ...
  sgCD3ECD4_sgGuide1 sgCD3ECD4_sgGuide1._.Rep1           37307       TMLHE
    sgNFKB2_sgGuide1   sgNFKB2_sgGuide1._.Rep2           97688       TMLHE
      sgNTC_sgGuide2     sgNTC_sgGuide2._.Rep1          211297       TMLHE
    sgNFKB2_sgGuide1   sgNFKB2_sgGuide1._.Rep1          211853       TMLHE
      sgNTC_sgGuide1     sgNTC_sgGuide1._.Rep1          297106       TMLHE
                        peakType distToTSS  nearestTSS        GC       idx
                     <character> <integer> <character> <numeric> <integer>
    sgNFKB2_sgGuide2    Promoter        25  uc031tlo.2    0.6886         1
    sgZAP70_sgGuide2    Intronic      6717  uc031tlo.2     0.513         2
      sgCD4_sgGuide1    Intronic       288  uc057aux.1    0.7305         3
    sgNFKB2_sgGuide2    Intronic      1319  uc057aux.1    0.5629         4
    sgNFKB2_sgGuide1    Intronic       179  uc057aux.1    0.5888         5
                 ...         ...       ...         ...       ...       ...
  sgCD3ECD4_sgGuide1    Intronic     19699  uc061qgd.1    0.4271      2846
    sgNFKB2_sgGuide1      Distal       178  uc061qgd.1     0.519      2847
      sgNTC_sgGuide2      Distal        50  uc061qgd.1    0.6148      2848
    sgNFKB2_sgGuide1      Distal       419  uc061qgd.1    0.4591      2849
      sgNTC_sgGuide1      Distal     30529  uc061qgd.1    0.4072      2850
  -------
  seqinfo: 23 sequences from an unspecified genome; no seqlengths


2020-08-17 20:47:47 : regionMat-Overlaps-2-IDs, Class = integer

regionMat-Overlaps-2-IDs: length = 689
[1] 31 32 34 48 55 62



2020-08-17 20:47:48 : regionMat, Class = lgCMatrix

regionMat: length = 77491141
6 x 689 sparse Matrix of class "lgCMatrix"
                                                                              
[1,] . . . . . . . . . . . . . . . . . . . . . . . . . . . . . . | | . | . . .
[2,] . . . . . . . . . . . . . . . . . . . . . . . . . . . . . . . . . . . . .
[3,] | . | . . | . . . | . . | . | . | . | . | . . . | . . | . . . . . . . | .
[4,] . . . . . . . . . . . . . . . . . . . . . . . . . . . . . . . . . . . . .
[5,] | . . . . | . . . . . . . . . . . . . . . . . . . . . . . . . . . . . . .
[6,] | . | . . | . . . | . . | . | . | . | . | . . . | . . . . . | | . . . | .
                                                                              
[1,] . . . . . . . . . . | . . . . . . | . . . . . . | | . . | . . . . . . . .
[2,] . . . . . . . . . . . . . . . . . . . . . . . . . . . . . . . . . . . . .
[3,] | . | . . | . | . . . | | . . . . . . . . . . . . . . . . . . . . . . . .
[4,] . . . . . . . . . . . . . . . . . . . . . . . . . . . . . . . . . . . . .
[5,] . . . . . . . . . . . . . . . . . . . . . . . . . . . . . . . . . . . . .
[6,] | . | . . | . | . . . | | . . . . . . . . . . . | | . . . . . . . . . | .
                                                                              
[1,] . . . . | . . . . . . . . . | . . | . . . . . . . . . . | | | | . . . | .
[2,] . . . . . . . . . . . . . . . . . . . . . . . . . . . . . . . . . . . . .
[3,] . . . . . . . . . . . . . . . . . . . . . . . . . . . . . . . . . . | . .
[4,] . . . . . . . . . . . . . . . . . . . . . . . . . . . . . . . . . . . . .
[5,] . . . . . . . . . . . . . | . . . . . . . . . . . . . . . . . . . . . . .
[6,] . . . . . . . . . . . . . | | . . . . . . . . . . . | | . . . | | | | | .
                                                                              
[1,] . | . . . . . . . . . . | | . . | . . | | | . . . . . . . . . . . . . . .
[2,] . . . . . . . . . . . . . . . . . . . . . . . . . . . . . . . . . . . . .
[3,] . . . . . | | . | . . . . . . . . . | . . . . . . . | . . | . . . . . . .
[4,] . . . . . . . . . . . . . . . . . . . . . . . . . . . . . . . . . . . . .
[5,] . . . . . . . . . . . . . . . . . . . . . . . . . . . . . . . . . . . . .
[6,] . . | . | . | . | . . . . . . | | | | . . . | . . . | | | | . . . | | . |
                                                                              
[1,] . . . . . . . . . | . . . . . | . . | . | | . . . . . | . . . . | . . . .
[2,] . . . . . . . . . . . . . . . . . . . . . . . . . . . . . . . . . . . . .
[3,] . | . . . . . . . . . | . . | . . . . . . . . . . . | . . . . . . . . . .
[4,] . . . . . . . . . . . . . . . . . . . . . . . . . . . . . . . . . . . . .
[5,] . . . . . . . . . . . . . . . . . . . . . . . . . . . . . . . . . . . . .
[6,] . | . . . . . . . | | . . . | | | . . . | | . . . . | | . . . . . . . . .
                                                                              
[1,] . . . . . . | | . . | . . . | . . . . . . | | . . | | . . . | | | . . | .
[2,] . . . . . . . . . . . . . . . . . . . . . . . . . . . . . . . . . . . . .
[3,] . . . . . . . . | . . . . . . . . . | . . . . . . . . . | | | | | . . | .
[4,] . . . . . . . . . . . . . . . . . . . . . . . . . . . . . . . . . . . . .
[5,] . . . . . . . . . . . . . . . . . . . . . . . . . . . . . . . | . . . . .
[6,] . . . . . . . . | . . . . . . . . . | . . | . | . | | . | | | | | | | . |
                                                                              
[1,] . | . . . . | | . . . . . . . . | . . . . . . . . . . . . . . . . . | . .
[2,] . . . . . . . . . . . . . . . . . . . . . . . . . . . . . . . . . . . . .
[3,] | | . . . . . . . | . . . . . . . . . . . . | . . . . . . | . . . . | . .
[4,] . . . . . . . . . . . . . . . . . . . . . . . . . . . . . . . . . . . . .
[5,] . . . . . . . . . . . . . . . . . . . . . . . . . . . . . . . . . . . . .
[6,] . | . . | . | | | | | . . . . . | | | | . . | | . | . . . | | . . . | . .
                                                                              
[1,] . . | . . . . . . . . . . . . . | . . . . . . . | . . . . . . . . . . . .
[2,] . . . . . . . . . . . . . . . . . . . . . . . . . . . . . . . . . . . . .
[3,] . . . | . | . . | . . . . . . . . . . . . | . . . . . . . . . | . . . . .
[4,] . . . . . . . . . . . . . . . . . . . . . . . . . . . . . . . . . . . . .
[5,] . . . . . . . . . . . . . . . . . . . . . . . . . . . . . . . . . . . . .
[6,] . . | | . | | | | . . . . . . . . . . | . | . . . | . . . . . | . . . . .
                                                                              
[1,] . | . . . . . . . . | . . . . . . . . . . . . . . . . . . . | . | | | . |
[2,] . . . . . . . . . . . . . . . . . . . . . . . . . . . . . . . . . . . . .
[3,] . . . . . . . . . . . . . . | . . | . . . . . . . . | . . . . . . . . . .
[4,] . . . . . . . . . . . . . . . . . . . . . . . . . . . . . . . . . . . . .
[5,] . . . . . . . . . . . . . . . . . . . . . . . . . . . . . . . . . . . . .
[6,] | | | . . . . . . . . . . . | . . | . . . . . . . . | . . . . . | . . . .
                                                                              
[1,] . | . | . | . | . . . . . . . . . . . . . . . . . . . . . | . . . . . | .
[2,] . . . . . . . . . . . . . . . . . . . . . . . . . . . . . . . . . . . . .
[3,] . . . . . . . . | . . . . . . . . . . . . . | . . . . . | . . . . . . . .
[4,] . . . . . . . . . . . . . . . . . . . . . . . . . . . . . . . . . . . . .
[5,] . . . . . . . . . . . . . . . . . . . . . . . . . . . . . . . . . . . . .
[6,] . . . . . | . . . . . . . . | . | . . | . . | . . . . . | . | . . . . | .
                                                                              
[1,] . . . . . . . . . . | . . . . . . . . . . . . . . . . . . . . . | . . . .
[2,] . . . . . . . . . . . . . . . . . . . . . . . . . . . . . . . . . . . . .
[3,] . . . . . . . . . . . . . . . . . . . . . . . . . . . . . . . . . . . . .
[4,] . . . . . . . . . . . . . . . . . . . . . . . . . . . . . . . . . . . . .
[5,] . . . . . . . . . . . . . . . . . . . . . . . . . . . . . . . . . . . . .
[6,] . . . . . . . . . . | . | . . . . . . . . . . . . | . . . . . . | . . | .
                                                                              
[1,] . . . . . . . . . | . . . . . . . . . . . . . . . . . . . . . . . . . . .
[2,] . . . . . . . . . . . . . . . . . . . . . . . . . . . . . . . . . . . . .
[3,] . | . . . . . . . . . . . . . . . . . . . . . . . . . . . . . . . . | . .
[4,] . . . . . . . . . . . . . . . . . . . . . . . . . . . . . . . . . . . . .
[5,] . . . . . . . . . . . . . . . . . . . . . . . . . . . . . . . . . . . . .
[6,] . | . . . . . . . . . . . . . . . . . . . . . . . . . . . . . . | . . . .
                                                                              
[1,] . | | . . . . . . | . . . . . . | . . . . . . . . . . . . . . . . . . . .
[2,] . . . . . . . . . . . . . . . . . . . . . . . . . . . . . . . . . . . . .
[3,] . . . . | . . . . . . . . . . . . . | . . | . . . . . . . . . | . . . . .
[4,] . . . . . . . . . . . . . . . . . . . . . . . . . . . . . . . . . . . . .
[5,] . . . . . . . . . . . . . . . . . . . . . . . . . . . . . . . . . . . . .
[6,] . | . . | . . . . . . . . . . . . . | . | | . . . . . | . . . | . . . . .
                                                                              
[1,] . . . . . | | | . . . . . . . . . . . . . . . . . . . . . | | . . . . . .
[2,] . . . . . . . . . . . . . . . . . . . . . . . . . . . . . . . . . . . . .
[3,] . . . . . | | | . . | | . | . . . . . . . . . . . | . . . | | . . . . . .
[4,] . . . . . . . . . . . . . . . . . . . . . . . . . . . . . . . . . . . . .
[5,] . . . . . . . . . . . . . . . . . . . . . . . . . . . . . . . . . . . . .
[6,] . . . | | | | | | . | | | | . . . . | | . . . | . | . . . | | . . . . . .
                                                                              
[1,] . | | | | . | . . . . . . . . . . . . . . . . . . | | . . | | . . . . . .
[2,] . . . . . . . . . . . . . . . . . . . . . . . . . . . . . . . . . . . . .
[3,] . . . . . . . . . . . . . . . . | . . . . . . . . . . . . . . . . | . . .
[4,] . . . . . . . . . . . . . . . . . . . . . . . . . . . . . . . . . . . . .
[5,] . . . . . . . . . . . . . . . . . . . . . . . . . . . . . . . . . . . . .
[6,] | | . | . . | . . . . . . . | . | . . . . . . . . . | . . . | . . | . . .
                                                                              
[1,] . . . . . . . | | . . . . . . . . . . . . | . . . . . . . | . . . . . . .
[2,] . . . . . . . . . . . . . . . . . . . . . . . . . . . . . . . . . . . . .
[3,] . . . . . . . . . . . . . . . . . . . . . . . . . . . . . . . . . . . . .
[4,] . . . . . . . . . . . . . . . . . . . . . . . . . . . . . . . . . . . . .
[5,] . . . . . . . . . . . . . . . . . . . . . . . . . . . . . . . . . . . . .
[6,] . . . . | | . | | . . . . . . . . . . | | . . . . . . . . | . . . . . . .
                                                                              
[1,] . . . . . . | . . | . . . . . . . . . . . . . . . . | . . | . . . . . . .
[2,] . . . . . . . . . . . . . . . . . . . . . . . . . . . . . . . . . . . . .
[3,] . . | . | | . . | . | | | | | . | . . | . . | . . | . . | . . | . | | | |
[4,] . . . . . . . . . . . . . . . . . . . . . . . . . . . . . . . . . . . . .
[5,] . . . . . . . . . . . . . . . . | . . . . . . . . . . . . . . . . . . . .
[6,] . . | | | | . . | | | | | | | . | | . | . . | . . | . | | | . | . | | | |
                                                                              
[1,] . . | | | . . | . . . . . . . . . . . . . . . . . . . . . . . . . . . . .
[2,] . . . . . . . . . . . . . . . . . . . . . . . . . . . . . . . . . . . . .
[3,] | | . . . | | . | | | | | | | | | | | . | | | | | | | | | | | | | | | | |
[4,] . . . . . . . . . . . . . . . . . . . . . . . . . . . . . . . . . . . . .
[5,] . . . . . . . . . . . . . . . . . . . . . . | . . . . . . . . . . . . . .
[6,] | | | | . | | | | | | | | | | | | | | . | | | | | | | | | | | | | | | | |
                                                  
[1,] . . . . . . . . . . . . . . . . . . . . . . .
[2,] . . . . . . . . . . . . . . . . . . . . . . .
[3,] | | | . | | | | | | | | | | | | | | | | | | |
[4,] . . . . . . . . . . . . . . . . . . . . . . .
[5,] | . . . . . . . . . . . . . . . . . . . . . .
[6,] | | | . | | | | . | | | | | | | | | | | | | |



2020-08-17 20:47:48 : regionSE, Class = RangedSummarizedExperiment
class: RangedSummarizedExperiment 
dim: 112469 689 
metadata(0):
assays(1): matches
rownames(112469): sgNFKB2_sgGuide2 sgZAP70_sgGuide2 ...
  sgNFKB2_sgGuide1 sgNTC_sgGuide1
rowData names(12): score replicateScoreQuantile ... GC idx
colnames(689): 1.CTCF-Dnd41... 2.EZH2_39-Dnd41... ...
  688.CTCF-WERI_Rb_1... 689.CTCF-WI_38...
colData names(9): filename cellType ... collection size


------- Completed

End Time : 2020-08-17 20:47:48
Elapsed Time Minutes = 0.147043943405151
Elapsed Time Hours = 0.00245081682999929

-------



