
           ___      .______        ______  __    __  .______      
          /   \     |   _  \      /      ||  |  |  | |   _  \     
         /  ^  \    |  |_)  |    |  ,----'|  |__|  | |  |_)  |    
        /  /_\  \   |      /     |  |     |   __   | |      /     
       /  _____  \  |  |\  \\___ |  `----.|  |  |  | |  |\  \\___.
      /__/     \__\ | _| `._____| \______||__|  |__| | _| `._____|
    
Logging With ArchR!

Start Time : 2020-08-17 20:47:48

------- ArchR Info

ArchRThreads = 30
ArchRGenome = Hg38

------- System Info

Computer OS = unix
Total Cores = 112

------- Session Info

R version 3.6.3 (2020-02-29)
Platform: x86_64-pc-linux-gnu (64-bit)
Running under: CentOS Linux 7 (Core)

Matrix products: default
BLAS:   /home/ytakeshima/tool/R-3.6.3/lib/libRblas.so
LAPACK: /home/ytakeshima/tool/R-3.6.3/lib/libRlapack.so

locale:
 [1] LC_CTYPE=en_US.UTF-8       LC_NUMERIC=C              
 [3] LC_TIME=en_US.UTF-8        LC_COLLATE=en_US.UTF-8    
 [5] LC_MONETARY=en_US.UTF-8    LC_MESSAGES=en_US.UTF-8   
 [7] LC_PAPER=en_US.UTF-8       LC_NAME=C                 
 [9] LC_ADDRESS=C               LC_TELEPHONE=C            
[11] LC_MEASUREMENT=en_US.UTF-8 LC_IDENTIFICATION=C       

attached base packages:
 [1] grid      parallel  stats4    stats     graphics  grDevices utils    
 [8] datasets  methods   base     

other attached packages:
 [1] chromVARmotifs_0.2.0              motifmatchr_1.8.0                
 [3] circlize_0.4.9                    ComplexHeatmap_2.2.0             
 [5] nabor_0.5.0                       uwot_0.1.8                       
 [7] Seurat_3.1.5                      Rsamtools_2.2.3                  
 [9] BSgenome.Hsapiens.UCSC.hg38_1.4.1 BSgenome_1.54.0                  
[11] rtracklayer_1.46.0                Biostrings_2.54.0                
[13] XVector_0.26.0                    gridExtra_2.3                    
[15] forcats_0.5.0                     stringr_1.4.0                    
[17] dplyr_1.0.0                       purrr_0.3.4                      
[19] readr_1.3.1                       tidyr_1.0.3                      
[21] tibble_3.0.1                      tidyverse_1.3.0                  
[23] patchwork_1.0.0                   ArchR_0.9.4                      
[25] magrittr_1.5                      rhdf5_2.30.1                     
[27] Matrix_1.2-18                     data.table_1.12.8                
[29] SummarizedExperiment_1.16.1       DelayedArray_0.12.3              
[31] BiocParallel_1.20.1               matrixStats_0.56.0               
[33] Biobase_2.46.0                    GenomicRanges_1.38.0             
[35] GenomeInfoDb_1.22.1               IRanges_2.20.2                   
[37] S4Vectors_0.24.4                  BiocGenerics_0.32.0              
[39] ggplot2_3.3.2                    

loaded via a namespace (and not attached):
  [1] readxl_1.3.1                backports_1.1.8            
  [3] plyr_1.8.6                  igraph_1.2.5               
  [5] lazyeval_0.2.2              splines_3.6.3              
  [7] listenv_0.8.0               TFBSTools_1.24.0           
  [9] digest_0.6.25               htmltools_0.4.0            
 [11] GO.db_3.10.0                fansi_0.4.1                
 [13] memoise_1.1.0               cluster_2.1.0              
 [15] ROCR_1.0-11                 annotate_1.64.0            
 [17] globals_0.12.5              modelr_0.1.6               
 [19] R.utils_2.9.2               colorspace_1.4-1           
 [21] blob_1.2.1                  rvest_0.3.5                
 [23] rappdirs_0.3.1              ggrepel_0.8.2              
 [25] haven_2.2.0                 crayon_1.3.4               
 [27] RCurl_1.98-1.2              jsonlite_1.6.1             
 [29] TFMPvalue_0.0.8             survival_3.1-12            
 [31] zoo_1.8-7                   ape_5.3                    
 [33] glue_1.4.1                  gtable_0.3.0               
 [35] zlibbioc_1.32.0             leiden_0.3.3               
 [37] GetoptLong_0.1.8            Rhdf5lib_1.8.0             
 [39] future.apply_1.5.0          shape_1.4.4                
 [41] scales_1.1.1                DBI_1.1.0                  
 [43] Rcpp_1.0.4.6                xtable_1.8-4               
 [45] viridisLite_0.3.0           clue_0.3-57                
 [47] reticulate_1.15             bit_1.1-15.2               
 [49] rsvd_1.0.3                  tsne_0.1-3                 
 [51] htmlwidgets_1.5.1           httr_1.4.1                 
 [53] RColorBrewer_1.1-2          ellipsis_0.3.1             
 [55] ica_1.0-2                   R.methodsS3_1.8.0          
 [57] pkgconfig_2.0.3             XML_3.99-0.3               
 [59] farver_2.0.3                dbplyr_1.4.3               
 [61] AnnotationDbi_1.48.0        tidyselect_1.1.0           
 [63] labeling_0.3                rlang_0.4.6                
 [65] reshape2_1.4.4              munsell_0.5.0              
 [67] cellranger_1.1.0            tools_3.6.3                
 [69] cli_2.0.2                   DirichletMultinomial_1.28.0
 [71] RSQLite_2.2.0               generics_0.0.2             
 [73] broom_0.5.6                 ggridges_0.5.2             
 [75] npsurv_0.4-0.1              bit64_0.9-7                
 [77] fs_1.4.1                    fitdistrplus_1.0-14        
 [79] caTools_1.18.0              RANN_2.6.1                 
 [81] KEGGREST_1.26.1             pbapply_1.4-2              
 [83] future_1.17.0               nlme_3.1-147               
 [85] R.oo_1.23.0                 poweRlaw_0.70.6            
 [87] pracma_2.2.9                xml2_1.3.1                 
 [89] compiler_3.6.3              rstudioapi_0.11            
 [91] plotly_4.9.2.1              png_0.1-7                  
 [93] lsei_1.2-0.1                reprex_0.3.0               
 [95] stringi_1.4.6               RSpectra_0.16-0            
 [97] lattice_0.20-41             CNEr_1.22.0                
 [99] vctrs_0.3.1                 pillar_1.4.4               
[101] lifecycle_0.2.0             lmtest_0.9-37              
[103] GlobalOptions_0.1.1         RcppAnnoy_0.0.16           
[105] cowplot_1.0.0               bitops_1.0-6               
[107] irlba_2.3.3                 R6_2.4.1                   
[109] KernSmooth_2.23-17          codetools_0.2-16           
[111] seqLogo_1.52.0              MASS_7.3-51.6              
[113] gtools_3.8.2                assertthat_0.2.1           
[115] rjson_0.2.20                withr_2.2.0                
[117] GenomicAlignments_1.22.1    sctransform_0.2.1          
[119] GenomeInfoDbData_1.2.2      hms_0.5.3                  
[121] Cairo_1.5-12                Rtsne_0.15                 
[123] lubridate_1.7.8            


------- Log Info


2020-08-17 20:47:49 : getMatrixFromProject Input-Parameters, Class = list

getMatrixFromProject Input-Parameters$ArchRProj: length = 1
class: ArchRProject 
outputDirectory: /home/ytakeshima/wd/2020/200817_Perturb_CD4_w_reseq_log_check_final/ArchR/plot_Perturb_CD4_stim 
samples(1): Perturb_CD4_stim
sampleColData names(1): ArrowFiles
cellColData names(20): Sample TSSEnrichment ... ReadsInPeaks FRIP
numberOfCells(1): 1
medianTSS(1): 9.077
medianFrags(1): 11898


getMatrixFromProject Input-Parameters$useMatrix: length = 1
[1] "PeakMatrix"


getMatrixFromProject Input-Parameters$useSeqnames: length = 0
NULL


getMatrixFromProject Input-Parameters$verbose: length = 1
[1] TRUE


getMatrixFromProject Input-Parameters$binarize: length = 1
[1] FALSE


getMatrixFromProject Input-Parameters$threads: length = 1
[1] 30


getMatrixFromProject Input-Parameters$logFile: length = 1
[1] "ArchRLogs/ArchR-getMatrixFromProject-35d9012efbfef-Date-2020-08-17_Time-20-47-48.log"


2020-08-17 20:47:49 : Reading PeakMatrix : Perturb_CD4_stim(1 of 1), 0.004 mins elapsed.

2020-08-17 20:47:49 : getMatrixFromArrow Input-Parameters, Class = list

getMatrixFromArrow Input-Parameters$ArrowFile: length = 1
                                                                                                                   Perturb_CD4_stim 
"/home/ytakeshima/wd/2020/200817_Perturb_CD4_w_reseq_log_check_final/ArchR/plot_Perturb_CD4_stim/ArrowFiles/Perturb_CD4_stim.arrow" 


getMatrixFromArrow Input-Parameters$useMatrix: length = 1
[1] "PeakMatrix"


getMatrixFromArrow Input-Parameters$useSeqnames: length = 0
NULL


getMatrixFromArrow Input-Parameters$cellNames: length = 5825
[1] "Perturb_CD4_stim#CATGTTTGTGTCGTCG-1" "Perturb_CD4_stim#TGTAGCAAGCTACGCC-1"
[3] "Perturb_CD4_stim#AAGATAGCAATTCTCT-1" "Perturb_CD4_stim#GGAATCTTCTAGCAGT-1"
[5] "Perturb_CD4_stim#ACCATCCTCCCACTTG-1" "Perturb_CD4_stim#ACAGAAATCTTCGTTA-1"


getMatrixFromArrow Input-Parameters$ArchRProj: length = 1
class: ArchRProject 
outputDirectory: /home/ytakeshima/wd/2020/200817_Perturb_CD4_w_reseq_log_check_final/ArchR/plot_Perturb_CD4_stim 
samples(1): Perturb_CD4_stim
sampleColData names(1): ArrowFiles
cellColData names(20): Sample TSSEnrichment ... ReadsInPeaks FRIP
numberOfCells(1): 1
medianTSS(1): 9.077
medianFrags(1): 11898


getMatrixFromArrow Input-Parameters$verbose: length = 1
[1] FALSE


getMatrixFromArrow Input-Parameters$binarize: length = 1
[1] FALSE


getMatrixFromArrow Input-Parameters$logFile: length = 1
[1] "ArchRLogs/ArchR-getMatrixFromProject-35d9012efbfef-Date-2020-08-17_Time-20-47-48.log"



2020-08-17 20:47:49 : featureDF Perturb_CD4_stim, Class = DFrame
DataFrame with 112469 rows and 4 columns
       seqnames     idx     start       end
          <Rle> <array>   <array>   <array>
1          chr1       1    827298    827798
2          chr1       2    844380    844880
3          chr1       3    869662    870162
4          chr1       4    875232    875732
5          chr1       5    876372    876872
...         ...     ...       ...       ...
112465     chrX    2846 155632386 155632886
112466     chrX    2847 155767383 155767883
112467     chrX    2848 155880992 155881492
112468     chrX    2849 155881548 155882048
112469     chrX    2850 155966801 155967301

2020-08-17 20:47:49 : Getting PeakMatrix from ArrowFile : Perturb_CD4_stim.arrow, 0.002 mins elapsed.

2020-08-17 20:48:11 : mat Perturb_CD4_stim, Class = dgCMatrix
mat Perturb_CD4_stim: nRows = 112469, nCols = 5825
mat Perturb_CD4_stim: NonZeroEntries = 35525102, EntryRange = [ 1 , 4 ]
5 x 5 sparse Matrix of class "dgCMatrix"
     Perturb_CD4_stim#CATGTTTGTGTCGTCG-1 Perturb_CD4_stim#TGTAGCAAGCTACGCC-1
[1,]                                   2                                   .
[2,]                                   .                                   .
[3,]                                   .                                   .
[4,]                                   .                                   .
[5,]                                   .                                   .
     Perturb_CD4_stim#AAGATAGCAATTCTCT-1 Perturb_CD4_stim#GGAATCTTCTAGCAGT-1
[1,]                                   .                                   .
[2,]                                   .                                   .
[3,]                                   .                                   .
[4,]                                   .                                   .
[5,]                                   .                                   .
     Perturb_CD4_stim#ACCATCCTCCCACTTG-1
[1,]                                   .
[2,]                                   .
[3,]                                   .
[4,]                                   .
[5,]                                   .


2020-08-17 20:48:11 : Organizing SE PeakMatrix from ArrowFile : Perturb_CD4_stim.arrow, 0.379 mins elapsed.

2020-08-17 20:48:12 : se Perturb_CD4_stim, Class = RangedSummarizedExperiment
class: RangedSummarizedExperiment 
dim: 112469 5825 
metadata(0):
assays(1): PeakMatrix
rownames: NULL
rowData names(1): idx
colnames(5825): Perturb_CD4_stim#CATGTTTGTGTCGTCG-1
  Perturb_CD4_stim#TGTAGCAAGCTACGCC-1 ...
  Perturb_CD4_stim#GCTTAAGAGCGGACAT-1
  Perturb_CD4_stim#TAGCTTTGTCCAGACC-1
colData names(20): BlacklistRatio DoubletEnrichment ... ReadsInPeaks
  FRIP

2020-08-17 20:48:12 : Completed PeakMatrix : Perturb_CD4_stim(1 of 1), 0.387 mins elapsed.
2020-08-17 20:48:12 : Organizing colData, 0.387 mins elapsed.
2020-08-17 20:48:12 : Organizing rowData, 0.387 mins elapsed.
2020-08-17 20:48:12 : Organizing Assays (1 of 1), 0.388 mins elapsed.
2020-08-17 20:48:12 : Constructing SummarizedExperiment, 0.388 mins elapsed.
2020-08-17 20:48:12 : Finished Matrix Creation, 0.402 mins elapsed.
