
           ___      .______        ______  __    __  .______      
          /   \     |   _  \      /      ||  |  |  | |   _  \     
         /  ^  \    |  |_)  |    |  ,----'|  |__|  | |  |_)  |    
        /  /_\  \   |      /     |  |     |   __   | |      /     
       /  _____  \  |  |\  \\___ |  `----.|  |  |  | |  |\  \\___.
      /__/     \__\ | _| `._____| \______||__|  |__| | _| `._____|
    
Logging With ArchR!

Start Time : 2020-06-14 20:47:01

------- ArchR Info

ArchRThreads = 12
ArchRGenome = Hg38

------- System Info

Computer OS = unix
Total Cores = 24

------- Session Info

R version 3.6.2 (2019-12-12)
Platform: x86_64-pc-linux-gnu (64-bit)
Running under: CentOS Linux 7 (Core)

Matrix products: default
BLAS/LAPACK: /usr/lib64/libopenblasp-r0.3.3.so

locale:
 [1] LC_CTYPE=en_US.UTF-8       LC_NUMERIC=C               LC_TIME=en_US.UTF-8        LC_COLLATE=en_US.UTF-8     LC_MONETARY=en_US.UTF-8   
 [6] LC_MESSAGES=en_US.UTF-8    LC_PAPER=en_US.UTF-8       LC_NAME=C                  LC_ADDRESS=C               LC_TELEPHONE=C            
[11] LC_MEASUREMENT=en_US.UTF-8 LC_IDENTIFICATION=C       

attached base packages:
 [1] grid      parallel  stats4    stats     graphics  grDevices utils     datasets  methods   base     

other attached packages:
 [1] randomForest_4.6-14               scales_1.1.1                      viridis_0.5.1                     viridisLite_0.3.0                
 [5] harmony_1.0                       Rcpp_1.0.4.6                      uwot_0.1.8                        gridExtra_2.3                    
 [9] ggrastr_0.1.7                     nabor_0.5.0                       BSgenome.Hsapiens.UCSC.hg38_1.4.1 BSgenome_1.54.0                  
[13] rtracklayer_1.46.0                Biostrings_2.54.0                 XVector_0.26.0                    ArchR_0.9.1                      
[17] magrittr_1.5                      rhdf5_2.30.1                      SummarizedExperiment_1.16.1       DelayedArray_0.12.3              
[21] BiocParallel_1.20.1               matrixStats_0.56.0                Biobase_2.46.0                    GenomicRanges_1.38.0             
[25] GenomeInfoDb_1.22.1               IRanges_2.20.2                    S4Vectors_0.24.4                  BiocGenerics_0.32.0              
[29] BuenColors_0.5.6                  MASS_7.3-51.6                     Matrix_1.2-18                     ggplot2_3.3.0                    
[33] Seurat_3.1.5                      dplyr_0.8.5                       data.table_1.12.8                

loaded via a namespace (and not attached):
 [1] Rtsne_0.15               colorspace_1.4-1         ellipsis_0.3.1           ggridges_0.5.2           rstudioapi_0.11          hexbin_1.28.1           
 [7] leiden_0.3.3             listenv_0.8.0            farver_2.0.3             ggrepel_0.8.2            fansi_0.4.1              RSpectra_0.16-0         
[13] codetools_0.2-16         splines_3.6.2            R.methodsS3_1.8.0        jsonlite_1.6.1           Rsamtools_2.2.3          Cairo_1.5-12            
[19] ica_1.0-2                cluster_2.1.0            R.oo_1.23.0              png_0.1-7                sctransform_0.2.1        compiler_3.6.2          
[25] httr_1.4.1               assertthat_0.2.1         lazyeval_0.2.2           cli_2.0.2                htmltools_0.4.0          tools_3.6.2             
[31] rsvd_1.0.3               igraph_1.2.5             gtable_0.3.0             glue_1.4.1               GenomeInfoDbData_1.2.2   RANN_2.6.1              
[37] reshape2_1.4.4           rappdirs_0.3.1           vctrs_0.3.0              ape_5.3                  nlme_3.1-148             lmtest_0.9-37           
[43] stringr_1.4.0            globals_0.12.5           lifecycle_0.2.0          irlba_2.3.3              gtools_3.8.2             XML_3.99-0.3            
[49] future_1.17.0            zlibbioc_1.32.0          zoo_1.8-8                RColorBrewer_1.1-2       reticulate_1.16          pbapply_1.4-2           
[55] stringi_1.4.6            rlang_0.4.6              pkgconfig_2.0.3          bitops_1.0-6             lattice_0.20-41          ROCR_1.0-11             
[61] purrr_0.3.4              Rhdf5lib_1.8.0           GenomicAlignments_1.22.1 patchwork_1.0.0          htmlwidgets_1.5.1        labeling_0.3            
[67] cowplot_1.0.0            tidyselect_1.1.0         RcppAnnoy_0.0.16         plyr_1.8.6               R6_2.4.1                 pillar_1.4.4            
[73] withr_2.2.0              fitdistrplus_1.1-1       survival_3.1-12          RCurl_1.98-1.2           tibble_3.0.1             future.apply_1.5.0      
[79] tsne_0.1-3               crayon_1.3.4             utf8_1.1.4               KernSmooth_2.23-17       plotly_4.9.2.1           digest_0.6.25           
[85] tidyr_1.1.0              R.utils_2.9.2            munsell_0.5.0           


------- Log Info


2020-06-14 20:47:01 : Input-Parameters, Class = list

Input-Parameters$ArchRProj: length = 1
class: ArchRProject 
outputDirectory: /data/aryee/caleb/tenx-scatac/asap_paper/asap_large_data_files/pbmc_stim_data/output/archr_pbmc_stim/ASAP_PBMCstim_hg38 
samples(2): Control Stim
sampleColData names(1): ArrowFiles
cellColData names(16): Sample TSSEnrichment ... BlacklistRatio Clusters
numberOfCells(1): 1
medianTSS(1): 6.726
medianFrags(1): 98193


Input-Parameters$embedding: length = 1
[1] "UMAP"


Input-Parameters$colorBy: length = 1
[1] "GeneScoreMatrix"


Input-Parameters$name: length = 12
[1] "MS4A1"  "CD19"   "PTPRC"  "CD14"   "MPO"    "FCGR3A"


Input-Parameters$log2Norm: length = 0
NULL


Input-Parameters$pal: length = 0
NULL


Input-Parameters$size: length = 1
[1] 0.1


Input-Parameters$sampleCells: length = 0
NULL


Input-Parameters$rastr: length = 1
[1] TRUE


Input-Parameters$quantCut: length = 2
[1] 0.01 0.99


Input-Parameters$discreteSet: length = 0
NULL


Input-Parameters$continuousSet: length = 0
NULL


Input-Parameters$randomize: length = 1
[1] TRUE


Input-Parameters$keepAxis: length = 1
[1] FALSE


Input-Parameters$baseSize: length = 1
[1] 10


Input-Parameters$plotAs: length = 0
NULL


Input-Parameters$threads: length = 1
[1] 12


Input-Parameters$logFile: length = 1
[1] "ArchRLogs/ArchR-plotEmbedding-6e602304dc8-Date-2020-06-14_Time-20-47-01.log"



2020-06-14 20:47:02 : Getting UMAP Embedding

2020-06-14 20:47:02 : Embedding data.frame, Class = data.frame
Embedding data.frame: nRows = 8535, nCols = 2
                           Harmony#UMAP_Dimension_1 Harmony#UMAP_Dimension_2
Control#TATGTTCCACAAGGGT-1                 -6.58196               -3.8094150
Control#ATCCTGCTCCGCTCTA-1                -10.13271               -5.1320330
Control#GAACCTAAGTCGAGCA-1                -10.04667               -5.0094735
Control#AGTCAACTCATGAACC-1                -16.43844               -0.2362687
Control#ACCAAACCATCCTGGG-1                -16.43060               -0.2387575
Control#GAACCTAGTGTTGGTT-1                -16.16058               -0.4229938



2020-06-14 20:47:02 : ColorBy = GeneScoreMatrix

2020-06-14 20:47:02 : Getting Matrix Values...

2020-06-14 20:47:02 : FeatureDF, Class = DFrame
DataFrame with 24919 rows and 6 columns
      seqnames     start       end  strand         name     idx
         <Rle>   <array>   <array> <array>      <array> <array>
1         chr1     69091     70008       1        OR4F5       1
2         chr1    140339    139790       2    LOC729737       2
3         chr1    629010    585990       2 LOC101928626       3
4         chr1    817371    819837       1       FAM87B       4
5         chr1    825138    859446       1    LINC01128       5
...        ...       ...       ...     ...          ...     ...
24915     chrX 155264589 155258241       2       RAB39B     952
24916     chrX 155334657 155276211       2        CLIC2     953
24917     chrX 155380787 155381134       1       H2AFB1     954
24918     chrX 155382115 155383230       1         F8A2     955
24919     chrX 155669944 155490115       2        TMLHE     956


2020-06-14 20:47:02 : idx, Class = integer

idx: length = 12
[1]  4092  8910  1980 19234 10506  1733



2020-06-14 20:47:02 : FeatureDF-Subset, Class = DFrame
DataFrame with 12 rows and 6 columns
    seqnames     start       end  strand    name     idx
       <Rle>   <array>   <array> <array> <array> <array>
1      chr11  60455752  60470760       1   MS4A1     670
2      chr16  28931939  28939346       1    CD19     425
3       chr1 198638671 198757283       1   PTPRC    1980
4       chr5 140633701 140631728       2    CD14     741
5      chr17  58280935  58269856       2     MPO    1020
...      ...       ...       ...     ...     ...     ...
8       chr2  86808396  86784610       2    CD8A     605
9      chr12   6786858   6820808       1     CD4      88
10     chr12  68159747  68154768       2    IFNG     748
11     chr12   9760901   9752486       2    CD69     157
12     chr11 112961247 113278436       1   NCAM1    1315


2020-06-14 20:47:10 : Feature-Matrix, Class = dgCMatrix
Feature-Matrix: nRows = 12, nCols = 8535
Feature-Matrix: NonZeroEntries = 46169, EntryRange = [ 0.023 , 40.628 ]
5 x 5 sparse Matrix of class "dgCMatrix"
     Control#TATGTTCCACAAGGGT-1 Control#ATCCTGCTCCGCTCTA-1 Control#GAACCTAAGTCGAGCA-1 Control#AGTCAACTCATGAACC-1 Control#ACCAAACCATCCTGGG-1
[1,]                      0.139                      .                          .                          1.044                      0.999
[2,]                      .                          0.201                      .                          0.687                      0.624
[3,]                      0.268                      0.793                      0.625                      2.443                      2.251
[4,]                      0.319                      0.422                      1.064                      0.876                      1.121
[5,]                      0.159                      0.311                      0.534                      .                          .    



2020-06-14 20:47:10 : colorMat-Before-Impute, Class = matrix
      Control#TATGTTCCACAAGGGT-1 Control#ATCCTGCTCCGCTCTA-1 Control#GAACCTAAGTCGAGCA-1 Control#AGTCAACTCATGAACC-1 Control#ACCAAACCATCCTGGG-1
MS4A1                      0.139                      0.000                      0.000                      1.044                      0.999
CD19                       0.000                      0.201                      0.000                      0.687                      0.624
PTPRC                      0.268                      0.793                      0.625                      2.443                      2.251
CD14                       0.319                      0.422                      1.064                      0.876                      1.121
MPO                        0.159                      0.311                      0.534                      0.000                      0.000

colorMat-Before-Impute: nRows = 12, nCols = 8535


2020-06-14 20:47:10 : imputeMatrix Input-Parameters, Class = list

imputeMatrix Input-Parameters$mat: nRows = 12, nCols = 8535
      Control#TATGTTCCACAAGGGT-1 Control#ATCCTGCTCCGCTCTA-1 Control#GAACCTAAGTCGAGCA-1 Control#AGTCAACTCATGAACC-1 Control#ACCAAACCATCCTGGG-1
MS4A1                      0.139                      0.000                      0.000                      1.044                      0.999
CD19                       0.000                      0.201                      0.000                      0.687                      0.624
PTPRC                      0.268                      0.793                      0.625                      2.443                      2.251
CD14                       0.319                      0.422                      1.064                      0.876                      1.121
MPO                        0.159                      0.311                      0.534                      0.000                      0.000


imputeMatrix Input-Parameters$threads: length = 1
[1] 12


imputeMatrix Input-Parameters$verbose: length = 1
[1] FALSE


imputeMatrix Input-Parameters$logFile: length = 1
[1] "ArchRLogs/ArchR-plotEmbedding-6e602304dc8-Date-2020-06-14_Time-20-47-01.log"



2020-06-14 20:47:10 : mat, Class = matrix
      Control#TATGTTCCACAAGGGT-1 Control#ATCCTGCTCCGCTCTA-1 Control#GAACCTAAGTCGAGCA-1 Control#AGTCAACTCATGAACC-1 Control#ACCAAACCATCCTGGG-1
MS4A1                      0.139                      0.000                      0.000                      1.044                      0.999
CD19                       0.000                      0.201                      0.000                      0.687                      0.624
PTPRC                      0.268                      0.793                      0.625                      2.443                      2.251
CD14                       0.319                      0.422                      1.064                      0.876                      1.121
MPO                        0.159                      0.311                      0.534                      0.000                      0.000

mat: nRows = 12, nCols = 8535


2020-06-14 20:47:10 : weightList, Class = SimpleList

weightList$w1: length = 1
[1] "/data/aryee/caleb/tenx-scatac/asap_paper/asap_large_data_files/pbmc_stim_data/output/archr_pbmc_stim/ASAP_PBMCstim_hg38/ImputeWeights/Impute-Weights-Rep-1"


weightList$w2: length = 1
[1] "/data/aryee/caleb/tenx-scatac/asap_paper/asap_large_data_files/pbmc_stim_data/output/archr_pbmc_stim/ASAP_PBMCstim_hg38/ImputeWeights/Impute-Weights-Rep-2"


2020-06-14 20:47:10 : Imputing Matrix (1 of 2), 0 mins elapsed.

2020-06-14 20:47:10 : Using weights on disk

2020-06-14 20:47:10 : 1 of 2

2020-06-14 20:47:10 : 2 of 2
2020-06-14 20:47:11 : Imputing Matrix (2 of 2), 0.013 mins elapsed.

2020-06-14 20:47:11 : Using weights on disk

2020-06-14 20:47:11 : 1 of 2

2020-06-14 20:47:11 : 2 of 2
2020-06-14 20:47:11 : Finished Imputing Matrix, 0.024 mins elapsed.

2020-06-14 20:47:11 : colorMat-After-Impute, Class = matrix
      Control#TATGTTCCACAAGGGT-1 Control#ATCCTGCTCCGCTCTA-1 Control#GAACCTAAGTCGAGCA-1 Control#AGTCAACTCATGAACC-1 Control#ACCAAACCATCCTGGG-1
MS4A1                 0.05265975                 0.08600581                  0.1064646                 0.93463089                 0.95848292
CD19                  0.39687486                 0.52590313                  0.3656227                 0.55126793                 0.53429264
PTPRC                 0.69290088                 0.59628392                  0.6561278                 2.07330079                 2.05661335
CD14                  0.63292281                 1.46245949                  1.2800344                 0.84660150                 0.89043750
MPO                   0.13526776                 0.37833457                  0.4105180                 0.04681843                 0.06102748

colorMat-After-Impute: nRows = 12, nCols = 8535


2020-06-14 20:47:11 : ColorParams 1, Class = list

ColorParams 1$color: length = 8535
Control#TATGTTCCACAAGGGT-1 Control#ATCCTGCTCCGCTCTA-1 Control#GAACCTAAGTCGAGCA-1 Control#AGTCAACTCATGAACC-1 Control#ACCAAACCATCCTGGG-1 Control#GAACCTAGTGTTGGTT-1 
                0.05265975                 0.08600581                 0.10646464                 0.93463089                 0.95848292                 0.84176710 


ColorParams 1$discrete: length = 1
[1] FALSE


ColorParams 1$title: length = 1
[1] "UMAP of Harmony colored by\nGeneScoreMatrix : MS4A1"


ColorParams 1$continuousSet: length = 1
[1] "horizonExtra"



2020-06-14 20:47:11 : PlotParams-1, Class = list

PlotParams-1$color: length = 8535
Control#TATGTTCCACAAGGGT-1 Control#ATCCTGCTCCGCTCTA-1 Control#GAACCTAAGTCGAGCA-1 Control#AGTCAACTCATGAACC-1 Control#ACCAAACCATCCTGGG-1 Control#GAACCTAGTGTTGGTT-1 
                0.07403919                 0.11903182                 0.14595735                 0.95205834                 0.96973655                 0.88109064 


PlotParams-1$title: length = 1
[1] "UMAP of Harmony colored by\nGeneScoreMatrix : MS4A1"


PlotParams-1$x: length = 8535
[1]  -6.58196 -10.13271 -10.04667 -16.43844 -16.43060 -16.16058


PlotParams-1$y: length = 8535
[1] -3.8094150 -5.1320330 -5.0094735 -0.2362687 -0.2387575 -0.4229938


PlotParams-1$baseSize: length = 1
[1] 10


PlotParams-1$xlabel: length = 1
[1] "UMAP Dimension 1"


PlotParams-1$ylabel: length = 1
[1] "UMAP Dimension 2"


PlotParams-1$pal: length = 256
[1] "#000436" "#000439" "#00053D" "#000640" "#000744" "#000848"


PlotParams-1$colorTitle: length = 1
[1] "Log2(NormCounts + 1)"



2020-06-14 20:47:12 : PlotParams-2, Class = list

PlotParams-2$color: length = 8535
Control#TATGTTCCACAAGGGT-1 Control#ATCCTGCTCCGCTCTA-1 Control#GAACCTAAGTCGAGCA-1 Control#AGTCAACTCATGAACC-1 Control#ACCAAACCATCCTGGG-1 Control#GAACCTAGTGTTGGTT-1 
                 0.4822028                  0.6096634                  0.4495589                  0.6334479                  0.6175737                  0.6722143 


PlotParams-2$title: length = 1
[1] "UMAP of Harmony colored by\nGeneScoreMatrix : CD19"


PlotParams-2$x: length = 8535
[1]  -6.58196 -10.13271 -10.04667 -16.43844 -16.43060 -16.16058


PlotParams-2$y: length = 8535
[1] -3.8094150 -5.1320330 -5.0094735 -0.2362687 -0.2387575 -0.4229938


PlotParams-2$baseSize: length = 1
[1] 10


PlotParams-2$xlabel: length = 1
[1] "UMAP Dimension 1"


PlotParams-2$ylabel: length = 1
[1] "UMAP Dimension 2"


PlotParams-2$pal: length = 256
[1] "#000436" "#000439" "#00053D" "#000640" "#000744" "#000848"


PlotParams-2$colorTitle: length = 1
[1] "Log2(NormCounts + 1)"



2020-06-14 20:47:12 : PlotParams-3, Class = list

PlotParams-3$color: length = 8535
Control#TATGTTCCACAAGGGT-1 Control#ATCCTGCTCCGCTCTA-1 Control#GAACCTAAGTCGAGCA-1 Control#AGTCAACTCATGAACC-1 Control#ACCAAACCATCCTGGG-1 Control#GAACCTAGTGTTGGTT-1 
                 0.7594975                  0.6747173                  0.7278140                  1.6197890                  1.6119341                  1.5735538 


PlotParams-3$title: length = 1
[1] "UMAP of Harmony colored by\nGeneScoreMatrix : PTPRC"


PlotParams-3$x: length = 8535
[1]  -6.58196 -10.13271 -10.04667 -16.43844 -16.43060 -16.16058


PlotParams-3$y: length = 8535
[1] -3.8094150 -5.1320330 -5.0094735 -0.2362687 -0.2387575 -0.4229938


PlotParams-3$baseSize: length = 1
[1] 10


PlotParams-3$xlabel: length = 1
[1] "UMAP Dimension 1"


PlotParams-3$ylabel: length = 1
[1] "UMAP Dimension 2"


PlotParams-3$pal: length = 256
[1] "#000436" "#000439" "#00053D" "#000640" "#000744" "#000848"


PlotParams-3$colorTitle: length = 1
[1] "Log2(NormCounts + 1)"



2020-06-14 20:47:13 : PlotParams-4, Class = list

PlotParams-4$color: length = 8535
Control#TATGTTCCACAAGGGT-1 Control#ATCCTGCTCCGCTCTA-1 Control#GAACCTAAGTCGAGCA-1 Control#AGTCAACTCATGAACC-1 Control#ACCAAACCATCCTGGG-1 Control#GAACCTAGTGTTGGTT-1 
                 0.7074566                  1.3001000                  1.1890556                  0.8848726                  0.9187202                  0.8167594 


PlotParams-4$title: length = 1
[1] "UMAP of Harmony colored by\nGeneScoreMatrix : CD14"


PlotParams-4$x: length = 8535
[1]  -6.58196 -10.13271 -10.04667 -16.43844 -16.43060 -16.16058


PlotParams-4$y: length = 8535
[1] -3.8094150 -5.1320330 -5.0094735 -0.2362687 -0.2387575 -0.4229938


PlotParams-4$baseSize: length = 1
[1] 10


PlotParams-4$xlabel: length = 1
[1] "UMAP Dimension 1"


PlotParams-4$ylabel: length = 1
[1] "UMAP Dimension 2"


PlotParams-4$pal: length = 256
[1] "#000436" "#000439" "#00053D" "#000640" "#000744" "#000848"


PlotParams-4$colorTitle: length = 1
[1] "Log2(NormCounts + 1)"



2020-06-14 20:47:13 : PlotParams-5, Class = list

PlotParams-5$color: length = 8535
Control#TATGTTCCACAAGGGT-1 Control#ATCCTGCTCCGCTCTA-1 Control#GAACCTAAGTCGAGCA-1 Control#AGTCAACTCATGAACC-1 Control#ACCAAACCATCCTGGG-1 Control#GAACCTAGTGTTGGTT-1 
                0.18303260                 0.46292613                 0.49622503                 0.06601123                 0.08546203                 0.08448013 


PlotParams-5$title: length = 1
[1] "UMAP of Harmony colored by\nGeneScoreMatrix : MPO"


PlotParams-5$x: length = 8535
[1]  -6.58196 -10.13271 -10.04667 -16.43844 -16.43060 -16.16058


PlotParams-5$y: length = 8535
[1] -3.8094150 -5.1320330 -5.0094735 -0.2362687 -0.2387575 -0.4229938


PlotParams-5$baseSize: length = 1
[1] 10


PlotParams-5$xlabel: length = 1
[1] "UMAP Dimension 1"


PlotParams-5$ylabel: length = 1
[1] "UMAP Dimension 2"


PlotParams-5$pal: length = 256
[1] "#000436" "#000439" "#00053D" "#000640" "#000744" "#000848"


PlotParams-5$colorTitle: length = 1
[1] "Log2(NormCounts + 1)"



2020-06-14 20:47:14 : PlotParams-6, Class = list

PlotParams-6$color: length = 8535
Control#TATGTTCCACAAGGGT-1 Control#ATCCTGCTCCGCTCTA-1 Control#GAACCTAAGTCGAGCA-1 Control#AGTCAACTCATGAACC-1 Control#ACCAAACCATCCTGGG-1 Control#GAACCTAGTGTTGGTT-1 
                 0.6353911                  0.4932769                  0.4653116                  0.5029726                  0.4992935                  0.5207473 


PlotParams-6$title: length = 1
[1] "UMAP of Harmony colored by\nGeneScoreMatrix : FCGR3A"


PlotParams-6$x: length = 8535
[1]  -6.58196 -10.13271 -10.04667 -16.43844 -16.43060 -16.16058


PlotParams-6$y: length = 8535
[1] -3.8094150 -5.1320330 -5.0094735 -0.2362687 -0.2387575 -0.4229938


PlotParams-6$baseSize: length = 1
[1] 10


PlotParams-6$xlabel: length = 1
[1] "UMAP Dimension 1"


PlotParams-6$ylabel: length = 1
[1] "UMAP Dimension 2"


PlotParams-6$pal: length = 256
[1] "#000436" "#000439" "#00053D" "#000640" "#000744" "#000848"


PlotParams-6$colorTitle: length = 1
[1] "Log2(NormCounts + 1)"



2020-06-14 20:47:14 : PlotParams-7, Class = list

PlotParams-7$color: length = 8535
Control#TATGTTCCACAAGGGT-1 Control#ATCCTGCTCCGCTCTA-1 Control#GAACCTAAGTCGAGCA-1 Control#AGTCAACTCATGAACC-1 Control#ACCAAACCATCCTGGG-1 Control#GAACCTAGTGTTGGTT-1 
                 0.3895152                  0.1425371                  0.1674435                  0.1309936                  0.1528392                  0.1735555 


PlotParams-7$title: length = 1
[1] "UMAP of Harmony colored by\nGeneScoreMatrix : CD3D"


PlotParams-7$x: length = 8535
[1]  -6.58196 -10.13271 -10.04667 -16.43844 -16.43060 -16.16058


PlotParams-7$y: length = 8535
[1] -3.8094150 -5.1320330 -5.0094735 -0.2362687 -0.2387575 -0.4229938


PlotParams-7$baseSize: length = 1
[1] 10


PlotParams-7$xlabel: length = 1
[1] "UMAP Dimension 1"


PlotParams-7$ylabel: length = 1
[1] "UMAP Dimension 2"


PlotParams-7$pal: length = 256
[1] "#000436" "#000439" "#00053D" "#000640" "#000744" "#000848"


PlotParams-7$colorTitle: length = 1
[1] "Log2(NormCounts + 1)"



2020-06-14 20:47:15 : PlotParams-8, Class = list

PlotParams-8$color: length = 8535
Control#TATGTTCCACAAGGGT-1 Control#ATCCTGCTCCGCTCTA-1 Control#GAACCTAAGTCGAGCA-1 Control#AGTCAACTCATGAACC-1 Control#ACCAAACCATCCTGGG-1 Control#GAACCTAGTGTTGGTT-1 
                 0.3279635                  0.2967451                  0.2476037                  0.2991645                  0.3366981                  0.3289875 


PlotParams-8$title: length = 1
[1] "UMAP of Harmony colored by\nGeneScoreMatrix : CD8A"


PlotParams-8$x: length = 8535
[1]  -6.58196 -10.13271 -10.04667 -16.43844 -16.43060 -16.16058


PlotParams-8$y: length = 8535
[1] -3.8094150 -5.1320330 -5.0094735 -0.2362687 -0.2387575 -0.4229938


PlotParams-8$baseSize: length = 1
[1] 10


PlotParams-8$xlabel: length = 1
[1] "UMAP Dimension 1"


PlotParams-8$ylabel: length = 1
[1] "UMAP Dimension 2"


PlotParams-8$pal: length = 256
[1] "#000436" "#000439" "#00053D" "#000640" "#000744" "#000848"


PlotParams-8$colorTitle: length = 1
[1] "Log2(NormCounts + 1)"



2020-06-14 20:47:15 : PlotParams-9, Class = list

PlotParams-9$color: length = 8535
Control#TATGTTCCACAAGGGT-1 Control#ATCCTGCTCCGCTCTA-1 Control#GAACCTAAGTCGAGCA-1 Control#AGTCAACTCATGAACC-1 Control#ACCAAACCATCCTGGG-1 Control#GAACCTAGTGTTGGTT-1 
                 0.3034969                  0.3744231                  0.3090961                  0.1979713                  0.2209101                  0.2041755 


PlotParams-9$title: length = 1
[1] "UMAP of Harmony colored by\nGeneScoreMatrix : CD4"


PlotParams-9$x: length = 8535
[1]  -6.58196 -10.13271 -10.04667 -16.43844 -16.43060 -16.16058


PlotParams-9$y: length = 8535
[1] -3.8094150 -5.1320330 -5.0094735 -0.2362687 -0.2387575 -0.4229938


PlotParams-9$baseSize: length = 1
[1] 10


PlotParams-9$xlabel: length = 1
[1] "UMAP Dimension 1"


PlotParams-9$ylabel: length = 1
[1] "UMAP Dimension 2"


PlotParams-9$pal: length = 256
[1] "#000436" "#000439" "#00053D" "#000640" "#000744" "#000848"


PlotParams-9$colorTitle: length = 1
[1] "Log2(NormCounts + 1)"



2020-06-14 20:47:16 : PlotParams-10, Class = list

PlotParams-10$color: length = 8535
Control#TATGTTCCACAAGGGT-1 Control#ATCCTGCTCCGCTCTA-1 Control#GAACCTAAGTCGAGCA-1 Control#AGTCAACTCATGAACC-1 Control#ACCAAACCATCCTGGG-1 Control#GAACCTAGTGTTGGTT-1 
                 0.5155495                  0.1611691                  0.1560812                  0.3914654                  0.3698475                  0.3615920 


PlotParams-10$title: length = 1
[1] "UMAP of Harmony colored by\nGeneScoreMatrix : IFNG"


PlotParams-10$x: length = 8535
[1]  -6.58196 -10.13271 -10.04667 -16.43844 -16.43060 -16.16058


PlotParams-10$y: length = 8535
[1] -3.8094150 -5.1320330 -5.0094735 -0.2362687 -0.2387575 -0.4229938


PlotParams-10$baseSize: length = 1
[1] 10


PlotParams-10$xlabel: length = 1
[1] "UMAP Dimension 1"


PlotParams-10$ylabel: length = 1
[1] "UMAP Dimension 2"


PlotParams-10$pal: length = 256
[1] "#000436" "#000439" "#00053D" "#000640" "#000744" "#000848"


PlotParams-10$colorTitle: length = 1
[1] "Log2(NormCounts + 1)"



2020-06-14 20:47:16 : PlotParams-11, Class = list

PlotParams-11$color: length = 8535
Control#TATGTTCCACAAGGGT-1 Control#ATCCTGCTCCGCTCTA-1 Control#GAACCTAAGTCGAGCA-1 Control#AGTCAACTCATGAACC-1 Control#ACCAAACCATCCTGGG-1 Control#GAACCTAGTGTTGGTT-1 
                 1.0058666                  0.6031962                  0.6302763                  1.6225976                  1.6351176                  1.5383896 


PlotParams-11$title: length = 1
[1] "UMAP of Harmony colored by\nGeneScoreMatrix : CD69"


PlotParams-11$x: length = 8535
[1]  -6.58196 -10.13271 -10.04667 -16.43844 -16.43060 -16.16058


PlotParams-11$y: length = 8535
[1] -3.8094150 -5.1320330 -5.0094735 -0.2362687 -0.2387575 -0.4229938


PlotParams-11$baseSize: length = 1
[1] 10


PlotParams-11$xlabel: length = 1
[1] "UMAP Dimension 1"


PlotParams-11$ylabel: length = 1
[1] "UMAP Dimension 2"


PlotParams-11$pal: length = 256
[1] "#000436" "#000439" "#00053D" "#000640" "#000744" "#000848"


PlotParams-11$colorTitle: length = 1
[1] "Log2(NormCounts + 1)"



2020-06-14 20:47:16 : PlotParams-12, Class = list

PlotParams-12$color: length = 8535
Control#TATGTTCCACAAGGGT-1 Control#ATCCTGCTCCGCTCTA-1 Control#GAACCTAAGTCGAGCA-1 Control#AGTCAACTCATGAACC-1 Control#ACCAAACCATCCTGGG-1 Control#GAACCTAGTGTTGGTT-1 
                 0.7477108                  1.0851791                  0.9700488                  0.1752175                  0.1653410                  0.1881283 


PlotParams-12$title: length = 1
[1] "UMAP of Harmony colored by\nGeneScoreMatrix : NCAM1"


PlotParams-12$x: length = 8535
[1]  -6.58196 -10.13271 -10.04667 -16.43844 -16.43060 -16.16058


PlotParams-12$y: length = 8535
[1] -3.8094150 -5.1320330 -5.0094735 -0.2362687 -0.2387575 -0.4229938


PlotParams-12$baseSize: length = 1
[1] 10


PlotParams-12$xlabel: length = 1
[1] "UMAP Dimension 1"


PlotParams-12$ylabel: length = 1
[1] "UMAP Dimension 2"


PlotParams-12$pal: length = 256
[1] "#000436" "#000439" "#00053D" "#000640" "#000744" "#000848"


PlotParams-12$colorTitle: length = 1
[1] "Log2(NormCounts + 1)"



------- Completed

End Time : 2020-06-14 20:47:17
Elapsed Time Minutes = 0.273623077074687
Elapsed Time Hours = 0.00456047693888346

-------



