
           ___      .______        ______  __    __  .______      
          /   \     |   _  \      /      ||  |  |  | |   _  \     
         /  ^  \    |  |_)  |    |  ,----'|  |__|  | |  |_)  |    
        /  /_\  \   |      /     |  |     |   __   | |      /     
       /  _____  \  |  |\  \\___ |  `----.|  |  |  | |  |\  \\___.
      /__/     \__\ | _| `._____| \______||__|  |__| | _| `._____|
    
Logging With ArchR!

Start Time : 2020-06-14 17:00:29

------- ArchR Info

ArchRThreads = 12
ArchRGenome = Hg38

------- System Info

Computer OS = unix
Total Cores = 24

------- Session Info

R version 3.6.2 (2019-12-12)
Platform: x86_64-pc-linux-gnu (64-bit)
Running under: CentOS Linux 7 (Core)

Matrix products: default
BLAS/LAPACK: /usr/lib64/libopenblasp-r0.3.3.so

locale:
 [1] LC_CTYPE=en_US.UTF-8       LC_NUMERIC=C               LC_TIME=en_US.UTF-8        LC_COLLATE=en_US.UTF-8     LC_MONETARY=en_US.UTF-8   
 [6] LC_MESSAGES=en_US.UTF-8    LC_PAPER=en_US.UTF-8       LC_NAME=C                  LC_ADDRESS=C               LC_TELEPHONE=C            
[11] LC_MEASUREMENT=en_US.UTF-8 LC_IDENTIFICATION=C       

attached base packages:
 [1] grid      parallel  stats4    stats     graphics  grDevices utils     datasets  methods   base     

other attached packages:
 [1] harmony_1.0                       Rcpp_1.0.4.6                      uwot_0.1.8                        gridExtra_2.3                    
 [5] ggrastr_0.1.7                     nabor_0.5.0                       BSgenome.Hsapiens.UCSC.hg38_1.4.1 BSgenome_1.54.0                  
 [9] rtracklayer_1.46.0                Biostrings_2.54.0                 XVector_0.26.0                    ArchR_0.9.1                      
[13] magrittr_1.5                      rhdf5_2.30.1                      SummarizedExperiment_1.16.1       DelayedArray_0.12.3              
[17] BiocParallel_1.20.1               matrixStats_0.56.0                Biobase_2.46.0                    GenomicRanges_1.38.0             
[21] GenomeInfoDb_1.22.1               IRanges_2.20.2                    S4Vectors_0.24.4                  BiocGenerics_0.32.0              
[25] BuenColors_0.5.6                  MASS_7.3-51.6                     Matrix_1.2-18                     ggplot2_3.3.0                    
[29] Seurat_3.1.5                      dplyr_0.8.5                       data.table_1.12.8                

loaded via a namespace (and not attached):
 [1] Rtsne_0.15               colorspace_1.4-1         ellipsis_0.3.1           ggridges_0.5.2           rstudioapi_0.11          hexbin_1.28.1           
 [7] leiden_0.3.3             listenv_0.8.0            farver_2.0.3             ggrepel_0.8.2            RSpectra_0.16-0          codetools_0.2-16        
[13] splines_3.6.2            R.methodsS3_1.8.0        jsonlite_1.6.1           Rsamtools_2.2.3          Cairo_1.5-12             ica_1.0-2               
[19] cluster_2.1.0            R.oo_1.23.0              png_0.1-7                sctransform_0.2.1        compiler_3.6.2           httr_1.4.1              
[25] assertthat_0.2.1         lazyeval_0.2.2           htmltools_0.4.0          tools_3.6.2              rsvd_1.0.3               igraph_1.2.5            
[31] gtable_0.3.0             glue_1.4.1               GenomeInfoDbData_1.2.2   RANN_2.6.1               reshape2_1.4.4           rappdirs_0.3.1          
[37] vctrs_0.3.0              ape_5.3                  nlme_3.1-148             lmtest_0.9-37            stringr_1.4.0            globals_0.12.5          
[43] lifecycle_0.2.0          irlba_2.3.3              gtools_3.8.2             XML_3.99-0.3             future_1.17.0            zlibbioc_1.32.0         
[49] zoo_1.8-8                scales_1.1.1             RColorBrewer_1.1-2       reticulate_1.16          pbapply_1.4-2            stringi_1.4.6           
[55] rlang_0.4.6              pkgconfig_2.0.3          bitops_1.0-6             lattice_0.20-41          ROCR_1.0-11              purrr_0.3.4             
[61] Rhdf5lib_1.8.0           GenomicAlignments_1.22.1 patchwork_1.0.0          htmlwidgets_1.5.1        labeling_0.3             cowplot_1.0.0           
[67] tidyselect_1.1.0         RcppAnnoy_0.0.16         plyr_1.8.6               R6_2.4.1                 pillar_1.4.4             withr_2.2.0             
[73] fitdistrplus_1.1-1       survival_3.1-12          RCurl_1.98-1.2           tibble_3.0.1             future.apply_1.5.0       tsne_0.1-3              
[79] crayon_1.3.4             KernSmooth_2.23-17       plotly_4.9.2.1           digest_0.6.25            tidyr_1.1.0              R.utils_2.9.2           
[85] munsell_0.5.0            viridisLite_0.3.0       


------- Log Info


2020-06-14 17:00:30 : Input-Parameters, Class = list

Input-Parameters$ArchRProj: length = 1
class: ArchRProject 
outputDirectory: /data/aryee/caleb/tenx-scatac/asap_paper/asap_large_data_files/pbmc_stim_data/output/archr_pbmc_stim/ASAP_PBMCstim_hg38 
samples(2): Control Stim
sampleColData names(1): ArrowFiles
cellColData names(16): Sample TSSEnrichment ... BlacklistRatio Clusters
numberOfCells(1): 1
medianTSS(1): 6.726
medianFrags(1): 98193


Input-Parameters$embedding: length = 1
[1] "UMAP"


Input-Parameters$colorBy: length = 1
[1] "cellColData"


Input-Parameters$name: length = 1
[1] "Sample"


Input-Parameters$log2Norm: length = 0
NULL


Input-Parameters$imputeWeights: length = 0
NULL


Input-Parameters$pal: length = 0
NULL


Input-Parameters$size: length = 1
[1] 0.1


Input-Parameters$sampleCells: length = 0
NULL


Input-Parameters$rastr: length = 1
[1] TRUE


Input-Parameters$quantCut: length = 2
[1] 0.01 0.99


Input-Parameters$discreteSet: length = 0
NULL


Input-Parameters$continuousSet: length = 0
NULL


Input-Parameters$randomize: length = 1
[1] TRUE


Input-Parameters$keepAxis: length = 1
[1] FALSE


Input-Parameters$baseSize: length = 1
[1] 10


Input-Parameters$plotAs: length = 0
NULL


Input-Parameters$threads: length = 1
[1] 12


Input-Parameters$logFile: length = 1
[1] "ArchRLogs/ArchR-plotEmbedding-6e601d153232-Date-2020-06-14_Time-17-00-29.log"



2020-06-14 17:00:30 : Getting UMAP Embedding

2020-06-14 17:00:30 : Embedding data.frame, Class = data.frame
Embedding data.frame: nRows = 9661, nCols = 2
                           Harmony#UMAP_Dimension_1 Harmony#UMAP_Dimension_2
Control#TATGTTCCACAAGGGT-1                 0.640990                 8.646123
Control#AACCGATCACGGTTAT-1                -8.609211                 5.039336
Control#ATCCTGCTCCGCTCTA-1                -2.298941                 8.263263
Control#GAACCTAAGTCGAGCA-1                -2.301586                 8.279199
Control#AGTCAACTCATGAACC-1               -10.373133                 4.132127
Control#ACCAAACCATCCTGGG-1               -10.407775                 4.115192



2020-06-14 17:00:30 : ColorBy = cellColData

2020-06-14 17:00:30 : ColorParams 1, Class = list

ColorParams 1$color: length = 9661
[1] "Control" "Control" "Control" "Control" "Control" "Control"


ColorParams 1$discrete: length = 1
[1] TRUE


ColorParams 1$continuousSet: length = 1
[1] "solarExtra"


ColorParams 1$discreteSet: length = 1
[1] "stallion"


ColorParams 1$title: length = 1
[1] "UMAP of Harmony  colored by\ncolData :  Sample"



2020-06-14 17:00:30 : PlotParams-1, Class = list

PlotParams-1$color: length = 9661
[1] "Control" "Control" "Control" "Control" "Control" "Control"


PlotParams-1$discrete: length = 1
[1] TRUE


PlotParams-1$continuousSet: length = 1
[1] "solarExtra"


PlotParams-1$discreteSet: length = 1
[1] "stallion"


PlotParams-1$title: length = 1
[1] "UMAP of Harmony  colored by\ncolData :  Sample"


PlotParams-1$x: length = 9661
[1]   0.640990  -8.609211  -2.298941  -2.301586 -10.373133 -10.407775


PlotParams-1$y: length = 9661
[1] 8.646123 5.039336 8.263263 8.279199 4.132127 4.115192


PlotParams-1$baseSize: length = 1
[1] 10


PlotParams-1$xlabel: length = 1
[1] "UMAP Dimension 1"


PlotParams-1$ylabel: length = 1
[1] "UMAP Dimension 2"


PlotParams-1$rastr: length = 1
[1] TRUE


PlotParams-1$size: length = 1
[1] 0.1


PlotParams-1$randomize: length = 1
[1] TRUE



------- Completed

End Time : 2020-06-14 17:00:30
Elapsed Time Minutes = 0.031857967376709
Elapsed Time Hours = 0.000531045065985786

-------



