
           ___      .______        ______  __    __  .______      
          /   \     |   _  \      /      ||  |  |  | |   _  \     
         /  ^  \    |  |_)  |    |  ,----'|  |__|  | |  |_)  |    
        /  /_\  \   |      /     |  |     |   __   | |      /     
       /  _____  \  |  |\  \\___ |  `----.|  |  |  | |  |\  \\___.
      /__/     \__\ | _| `._____| \______||__|  |__| | _| `._____|
    
Logging With ArchR!

Start Time : 2020-06-14 20:31:47

------- ArchR Info

ArchRThreads = 12
ArchRGenome = Hg38

------- System Info

Computer OS = unix
Total Cores = 24

------- Session Info

R version 3.6.2 (2019-12-12)
Platform: x86_64-pc-linux-gnu (64-bit)
Running under: CentOS Linux 7 (Core)

Matrix products: default
BLAS/LAPACK: /usr/lib64/libopenblasp-r0.3.3.so

locale:
 [1] LC_CTYPE=en_US.UTF-8       LC_NUMERIC=C               LC_TIME=en_US.UTF-8        LC_COLLATE=en_US.UTF-8     LC_MONETARY=en_US.UTF-8   
 [6] LC_MESSAGES=en_US.UTF-8    LC_PAPER=en_US.UTF-8       LC_NAME=C                  LC_ADDRESS=C               LC_TELEPHONE=C            
[11] LC_MEASUREMENT=en_US.UTF-8 LC_IDENTIFICATION=C       

attached base packages:
 [1] grid      parallel  stats4    stats     graphics  grDevices utils     datasets  methods   base     

other attached packages:
 [1] randomForest_4.6-14               scales_1.1.1                      viridis_0.5.1                     viridisLite_0.3.0                
 [5] harmony_1.0                       Rcpp_1.0.4.6                      uwot_0.1.8                        gridExtra_2.3                    
 [9] ggrastr_0.1.7                     nabor_0.5.0                       BSgenome.Hsapiens.UCSC.hg38_1.4.1 BSgenome_1.54.0                  
[13] rtracklayer_1.46.0                Biostrings_2.54.0                 XVector_0.26.0                    ArchR_0.9.1                      
[17] magrittr_1.5                      rhdf5_2.30.1                      SummarizedExperiment_1.16.1       DelayedArray_0.12.3              
[21] BiocParallel_1.20.1               matrixStats_0.56.0                Biobase_2.46.0                    GenomicRanges_1.38.0             
[25] GenomeInfoDb_1.22.1               IRanges_2.20.2                    S4Vectors_0.24.4                  BiocGenerics_0.32.0              
[29] BuenColors_0.5.6                  MASS_7.3-51.6                     Matrix_1.2-18                     ggplot2_3.3.0                    
[33] Seurat_3.1.5                      dplyr_0.8.5                       data.table_1.12.8                

loaded via a namespace (and not attached):
 [1] Rtsne_0.15               colorspace_1.4-1         ellipsis_0.3.1           ggridges_0.5.2           rstudioapi_0.11          hexbin_1.28.1           
 [7] leiden_0.3.3             listenv_0.8.0            farver_2.0.3             ggrepel_0.8.2            fansi_0.4.1              RSpectra_0.16-0         
[13] codetools_0.2-16         splines_3.6.2            R.methodsS3_1.8.0        jsonlite_1.6.1           Rsamtools_2.2.3          Cairo_1.5-12            
[19] ica_1.0-2                cluster_2.1.0            R.oo_1.23.0              png_0.1-7                sctransform_0.2.1        compiler_3.6.2          
[25] httr_1.4.1               assertthat_0.2.1         lazyeval_0.2.2           cli_2.0.2                htmltools_0.4.0          tools_3.6.2             
[31] rsvd_1.0.3               igraph_1.2.5             gtable_0.3.0             glue_1.4.1               GenomeInfoDbData_1.2.2   RANN_2.6.1              
[37] reshape2_1.4.4           rappdirs_0.3.1           vctrs_0.3.0              ape_5.3                  nlme_3.1-148             lmtest_0.9-37           
[43] stringr_1.4.0            globals_0.12.5           lifecycle_0.2.0          irlba_2.3.3              gtools_3.8.2             XML_3.99-0.3            
[49] future_1.17.0            zlibbioc_1.32.0          zoo_1.8-8                RColorBrewer_1.1-2       reticulate_1.16          pbapply_1.4-2           
[55] stringi_1.4.6            rlang_0.4.6              pkgconfig_2.0.3          bitops_1.0-6             lattice_0.20-41          ROCR_1.0-11             
[61] purrr_0.3.4              Rhdf5lib_1.8.0           GenomicAlignments_1.22.1 patchwork_1.0.0          htmlwidgets_1.5.1        labeling_0.3            
[67] cowplot_1.0.0            tidyselect_1.1.0         RcppAnnoy_0.0.16         plyr_1.8.6               R6_2.4.1                 pillar_1.4.4            
[73] withr_2.2.0              fitdistrplus_1.1-1       survival_3.1-12          RCurl_1.98-1.2           tibble_3.0.1             future.apply_1.5.0      
[79] tsne_0.1-3               crayon_1.3.4             utf8_1.1.4               KernSmooth_2.23-17       plotly_4.9.2.1           digest_0.6.25           
[85] tidyr_1.1.0              R.utils_2.9.2            munsell_0.5.0           


------- Log Info


2020-06-14 20:31:47 : addDoubletScores Input-Parameters, Class = list

addDoubletScores Input-Parameters$input: length = 1
class: ArchRProject 
outputDirectory: /data/aryee/caleb/tenx-scatac/asap_paper/asap_large_data_files/pbmc_stim_data/output/archr_pbmc_stim/ASAP_PBMCstim_hg38 
samples(2): Control Stim
sampleColData names(1): ArrowFiles
cellColData names(15): Sample TSSEnrichment ... DoubletEnrichment BlacklistRatio
numberOfCells(1): 1
medianTSS(1): 6.726
medianFrags(1): 98193


addDoubletScores Input-Parameters$useMatrix: length = 1
[1] "TileMatrix"


addDoubletScores Input-Parameters$k: length = 1
[1] 10


addDoubletScores Input-Parameters$nTrials: length = 1
[1] 5


addDoubletScores Input-Parameters$dimsToUse: length = 30
[1] 1 2 3 4 5 6


addDoubletScores Input-Parameters$LSIMethod: length = 1
[1] 1


addDoubletScores Input-Parameters$scaleDims: length = 1
[1] FALSE


addDoubletScores Input-Parameters$corCutOff: length = 1
[1] 0.75


addDoubletScores Input-Parameters$knnMethod: length = 1
[1] "UMAP"


addDoubletScores Input-Parameters$outDir: length = 1
[1] "/data/aryee/caleb/tenx-scatac/asap_paper/asap_large_data_files/pbmc_stim_data/output/archr_pbmc_stim/ASAP_PBMCstim_hg38"


addDoubletScores Input-Parameters$threads: length = 1
[1] 12


addDoubletScores Input-Parameters$force: length = 1
[1] FALSE


addDoubletScores Input-Parameters$parallelParam: length = 0
NULL


addDoubletScores Input-Parameters$verbose: length = 1
[1] TRUE


addDoubletScores Input-Parameters$logFile: length = 1
[1] "ArchRLogs/ArchR-addDoubletScores-6e6051914dd8-Date-2020-06-14_Time-20-31-47.log"


2020-06-14 20:31:47 : Batch Execution w/ safelapply!, 0 mins elapsed.
2020-06-14 20:31:47 : Stim (1 of 2) :  Computing Doublet Statistics, 0 mins elapsed.
2020-06-14 20:31:48 : Running IterativeLSI, 0.008 mins elapsed.

2020-06-14 20:31:48 : IterativeLSI Input-Parameters, Class = list

IterativeLSI Input-Parameters$ArchRProj: length = 1
class: ArchRProject 
outputDirectory: /data/aryee/caleb/tenx-scatac/asap_paper/asap_reproducibility/pbmc_stimulation_asapseq/code/tmp/tmp-6e60140c8576-Date-2020-06-14_Time-20-31-47 
samples(1): Stim
sampleColData names(1): ArrowFiles
cellColData names(15): Sample TSSEnrichment ... DoubletEnrichment BlacklistRatio
numberOfCells(1): 1
medianTSS(1): 14.659
medianFrags(1): 99696


IterativeLSI Input-Parameters$useMatrix: length = 1
[1] "TileMatrix"


IterativeLSI Input-Parameters$name: length = 1
[1] "IterativeLSI"


IterativeLSI Input-Parameters$iterations: length = 1
[1] 2


IterativeLSI Input-Parameters$varFeatures: length = 1
[1] 25000


IterativeLSI Input-Parameters$dimsToUse: length = 30
[1] 1 2 3 4 5 6


IterativeLSI Input-Parameters$LSIMethod: length = 1
[1] 1


IterativeLSI Input-Parameters$scaleDims: length = 1
[1] FALSE


IterativeLSI Input-Parameters$corCutOff: length = 1
[1] 0.75


IterativeLSI Input-Parameters$binarize: length = 1
[1] TRUE


IterativeLSI Input-Parameters$outlierQuantiles: length = 0
NULL


IterativeLSI Input-Parameters$filterBias: length = 1
[1] FALSE


IterativeLSI Input-Parameters$sampleCellsPre: length = 1
[1] 10000


IterativeLSI Input-Parameters$projectCellsPre: length = 1
[1] FALSE


IterativeLSI Input-Parameters$sampleCellsFinal: length = 0
NULL


IterativeLSI Input-Parameters$selectionMethod: length = 1
[1] "var"


IterativeLSI Input-Parameters$scaleTo: length = 1
[1] 10000


IterativeLSI Input-Parameters$totalFeatures: length = 1
[1] 5e+05


IterativeLSI Input-Parameters$filterQuantile: length = 1
[1] 0.995


IterativeLSI Input-Parameters$excludeChr: length = 0
NULL


IterativeLSI Input-Parameters$saveIterations: length = 1
[1] FALSE


IterativeLSI Input-Parameters$nPlot: length = 1
[1] 10000


IterativeLSI Input-Parameters$outDir: length = 1
[1] "/data/aryee/caleb/tenx-scatac/asap_paper/asap_reproducibility/pbmc_stimulation_asapseq/code/tmp/tmp-6e60140c8576-Date-2020-06-14_Time-20-31-47"


IterativeLSI Input-Parameters$threads: length = 1
[1] 12


IterativeLSI Input-Parameters$seed: length = 1
[1] 1


IterativeLSI Input-Parameters$verbose: length = 1
[1] FALSE


IterativeLSI Input-Parameters$force: length = 1
[1] TRUE


IterativeLSI Input-Parameters$logFile: length = 1
[1] "ArchRLogs/ArchR-addDoubletScores-6e6051914dd8-Date-2020-06-14_Time-20-31-47.log"


2020-06-14 20:31:48 : Computing Total Accessibility Across All Features, 0 mins elapsed.
2020-06-14 20:31:59 : Computing Top Features, 0.179 mins elapsed.
###########
2020-06-14 20:31:59 : Running LSI (1 of 2) on Top Features, 0.188 mins elapsed.
###########
2020-06-14 20:31:59 : Creating Partial Matrix, 0.188 mins elapsed.
2020-06-14 20:32:26 : Computing LSI, 0.639 mins elapsed.

2020-06-14 20:32:26 : LSI Parameters, Class = list

LSI Parameters$: length = 1
                       
1 function (name)      
2 .Internal(args(name))


LSI Parameters$mat: nRows = 25000, nCols = 5836
LSI Parameters$mat: NonZeroEntries = 23519720, EntryRange = [ 1 , 1 ]
5 x 5 sparse Matrix of class "dgCMatrix"
     Stim#TTAGGTGGTAGCGAGT-1 Stim#CGAGTTACAGAATGCG-1 Stim#CTCAACCGTCACAGGA-1 Stim#AATGTCGGTTGAATAG-1 Stim#GAAAGTAGTCATCAAC-1
[1,]                       1                       1                       1                       .                       .
[2,]                       .                       1                       1                       1                       .
[3,]                       1                       1                       1                       .                       1
[4,]                       1                       1                       .                       .                       1
[5,]                       1                       1                       1                       .                       .


LSI Parameters$LSIMethod: length = 1
[1] 1


LSI Parameters$scaleTo: length = 1
[1] 10000


LSI Parameters$nDimensions: length = 1
[1] 30


LSI Parameters$binarize: length = 1
[1] TRUE


LSI Parameters$outlierQuantiles: length = 0
NULL


LSI Parameters$seed: length = 1
[1] 1


LSI Parameters$verbose: length = 1
[1] FALSE


LSI Parameters$tstart: length = 1
[1] "2020-06-14 20:31:48 EDT"


LSI Parameters$logFile: length = 1
[1] "ArchRLogs/ArchR-addDoubletScores-6e6051914dd8-Date-2020-06-14_Time-20-31-47.log"


2020-06-14 20:32:27 : Running LSI, Input Matrix = 0.283 GB, 0.645 mins elapsed.
2020-06-14 20:32:27 : Binarizing Matrix, 0.645 mins elapsed.
2020-06-14 20:32:27 : Computing Term Frequency, 0.653 mins elapsed.
2020-06-14 20:32:27 : Removing 0 Sum Rows, 0.654 mins elapsed.
2020-06-14 20:32:29 : Computing Inverse Document Frequency, 0.69 mins elapsed.
2020-06-14 20:32:29 : Computing TF-IDF Matrix, 0.69 mins elapsed.
2020-06-14 20:32:31 : Computing SVD using irlba, 0.716 mins elapsed.
2020-06-14 20:32:51 : Finished LSI (TF-IDF SVD) using irlba, 1.051 mins elapsed.

2020-06-14 20:32:54 : outLSI-1, Class = SimpleList

outLSI-1$matSVD: nRows = 5836, nCols = 30
                               LSI1         LSI2          LSI3         LSI4          LSI5
Stim#TTAGGTGGTAGCGAGT-1 -0.01230730 3.313766e-05 -6.405639e-05 7.937322e-05 -1.080566e-04
Stim#CGAGTTACAGAATGCG-1 -0.01228337 7.845979e-05  3.511607e-05 3.724452e-05 -7.404102e-05
Stim#CTCAACCGTCACAGGA-1 -0.01227770 1.065972e-04 -3.265801e-05 7.178801e-05 -1.186425e-04
Stim#AATGTCGGTTGAATAG-1 -0.01228338 7.681398e-05  4.502842e-05 6.199766e-06 -1.069541e-04
Stim#GAAAGTAGTCATCAAC-1 -0.01226581 9.787491e-05  4.027652e-05 4.706367e-06 -2.167376e-05


outLSI-1$rowSm: length = 25000
[1]  663  857 1111  734  608  792


outLSI-1$nCol: length = 1
[1] 5836


outLSI-1$exclude: length = 0
NULL


outLSI-1$idx: length = 25000
[1] 1 2 3 4 5 6


outLSI-1$u: nRows = 25000, nCols = 30
             [,1]          [,2]          [,3]         [,4]          [,5]
[1,] -0.004802043 -1.643558e-05 -4.354119e-05 0.0001988630 -1.218965e-04
[2,] -0.005832305 -3.724412e-04 -8.399517e-04 0.0001084942 -5.083734e-04
[3,] -0.006943325  6.190153e-04  2.324832e-04 0.0004001440 -8.465178e-04
[4,] -0.005450164  1.323247e-04 -1.301357e-04 0.0002491994 -2.967006e-04
[5,] -0.005009905 -3.032731e-05 -2.931310e-04 0.0005040801  3.517034e-05


outLSI-1$v: nRows = 5836, nCols = 30
            [,1]         [,2]          [,3]         [,4]          [,5]
[1,] -0.01291087 0.0001197558 -0.0002349273 3.168651e-04 -4.618779e-04
[2,] -0.01288577 0.0002835451  0.0001287884 1.486835e-04 -3.164816e-04
[3,] -0.01287982 0.0003852306 -0.0001197735 2.865843e-04 -5.071265e-04
[4,] -0.01288578 0.0002775973  0.0001651421 2.475003e-05 -4.571655e-04
[5,] -0.01286734 0.0003537092  0.0001477144 1.878825e-05 -9.264248e-05


outLSI-1$binarize: length = 1
[1] TRUE


outLSI-1$scaleTo: length = 1
[1] 10000


outLSI-1$nDimensions: length = 1
[1] 30


outLSI-1$LSIMethod: length = 1
[1] 1


outLSI-1$outliers: length = 1
[1] NA


outLSI-1$date: length = 1
[1] "2020-06-14"


outLSI-1$seed: length = 1
[1] 1


outLSI-1$scaleDims: length = 1
[1] FALSE


outLSI-1$useMatrix: length = 1
[1] "TileMatrix"


outLSI-1$tileSize: length = 1
[1] 500



2020-06-14 20:32:54 : Cluster Params, Class = list

Cluster Params$: length = 1
                       
1 function (name)      
2 .Internal(args(name))


Cluster Params$matSVD: nRows = 5836, nCols = 30
                               LSI1         LSI2          LSI3         LSI4          LSI5
Stim#TTAGGTGGTAGCGAGT-1 -0.01230730 3.313766e-05 -6.405639e-05 7.937322e-05 -1.080566e-04
Stim#CGAGTTACAGAATGCG-1 -0.01228337 7.845979e-05  3.511607e-05 3.724452e-05 -7.404102e-05
Stim#CTCAACCGTCACAGGA-1 -0.01227770 1.065972e-04 -3.265801e-05 7.178801e-05 -1.186425e-04
Stim#AATGTCGGTTGAATAG-1 -0.01228338 7.681398e-05  4.502842e-05 6.199766e-06 -1.069541e-04
Stim#GAAAGTAGTCATCAAC-1 -0.01226581 9.787491e-05  4.027652e-05 4.706367e-06 -2.167376e-05


Cluster Params$corCutOff: length = 1
[1] 0.75


Cluster Params$dimsToUse: length = 30
[1] 1 2 3 4 5 6


Cluster Params$scaleDims: length = 1
[1] FALSE


Cluster Params$verbose: length = 1
[1] FALSE


Cluster Params$j: length = 1
[1] 1


Cluster Params$filterBias: length = 1
[1] FALSE


Cluster Params$cellNames: length = 5836
[1] "Stim#TTAGGTGGTAGCGAGT-1" "Stim#CGAGTTACAGAATGCG-1" "Stim#CTCAACCGTCACAGGA-1" "Stim#AATGTCGGTTGAATAG-1" "Stim#GAAAGTAGTCATCAAC-1" "Stim#GACTAGTTCCTCCCAA-1"


Cluster Params$cellDepth: length = 5836
Stim#TTAGGTGGTAGCGAGT-1 Stim#CGAGTTACAGAATGCG-1 Stim#CTCAACCGTCACAGGA-1 Stim#AATGTCGGTTGAATAG-1 Stim#GAAAGTAGTCATCAAC-1 Stim#GACTAGTTCCTCCCAA-1 
               4.998682                4.995591                4.994621                4.994612                4.994348                4.984878 


Cluster Params$tstart: length = 1
[1] "2020-06-14 20:31:48 EDT"


Cluster Params$logFile: length = 1
[1] "ArchRLogs/ArchR-addDoubletScores-6e6051914dd8-Date-2020-06-14_Time-20-31-47.log"


2020-06-14 20:32:54 : Identifying Clusters, 1.097 mins elapsed.

2020-06-14 20:32:54 : addClusters Input-Parameters, Class = list

addClusters Input-Parameters$: length = 1
                       
1 function (name)      
2 .Internal(args(name))


addClusters Input-Parameters$input: nRows = 5836, nCols = 30
                               LSI1         LSI2          LSI3         LSI4          LSI5
Stim#TTAGGTGGTAGCGAGT-1 -0.01230730 3.313766e-05 -6.405639e-05 7.937322e-05 -1.080566e-04
Stim#CGAGTTACAGAATGCG-1 -0.01228337 7.845979e-05  3.511607e-05 3.724452e-05 -7.404102e-05
Stim#CTCAACCGTCACAGGA-1 -0.01227770 1.065972e-04 -3.265801e-05 7.178801e-05 -1.186425e-04
Stim#AATGTCGGTTGAATAG-1 -0.01228338 7.681398e-05  4.502842e-05 6.199766e-06 -1.069541e-04
Stim#GAAAGTAGTCATCAAC-1 -0.01226581 9.787491e-05  4.027652e-05 4.706367e-06 -2.167376e-05


addClusters Input-Parameters$reducedDims: length = 1
[1] "IterativeLSI"


addClusters Input-Parameters$name: length = 1
[1] "Clusters"


addClusters Input-Parameters$sampleCells: length = 1
[1] 10000


addClusters Input-Parameters$seed: length = 1
[1] 1


addClusters Input-Parameters$method: length = 1
[1] "Seurat"


addClusters Input-Parameters$dimsToUse: length = 0
NULL


addClusters Input-Parameters$scaleDims: length = 0
NULL


addClusters Input-Parameters$corCutOff: length = 1
[1] 0.75


addClusters Input-Parameters$knnAssign: length = 1
[1] 10


addClusters Input-Parameters$nOutlier: length = 1
[1] 5


addClusters Input-Parameters$testBias: length = 1
[1] TRUE


addClusters Input-Parameters$filterBias: length = 1
[1] FALSE


addClusters Input-Parameters$biasClusters: length = 1
[1] 0.01


addClusters Input-Parameters$biasCol: length = 1
[1] "nFrags"


addClusters Input-Parameters$biasVals: length = 5836
[1] 4.998682 4.995591 4.994621 4.994612 4.994348 4.984878


addClusters Input-Parameters$biasQuantiles: length = 2
[1] 0.05 0.95


addClusters Input-Parameters$biasEnrich: length = 1
[1] 10


addClusters Input-Parameters$biasProportion: length = 1
[1] 0.5


addClusters Input-Parameters$biasPval: length = 1
[1] 0.05


addClusters Input-Parameters$nPerm: length = 1
[1] 500


addClusters Input-Parameters$prefix: length = 1
[1] "C"


addClusters Input-Parameters$ArchRProj: length = 0
NULL


addClusters Input-Parameters$verbose: length = 1
[1] FALSE


addClusters Input-Parameters$tstart: length = 0
NULL


addClusters Input-Parameters$force: length = 1
[1] FALSE


addClusters Input-Parameters$logFile: length = 1
[1] "ArchRLogs/ArchR-addDoubletScores-6e6051914dd8-Date-2020-06-14_Time-20-31-47.log"


addClusters Input-Parameters$...: length = 2
[[1]]
<promise: 0x55d301c5d530>

[[2]]
<promise: 0x55d301c5d610>



2020-06-14 20:32:54 : Running Seurats FindClusters (Stuart et al. Cell 2019), 0 mins elapsed.
2020-06-14 20:33:06 : Testing Outlier Clusters, 0.204 mins elapsed.
2020-06-14 20:33:06 : Assigning Cluster Names to 5 Clusters, 0.205 mins elapsed.
2020-06-14 20:33:06 : Finished addClusters, 0.205 mins elapsed.
2020-06-14 20:33:06 : Identified 5 Clusters, 1.305 mins elapsed.

2020-06-14 20:33:06 : clusterDF-1, Class = DFrame
DataFrame with 5836 rows and 2 columns
                   cellNames    clusters
                 <character> <character>
1    Stim#TTAGGTGGTAGCGAGT-1          C2
2    Stim#CGAGTTACAGAATGCG-1          C2
3    Stim#CTCAACCGTCACAGGA-1          C2
4    Stim#AATGTCGGTTGAATAG-1          C2
5    Stim#GAAAGTAGTCATCAAC-1          C2
...                      ...         ...
5832 Stim#ACAATCGCAAATTCCG-1          C5
5833 Stim#CTTGTCGTCAGGATCT-1          C4
5834 Stim#CGTGGCAAGCCTGGTC-1          C1
5835 Stim#ATCGAGTTCGCGCTGA-1          C5
5836 Stim#TGGCGCACACTTATGG-1          C5

2020-06-14 20:33:06 : Creating Cluster Matrix on the total Group Features, 1.305 mins elapsed.
2020-06-14 20:33:40 : Computing Variable Features, 1.861 mins elapsed.
###########
2020-06-14 20:33:40 : Running LSI (2 of 2) on Variable Features, 1.863 mins elapsed.
###########
2020-06-14 20:33:40 : Creating Partial Matrix, 1.864 mins elapsed.
2020-06-14 20:34:00 : Computing LSI, 2.207 mins elapsed.

2020-06-14 20:34:00 : LSI Parameters, Class = list

LSI Parameters$: length = 1
                       
1 function (name)      
2 .Internal(args(name))


LSI Parameters$mat: nRows = 25000, nCols = 5836
LSI Parameters$mat: NonZeroEntries = 18703726, EntryRange = [ 1 , 1 ]
5 x 5 sparse Matrix of class "dgCMatrix"
     Stim#TTAGGTGGTAGCGAGT-1 Stim#CGAGTTACAGAATGCG-1 Stim#CTCAACCGTCACAGGA-1 Stim#AATGTCGGTTGAATAG-1 Stim#GAAAGTAGTCATCAAC-1
[1,]                       1                       .                       1                       .                       .
[2,]                       1                       .                       1                       .                       1
[3,]                       .                       .                       .                       .                       .
[4,]                       1                       .                       .                       1                       .
[5,]                       .                       1                       .                       .                       .


LSI Parameters$LSIMethod: length = 1
[1] 1


LSI Parameters$scaleTo: length = 1
[1] 10000


LSI Parameters$nDimensions: length = 1
[1] 30


LSI Parameters$binarize: length = 1
[1] TRUE


LSI Parameters$outlierQuantiles: length = 0
NULL


LSI Parameters$seed: length = 1
[1] 1


LSI Parameters$verbose: length = 1
[1] FALSE


LSI Parameters$tstart: length = 1
[1] "2020-06-14 20:31:48 EDT"


LSI Parameters$logFile: length = 1
[1] "ArchRLogs/ArchR-addDoubletScores-6e6051914dd8-Date-2020-06-14_Time-20-31-47.log"


2020-06-14 20:34:01 : Running LSI, Input Matrix = 0.225 GB, 2.213 mins elapsed.
2020-06-14 20:34:01 : Binarizing Matrix, 2.213 mins elapsed.
2020-06-14 20:34:01 : Computing Term Frequency, 2.219 mins elapsed.
2020-06-14 20:34:01 : Removing 0 Sum Rows, 2.221 mins elapsed.
2020-06-14 20:34:03 : Computing Inverse Document Frequency, 2.248 mins elapsed.
2020-06-14 20:34:03 : Computing TF-IDF Matrix, 2.249 mins elapsed.
2020-06-14 20:34:04 : Computing SVD using irlba, 2.274 mins elapsed.
2020-06-14 20:34:21 : Finished LSI (TF-IDF SVD) using irlba, 2.551 mins elapsed.

2020-06-14 20:34:23 : outLSI-2, Class = SimpleList

outLSI-2$matSVD: nRows = 5836, nCols = 30
                               LSI1          LSI2         LSI3          LSI4         LSI5
Stim#TTAGGTGGTAGCGAGT-1 -0.01327856  1.388486e-05 -0.001088767 -0.0004767161 0.0009243221
Stim#CGAGTTACAGAATGCG-1 -0.01289964 -1.635259e-04 -0.003094302 -0.0007901681 0.0002923126
Stim#CTCAACCGTCACAGGA-1 -0.01295683 -3.078944e-04 -0.002311926 -0.0007931089 0.0005626675
Stim#AATGTCGGTTGAATAG-1 -0.01277000 -1.277762e-04 -0.003395882 -0.0009250570 0.0001179762
Stim#GAAAGTAGTCATCAAC-1 -0.01225701 -1.440212e-04 -0.006307321 -0.0015889468 0.0019856666


outLSI-2$rowSm: length = 25000
[1]  792  683  200  146  465 2110


outLSI-2$nCol: length = 1
[1] 5836


outLSI-2$exclude: length = 0
NULL


outLSI-2$idx: length = 25000
[1] 1 2 3 4 5 6


outLSI-2$u: nRows = 25000, nCols = 30
             [,1]          [,2]         [,3]          [,4]         [,5]
[1,] -0.006702799 -0.0002480781 -0.001426788 -0.0005959666 -0.003766907
[2,] -0.005561564 -0.0003070587 -0.003246858 -0.0008613177 -0.002056414
[3,] -0.002271776 -0.0002425668 -0.004817332 -0.0007161436 -0.001411298
[4,] -0.001432992 -0.0002441987 -0.007644116 -0.0013882075 -0.001292253
[5,] -0.004865480 -0.0001624698  0.007413666  0.0014030063  0.001062748


outLSI-2$v: nRows = 5836, nCols = 30
            [,1]          [,2]         [,3]         [,4]         [,5]
[1,] -0.01252042  4.249416e-05 -0.003383552 -0.001556062 0.0033620694
[2,] -0.01216313 -5.004657e-04 -0.009616139 -0.002579210 0.0010632389
[3,] -0.01221706 -9.423005e-04 -0.007184754 -0.002588809 0.0020466105
[4,] -0.01204089 -3.910549e-04 -0.010553356 -0.003019504 0.0004291189
[5,] -0.01155719 -4.407720e-04 -0.019601213 -0.005186525 0.0072225354


outLSI-2$binarize: length = 1
[1] TRUE


outLSI-2$scaleTo: length = 1
[1] 10000


outLSI-2$nDimensions: length = 1
[1] 30


outLSI-2$LSIMethod: length = 1
[1] 1


outLSI-2$outliers: length = 1
[1] NA


outLSI-2$date: length = 1
[1] "2020-06-14"


outLSI-2$seed: length = 1
[1] 1


outLSI-2$scaleDims: length = 1
[1] FALSE


outLSI-2$useMatrix: length = 1
[1] "TileMatrix"


outLSI-2$tileSize: length = 1
[1] 500


2020-06-14 20:34:25 : Finished Running IterativeLSI, 2.615 mins elapsed.
2020-06-14 20:34:25 : Constructing Partial Matrix for Projection, 2.627 mins elapsed.

2020-06-14 20:34:25 : Stim (1 of 2) : LSI Result, Class = SimpleList

Stim (1 of 2) : LSI Result$matSVD: nRows = 5836, nCols = 30
                               LSI1          LSI2         LSI3          LSI4         LSI5
Stim#TTAGGTGGTAGCGAGT-1 -0.01327856  1.388486e-05 -0.001088767 -0.0004767161 0.0009243221
Stim#CGAGTTACAGAATGCG-1 -0.01289964 -1.635259e-04 -0.003094302 -0.0007901681 0.0002923126
Stim#CTCAACCGTCACAGGA-1 -0.01295683 -3.078944e-04 -0.002311926 -0.0007931089 0.0005626675
Stim#AATGTCGGTTGAATAG-1 -0.01277000 -1.277762e-04 -0.003395882 -0.0009250570 0.0001179762
Stim#GAAAGTAGTCATCAAC-1 -0.01225701 -1.440212e-04 -0.006307321 -0.0015889468 0.0019856666


Stim (1 of 2) : LSI Result$rowSm: length = 25000
[1]  792  683  200  146  465 2110


Stim (1 of 2) : LSI Result$nCol: length = 1
[1] 5836


Stim (1 of 2) : LSI Result$exclude: length = 0
NULL


Stim (1 of 2) : LSI Result$idx: length = 25000
[1] 1 2 3 4 5 6


Stim (1 of 2) : LSI Result$u: nRows = 25000, nCols = 30
             [,1]          [,2]         [,3]          [,4]         [,5]
[1,] -0.006702799 -0.0002480781 -0.001426788 -0.0005959666 -0.003766907
[2,] -0.005561564 -0.0003070587 -0.003246858 -0.0008613177 -0.002056414
[3,] -0.002271776 -0.0002425668 -0.004817332 -0.0007161436 -0.001411298
[4,] -0.001432992 -0.0002441987 -0.007644116 -0.0013882075 -0.001292253
[5,] -0.004865480 -0.0001624698  0.007413666  0.0014030063  0.001062748


Stim (1 of 2) : LSI Result$v: nRows = 5836, nCols = 30
            [,1]          [,2]         [,3]         [,4]         [,5]
[1,] -0.01252042  4.249416e-05 -0.003383552 -0.001556062 0.0033620694
[2,] -0.01216313 -5.004657e-04 -0.009616139 -0.002579210 0.0010632389
[3,] -0.01221706 -9.423005e-04 -0.007184754 -0.002588809 0.0020466105
[4,] -0.01204089 -3.910549e-04 -0.010553356 -0.003019504 0.0004291189
[5,] -0.01155719 -4.407720e-04 -0.019601213 -0.005186525 0.0072225354


Stim (1 of 2) : LSI Result$binarize: length = 1
[1] TRUE


Stim (1 of 2) : LSI Result$scaleTo: length = 1
[1] 10000


Stim (1 of 2) : LSI Result$nDimensions: length = 1
[1] 30


Stim (1 of 2) : LSI Result$LSIMethod: length = 1
[1] 1


Stim (1 of 2) : LSI Result$outliers: length = 1
[1] NA


Stim (1 of 2) : LSI Result$date: length = 1
[1] "2020-06-14"


Stim (1 of 2) : LSI Result$seed: length = 1
[1] 1


Stim (1 of 2) : LSI Result$scaleDims: length = 1
[1] FALSE


Stim (1 of 2) : LSI Result$useMatrix: length = 1
[1] "TileMatrix"


Stim (1 of 2) : LSI Result$tileSize: length = 1
[1] 500


Stim (1 of 2) : LSI Result$dimsKept: length = 30
[1] 1 2 3 4 5 6


2020-06-14 20:34:46 : Running LSI UMAP, 2.983 mins elapsed.

2020-06-14 20:34:46 : Stim (1 of 2) : UMAP Params, Class = list

Stim (1 of 2) : UMAP Params$n_neighbors: length = 1
[1] 40


Stim (1 of 2) : UMAP Params$min_dist: length = 1
[1] 0.4


Stim (1 of 2) : UMAP Params$metric: length = 1
[1] "euclidean"


Stim (1 of 2) : UMAP Params$verbose: length = 1
[1] FALSE


Stim (1 of 2) : UMAP Params$X: nRows = 5836, nCols = 30
                               LSI1          LSI2         LSI3          LSI4         LSI5
Stim#TTAGGTGGTAGCGAGT-1 -0.01327856  1.388486e-05 -0.001088767 -0.0004767161 0.0009243221
Stim#CGAGTTACAGAATGCG-1 -0.01289964 -1.635259e-04 -0.003094302 -0.0007901681 0.0002923126
Stim#CTCAACCGTCACAGGA-1 -0.01295683 -3.078944e-04 -0.002311926 -0.0007931089 0.0005626675
Stim#AATGTCGGTTGAATAG-1 -0.01277000 -1.277762e-04 -0.003395882 -0.0009250570 0.0001179762
Stim#GAAAGTAGTCATCAAC-1 -0.01225701 -1.440212e-04 -0.006307321 -0.0015889468 0.0019856666


Stim (1 of 2) : UMAP Params$ret_nn: length = 1
[1] TRUE


Stim (1 of 2) : UMAP Params$ret_model: length = 1
[1] TRUE


Stim (1 of 2) : UMAP Params$n_threads: length = 1
[1] 12


2020-06-14 20:35:14 : Simulating and Projecting Doublets, 3.441 mins elapsed.

2020-06-14 20:35:49 : Stim (1 of 2) : SimulatedLSI, Class = matrix
            LSI1          LSI2          LSI3          LSI4          LSI5
[1,] -0.01425920  3.701548e-04  0.0019135916  0.0002329934 -1.119775e-03
[2,] -0.01247221  7.793947e-05 -0.0065816032 -0.0003244563 -8.696586e-04
[3,] -0.01444615  2.172792e-04  0.0025883134  0.0005899677  2.065762e-04
[4,] -0.01290865 -1.071493e-04 -0.0040825754 -0.0007684788 -1.211780e-03
[5,] -0.01384070 -1.410809e-04  0.0008920383  0.0001594442 -3.239531e-05

Stim (1 of 2) : SimulatedLSI: nRows = 25000, nCols = 30


2020-06-14 20:35:54 : Stim (1 of 2) : OriginalLSI, Class = matrix
                               LSI1          LSI2         LSI3          LSI4         LSI5
Stim#TTAGGTGGTAGCGAGT-1 -0.01327856  1.388486e-05 -0.001088767 -0.0004767161 0.0009243221
Stim#CGAGTTACAGAATGCG-1 -0.01289964 -1.635259e-04 -0.003094302 -0.0007901681 0.0002923126
Stim#CTCAACCGTCACAGGA-1 -0.01295683 -3.078944e-04 -0.002311926 -0.0007931089 0.0005626675
Stim#AATGTCGGTTGAATAG-1 -0.01277000 -1.277762e-04 -0.003395882 -0.0009250570 0.0001179762
Stim#GAAAGTAGTCATCAAC-1 -0.01225701 -1.440212e-04 -0.006307321 -0.0015889468 0.0019856666

Stim (1 of 2) : OriginalLSI: nRows = 5836, nCols = 30


2020-06-14 20:35:54 : Stim (1 of 2) : OriginalReProjectedLSI, Class = matrix
                               LSI1          LSI2         LSI3          LSI4         LSI5
Stim#TTAGGTGGTAGCGAGT-1 -0.01327856  1.388486e-05 -0.001088767 -0.0004767161 0.0009243221
Stim#CGAGTTACAGAATGCG-1 -0.01289964 -1.635259e-04 -0.003094302 -0.0007901681 0.0002923126
Stim#CTCAACCGTCACAGGA-1 -0.01295683 -3.078944e-04 -0.002311926 -0.0007931089 0.0005626675
Stim#AATGTCGGTTGAATAG-1 -0.01277000 -1.277762e-04 -0.003395882 -0.0009250570 0.0001179762
Stim#GAAAGTAGTCATCAAC-1 -0.01225701 -1.440212e-04 -0.006307321 -0.0015889468 0.0019856666

Stim (1 of 2) : OriginalReProjectedLSI: nRows = 5836, nCols = 30


2020-06-14 20:36:21 : Stim (1 of 2) : OriginalUMAP, Class = matrix
           [,1]        [,2]
[1,] -0.4160432 -0.09784259
[2,] -0.8867602 -1.71662464
[3,] -1.1105555 -0.94818630
[4,] -1.0050334 -1.82876601
[5,] -4.6869086 -0.49522139

Stim (1 of 2) : OriginalUMAP: nRows = 5836, nCols = 2


2020-06-14 20:36:21 : Stim (1 of 2) : OriginalReProjectedUMAP, Class = matrix
           [,1]        [,2]
[1,] -0.5764868 -0.01585423
[2,] -0.8105371 -1.67917621
[3,] -1.1623323 -0.81184506
[4,] -1.0552020 -1.81625915
[5,] -4.7979512 -0.49652699

Stim (1 of 2) : OriginalReProjectedUMAP: nRows = 5836, nCols = 2


2020-06-14 20:36:21 : Stim (1 of 2) : UMAP Projection R^2 = 0.9968

2020-06-14 20:36:23 : Stim (1 of 2) : Number of Nearby Simulated Doublets, Class = numeric

Stim (1 of 2) : Number of Nearby Simulated Doublets: length = 5836
Stim#TTAGGTGGTAGCGAGT-1 Stim#CGAGTTACAGAATGCG-1 Stim#CTCAACCGTCACAGGA-1 Stim#AATGTCGGTTGAATAG-1 Stim#GAAAGTAGTCATCAAC-1 Stim#GACTAGTTCCTCCCAA-1 
                    208                      90                     112                      72                      60                      81 



2020-06-14 20:36:24 : Stim (1 of 2) : DoubletScoresLSI, Class = numeric

Stim (1 of 2) : DoubletScoresLSI: length = 5836
Stim#TTAGGTGGTAGCGAGT-1 Stim#CGAGTTACAGAATGCG-1 Stim#CTCAACCGTCACAGGA-1 Stim#AATGTCGGTTGAATAG-1 Stim#GAAAGTAGTCATCAAC-1 Stim#GACTAGTTCCTCCCAA-1 
              189.28465                34.89302                57.98023                19.02809                10.52902                26.84393 



2020-06-14 20:36:24 : Stim (1 of 2) : DoubletEnrichLSI, Class = numeric

Stim (1 of 2) : DoubletEnrichLSI: length = 5836
Stim#TTAGGTGGTAGCGAGT-1 Stim#CGAGTTACAGAATGCG-1 Stim#CTCAACCGTCACAGGA-1 Stim#AATGTCGGTTGAATAG-1 Stim#GAAAGTAGTCATCAAC-1 Stim#GACTAGTTCCTCCCAA-1 
                   8.32                    3.60                    4.48                    2.88                    2.40                    3.24 



2020-06-14 20:36:24 : Stim (1 of 2) : DoubletScoresUMAP, Class = numeric

Stim (1 of 2) : DoubletScoresUMAP: length = 5836
Stim#TTAGGTGGTAGCGAGT-1 Stim#CGAGTTACAGAATGCG-1 Stim#CTCAACCGTCACAGGA-1 Stim#AATGTCGGTTGAATAG-1 Stim#GAAAGTAGTCATCAAC-1 Stim#GACTAGTTCCTCCCAA-1 
              206.05169                33.23085               142.28911                29.45311                37.14831                82.87757 



2020-06-14 20:36:24 : Stim (1 of 2) : DoubletEnrichUMAP, Class = numeric

Stim (1 of 2) : DoubletEnrichUMAP: length = 5836
Stim#TTAGGTGGTAGCGAGT-1 Stim#CGAGTTACAGAATGCG-1 Stim#CTCAACCGTCACAGGA-1 Stim#AATGTCGGTTGAATAG-1 Stim#GAAAGTAGTCATCAAC-1 Stim#GACTAGTTCCTCCCAA-1 
                   8.72                    3.52                    7.08                    3.36                    3.68                    5.32 



2020-06-14 20:36:24 : Stim (1 of 2) : SimulationResults, Class = SimpleList

Stim (1 of 2) : SimulationResults$doubletUMAP: nRows = 25000, nCols = 2
          [,1]      [,2]
[1,]  3.378414 -4.719762
[2,] -2.302754 -3.724062
[3,]  1.510043  4.425357
[4,] -1.588099 -3.327743
[5,]  3.406204  1.554853


Stim (1 of 2) : SimulationResults$doubletScore: length = 5836
Stim#TTAGGTGGTAGCGAGT-1 Stim#CGAGTTACAGAATGCG-1 Stim#CTCAACCGTCACAGGA-1 Stim#AATGTCGGTTGAATAG-1 Stim#GAAAGTAGTCATCAAC-1 Stim#GACTAGTTCCTCCCAA-1 
              206.05169                33.23085               142.28911                29.45311                37.14831                82.87757 


Stim (1 of 2) : SimulationResults$doubletEnrich: length = 5836
Stim#TTAGGTGGTAGCGAGT-1 Stim#CGAGTTACAGAATGCG-1 Stim#CTCAACCGTCACAGGA-1 Stim#AATGTCGGTTGAATAG-1 Stim#GAAAGTAGTCATCAAC-1 Stim#GACTAGTTCCTCCCAA-1 
                   8.72                    3.52                    7.08                    3.36                    3.68                    5.32 



2020-06-14 20:36:24 : Stim (1 of 2) : Sample UMAP, Class = data.frame
Stim (1 of 2) : Sample UMAP: nRows = 5836, nCols = 5
                                X1          X2       type     score enrichment
Stim#TTAGGTGGTAGCGAGT-1 -0.4160432 -0.09784259 experiment 206.05169       8.72
Stim#CGAGTTACAGAATGCG-1 -0.8867602 -1.71662464 experiment  33.23085       3.52
Stim#CTCAACCGTCACAGGA-1 -1.1105555 -0.94818630 experiment 142.28911       7.08
Stim#AATGTCGGTTGAATAG-1 -1.0050334 -1.82876601 experiment  29.45311       3.36
Stim#GAAAGTAGTCATCAAC-1 -4.6869086 -0.49522139 experiment  37.14831       3.68
Stim#GACTAGTTCCTCCCAA-1 -1.6347220 -0.77028837 experiment  82.87757       5.32



2020-06-14 20:36:25 : Stim (1 of 2) : Simulated Doublet UMAP, Class = data.frame
Stim (1 of 2) : Simulated Doublet UMAP: nRows = 25000, nCols = 5
                      x         y      density              type        color
doublet_22187 -4.446284 -7.325046 0.0000528789 simulated_doublet 0.0000528789
doublet_23543 -5.279549 -7.442657 0.0003537800 simulated_doublet 0.0003537800
doublet_16886 -5.450100 -7.189934 0.0003695820 simulated_doublet 0.0003695820
doublet_7661  -3.680429 -6.517421 0.0004084502 simulated_doublet 0.0004084502
doublet_15710 -3.678689 -6.384411 0.0004084502 simulated_doublet 0.0004084502
doublet_19033 -5.443940 -7.599417 0.0004886535 simulated_doublet 0.0004886535


2020-06-14 20:36:36 : Control (2 of 2) :  Computing Doublet Statistics, 4.807 mins elapsed.
2020-06-14 20:36:36 : Running IterativeLSI, 4.812 mins elapsed.

2020-06-14 20:36:36 : IterativeLSI Input-Parameters, Class = list

IterativeLSI Input-Parameters$ArchRProj: length = 1
class: ArchRProject 
outputDirectory: /data/aryee/caleb/tenx-scatac/asap_paper/asap_reproducibility/pbmc_stimulation_asapseq/code/tmp/tmp-6e60754c8767-Date-2020-06-14_Time-20-36-36 
samples(1): Control
sampleColData names(1): ArrowFiles
cellColData names(15): Sample TSSEnrichment ... DoubletEnrichment BlacklistRatio
numberOfCells(1): 1
medianTSS(1): 6.726
medianFrags(1): 98193


IterativeLSI Input-Parameters$useMatrix: length = 1
[1] "TileMatrix"


IterativeLSI Input-Parameters$name: length = 1
[1] "IterativeLSI"


IterativeLSI Input-Parameters$iterations: length = 1
[1] 2


IterativeLSI Input-Parameters$varFeatures: length = 1
[1] 25000


IterativeLSI Input-Parameters$dimsToUse: length = 30
[1] 1 2 3 4 5 6


IterativeLSI Input-Parameters$LSIMethod: length = 1
[1] 1


IterativeLSI Input-Parameters$scaleDims: length = 1
[1] FALSE


IterativeLSI Input-Parameters$corCutOff: length = 1
[1] 0.75


IterativeLSI Input-Parameters$binarize: length = 1
[1] TRUE


IterativeLSI Input-Parameters$outlierQuantiles: length = 0
NULL


IterativeLSI Input-Parameters$filterBias: length = 1
[1] FALSE


IterativeLSI Input-Parameters$sampleCellsPre: length = 1
[1] 10000


IterativeLSI Input-Parameters$projectCellsPre: length = 1
[1] FALSE


IterativeLSI Input-Parameters$sampleCellsFinal: length = 0
NULL


IterativeLSI Input-Parameters$selectionMethod: length = 1
[1] "var"


IterativeLSI Input-Parameters$scaleTo: length = 1
[1] 10000


IterativeLSI Input-Parameters$totalFeatures: length = 1
[1] 5e+05


IterativeLSI Input-Parameters$filterQuantile: length = 1
[1] 0.995


IterativeLSI Input-Parameters$excludeChr: length = 0
NULL


IterativeLSI Input-Parameters$saveIterations: length = 1
[1] FALSE


IterativeLSI Input-Parameters$nPlot: length = 1
[1] 10000


IterativeLSI Input-Parameters$outDir: length = 1
[1] "/data/aryee/caleb/tenx-scatac/asap_paper/asap_reproducibility/pbmc_stimulation_asapseq/code/tmp/tmp-6e60754c8767-Date-2020-06-14_Time-20-36-36"


IterativeLSI Input-Parameters$threads: length = 1
[1] 12


IterativeLSI Input-Parameters$seed: length = 1
[1] 1


IterativeLSI Input-Parameters$verbose: length = 1
[1] FALSE


IterativeLSI Input-Parameters$force: length = 1
[1] TRUE


IterativeLSI Input-Parameters$logFile: length = 1
[1] "ArchRLogs/ArchR-addDoubletScores-6e6051914dd8-Date-2020-06-14_Time-20-31-47.log"


2020-06-14 20:36:36 : Computing Total Accessibility Across All Features, 0 mins elapsed.
2020-06-14 20:36:39 : Computing Top Features, 0.039 mins elapsed.
###########
2020-06-14 20:36:39 : Running LSI (1 of 2) on Top Features, 0.047 mins elapsed.
###########
2020-06-14 20:36:39 : Creating Partial Matrix, 0.047 mins elapsed.
2020-06-14 20:36:56 : Computing LSI, 0.337 mins elapsed.

2020-06-14 20:36:56 : LSI Parameters, Class = list

LSI Parameters$: length = 1
                       
1 function (name)      
2 .Internal(args(name))


LSI Parameters$mat: nRows = 25000, nCols = 4477
LSI Parameters$mat: NonZeroEntries = 18087872, EntryRange = [ 1 , 1 ]
5 x 5 sparse Matrix of class "dgCMatrix"
     Control#TATGTTCCACAAGGGT-1 Control#AACCGATCACGGTTAT-1 Control#ATCCTGCTCCGCTCTA-1 Control#GAACCTAAGTCGAGCA-1 Control#ACTACGACAATCCATG-1
[1,]                          .                          1                          .                          1                          1
[2,]                          1                          1                          .                          .                          1
[3,]                          .                          1                          .                          .                          1
[4,]                          .                          .                          .                          .                          .
[5,]                          .                          .                          .                          .                          .


LSI Parameters$LSIMethod: length = 1
[1] 1


LSI Parameters$scaleTo: length = 1
[1] 10000


LSI Parameters$nDimensions: length = 1
[1] 30


LSI Parameters$binarize: length = 1
[1] TRUE


LSI Parameters$outlierQuantiles: length = 0
NULL


LSI Parameters$seed: length = 1
[1] 1


LSI Parameters$verbose: length = 1
[1] FALSE


LSI Parameters$tstart: length = 1
[1] "2020-06-14 20:36:36 EDT"


LSI Parameters$logFile: length = 1
[1] "ArchRLogs/ArchR-addDoubletScores-6e6051914dd8-Date-2020-06-14_Time-20-31-47.log"


2020-06-14 20:36:57 : Running LSI, Input Matrix = 0.217 GB, 0.341 mins elapsed.
2020-06-14 20:36:57 : Binarizing Matrix, 0.341 mins elapsed.
2020-06-14 20:36:57 : Computing Term Frequency, 0.347 mins elapsed.
2020-06-14 20:36:57 : Removing 0 Sum Rows, 0.348 mins elapsed.
2020-06-14 20:36:59 : Computing Inverse Document Frequency, 0.375 mins elapsed.
2020-06-14 20:36:59 : Computing TF-IDF Matrix, 0.375 mins elapsed.
2020-06-14 20:37:00 : Computing SVD using irlba, 0.397 mins elapsed.
2020-06-14 20:37:25 : Finished LSI (TF-IDF SVD) using irlba, 0.808 mins elapsed.

2020-06-14 20:37:27 : outLSI-1, Class = SimpleList

outLSI-1$matSVD: nRows = 4477, nCols = 30
                                  LSI1          LSI2          LSI3          LSI4          LSI5
Control#TATGTTCCACAAGGGT-1 -0.01237222 -7.613395e-05 -9.344754e-05 -1.738416e-04 -0.0025314751
Control#AACCGATCACGGTTAT-1 -0.01231312 -1.435075e-04 -1.631461e-04 -7.070098e-05 -0.0004862924
Control#ATCCTGCTCCGCTCTA-1 -0.01246075 -5.132910e-04 -1.768307e-04 -4.717513e-04 -0.0049982463
Control#GAACCTAAGTCGAGCA-1 -0.01245120 -6.862345e-04 -2.874735e-04 -6.204189e-04 -0.0044764383
Control#ACTACGACAATCCATG-1 -0.01233015 -1.769409e-05 -6.484128e-05  5.464064e-05  0.0001571273


outLSI-1$rowSm: length = 25000
[1] 482 686 824 523 450 663


outLSI-1$nCol: length = 1
[1] 4477


outLSI-1$exclude: length = 0
NULL


outLSI-1$idx: length = 25000
[1] 1 2 3 4 5 6


outLSI-1$u: nRows = 25000, nCols = 30
             [,1]          [,2]          [,3]          [,4]          [,5]
[1,] -0.004638279 -2.645370e-04 -0.0005394179 -3.802965e-04 -0.0016953655
[2,] -0.006349011 -7.449142e-04 -0.0002771831  1.064416e-03 -0.0036748864
[3,] -0.006238303 -2.642114e-04 -0.0005501540  7.274263e-05 -0.0008916216
[4,] -0.005041519 -1.347309e-04 -0.0001217331  1.235397e-04  0.0022380816
[5,] -0.004662941  4.009937e-05 -0.0002158045 -4.026594e-04 -0.0039014703


outLSI-1$v: nRows = 4477, nCols = 30
            [,1]          [,2]          [,3]          [,4]          [,5]
[1,] -0.01485712 -0.0003535361 -0.0004553569 -0.0008541768 -0.0133591307
[2,] -0.01478614 -0.0006663922 -0.0007949881 -0.0003473917 -0.0025662680
[3,] -0.01496343 -0.0023835214 -0.0008616713 -0.0023179664 -0.0263768052
[4,] -0.01495196 -0.0031866029 -0.0014008184 -0.0030484498 -0.0236231141
[5,] -0.01480660 -0.0000821644 -0.0003159625  0.0002684787  0.0008291938


outLSI-1$binarize: length = 1
[1] TRUE


outLSI-1$scaleTo: length = 1
[1] 10000


outLSI-1$nDimensions: length = 1
[1] 30


outLSI-1$LSIMethod: length = 1
[1] 1


outLSI-1$outliers: length = 1
[1] NA


outLSI-1$date: length = 1
[1] "2020-06-14"


outLSI-1$seed: length = 1
[1] 1


outLSI-1$scaleDims: length = 1
[1] FALSE


outLSI-1$useMatrix: length = 1
[1] "TileMatrix"


outLSI-1$tileSize: length = 1
[1] 500



2020-06-14 20:37:28 : Cluster Params, Class = list

Cluster Params$: length = 1
                       
1 function (name)      
2 .Internal(args(name))


Cluster Params$matSVD: nRows = 4477, nCols = 30
                                  LSI1          LSI2          LSI3          LSI4          LSI5
Control#TATGTTCCACAAGGGT-1 -0.01237222 -7.613395e-05 -9.344754e-05 -1.738416e-04 -0.0025314751
Control#AACCGATCACGGTTAT-1 -0.01231312 -1.435075e-04 -1.631461e-04 -7.070098e-05 -0.0004862924
Control#ATCCTGCTCCGCTCTA-1 -0.01246075 -5.132910e-04 -1.768307e-04 -4.717513e-04 -0.0049982463
Control#GAACCTAAGTCGAGCA-1 -0.01245120 -6.862345e-04 -2.874735e-04 -6.204189e-04 -0.0044764383
Control#ACTACGACAATCCATG-1 -0.01233015 -1.769409e-05 -6.484128e-05  5.464064e-05  0.0001571273


Cluster Params$corCutOff: length = 1
[1] 0.75


Cluster Params$dimsToUse: length = 30
[1] 1 2 3 4 5 6


Cluster Params$scaleDims: length = 1
[1] FALSE


Cluster Params$verbose: length = 1
[1] FALSE


Cluster Params$j: length = 1
[1] 1


Cluster Params$filterBias: length = 1
[1] FALSE


Cluster Params$cellNames: length = 4477
[1] "Control#TATGTTCCACAAGGGT-1" "Control#AACCGATCACGGTTAT-1" "Control#ATCCTGCTCCGCTCTA-1" "Control#GAACCTAAGTCGAGCA-1" "Control#ACTACGACAATCCATG-1"
[6] "Control#AGTCAACTCATGAACC-1"


Cluster Params$cellDepth: length = 4477
Control#TATGTTCCACAAGGGT-1 Control#AACCGATCACGGTTAT-1 Control#ATCCTGCTCCGCTCTA-1 Control#GAACCTAAGTCGAGCA-1 Control#ACTACGACAATCCATG-1 Control#AGTCAACTCATGAACC-1 
                  4.992085                   4.988082                   4.975128                   4.969160                   4.958449                   4.952153 


Cluster Params$tstart: length = 1
[1] "2020-06-14 20:36:36 EDT"


Cluster Params$logFile: length = 1
[1] "ArchRLogs/ArchR-addDoubletScores-6e6051914dd8-Date-2020-06-14_Time-20-31-47.log"


2020-06-14 20:37:28 : Identifying Clusters, 0.856 mins elapsed.

2020-06-14 20:37:28 : addClusters Input-Parameters, Class = list

addClusters Input-Parameters$: length = 1
                       
1 function (name)      
2 .Internal(args(name))


addClusters Input-Parameters$input: nRows = 4477, nCols = 30
                                  LSI1          LSI2          LSI3          LSI4          LSI5
Control#TATGTTCCACAAGGGT-1 -0.01237222 -7.613395e-05 -9.344754e-05 -1.738416e-04 -0.0025314751
Control#AACCGATCACGGTTAT-1 -0.01231312 -1.435075e-04 -1.631461e-04 -7.070098e-05 -0.0004862924
Control#ATCCTGCTCCGCTCTA-1 -0.01246075 -5.132910e-04 -1.768307e-04 -4.717513e-04 -0.0049982463
Control#GAACCTAAGTCGAGCA-1 -0.01245120 -6.862345e-04 -2.874735e-04 -6.204189e-04 -0.0044764383
Control#ACTACGACAATCCATG-1 -0.01233015 -1.769409e-05 -6.484128e-05  5.464064e-05  0.0001571273


addClusters Input-Parameters$reducedDims: length = 1
[1] "IterativeLSI"


addClusters Input-Parameters$name: length = 1
[1] "Clusters"


addClusters Input-Parameters$sampleCells: length = 1
[1] 10000


addClusters Input-Parameters$seed: length = 1
[1] 1


addClusters Input-Parameters$method: length = 1
[1] "Seurat"


addClusters Input-Parameters$dimsToUse: length = 0
NULL


addClusters Input-Parameters$scaleDims: length = 0
NULL


addClusters Input-Parameters$corCutOff: length = 1
[1] 0.75


addClusters Input-Parameters$knnAssign: length = 1
[1] 10


addClusters Input-Parameters$nOutlier: length = 1
[1] 5


addClusters Input-Parameters$testBias: length = 1
[1] TRUE


addClusters Input-Parameters$filterBias: length = 1
[1] FALSE


addClusters Input-Parameters$biasClusters: length = 1
[1] 0.01


addClusters Input-Parameters$biasCol: length = 1
[1] "nFrags"


addClusters Input-Parameters$biasVals: length = 4477
[1] 4.992085 4.988082 4.975128 4.969160 4.958449 4.952153


addClusters Input-Parameters$biasQuantiles: length = 2
[1] 0.05 0.95


addClusters Input-Parameters$biasEnrich: length = 1
[1] 10


addClusters Input-Parameters$biasProportion: length = 1
[1] 0.5


addClusters Input-Parameters$biasPval: length = 1
[1] 0.05


addClusters Input-Parameters$nPerm: length = 1
[1] 500


addClusters Input-Parameters$prefix: length = 1
[1] "C"


addClusters Input-Parameters$ArchRProj: length = 0
NULL


addClusters Input-Parameters$verbose: length = 1
[1] FALSE


addClusters Input-Parameters$tstart: length = 0
NULL


addClusters Input-Parameters$force: length = 1
[1] FALSE


addClusters Input-Parameters$logFile: length = 1
[1] "ArchRLogs/ArchR-addDoubletScores-6e6051914dd8-Date-2020-06-14_Time-20-31-47.log"


addClusters Input-Parameters$...: length = 2
[[1]]
<promise: 0x55d3027d4068>

[[2]]
<promise: 0x55d3027d4180>



2020-06-14 20:37:28 : Running Seurats FindClusters (Stuart et al. Cell 2019), 0 mins elapsed.
2020-06-14 20:37:37 : Testing Outlier Clusters, 0.155 mins elapsed.
2020-06-14 20:37:37 : Assigning Cluster Names to 6 Clusters, 0.155 mins elapsed.
2020-06-14 20:37:37 : Finished addClusters, 0.155 mins elapsed.
2020-06-14 20:37:37 : Identified 6 Clusters, 1.014 mins elapsed.

2020-06-14 20:37:37 : clusterDF-1, Class = DFrame
DataFrame with 4477 rows and 2 columns
                      cellNames    clusters
                    <character> <character>
1    Control#TATGTTCCACAAGGGT-1          C5
2    Control#AACCGATCACGGTTAT-1          C1
3    Control#ATCCTGCTCCGCTCTA-1          C5
4    Control#GAACCTAAGTCGAGCA-1          C5
5    Control#ACTACGACAATCCATG-1          C1
...                         ...         ...
4473 Control#TACTCGCAGCGGACAT-1          C3
4474 Control#GTAATCGAGTCGAGCA-1          C2
4475 Control#AGGCGAATCTAAGGTC-1          C5
4476 Control#TCGTTCGCAGTGGTCC-1          C2
4477 Control#CACTGAACACCTGGTG-1          C2

2020-06-14 20:37:37 : Creating Cluster Matrix on the total Group Features, 1.014 mins elapsed.
2020-06-14 20:38:07 : Computing Variable Features, 1.506 mins elapsed.
###########
2020-06-14 20:38:07 : Running LSI (2 of 2) on Variable Features, 1.51 mins elapsed.
###########
2020-06-14 20:38:07 : Creating Partial Matrix, 1.51 mins elapsed.
2020-06-14 20:38:19 : Computing LSI, 1.718 mins elapsed.

2020-06-14 20:38:19 : LSI Parameters, Class = list

LSI Parameters$: length = 1
                       
1 function (name)      
2 .Internal(args(name))


LSI Parameters$mat: nRows = 25000, nCols = 4477
LSI Parameters$mat: NonZeroEntries = 14663683, EntryRange = [ 1 , 1 ]
5 x 5 sparse Matrix of class "dgCMatrix"
     Control#TATGTTCCACAAGGGT-1 Control#AACCGATCACGGTTAT-1 Control#ATCCTGCTCCGCTCTA-1 Control#GAACCTAAGTCGAGCA-1 Control#ACTACGACAATCCATG-1
[1,]                          .                          .                          .                          1                          .
[2,]                          .                          .                          .                          1                          .
[3,]                          .                          .                          .                          .                          .
[4,]                          .                          .                          .                          .                          .
[5,]                          1                          .                          .                          .                          1


LSI Parameters$LSIMethod: length = 1
[1] 1


LSI Parameters$scaleTo: length = 1
[1] 10000


LSI Parameters$nDimensions: length = 1
[1] 30


LSI Parameters$binarize: length = 1
[1] TRUE


LSI Parameters$outlierQuantiles: length = 0
NULL


LSI Parameters$seed: length = 1
[1] 1


LSI Parameters$verbose: length = 1
[1] FALSE


LSI Parameters$tstart: length = 1
[1] "2020-06-14 20:36:36 EDT"


LSI Parameters$logFile: length = 1
[1] "ArchRLogs/ArchR-addDoubletScores-6e6051914dd8-Date-2020-06-14_Time-20-31-47.log"


2020-06-14 20:38:20 : Running LSI, Input Matrix = 0.176 GB, 1.721 mins elapsed.
2020-06-14 20:38:20 : Binarizing Matrix, 1.721 mins elapsed.
2020-06-14 20:38:20 : Computing Term Frequency, 1.724 mins elapsed.
2020-06-14 20:38:20 : Removing 0 Sum Rows, 1.725 mins elapsed.
2020-06-14 20:38:21 : Computing Inverse Document Frequency, 1.748 mins elapsed.
2020-06-14 20:38:21 : Computing TF-IDF Matrix, 1.748 mins elapsed.
2020-06-14 20:38:22 : Computing SVD using irlba, 1.771 mins elapsed.
2020-06-14 20:38:31 : Finished LSI (TF-IDF SVD) using irlba, 1.912 mins elapsed.

2020-06-14 20:38:32 : outLSI-2, Class = SimpleList

outLSI-2$matSVD: nRows = 4477, nCols = 30
                                  LSI1        LSI2          LSI3          LSI4          LSI5
Control#TATGTTCCACAAGGGT-1 -0.01334472 0.001579484  4.540254e-04 -3.488973e-04 -0.0001618536
Control#AACCGATCACGGTTAT-1 -0.01253550 0.004270134  1.551173e-05  1.250601e-05 -0.0001724563
Control#ATCCTGCTCCGCTCTA-1 -0.01220070 0.009996413  1.245378e-04 -1.207610e-04 -0.0003298926
Control#GAACCTAAGTCGAGCA-1 -0.01233983 0.009319839  1.441863e-04  2.431976e-05  0.0000755521
Control#ACTACGACAATCCATG-1 -0.01285533 0.003973625 -1.414548e-05  1.993139e-04  0.0001802123


outLSI-2$rowSm: length = 25000
[1] 101 333 450 663 486 423


outLSI-2$nCol: length = 1
[1] 4477


outLSI-2$exclude: length = 0
NULL


outLSI-2$idx: length = 25000
[1] 1 2 3 4 5 6


outLSI-2$u: nRows = 25000, nCols = 30
             [,1]          [,2]         [,3]          [,4]          [,5]
[1,] -0.001903719  7.718679e-03 3.216662e-05 -0.0001346388  0.0005507560
[2,] -0.004229455  1.861710e-04 1.596767e-04 -0.0005336265 -0.0002174299
[3,] -0.005159408 -6.647134e-04 2.799793e-04 -0.0004426387  0.0001311528
[4,] -0.006557480 -2.868303e-05 2.953449e-04 -0.0003667888  0.0005520426
[5,] -0.005118390 -2.878282e-04 4.113332e-05 -0.0003224109  0.0003028304


outLSI-2$v: nRows = 4477, nCols = 30
            [,1]        [,2]          [,3]          [,4]          [,5]
[1,] -0.01462828 0.004338996  1.659041e-03 -1.405918e-03 -0.0006799781
[2,] -0.01374122 0.011730474  5.668098e-05  5.039426e-05 -0.0007245224
[3,] -0.01337422 0.027461121  4.550699e-04 -4.866190e-04 -0.0013859428
[4,] -0.01352673 0.025602506  5.268670e-04  9.799900e-05  0.0003174090
[5,] -0.01409182 0.010915934 -5.168860e-05  8.031560e-04  0.0007571065


outLSI-2$binarize: length = 1
[1] TRUE


outLSI-2$scaleTo: length = 1
[1] 10000


outLSI-2$nDimensions: length = 1
[1] 30


outLSI-2$LSIMethod: length = 1
[1] 1


outLSI-2$outliers: length = 1
[1] NA


outLSI-2$date: length = 1
[1] "2020-06-14"


outLSI-2$seed: length = 1
[1] 1


outLSI-2$scaleDims: length = 1
[1] FALSE


outLSI-2$useMatrix: length = 1
[1] "TileMatrix"


outLSI-2$tileSize: length = 1
[1] 500


2020-06-14 20:38:34 : Finished Running IterativeLSI, 1.958 mins elapsed.
2020-06-14 20:38:34 : Constructing Partial Matrix for Projection, 6.773 mins elapsed.

2020-06-14 20:38:34 : Control (2 of 2) : LSI Result, Class = SimpleList

Control (2 of 2) : LSI Result$matSVD: nRows = 4477, nCols = 30
                                  LSI1        LSI2          LSI3          LSI4          LSI5
Control#TATGTTCCACAAGGGT-1 -0.01334472 0.001579484  4.540254e-04 -3.488973e-04 -0.0001618536
Control#AACCGATCACGGTTAT-1 -0.01253550 0.004270134  1.551173e-05  1.250601e-05 -0.0001724563
Control#ATCCTGCTCCGCTCTA-1 -0.01220070 0.009996413  1.245378e-04 -1.207610e-04 -0.0003298926
Control#GAACCTAAGTCGAGCA-1 -0.01233983 0.009319839  1.441863e-04  2.431976e-05  0.0000755521
Control#ACTACGACAATCCATG-1 -0.01285533 0.003973625 -1.414548e-05  1.993139e-04  0.0001802123


Control (2 of 2) : LSI Result$rowSm: length = 25000
[1] 101 333 450 663 486 423


Control (2 of 2) : LSI Result$nCol: length = 1
[1] 4477


Control (2 of 2) : LSI Result$exclude: length = 0
NULL


Control (2 of 2) : LSI Result$idx: length = 25000
[1] 1 2 3 4 5 6


Control (2 of 2) : LSI Result$u: nRows = 25000, nCols = 30
             [,1]          [,2]         [,3]          [,4]          [,5]
[1,] -0.001903719  7.718679e-03 3.216662e-05 -0.0001346388  0.0005507560
[2,] -0.004229455  1.861710e-04 1.596767e-04 -0.0005336265 -0.0002174299
[3,] -0.005159408 -6.647134e-04 2.799793e-04 -0.0004426387  0.0001311528
[4,] -0.006557480 -2.868303e-05 2.953449e-04 -0.0003667888  0.0005520426
[5,] -0.005118390 -2.878282e-04 4.113332e-05 -0.0003224109  0.0003028304


Control (2 of 2) : LSI Result$v: nRows = 4477, nCols = 30
            [,1]        [,2]          [,3]          [,4]          [,5]
[1,] -0.01462828 0.004338996  1.659041e-03 -1.405918e-03 -0.0006799781
[2,] -0.01374122 0.011730474  5.668098e-05  5.039426e-05 -0.0007245224
[3,] -0.01337422 0.027461121  4.550699e-04 -4.866190e-04 -0.0013859428
[4,] -0.01352673 0.025602506  5.268670e-04  9.799900e-05  0.0003174090
[5,] -0.01409182 0.010915934 -5.168860e-05  8.031560e-04  0.0007571065


Control (2 of 2) : LSI Result$binarize: length = 1
[1] TRUE


Control (2 of 2) : LSI Result$scaleTo: length = 1
[1] 10000


Control (2 of 2) : LSI Result$nDimensions: length = 1
[1] 30


Control (2 of 2) : LSI Result$LSIMethod: length = 1
[1] 1


Control (2 of 2) : LSI Result$outliers: length = 1
[1] NA


Control (2 of 2) : LSI Result$date: length = 1
[1] "2020-06-14"


Control (2 of 2) : LSI Result$seed: length = 1
[1] 1


Control (2 of 2) : LSI Result$scaleDims: length = 1
[1] FALSE


Control (2 of 2) : LSI Result$useMatrix: length = 1
[1] "TileMatrix"


Control (2 of 2) : LSI Result$tileSize: length = 1
[1] 500


Control (2 of 2) : LSI Result$dimsKept: length = 30
[1] 1 2 3 4 5 6


2020-06-14 20:38:47 : Running LSI UMAP, 6.994 mins elapsed.

2020-06-14 20:38:47 : Control (2 of 2) : UMAP Params, Class = list

Control (2 of 2) : UMAP Params$n_neighbors: length = 1
[1] 40


Control (2 of 2) : UMAP Params$min_dist: length = 1
[1] 0.4


Control (2 of 2) : UMAP Params$metric: length = 1
[1] "euclidean"


Control (2 of 2) : UMAP Params$verbose: length = 1
[1] FALSE


Control (2 of 2) : UMAP Params$X: nRows = 4477, nCols = 30
                                  LSI1        LSI2          LSI3          LSI4          LSI5
Control#TATGTTCCACAAGGGT-1 -0.01334472 0.001579484  4.540254e-04 -3.488973e-04 -0.0001618536
Control#AACCGATCACGGTTAT-1 -0.01253550 0.004270134  1.551173e-05  1.250601e-05 -0.0001724563
Control#ATCCTGCTCCGCTCTA-1 -0.01220070 0.009996413  1.245378e-04 -1.207610e-04 -0.0003298926
Control#GAACCTAAGTCGAGCA-1 -0.01233983 0.009319839  1.441863e-04  2.431976e-05  0.0000755521
Control#ACTACGACAATCCATG-1 -0.01285533 0.003973625 -1.414548e-05  1.993139e-04  0.0001802123


Control (2 of 2) : UMAP Params$ret_nn: length = 1
[1] TRUE


Control (2 of 2) : UMAP Params$ret_model: length = 1
[1] TRUE


Control (2 of 2) : UMAP Params$n_threads: length = 1
[1] 12


2020-06-14 20:39:08 : Simulating and Projecting Doublets, 7.343 mins elapsed.

2020-06-14 20:39:38 : Control (2 of 2) : SimulatedLSI, Class = matrix
            LSI1          LSI2          LSI3          LSI4          LSI5
[1,] -0.01378850 -1.289436e-03  3.074054e-05 -5.381842e-04 -2.112972e-05
[2,] -0.01396494 -2.233319e-03 -1.870356e-04  1.597481e-04  1.530306e-04
[3,] -0.01351285 -3.375693e-05  1.086432e-04  7.169169e-05 -6.735527e-05
[4,] -0.01279493  3.121076e-03 -4.257409e-04  2.206682e-05 -1.539248e-04
[5,] -0.01380048 -1.699510e-03 -5.766653e-06 -3.491762e-04  2.443637e-05

Control (2 of 2) : SimulatedLSI: nRows = 20000, nCols = 30


2020-06-14 20:39:42 : Control (2 of 2) : OriginalLSI, Class = matrix
                                  LSI1        LSI2          LSI3          LSI4          LSI5
Control#TATGTTCCACAAGGGT-1 -0.01334472 0.001579484  4.540254e-04 -3.488973e-04 -0.0001618536
Control#AACCGATCACGGTTAT-1 -0.01253550 0.004270134  1.551173e-05  1.250601e-05 -0.0001724563
Control#ATCCTGCTCCGCTCTA-1 -0.01220070 0.009996413  1.245378e-04 -1.207610e-04 -0.0003298926
Control#GAACCTAAGTCGAGCA-1 -0.01233983 0.009319839  1.441863e-04  2.431976e-05  0.0000755521
Control#ACTACGACAATCCATG-1 -0.01285533 0.003973625 -1.414548e-05  1.993139e-04  0.0001802123

Control (2 of 2) : OriginalLSI: nRows = 4477, nCols = 30


2020-06-14 20:39:42 : Control (2 of 2) : OriginalReProjectedLSI, Class = matrix
                                  LSI1        LSI2          LSI3          LSI4          LSI5
Control#TATGTTCCACAAGGGT-1 -0.01334472 0.001579484  4.540254e-04 -3.488973e-04 -0.0001618536
Control#AACCGATCACGGTTAT-1 -0.01253550 0.004270134  1.551173e-05  1.250601e-05 -0.0001724563
Control#ATCCTGCTCCGCTCTA-1 -0.01220070 0.009996413  1.245378e-04 -1.207610e-04 -0.0003298926
Control#GAACCTAAGTCGAGCA-1 -0.01233983 0.009319839  1.441863e-04  2.431976e-05  0.0000755521
Control#ACTACGACAATCCATG-1 -0.01285533 0.003973625 -1.414548e-05  1.993139e-04  0.0001802123

Control (2 of 2) : OriginalReProjectedLSI: nRows = 4477, nCols = 30


2020-06-14 20:40:03 : Control (2 of 2) : OriginalUMAP, Class = matrix
           [,1]      [,2]
[1,]  -2.096803 -0.422388
[2,] -10.196285  4.486797
[3,]  -4.970307 -1.553522
[4,]  -4.956264 -1.580975
[5,]  -1.714093  1.822251

Control (2 of 2) : OriginalUMAP: nRows = 4477, nCols = 2


2020-06-14 20:40:03 : Control (2 of 2) : OriginalReProjectedUMAP, Class = matrix
           [,1]       [,2]
[1,]  -2.142866 -0.4124067
[2,] -10.439605  4.2658887
[3,]  -5.019722 -1.5480410
[4,]  -4.926226 -1.5543283
[5,]  -1.605784  1.8887414

Control (2 of 2) : OriginalReProjectedUMAP: nRows = 4477, nCols = 2


2020-06-14 20:40:03 : Control (2 of 2) : UMAP Projection R^2 = 0.99774

2020-06-14 20:40:05 : Control (2 of 2) : Number of Nearby Simulated Doublets, Class = numeric

Control (2 of 2) : Number of Nearby Simulated Doublets: length = 4477
Control#TATGTTCCACAAGGGT-1 Control#AACCGATCACGGTTAT-1 Control#ATCCTGCTCCGCTCTA-1 Control#GAACCTAAGTCGAGCA-1 Control#ACTACGACAATCCATG-1 Control#AGTCAACTCATGAACC-1 
                       100                        100                         35                         35                        181                         58 



2020-06-14 20:40:05 : Control (2 of 2) : DoubletScoresLSI, Class = numeric

Control (2 of 2) : DoubletScoresLSI: length = 4477
Control#TATGTTCCACAAGGGT-1 Control#AACCGATCACGGTTAT-1 Control#ATCCTGCTCCGCTCTA-1 Control#GAACCTAAGTCGAGCA-1 Control#ACTACGACAATCCATG-1 Control#AGTCAACTCATGAACC-1 
                 76.107169                  76.107169                   1.747658                   1.747658                 228.370082                  20.878503 



2020-06-14 20:40:05 : Control (2 of 2) : DoubletEnrichLSI, Class = numeric

Control (2 of 2) : DoubletEnrichLSI: length = 4477
Control#TATGTTCCACAAGGGT-1 Control#AACCGATCACGGTTAT-1 Control#ATCCTGCTCCGCTCTA-1 Control#GAACCTAAGTCGAGCA-1 Control#ACTACGACAATCCATG-1 Control#AGTCAACTCATGAACC-1 
                      5.00                       5.00                       1.75                       1.75                       9.05                       2.90 



2020-06-14 20:40:05 : Control (2 of 2) : DoubletScoresUMAP, Class = numeric

Control (2 of 2) : DoubletScoresUMAP: length = 4477
Control#TATGTTCCACAAGGGT-1 Control#AACCGATCACGGTTAT-1 Control#ATCCTGCTCCGCTCTA-1 Control#GAACCTAAGTCGAGCA-1 Control#ACTACGACAATCCATG-1 Control#AGTCAACTCATGAACC-1 
                  18.58354                   74.71128                    0.00000                    0.00000                  172.96483                    0.00000 



2020-06-14 20:40:05 : Control (2 of 2) : DoubletEnrichUMAP, Class = numeric

Control (2 of 2) : DoubletEnrichUMAP: length = 4477
Control#TATGTTCCACAAGGGT-1 Control#AACCGATCACGGTTAT-1 Control#ATCCTGCTCCGCTCTA-1 Control#GAACCTAAGTCGAGCA-1 Control#ACTACGACAATCCATG-1 Control#AGTCAACTCATGAACC-1 
                      2.80                       4.95                       1.00                       1.15                       7.70                       1.25 



2020-06-14 20:40:05 : Control (2 of 2) : SimulationResults, Class = SimpleList

Control (2 of 2) : SimulationResults$doubletUMAP: nRows = 20000, nCols = 2
           [,1]       [,2]
[1,]   3.194531 -0.4685083
[2,]   3.817031 -2.4445665
[3,]  -9.429277  4.9463525
[4,] -13.434209  3.4644685
[5,]   2.007425  3.6115985


Control (2 of 2) : SimulationResults$doubletScore: length = 4477
Control#TATGTTCCACAAGGGT-1 Control#AACCGATCACGGTTAT-1 Control#ATCCTGCTCCGCTCTA-1 Control#GAACCTAAGTCGAGCA-1 Control#ACTACGACAATCCATG-1 Control#AGTCAACTCATGAACC-1 
                  18.58354                   74.71128                    0.00000                    0.00000                  172.96483                    0.00000 


Control (2 of 2) : SimulationResults$doubletEnrich: length = 4477
Control#TATGTTCCACAAGGGT-1 Control#AACCGATCACGGTTAT-1 Control#ATCCTGCTCCGCTCTA-1 Control#GAACCTAAGTCGAGCA-1 Control#ACTACGACAATCCATG-1 Control#AGTCAACTCATGAACC-1 
                      2.80                       4.95                       1.00                       1.15                       7.70                       1.25 



2020-06-14 20:40:05 : Control (2 of 2) : Sample UMAP, Class = data.frame
Control (2 of 2) : Sample UMAP: nRows = 4477, nCols = 5
                                   X1        X2       type     score enrichment
Control#TATGTTCCACAAGGGT-1  -2.096803 -0.422388 experiment  18.58354       2.80
Control#AACCGATCACGGTTAT-1 -10.196285  4.486797 experiment  74.71128       4.95
Control#ATCCTGCTCCGCTCTA-1  -4.970307 -1.553522 experiment   0.00000       1.00
Control#GAACCTAAGTCGAGCA-1  -4.956264 -1.580975 experiment   0.00000       1.15
Control#ACTACGACAATCCATG-1  -1.714093  1.822251 experiment 172.96483       7.70
Control#AGTCAACTCATGAACC-1 -12.429732  2.996281 experiment   0.00000       1.25



2020-06-14 20:40:05 : Control (2 of 2) : Simulated Doublet UMAP, Class = data.frame
Control (2 of 2) : Simulated Doublet UMAP: nRows = 20000, nCols = 5
                        x         y      density              type        color
doublet_17505  0.07404566 -3.278337 0.0001701968 simulated_doublet 0.0001701968
doublet_15526  0.02967256 -3.505117 0.0001982157 simulated_doublet 0.0001982157
doublet_1743  -6.29846621  5.326556 0.0002565391 simulated_doublet 0.0002565391
doublet_1601   0.22873579 -3.459527 0.0002945647 simulated_doublet 0.0002945647
doublet_16274  0.09061467 -4.841396 0.0003157306 simulated_doublet 0.0003157306
doublet_5755  -6.12503862  5.302249 0.0003205418 simulated_doublet 0.0003205418



------- Completed

End Time : 2020-06-14 20:40:15
Elapsed Time Minutes = 8.47439791361491
Elapsed Time Hours = 0.141240066554811

-------



