
           ___      .______        ______  __    __  .______      
          /   \     |   _  \      /      ||  |  |  | |   _  \     
         /  ^  \    |  |_)  |    |  ,----'|  |__|  | |  |_)  |    
        /  /_\  \   |      /     |  |     |   __   | |      /     
       /  _____  \  |  |\  \\___ |  `----.|  |  |  | |  |\  \\___.
      /__/     \__\ | _| `._____| \______||__|  |__| | _| `._____|
    
Logging With ArchR!

Start Time : 2020-06-14 17:14:57

------- ArchR Info

ArchRThreads = 12
ArchRGenome = Hg38

------- System Info

Computer OS = unix
Total Cores = 24

------- Session Info

R version 3.6.2 (2019-12-12)
Platform: x86_64-pc-linux-gnu (64-bit)
Running under: CentOS Linux 7 (Core)

Matrix products: default
BLAS/LAPACK: /usr/lib64/libopenblasp-r0.3.3.so

locale:
 [1] LC_CTYPE=en_US.UTF-8       LC_NUMERIC=C               LC_TIME=en_US.UTF-8        LC_COLLATE=en_US.UTF-8     LC_MONETARY=en_US.UTF-8   
 [6] LC_MESSAGES=en_US.UTF-8    LC_PAPER=en_US.UTF-8       LC_NAME=C                  LC_ADDRESS=C               LC_TELEPHONE=C            
[11] LC_MEASUREMENT=en_US.UTF-8 LC_IDENTIFICATION=C       

attached base packages:
 [1] grid      parallel  stats4    stats     graphics  grDevices utils     datasets  methods   base     

other attached packages:
 [1] harmony_1.0                       Rcpp_1.0.4.6                      uwot_0.1.8                        gridExtra_2.3                    
 [5] ggrastr_0.1.7                     nabor_0.5.0                       BSgenome.Hsapiens.UCSC.hg38_1.4.1 BSgenome_1.54.0                  
 [9] rtracklayer_1.46.0                Biostrings_2.54.0                 XVector_0.26.0                    ArchR_0.9.1                      
[13] magrittr_1.5                      rhdf5_2.30.1                      SummarizedExperiment_1.16.1       DelayedArray_0.12.3              
[17] BiocParallel_1.20.1               matrixStats_0.56.0                Biobase_2.46.0                    GenomicRanges_1.38.0             
[21] GenomeInfoDb_1.22.1               IRanges_2.20.2                    S4Vectors_0.24.4                  BiocGenerics_0.32.0              
[25] BuenColors_0.5.6                  MASS_7.3-51.6                     Matrix_1.2-18                     ggplot2_3.3.0                    
[29] Seurat_3.1.5                      dplyr_0.8.5                       data.table_1.12.8                

loaded via a namespace (and not attached):
 [1] Rtsne_0.15               colorspace_1.4-1         ellipsis_0.3.1           ggridges_0.5.2           rstudioapi_0.11          hexbin_1.28.1           
 [7] leiden_0.3.3             listenv_0.8.0            farver_2.0.3             ggrepel_0.8.2            fansi_0.4.1              RSpectra_0.16-0         
[13] codetools_0.2-16         splines_3.6.2            R.methodsS3_1.8.0        jsonlite_1.6.1           Rsamtools_2.2.3          Cairo_1.5-12            
[19] ica_1.0-2                cluster_2.1.0            R.oo_1.23.0              png_0.1-7                sctransform_0.2.1        compiler_3.6.2          
[25] httr_1.4.1               assertthat_0.2.1         lazyeval_0.2.2           cli_2.0.2                htmltools_0.4.0          tools_3.6.2             
[31] rsvd_1.0.3               igraph_1.2.5             gtable_0.3.0             glue_1.4.1               GenomeInfoDbData_1.2.2   RANN_2.6.1              
[37] reshape2_1.4.4           rappdirs_0.3.1           vctrs_0.3.0              ape_5.3                  nlme_3.1-148             lmtest_0.9-37           
[43] stringr_1.4.0            globals_0.12.5           lifecycle_0.2.0          irlba_2.3.3              gtools_3.8.2             XML_3.99-0.3            
[49] future_1.17.0            zlibbioc_1.32.0          zoo_1.8-8                scales_1.1.1             RColorBrewer_1.1-2       reticulate_1.16         
[55] pbapply_1.4-2            stringi_1.4.6            rlang_0.4.6              pkgconfig_2.0.3          bitops_1.0-6             lattice_0.20-41         
[61] ROCR_1.0-11              purrr_0.3.4              Rhdf5lib_1.8.0           GenomicAlignments_1.22.1 patchwork_1.0.0          htmlwidgets_1.5.1       
[67] labeling_0.3             cowplot_1.0.0            tidyselect_1.1.0         RcppAnnoy_0.0.16         plyr_1.8.6               R6_2.4.1                
[73] pillar_1.4.4             withr_2.2.0              fitdistrplus_1.1-1       survival_3.1-12          RCurl_1.98-1.2           tibble_3.0.1            
[79] future.apply_1.5.0       tsne_0.1-3               crayon_1.3.4             utf8_1.1.4               KernSmooth_2.23-17       plotly_4.9.2.1          
[85] digest_0.6.25            tidyr_1.1.0              R.utils_2.9.2            munsell_0.5.0            viridisLite_0.3.0       


------- Log Info


2020-06-14 17:14:57 : imputeMatrix Input-Parameters, Class = list

imputeMatrix Input-Parameters$mat: nRows = 227, nCols = 9661
        Control#TATGTTCCACAAGGGT-1 Control#AACCGATCACGGTTAT-1 Control#ATCCTGCTCCGCTCTA-1 Control#GAACCTAAGTCGAGCA-1 Control#AGTCAACTCATGAACC-1
CD80                    1.26393067                   4.506549                 -0.9009709                  0.0735370                  2.3371088
CD86                   -0.01700603                   3.013949                 -0.2898887                  1.0778323                  0.2133715
CD274                   0.22822064                   2.007458                 -0.8282866                 -0.4781010                 -0.4781010
CD273                   3.71568149                   2.479902                 -0.6890928                 -0.6890928                 -0.6890928
CD275-1                 1.85450978                   2.490979                 -0.7456932                 -0.7456932                  2.9782391


imputeMatrix Input-Parameters$threads: length = 1
[1] 12


imputeMatrix Input-Parameters$verbose: length = 1
[1] FALSE


imputeMatrix Input-Parameters$logFile: length = 1
[1] "ArchRLogs/ArchR-addImputeWeights-RAND.log"



2020-06-14 17:14:57 : mat, Class = matrix
        Control#TATGTTCCACAAGGGT-1 Control#AACCGATCACGGTTAT-1 Control#ATCCTGCTCCGCTCTA-1 Control#GAACCTAAGTCGAGCA-1 Control#AGTCAACTCATGAACC-1
CD80                    1.26393067                   4.506549                 -0.9009709                  0.0735370                  2.3371088
CD86                   -0.01700603                   3.013949                 -0.2898887                  1.0778323                  0.2133715
CD274                   0.22822064                   2.007458                 -0.8282866                 -0.4781010                 -0.4781010
CD273                   3.71568149                   2.479902                 -0.6890928                 -0.6890928                 -0.6890928
CD275-1                 1.85450978                   2.490979                 -0.7456932                 -0.7456932                  2.9782391

mat: nRows = 227, nCols = 9661


2020-06-14 17:14:57 : weightList, Class = SimpleList

weightList$w1: length = 1
[1] "/data/aryee/caleb/tenx-scatac/asap_paper/asap_large_data_files/pbmc_stim_data/output/archr_pbmc_stim/ASAP_PBMCstim_hg38/ImputeWeights/Impute-Weights-Rep-1"


weightList$w2: length = 1
[1] "/data/aryee/caleb/tenx-scatac/asap_paper/asap_large_data_files/pbmc_stim_data/output/archr_pbmc_stim/ASAP_PBMCstim_hg38/ImputeWeights/Impute-Weights-Rep-2"


2020-06-14 17:14:58 : Imputing Matrix (1 of 2), 0 mins elapsed.

2020-06-14 17:14:58 : Using weights on disk

2020-06-14 17:14:58 : 1 of 2

2020-06-14 17:14:58 : 2 of 2
2020-06-14 17:15:01 : Imputing Matrix (2 of 2), 0.057 mins elapsed.

2020-06-14 17:15:01 : Using weights on disk

2020-06-14 17:15:01 : 1 of 2

2020-06-14 17:15:01 : 2 of 2
2020-06-14 17:15:04 : Finished Imputing Matrix, 0.111 mins elapsed.

2020-06-14 20:49:03 : imputeMatrix Input-Parameters, Class = list

imputeMatrix Input-Parameters$mat: nRows = 227, nCols = 8535
        Control#TATGTTCCACAAGGGT-1 Control#ATCCTGCTCCGCTCTA-1 Control#GAACCTAAGTCGAGCA-1 Control#AGTCAACTCATGAACC-1 Control#ACCAAACCATCCTGGG-1
CD80                    1.36808341                 -0.8889649                  0.1322128                  2.4756721                  2.1630692
CD86                    0.08230692                 -0.2315508                  1.3231675                  0.3455602                  1.4518077
CD274                   0.27488407                 -0.8496421                 -0.4755682                 -0.4755682                 -0.6503904
CD273                   3.98173165                 -0.6773387                 -0.6773387                 -0.6773387                  0.5010041
CD275-1                 1.96586685                 -0.7312886                 -0.7312886                  3.1210034                  1.5437690


imputeMatrix Input-Parameters$threads: length = 1
[1] 12


imputeMatrix Input-Parameters$verbose: length = 1
[1] FALSE


imputeMatrix Input-Parameters$logFile: length = 1
[1] "ArchRLogs/ArchR-addImputeWeights-RAND.log"



2020-06-14 20:49:03 : mat, Class = matrix
        Control#TATGTTCCACAAGGGT-1 Control#ATCCTGCTCCGCTCTA-1 Control#GAACCTAAGTCGAGCA-1 Control#AGTCAACTCATGAACC-1 Control#ACCAAACCATCCTGGG-1
CD80                    1.36808341                 -0.8889649                  0.1322128                  2.4756721                  2.1630692
CD86                    0.08230692                 -0.2315508                  1.3231675                  0.3455602                  1.4518077
CD274                   0.27488407                 -0.8496421                 -0.4755682                 -0.4755682                 -0.6503904
CD273                   3.98173165                 -0.6773387                 -0.6773387                 -0.6773387                  0.5010041
CD275-1                 1.96586685                 -0.7312886                 -0.7312886                  3.1210034                  1.5437690

mat: nRows = 227, nCols = 8535


2020-06-14 20:49:03 : weightList, Class = SimpleList

weightList$w1: length = 1
[1] "/data/aryee/caleb/tenx-scatac/asap_paper/asap_large_data_files/pbmc_stim_data/output/archr_pbmc_stim/ASAP_PBMCstim_hg38/ImputeWeights/Impute-Weights-Rep-1"


weightList$w2: length = 1
[1] "/data/aryee/caleb/tenx-scatac/asap_paper/asap_large_data_files/pbmc_stim_data/output/archr_pbmc_stim/ASAP_PBMCstim_hg38/ImputeWeights/Impute-Weights-Rep-2"


2020-06-14 20:49:03 : Imputing Matrix (1 of 2), 0 mins elapsed.

2020-06-14 20:49:03 : Using weights on disk

2020-06-14 20:49:03 : 1 of 2

2020-06-14 20:49:03 : 2 of 2
2020-06-14 20:49:08 : Imputing Matrix (2 of 2), 0.08 mins elapsed.

2020-06-14 20:49:08 : Using weights on disk

2020-06-14 20:49:08 : 1 of 2

2020-06-14 20:49:08 : 2 of 2
2020-06-14 20:49:09 : Finished Imputing Matrix, 0.098 mins elapsed.

2020-06-14 22:45:16 : imputeMatrix Input-Parameters, Class = list

imputeMatrix Input-Parameters$mat: nRows = 227, nCols = 8535
        Control#TATGTTCCACAAGGGT-1 Control#ATCCTGCTCCGCTCTA-1 Control#GAACCTAAGTCGAGCA-1 Control#AGTCAACTCATGAACC-1 Control#ACCAAACCATCCTGGG-1
CD80                    1.36808341                 -0.8889649                  0.1322128                  2.4756721                  2.1630692
CD86                    0.08230692                 -0.2315508                  1.3231675                  0.3455602                  1.4518077
CD274                   0.27488407                 -0.8496421                 -0.4755682                 -0.4755682                 -0.6503904
CD273                   3.98173165                 -0.6773387                 -0.6773387                 -0.6773387                  0.5010041
CD275-1                 1.96586685                 -0.7312886                 -0.7312886                  3.1210034                  1.5437690


imputeMatrix Input-Parameters$threads: length = 1
[1] 12


imputeMatrix Input-Parameters$verbose: length = 1
[1] FALSE


imputeMatrix Input-Parameters$logFile: length = 1
[1] "ArchRLogs/ArchR-addImputeWeights-RAND.log"



2020-06-14 22:45:16 : mat, Class = matrix
        Control#TATGTTCCACAAGGGT-1 Control#ATCCTGCTCCGCTCTA-1 Control#GAACCTAAGTCGAGCA-1 Control#AGTCAACTCATGAACC-1 Control#ACCAAACCATCCTGGG-1
CD80                    1.36808341                 -0.8889649                  0.1322128                  2.4756721                  2.1630692
CD86                    0.08230692                 -0.2315508                  1.3231675                  0.3455602                  1.4518077
CD274                   0.27488407                 -0.8496421                 -0.4755682                 -0.4755682                 -0.6503904
CD273                   3.98173165                 -0.6773387                 -0.6773387                 -0.6773387                  0.5010041
CD275-1                 1.96586685                 -0.7312886                 -0.7312886                  3.1210034                  1.5437690

mat: nRows = 227, nCols = 8535


2020-06-14 22:45:16 : weightList, Class = SimpleList

weightList$w1: length = 1
[1] "/data/aryee/caleb/tenx-scatac/asap_paper/asap_large_data_files/pbmc_stim_data/output/archr_pbmc_stim/ASAP_PBMCstim_hg38/ImputeWeights/Impute-Weights-Rep-1"


weightList$w2: length = 1
[1] "/data/aryee/caleb/tenx-scatac/asap_paper/asap_large_data_files/pbmc_stim_data/output/archr_pbmc_stim/ASAP_PBMCstim_hg38/ImputeWeights/Impute-Weights-Rep-2"


2020-06-14 22:45:16 : Imputing Matrix (1 of 2), 0 mins elapsed.

2020-06-14 22:45:16 : Using weights on disk

2020-06-14 22:45:17 : 1 of 2

2020-06-14 22:45:17 : 2 of 2
2020-06-14 22:45:19 : Imputing Matrix (2 of 2), 0.042 mins elapsed.

2020-06-14 22:45:19 : Using weights on disk

2020-06-14 22:45:19 : 1 of 2

2020-06-14 22:45:20 : 2 of 2
2020-06-14 22:45:21 : Finished Imputing Matrix, 0.087 mins elapsed.
