
           ___      .______        ______  __    __  .______      
          /   \     |   _  \      /      ||  |  |  | |   _  \     
         /  ^  \    |  |_)  |    |  ,----'|  |__|  | |  |_)  |    
        /  /_\  \   |      /     |  |     |   __   | |      /     
       /  _____  \  |  |\  \\___ |  `----.|  |  |  | |  |\  \\___.
      /__/     \__\ | _| `._____| \______||__|  |__| | _| `._____|
    
Logging With ArchR!

Start Time : 2020-06-14 20:40:16

------- ArchR Info

ArchRThreads = 12
ArchRGenome = Hg38

------- System Info

Computer OS = unix
Total Cores = 24

------- Session Info

R version 3.6.2 (2019-12-12)
Platform: x86_64-pc-linux-gnu (64-bit)
Running under: CentOS Linux 7 (Core)

Matrix products: default
BLAS/LAPACK: /usr/lib64/libopenblasp-r0.3.3.so

locale:
 [1] LC_CTYPE=en_US.UTF-8       LC_NUMERIC=C               LC_TIME=en_US.UTF-8        LC_COLLATE=en_US.UTF-8     LC_MONETARY=en_US.UTF-8   
 [6] LC_MESSAGES=en_US.UTF-8    LC_PAPER=en_US.UTF-8       LC_NAME=C                  LC_ADDRESS=C               LC_TELEPHONE=C            
[11] LC_MEASUREMENT=en_US.UTF-8 LC_IDENTIFICATION=C       

attached base packages:
 [1] grid      parallel  stats4    stats     graphics  grDevices utils     datasets  methods   base     

other attached packages:
 [1] randomForest_4.6-14               scales_1.1.1                      viridis_0.5.1                     viridisLite_0.3.0                
 [5] harmony_1.0                       Rcpp_1.0.4.6                      uwot_0.1.8                        gridExtra_2.3                    
 [9] ggrastr_0.1.7                     nabor_0.5.0                       BSgenome.Hsapiens.UCSC.hg38_1.4.1 BSgenome_1.54.0                  
[13] rtracklayer_1.46.0                Biostrings_2.54.0                 XVector_0.26.0                    ArchR_0.9.1                      
[17] magrittr_1.5                      rhdf5_2.30.1                      SummarizedExperiment_1.16.1       DelayedArray_0.12.3              
[21] BiocParallel_1.20.1               matrixStats_0.56.0                Biobase_2.46.0                    GenomicRanges_1.38.0             
[25] GenomeInfoDb_1.22.1               IRanges_2.20.2                    S4Vectors_0.24.4                  BiocGenerics_0.32.0              
[29] BuenColors_0.5.6                  MASS_7.3-51.6                     Matrix_1.2-18                     ggplot2_3.3.0                    
[33] Seurat_3.1.5                      dplyr_0.8.5                       data.table_1.12.8                

loaded via a namespace (and not attached):
 [1] Rtsne_0.15               colorspace_1.4-1         ellipsis_0.3.1           ggridges_0.5.2           rstudioapi_0.11          hexbin_1.28.1           
 [7] leiden_0.3.3             listenv_0.8.0            farver_2.0.3             ggrepel_0.8.2            fansi_0.4.1              RSpectra_0.16-0         
[13] codetools_0.2-16         splines_3.6.2            R.methodsS3_1.8.0        jsonlite_1.6.1           Rsamtools_2.2.3          Cairo_1.5-12            
[19] ica_1.0-2                cluster_2.1.0            R.oo_1.23.0              png_0.1-7                sctransform_0.2.1        compiler_3.6.2          
[25] httr_1.4.1               assertthat_0.2.1         lazyeval_0.2.2           cli_2.0.2                htmltools_0.4.0          tools_3.6.2             
[31] rsvd_1.0.3               igraph_1.2.5             gtable_0.3.0             glue_1.4.1               GenomeInfoDbData_1.2.2   RANN_2.6.1              
[37] reshape2_1.4.4           rappdirs_0.3.1           vctrs_0.3.0              ape_5.3                  nlme_3.1-148             lmtest_0.9-37           
[43] stringr_1.4.0            globals_0.12.5           lifecycle_0.2.0          irlba_2.3.3              gtools_3.8.2             XML_3.99-0.3            
[49] future_1.17.0            zlibbioc_1.32.0          zoo_1.8-8                RColorBrewer_1.1-2       reticulate_1.16          pbapply_1.4-2           
[55] stringi_1.4.6            rlang_0.4.6              pkgconfig_2.0.3          bitops_1.0-6             lattice_0.20-41          ROCR_1.0-11             
[61] purrr_0.3.4              Rhdf5lib_1.8.0           GenomicAlignments_1.22.1 patchwork_1.0.0          htmlwidgets_1.5.1        labeling_0.3            
[67] cowplot_1.0.0            tidyselect_1.1.0         RcppAnnoy_0.0.16         plyr_1.8.6               R6_2.4.1                 pillar_1.4.4            
[73] withr_2.2.0              fitdistrplus_1.1-1       survival_3.1-12          RCurl_1.98-1.2           tibble_3.0.1             future.apply_1.5.0      
[79] tsne_0.1-3               crayon_1.3.4             utf8_1.1.4               KernSmooth_2.23-17       plotly_4.9.2.1           digest_0.6.25           
[85] tidyr_1.1.0              R.utils_2.9.2            munsell_0.5.0           


------- Log Info


2020-06-14 20:40:16 : IterativeLSI Input-Parameters, Class = list

IterativeLSI Input-Parameters$ArchRProj: length = 1
class: ArchRProject 
outputDirectory: /data/aryee/caleb/tenx-scatac/asap_paper/asap_large_data_files/pbmc_stim_data/output/archr_pbmc_stim/ASAP_PBMCstim_hg38 
samples(2): Control Stim
sampleColData names(1): ArrowFiles
cellColData names(15): Sample TSSEnrichment ... DoubletEnrichment BlacklistRatio
numberOfCells(1): 1
medianTSS(1): 6.726
medianFrags(1): 98193


IterativeLSI Input-Parameters$useMatrix: length = 1
[1] "TileMatrix"


IterativeLSI Input-Parameters$name: length = 1
[1] "IterativeLSI"


IterativeLSI Input-Parameters$iterations: length = 1
[1] 2


IterativeLSI Input-Parameters$varFeatures: length = 1
[1] 25000


IterativeLSI Input-Parameters$dimsToUse: length = 30
[1] 1 2 3 4 5 6


IterativeLSI Input-Parameters$LSIMethod: length = 1
[1] 2


IterativeLSI Input-Parameters$scaleDims: length = 1
[1] TRUE


IterativeLSI Input-Parameters$corCutOff: length = 1
[1] 0.75


IterativeLSI Input-Parameters$binarize: length = 1
[1] TRUE


IterativeLSI Input-Parameters$outlierQuantiles: length = 2
[1] 0.02 0.98


IterativeLSI Input-Parameters$filterBias: length = 1
[1] TRUE


IterativeLSI Input-Parameters$sampleCellsPre: length = 1
[1] 10000


IterativeLSI Input-Parameters$projectCellsPre: length = 1
[1] FALSE


IterativeLSI Input-Parameters$sampleCellsFinal: length = 0
NULL


IterativeLSI Input-Parameters$selectionMethod: length = 1
[1] "var"


IterativeLSI Input-Parameters$scaleTo: length = 1
[1] 10000


IterativeLSI Input-Parameters$totalFeatures: length = 1
[1] 5e+05


IterativeLSI Input-Parameters$filterQuantile: length = 1
[1] 0.995


IterativeLSI Input-Parameters$excludeChr: length = 0
NULL


IterativeLSI Input-Parameters$saveIterations: length = 1
[1] TRUE


IterativeLSI Input-Parameters$nPlot: length = 1
[1] 10000


IterativeLSI Input-Parameters$outDir: length = 1
[1] "/data/aryee/caleb/tenx-scatac/asap_paper/asap_large_data_files/pbmc_stim_data/output/archr_pbmc_stim/ASAP_PBMCstim_hg38"


IterativeLSI Input-Parameters$threads: length = 1
[1] 12


IterativeLSI Input-Parameters$seed: length = 1
[1] 1


IterativeLSI Input-Parameters$verbose: length = 1
[1] TRUE


IterativeLSI Input-Parameters$force: length = 1
[1] TRUE


IterativeLSI Input-Parameters$logFile: length = 1
[1] "ArchRLogs/ArchR-addIterativeLSI-6e60265a9ffd-Date-2020-06-14_Time-20-40-16.log"


2020-06-14 20:40:17 : Computing Total Accessibility Across All Features, 0.003 mins elapsed.
2020-06-14 20:40:19 : Computing Top Features, 0.047 mins elapsed.
###########
2020-06-14 20:40:20 : Running LSI (1 of 2) on Top Features, 0.056 mins elapsed.
###########
2020-06-14 20:40:20 : Creating Partial Matrix, 0.057 mins elapsed.
2020-06-14 20:40:38 : Computing LSI, 0.359 mins elapsed.

2020-06-14 20:40:38 : LSI Parameters, Class = list

LSI Parameters$: length = 1
                       
1 function (name)      
2 .Internal(args(name))


LSI Parameters$mat: nRows = 25000, nCols = 8535
LSI Parameters$mat: NonZeroEntries = 31203717, EntryRange = [ 1 , 1 ]
5 x 5 sparse Matrix of class "dgCMatrix"
     Control#TATGTTCCACAAGGGT-1 Control#ATCCTGCTCCGCTCTA-1 Control#GAACCTAAGTCGAGCA-1 Control#AGTCAACTCATGAACC-1 Control#ACCAAACCATCCTGGG-1
[1,]                          .                          .                          1                          1                          1
[2,]                          1                          .                          .                          1                          .
[3,]                          .                          .                          .                          .                          1
[4,]                          .                          .                          .                          .                          1
[5,]                          .                          .                          .                          1                          1


LSI Parameters$LSIMethod: length = 1
[1] 2


LSI Parameters$scaleTo: length = 1
[1] 10000


LSI Parameters$nDimensions: length = 1
[1] 30


LSI Parameters$binarize: length = 1
[1] TRUE


LSI Parameters$outlierQuantiles: length = 2
[1] 0.02 0.98


LSI Parameters$seed: length = 1
[1] 1


LSI Parameters$verbose: length = 1
[1] FALSE


LSI Parameters$tstart: length = 1
[1] "2020-06-14 20:40:16 EDT"


LSI Parameters$logFile: length = 1
[1] "ArchRLogs/ArchR-addIterativeLSI-6e60265a9ffd-Date-2020-06-14_Time-20-40-16.log"


2020-06-14 20:40:39 : Running LSI, Input Matrix = 0.375 GB, 0.369 mins elapsed.
2020-06-14 20:40:39 : Binarizing Matrix, 0.369 mins elapsed.
2020-06-14 20:40:39 : Computing Term Frequency, 0.382 mins elapsed.
2020-06-14 20:40:40 : Filtering Outliers Based On Counts, 0.384 mins elapsed.
2020-06-14 20:40:40 : Removing 0 Sum Rows, 0.396 mins elapsed.
2020-06-14 20:40:44 : Computing Inverse Document Frequency, 0.459 mins elapsed.
2020-06-14 20:40:48 : Computing SVD using irlba, 0.525 mins elapsed.
2020-06-14 20:41:47 : Projecting Outliers with LSI-Projection (Granja* et al 2019), 1.509 mins elapsed.

2020-06-14 20:41:47 : LSI-Projection Parameters, Class = list

LSI-Projection Parameters$: length = 1
                       
1 function (name)      
2 .Internal(args(name))


LSI-Projection Parameters$mat: nRows = 25000, nCols = 10
LSI-Projection Parameters$mat: NonZeroEntries = 39930, EntryRange = [ 1 , 1 ]
5 x 5 sparse Matrix of class "dgCMatrix"
     Control#TATGTTCCACAAGGGT-1 Control#ATCCTGCTCCGCTCTA-1 Control#GAACCTAAGTCGAGCA-1 Control#ACGGATTCAGCCACGT-1 Control#GCATTGAGTGCTGTGC-1
[1,]                          .                          .                          1                          1                          .
[2,]                          1                          .                          .                          .                          1
[3,]                          .                          .                          .                          .                          .
[4,]                          .                          .                          .                          .                          1
[5,]                          .                          .                          .                          .                          .


LSI-Projection Parameters$matSVD: nRows = 8192, nCols = 30
                                LSI1       LSI2       LSI3       LSI4      LSI5
Control#TATGTTCCACAAGGGT-1 -93.57405 -17.981428  7.3974308  -5.431211 -19.73861
Control#ATCCTGCTCCGCTCTA-1 -67.37571 -18.947211  0.3627953 -14.429144 -27.15109
Control#GAACCTAAGTCGAGCA-1 -65.78087 -16.284418  0.4713556 -13.757154 -23.16228
Control#ACGGATTCAGCCACGT-1 -41.61876  -7.686490  8.8123442  -7.409738 -11.21469
Control#GCATTGAGTGCTGTGC-1 -78.05265  -8.370001 10.5103833  -7.541483 -10.77147


LSI-Projection Parameters$returnModel: length = 1
[1] FALSE


LSI-Projection Parameters$verbose: length = 1
[1] FALSE


LSI-Projection Parameters$tstart: length = 0
NULL


LSI-Projection Parameters$logFile: length = 1
[1] "ArchRLogs/ArchR-addIterativeLSI-6e60265a9ffd-Date-2020-06-14_Time-20-40-16.log"


2020-06-14 20:41:47 : Projecting LSI, Input Matrix = 0 GB, 0 mins elapsed.
2020-06-14 20:41:47 : Subsetting by Non-Zero features in inital Matrix, 0 mins elapsed.
2020-06-14 20:41:47 : Binarizing Matrix, 0 mins elapsed.
2020-06-14 20:41:47 : Computing Term Frequency, 0 mins elapsed.
2020-06-14 20:41:47 : Computing Inverse Document Frequency, 0 mins elapsed.
2020-06-14 20:41:47 : Computing TF-IDF Matrix, 0 mins elapsed.
2020-06-14 20:41:48 : Calculating V Matrix, 0.023 mins elapsed.
2020-06-14 20:41:48 : Computing Projected Coordinates, 0.023 mins elapsed.

2020-06-14 20:41:48 : LSI-Projection Parameters, Class = list

LSI-Projection Parameters$: length = 1
                       
1 function (name)      
2 .Internal(args(name))


LSI-Projection Parameters$mat: nRows = 25000, nCols = 343
LSI-Projection Parameters$mat: NonZeroEntries = 2089444, EntryRange = [ 1 , 1 ]
5 x 5 sparse Matrix of class "dgCMatrix"
     Control#AGTCAACTCATGAACC-1 Control#ACCAAACCATCCTGGG-1 Control#GAACCTAGTGTTGGTT-1 Control#TTATGTCGTATTCTGG-1 Control#GCACGCACAGCAAACG-1
[1,]                          1                          1                          1                          1                          .
[2,]                          1                          .                          .                          .                          1
[3,]                          .                          1                          .                          1                          .
[4,]                          .                          1                          1                          1                          .
[5,]                          1                          1                          1                          .                          .


LSI-Projection Parameters$matSVD: nRows = 8192, nCols = 30
                                LSI1       LSI2       LSI3       LSI4      LSI5
Control#TATGTTCCACAAGGGT-1 -93.57405 -17.981428  7.3974308  -5.431211 -19.73861
Control#ATCCTGCTCCGCTCTA-1 -67.37571 -18.947211  0.3627953 -14.429144 -27.15109
Control#GAACCTAAGTCGAGCA-1 -65.78087 -16.284418  0.4713556 -13.757154 -23.16228
Control#ACGGATTCAGCCACGT-1 -41.61876  -7.686490  8.8123442  -7.409738 -11.21469
Control#GCATTGAGTGCTGTGC-1 -78.05265  -8.370001 10.5103833  -7.541483 -10.77147


LSI-Projection Parameters$returnModel: length = 1
[1] FALSE


LSI-Projection Parameters$verbose: length = 1
[1] FALSE


LSI-Projection Parameters$tstart: length = 0
NULL


LSI-Projection Parameters$logFile: length = 1
[1] "ArchRLogs/ArchR-addIterativeLSI-6e60265a9ffd-Date-2020-06-14_Time-20-40-16.log"


2020-06-14 20:41:49 : Projecting LSI, Input Matrix = 0.025 GB, 0 mins elapsed.
2020-06-14 20:41:49 : Subsetting by Non-Zero features in inital Matrix, 0 mins elapsed.
2020-06-14 20:41:49 : Binarizing Matrix, 0.001 mins elapsed.
2020-06-14 20:41:49 : Computing Term Frequency, 0.001 mins elapsed.
2020-06-14 20:41:49 : Computing Inverse Document Frequency, 0.002 mins elapsed.
2020-06-14 20:41:49 : Computing TF-IDF Matrix, 0.002 mins elapsed.
2020-06-14 20:41:50 : Calculating V Matrix, 0.022 mins elapsed.
2020-06-14 20:41:50 : Computing Projected Coordinates, 0.024 mins elapsed.
2020-06-14 20:41:50 : Finished LSI (TF-IDF SVD) using irlba, 1.559 mins elapsed.

2020-06-14 20:41:52 : outLSI-1, Class = SimpleList

outLSI-1$matSVD: nRows = 8535, nCols = 30
                                 LSI1      LSI2        LSI3       LSI4      LSI5
Control#TATGTTCCACAAGGGT-1  -93.57405 -17.98143   7.3974308  -5.431211 -19.73861
Control#ATCCTGCTCCGCTCTA-1  -67.37571 -18.94721   0.3627953 -14.429144 -27.15109
Control#GAACCTAAGTCGAGCA-1  -65.78087 -16.28442   0.4713556 -13.757154 -23.16228
Control#AGTCAACTCATGAACC-1 -164.76550 -31.85564 -24.4413554 -27.142003  26.74514
Control#ACCAAACCATCCTGGG-1 -164.83105 -32.90678 -26.8248902 -25.716344  23.16255


outLSI-1$rowSm: length = 25000
[1]  787 1078 1359  883  744 1063


outLSI-1$nCol: length = 1
[1] 8192


outLSI-1$exclude: length = 0
NULL


outLSI-1$idx: length = 25000
[1] 1 2 3 4 5 6


outLSI-1$u: nRows = 25000, nCols = 30
             [,1]          [,2]        [,3]          [,4]         [,5]
[1,] -0.004857053 -5.317327e-03 0.004718039 -0.0010521704 -0.005774746
[2,] -0.006010471 -3.148744e-03 0.002875235 -0.0016223112 -0.008411754
[3,] -0.007032695 -3.885656e-04 0.000316601 -0.0007570848 -0.002944931
[4,] -0.005268164  9.542805e-05 0.002619958 -0.0002540280 -0.001424445
[5,] -0.004696241 -2.429285e-03 0.001666353 -0.0014029205 -0.005883441


outLSI-1$v: nRows = 8192, nCols = 30
             [,1]         [,2]         [,3]         [,4]        [,5]
[1,] -0.014676415 -0.015673508 0.0080565615 -0.006703326 -0.02907319
[2,] -0.010567394 -0.016515334 0.0003951213 -0.017808782 -0.03999110
[3,] -0.010317255 -0.014194310 0.0005133546 -0.016979397 -0.03411594
[4,] -0.006527604 -0.006699928 0.0095975474 -0.009145269 -0.01651823
[5,] -0.012241996 -0.007295710 0.0114468863 -0.009307872 -0.01586541


outLSI-1$binarize: length = 1
[1] TRUE


outLSI-1$scaleTo: length = 1
[1] 10000


outLSI-1$nDimensions: length = 1
[1] 30


outLSI-1$LSIMethod: length = 1
[1] 2


outLSI-1$outliers: length = 343
[1] "Control#AGTCAACTCATGAACC-1" "Control#ACCAAACCATCCTGGG-1" "Control#GAACCTAGTGTTGGTT-1" "Control#TTATGTCGTATTCTGG-1" "Control#GCACGCACAGCAAACG-1"
[6] "Control#GTTACGAGTAACGGCA-1"


outLSI-1$date: length = 1
[1] "2020-06-14"


outLSI-1$seed: length = 1
[1] 1


outLSI-1$scaleDims: length = 1
[1] TRUE


outLSI-1$useMatrix: length = 1
[1] "TileMatrix"


outLSI-1$tileSize: length = 1
[1] 500



2020-06-14 20:41:52 : Cluster Params, Class = list

Cluster Params$: length = 1
                       
1 function (name)      
2 .Internal(args(name))


Cluster Params$matSVD: nRows = 8535, nCols = 30
                                 LSI1      LSI2        LSI3       LSI4      LSI5
Control#TATGTTCCACAAGGGT-1  -93.57405 -17.98143   7.3974308  -5.431211 -19.73861
Control#ATCCTGCTCCGCTCTA-1  -67.37571 -18.94721   0.3627953 -14.429144 -27.15109
Control#GAACCTAAGTCGAGCA-1  -65.78087 -16.28442   0.4713556 -13.757154 -23.16228
Control#AGTCAACTCATGAACC-1 -164.76550 -31.85564 -24.4413554 -27.142003  26.74514
Control#ACCAAACCATCCTGGG-1 -164.83105 -32.90678 -26.8248902 -25.716344  23.16255


Cluster Params$corCutOff: length = 1
[1] 0.75


Cluster Params$dimsToUse: length = 30
[1] 1 2 3 4 5 6


Cluster Params$scaleDims: length = 1
[1] TRUE


Cluster Params$verbose: length = 1
[1] TRUE


Cluster Params$j: length = 1
[1] 1


Cluster Params$filterBias: length = 1
[1] TRUE


Cluster Params$cellNames: length = 8535
[1] "Control#TATGTTCCACAAGGGT-1" "Control#ATCCTGCTCCGCTCTA-1" "Control#GAACCTAAGTCGAGCA-1" "Control#AGTCAACTCATGAACC-1" "Control#ACCAAACCATCCTGGG-1"
[6] "Control#GAACCTAGTGTTGGTT-1"


Cluster Params$cellDepth: length = 8535
Control#TATGTTCCACAAGGGT-1 Control#ATCCTGCTCCGCTCTA-1 Control#GAACCTAAGTCGAGCA-1 Control#AGTCAACTCATGAACC-1 Control#ACCAAACCATCCTGGG-1 Control#GAACCTAGTGTTGGTT-1 
                  4.992085                   4.975128                   4.969160                   4.952153                   4.948931                   4.941452 


Cluster Params$tstart: length = 1
[1] "2020-06-14 20:40:16 EDT"


Cluster Params$logFile: length = 1
[1] "ArchRLogs/ArchR-addIterativeLSI-6e60265a9ffd-Date-2020-06-14_Time-20-40-16.log"


2020-06-14 20:41:53 : Identifying Clusters, 1.601 mins elapsed.

2020-06-14 20:41:53 : addClusters Input-Parameters, Class = list

addClusters Input-Parameters$: length = 1
                       
1 function (name)      
2 .Internal(args(name))


addClusters Input-Parameters$input: nRows = 8535, nCols = 30
                                LSI1       LSI2       LSI3        LSI4       LSI5
Control#TATGTTCCACAAGGGT-1 -4.827463 -0.7470391  0.6228896 -0.06958936 -0.8418902
Control#ATCCTGCTCCGCTCTA-1 -4.530340 -1.0804912  0.2950749 -0.75864249 -1.6649020
Control#GAACCTAAGTCGAGCA-1 -4.648648 -0.9597114  0.2890849 -0.77135622 -1.4723135
Control#AGTCAACTCATGAACC-1 -4.968410 -0.7786066 -0.5448812 -0.63001550  1.0687037
Control#ACCAAACCATCCTGGG-1 -4.988464 -0.8026114 -0.6096380 -0.57446468  0.9764238


addClusters Input-Parameters$reducedDims: length = 1
[1] "IterativeLSI"


addClusters Input-Parameters$name: length = 1
[1] "Clusters"


addClusters Input-Parameters$sampleCells: length = 1
[1] 10000


addClusters Input-Parameters$seed: length = 1
[1] 1


addClusters Input-Parameters$method: length = 1
[1] "Seurat"


addClusters Input-Parameters$dimsToUse: length = 0
NULL


addClusters Input-Parameters$scaleDims: length = 0
NULL


addClusters Input-Parameters$corCutOff: length = 1
[1] 0.75


addClusters Input-Parameters$knnAssign: length = 1
[1] 10


addClusters Input-Parameters$nOutlier: length = 1
[1] 5


addClusters Input-Parameters$testBias: length = 1
[1] TRUE


addClusters Input-Parameters$filterBias: length = 1
[1] TRUE


addClusters Input-Parameters$biasClusters: length = 1
[1] 0.01


addClusters Input-Parameters$biasCol: length = 1
[1] "nFrags"


addClusters Input-Parameters$biasVals: length = 8535
[1] 4.992085 4.975128 4.969160 4.952153 4.948931 4.941452


addClusters Input-Parameters$biasQuantiles: length = 2
[1] 0.05 0.95


addClusters Input-Parameters$biasEnrich: length = 1
[1] 10


addClusters Input-Parameters$biasProportion: length = 1
[1] 0.5


addClusters Input-Parameters$biasPval: length = 1
[1] 0.05


addClusters Input-Parameters$nPerm: length = 1
[1] 500


addClusters Input-Parameters$prefix: length = 1
[1] "C"


addClusters Input-Parameters$ArchRProj: length = 0
NULL


addClusters Input-Parameters$verbose: length = 1
[1] FALSE


addClusters Input-Parameters$tstart: length = 0
NULL


addClusters Input-Parameters$force: length = 1
[1] FALSE


addClusters Input-Parameters$logFile: length = 1
[1] "ArchRLogs/ArchR-addIterativeLSI-6e60265a9ffd-Date-2020-06-14_Time-20-40-16.log"


addClusters Input-Parameters$...: length = 2
[[1]]
<promise: 0x55d3013da608>

[[2]]
<promise: 0x55d3013da6e8>



2020-06-14 20:41:53 : Running Seurats FindClusters (Stuart et al. Cell 2019), 0 mins elapsed.
2020-06-14 20:42:10 : Testing Biased Clusters, 0.297 mins elapsed.
2020-06-14 20:42:11 : Testing Outlier Clusters, 0.297 mins elapsed.
2020-06-14 20:42:11 : Assigning Cluster Names to 9 Clusters, 0.297 mins elapsed.
2020-06-14 20:42:11 : Finished addClusters, 0.297 mins elapsed.
2020-06-14 20:42:11 : Identified 9 Clusters, 1.901 mins elapsed.

2020-06-14 20:42:11 : clusterDF-1, Class = DFrame
DataFrame with 8535 rows and 2 columns
                      cellNames    clusters
                    <character> <character>
1    Control#TATGTTCCACAAGGGT-1          C1
2    Control#ATCCTGCTCCGCTCTA-1          C2
3    Control#GAACCTAAGTCGAGCA-1          C2
4    Control#AGTCAACTCATGAACC-1          C4
5    Control#ACCAAACCATCCTGGG-1          C4
...                         ...         ...
8531    Stim#ACAATCGCAAATTCCG-1          C9
8532    Stim#CTTGTCGTCAGGATCT-1          C7
8533    Stim#CGTGGCAAGCCTGGTC-1          C9
8534    Stim#ATCGAGTTCGCGCTGA-1          C9
8535    Stim#TGGCGCACACTTATGG-1          C8

2020-06-14 20:42:11 : Saving LSI Iteration, 1.901 mins elapsed.

2020-06-14 20:42:11 : Save iteration, Class = list

Save iteration$: length = 1
                       
1 function (name)      
2 .Internal(args(name))


Save iteration$matSVD: nRows = 8535, nCols = 30
                                 LSI1      LSI2        LSI3       LSI4      LSI5
Control#TATGTTCCACAAGGGT-1  -93.57405 -17.98143   7.3974308  -5.431211 -19.73861
Control#ATCCTGCTCCGCTCTA-1  -67.37571 -18.94721   0.3627953 -14.429144 -27.15109
Control#GAACCTAAGTCGAGCA-1  -65.78087 -16.28442   0.4713556 -13.757154 -23.16228
Control#AGTCAACTCATGAACC-1 -164.76550 -31.85564 -24.4413554 -27.142003  26.74514
Control#ACCAAACCATCCTGGG-1 -164.83105 -32.90678 -26.8248902 -25.716344  23.16255


Save iteration$clusters: length = 8535
[1] "C1" "C2" "C2" "C4" "C4" "C4"


Save iteration$nPlot: length = 1
[1] 10000


Save iteration$ArchRProj: length = 1
class: ArchRProject 
outputDirectory: /data/aryee/caleb/tenx-scatac/asap_paper/asap_large_data_files/pbmc_stim_data/output/archr_pbmc_stim/ASAP_PBMCstim_hg38 
samples(2): Control Stim
sampleColData names(1): ArrowFiles
cellColData names(15): Sample TSSEnrichment ... DoubletEnrichment BlacklistRatio
numberOfCells(1): 1
medianTSS(1): 6.726
medianFrags(1): 98193


Save iteration$scaleDims: length = 1
[1] TRUE


Save iteration$corCutOff: length = 1
[1] 0.75


Save iteration$dimsToUse: length = 30
[1] 1 2 3 4 5 6


Save iteration$j: length = 1
[1] 1


Save iteration$threads: length = 1
[1] 12


Save iteration$outDir: length = 1
[1] "/data/aryee/caleb/tenx-scatac/asap_paper/asap_large_data_files/pbmc_stim_data/output/archr_pbmc_stim/ASAP_PBMCstim_hg38/IterativeLSI"


Save iteration$logFile: length = 1
[1] "ArchRLogs/ArchR-addIterativeLSI-6e60265a9ffd-Date-2020-06-14_Time-20-40-16.log"


2020-06-14 20:42:37 : Creating Cluster Matrix on the total Group Features, 2.345 mins elapsed.
2020-06-14 20:43:21 : Computing Variable Features, 3.072 mins elapsed.
###########
2020-06-14 20:43:21 : Running LSI (2 of 2) on Variable Features, 3.077 mins elapsed.
###########
2020-06-14 20:43:21 : Creating Partial Matrix, 3.077 mins elapsed.
2020-06-14 20:43:40 : Computing LSI, 3.395 mins elapsed.

2020-06-14 20:43:40 : LSI Parameters, Class = list

LSI Parameters$: length = 1
                       
1 function (name)      
2 .Internal(args(name))


LSI Parameters$mat: nRows = 25000, nCols = 8535
LSI Parameters$mat: NonZeroEntries = 28197055, EntryRange = [ 1 , 1 ]
5 x 5 sparse Matrix of class "dgCMatrix"
     Control#TATGTTCCACAAGGGT-1 Control#ATCCTGCTCCGCTCTA-1 Control#GAACCTAAGTCGAGCA-1 Control#AGTCAACTCATGAACC-1 Control#ACCAAACCATCCTGGG-1
[1,]                          .                          .                          1                          1                          1
[2,]                          1                          .                          .                          1                          .
[3,]                          .                          .                          .                          1                          1
[4,]                          .                          .                          .                          1                          1
[5,]                          1                          .                          .                          .                          1


LSI Parameters$LSIMethod: length = 1
[1] 2


LSI Parameters$scaleTo: length = 1
[1] 10000


LSI Parameters$nDimensions: length = 1
[1] 30


LSI Parameters$binarize: length = 1
[1] TRUE


LSI Parameters$outlierQuantiles: length = 2
[1] 0.02 0.98


LSI Parameters$seed: length = 1
[1] 1


LSI Parameters$verbose: length = 1
[1] FALSE


LSI Parameters$tstart: length = 1
[1] "2020-06-14 20:40:16 EDT"


LSI Parameters$logFile: length = 1
[1] "ArchRLogs/ArchR-addIterativeLSI-6e60265a9ffd-Date-2020-06-14_Time-20-40-16.log"


2020-06-14 20:43:41 : Running LSI, Input Matrix = 0.339 GB, 3.407 mins elapsed.
2020-06-14 20:43:41 : Binarizing Matrix, 3.407 mins elapsed.
2020-06-14 20:43:42 : Computing Term Frequency, 3.42 mins elapsed.
2020-06-14 20:43:42 : Filtering Outliers Based On Counts, 3.423 mins elapsed.
2020-06-14 20:43:43 : Removing 0 Sum Rows, 3.435 mins elapsed.
2020-06-14 20:43:45 : Computing Inverse Document Frequency, 3.479 mins elapsed.
2020-06-14 20:43:49 : Computing SVD using irlba, 3.547 mins elapsed.
2020-06-14 20:44:13 : Projecting Outliers with LSI-Projection (Granja* et al 2019), 3.941 mins elapsed.

2020-06-14 20:44:13 : LSI-Projection Parameters, Class = list

LSI-Projection Parameters$: length = 1
                       
1 function (name)      
2 .Internal(args(name))


LSI-Projection Parameters$mat: nRows = 25000, nCols = 10
LSI-Projection Parameters$mat: NonZeroEntries = 39725, EntryRange = [ 1 , 1 ]
5 x 5 sparse Matrix of class "dgCMatrix"
     Control#TATGTTCCACAAGGGT-1 Control#ATCCTGCTCCGCTCTA-1 Control#GAACCTAAGTCGAGCA-1 Control#ACGGATTCAGCCACGT-1 Control#GCATTGAGTGCTGTGC-1
[1,]                          .                          .                          1                          1                          .
[2,]                          1                          .                          .                          .                          1
[3,]                          .                          .                          .                          .                          .
[4,]                          .                          .                          .                          .                          .
[5,]                          1                          .                          .                          .                          .


LSI-Projection Parameters$matSVD: nRows = 8193, nCols = 30
                                LSI1       LSI2      LSI3       LSI4      LSI5
Control#TATGTTCCACAAGGGT-1 -91.39438  -9.050815 17.123953  -4.882451 -1.484682
Control#ATCCTGCTCCGCTCTA-1 -69.91765 -39.504376  5.550956 -34.586407 -6.812659
Control#GAACCTAAGTCGAGCA-1 -69.54478 -35.413473  3.596556 -31.140960 -9.120759
Control#ACGGATTCAGCCACGT-1 -44.26681  -5.130786  7.905822  -5.053813 -8.397809
Control#GCATTGAGTGCTGTGC-1 -77.57036  -1.962302 11.302471  -3.421148 -8.867759


LSI-Projection Parameters$returnModel: length = 1
[1] FALSE


LSI-Projection Parameters$verbose: length = 1
[1] FALSE


LSI-Projection Parameters$tstart: length = 0
NULL


LSI-Projection Parameters$logFile: length = 1
[1] "ArchRLogs/ArchR-addIterativeLSI-6e60265a9ffd-Date-2020-06-14_Time-20-40-16.log"


2020-06-14 20:44:13 : Projecting LSI, Input Matrix = 0 GB, 0 mins elapsed.
2020-06-14 20:44:13 : Subsetting by Non-Zero features in inital Matrix, 0 mins elapsed.
2020-06-14 20:44:13 : Binarizing Matrix, 0 mins elapsed.
2020-06-14 20:44:13 : Computing Term Frequency, 0 mins elapsed.
2020-06-14 20:44:13 : Computing Inverse Document Frequency, 0 mins elapsed.
2020-06-14 20:44:13 : Computing TF-IDF Matrix, 0 mins elapsed.
2020-06-14 20:44:14 : Calculating V Matrix, 0.023 mins elapsed.
2020-06-14 20:44:14 : Computing Projected Coordinates, 0.023 mins elapsed.

2020-06-14 20:44:14 : LSI-Projection Parameters, Class = list

LSI-Projection Parameters$: length = 1
                       
1 function (name)      
2 .Internal(args(name))


LSI-Projection Parameters$mat: nRows = 25000, nCols = 342
LSI-Projection Parameters$mat: NonZeroEntries = 1845726, EntryRange = [ 1 , 1 ]
5 x 5 sparse Matrix of class "dgCMatrix"
     Control#AGTCAACTCATGAACC-1 Control#ACCAAACCATCCTGGG-1 Control#GAACCTAGTGTTGGTT-1 Control#TTATGTCGTATTCTGG-1 Control#GCACGCACAGCAAACG-1
[1,]                          1                          1                          1                          1                          .
[2,]                          1                          .                          .                          .                          1
[3,]                          1                          1                          1                          .                          .
[4,]                          1                          1                          1                          1                          1
[5,]                          .                          1                          1                          1                          1


LSI-Projection Parameters$matSVD: nRows = 8193, nCols = 30
                                LSI1       LSI2      LSI3       LSI4      LSI5
Control#TATGTTCCACAAGGGT-1 -91.39438  -9.050815 17.123953  -4.882451 -1.484682
Control#ATCCTGCTCCGCTCTA-1 -69.91765 -39.504376  5.550956 -34.586407 -6.812659
Control#GAACCTAAGTCGAGCA-1 -69.54478 -35.413473  3.596556 -31.140960 -9.120759
Control#ACGGATTCAGCCACGT-1 -44.26681  -5.130786  7.905822  -5.053813 -8.397809
Control#GCATTGAGTGCTGTGC-1 -77.57036  -1.962302 11.302471  -3.421148 -8.867759


LSI-Projection Parameters$returnModel: length = 1
[1] FALSE


LSI-Projection Parameters$verbose: length = 1
[1] FALSE


LSI-Projection Parameters$tstart: length = 0
NULL


LSI-Projection Parameters$logFile: length = 1
[1] "ArchRLogs/ArchR-addIterativeLSI-6e60265a9ffd-Date-2020-06-14_Time-20-40-16.log"


2020-06-14 20:44:14 : Projecting LSI, Input Matrix = 0.022 GB, 0 mins elapsed.
2020-06-14 20:44:14 : Subsetting by Non-Zero features in inital Matrix, 0 mins elapsed.
2020-06-14 20:44:14 : Binarizing Matrix, 0.001 mins elapsed.
2020-06-14 20:44:14 : Computing Term Frequency, 0.001 mins elapsed.
2020-06-14 20:44:15 : Computing Inverse Document Frequency, 0.001 mins elapsed.
2020-06-14 20:44:15 : Computing TF-IDF Matrix, 0.001 mins elapsed.
2020-06-14 20:44:16 : Calculating V Matrix, 0.021 mins elapsed.
2020-06-14 20:44:16 : Computing Projected Coordinates, 0.024 mins elapsed.
2020-06-14 20:44:16 : Finished LSI (TF-IDF SVD) using irlba, 3.99 mins elapsed.

2020-06-14 20:44:17 : outLSI-2, Class = SimpleList

outLSI-2$matSVD: nRows = 8535, nCols = 30
                                 LSI1       LSI2       LSI3       LSI4       LSI5
Control#TATGTTCCACAAGGGT-1  -91.39438  -9.050815  17.123953  -4.882451  -1.484682
Control#ATCCTGCTCCGCTCTA-1  -69.91765 -39.504376   5.550956 -34.586407  -6.812659
Control#GAACCTAAGTCGAGCA-1  -69.54478 -35.413473   3.596556 -31.140960  -9.120759
Control#AGTCAACTCATGAACC-1 -148.11363 -89.176476 -28.598854  50.357514 -20.349871
Control#ACCAAACCATCCTGGG-1 -148.72580 -88.925115 -28.685453  51.673423 -19.194164


outLSI-2$rowSm: length = 25000
[1]  786 1074  741 1063  975  335


outLSI-2$nCol: length = 1
[1] 8193


outLSI-2$exclude: length = 0
NULL


outLSI-2$idx: length = 25000
[1] 1 2 3 4 5 6


outLSI-2$u: nRows = 25000, nCols = 30
             [,1]          [,2]         [,3]          [,4]          [,5]
[1,] -0.004989915 -0.0016497341  0.004766519 -0.0001547239 -0.0008048284
[2,] -0.006196619 -0.0011232604  0.002245610 -0.0014652549 -0.0005261715
[3,] -0.004824544 -0.0003233257  0.001601869  0.0009419234 -0.0004169993
[4,] -0.006164773  0.0002210307  0.002753201 -0.0013578097 -0.0035310588
[5,] -0.005798283 -0.0034516366 -0.007946965  0.0041465096  0.0033786237


outLSI-2$v: nRows = 8193, nCols = 30
             [,1]         [,2]        [,3]         [,4]         [,5]
[1,] -0.014319966 -0.005323618 0.012754940 -0.004107410 -0.001612571
[2,] -0.010954922 -0.023236163 0.004134682 -0.029096159 -0.007399495
[3,] -0.010896501 -0.020829926 0.002678929 -0.026197642 -0.009906413
[4,] -0.006935866 -0.003017888 0.005888727 -0.004251571 -0.009121189
[5,] -0.012153974 -0.001154210 0.008418753 -0.002878075 -0.009631620


outLSI-2$binarize: length = 1
[1] TRUE


outLSI-2$scaleTo: length = 1
[1] 10000


outLSI-2$nDimensions: length = 1
[1] 30


outLSI-2$LSIMethod: length = 1
[1] 2


outLSI-2$outliers: length = 342
[1] "Control#AGTCAACTCATGAACC-1" "Control#ACCAAACCATCCTGGG-1" "Control#GAACCTAGTGTTGGTT-1" "Control#TTATGTCGTATTCTGG-1" "Control#GCACGCACAGCAAACG-1"
[6] "Control#GTTACGAGTAACGGCA-1"


outLSI-2$date: length = 1
[1] "2020-06-14"


outLSI-2$seed: length = 1
[1] 1


outLSI-2$scaleDims: length = 1
[1] TRUE


outLSI-2$useMatrix: length = 1
[1] "TileMatrix"


outLSI-2$tileSize: length = 1
[1] 500


2020-06-14 20:44:18 : Finished Running IterativeLSI, 4.03 mins elapsed.
