
           ___      .______        ______  __    __  .______      
          /   \     |   _  \      /      ||  |  |  | |   _  \     
         /  ^  \    |  |_)  |    |  ,----'|  |__|  | |  |_)  |    
        /  /_\  \   |      /     |  |     |   __   | |      /     
       /  _____  \  |  |\  \\___ |  `----.|  |  |  | |  |\  \\___.
      /__/     \__\ | _| `._____| \______||__|  |__| | _| `._____|
    
Logging With ArchR!

Start Time : 2020-06-14 20:31:00

------- ArchR Info

ArchRThreads = 12
ArchRGenome = Hg38

------- System Info

Computer OS = unix
Total Cores = 24

------- Session Info

R version 3.6.2 (2019-12-12)
Platform: x86_64-pc-linux-gnu (64-bit)
Running under: CentOS Linux 7 (Core)

Matrix products: default
BLAS/LAPACK: /usr/lib64/libopenblasp-r0.3.3.so

locale:
 [1] LC_CTYPE=en_US.UTF-8       LC_NUMERIC=C               LC_TIME=en_US.UTF-8        LC_COLLATE=en_US.UTF-8     LC_MONETARY=en_US.UTF-8   
 [6] LC_MESSAGES=en_US.UTF-8    LC_PAPER=en_US.UTF-8       LC_NAME=C                  LC_ADDRESS=C               LC_TELEPHONE=C            
[11] LC_MEASUREMENT=en_US.UTF-8 LC_IDENTIFICATION=C       

attached base packages:
 [1] grid      parallel  stats4    stats     graphics  grDevices utils     datasets  methods   base     

other attached packages:
 [1] randomForest_4.6-14               scales_1.1.1                      viridis_0.5.1                     viridisLite_0.3.0                
 [5] harmony_1.0                       Rcpp_1.0.4.6                      uwot_0.1.8                        gridExtra_2.3                    
 [9] ggrastr_0.1.7                     nabor_0.5.0                       BSgenome.Hsapiens.UCSC.hg38_1.4.1 BSgenome_1.54.0                  
[13] rtracklayer_1.46.0                Biostrings_2.54.0                 XVector_0.26.0                    ArchR_0.9.1                      
[17] magrittr_1.5                      rhdf5_2.30.1                      SummarizedExperiment_1.16.1       DelayedArray_0.12.3              
[21] BiocParallel_1.20.1               matrixStats_0.56.0                Biobase_2.46.0                    GenomicRanges_1.38.0             
[25] GenomeInfoDb_1.22.1               IRanges_2.20.2                    S4Vectors_0.24.4                  BiocGenerics_0.32.0              
[29] BuenColors_0.5.6                  MASS_7.3-51.6                     Matrix_1.2-18                     ggplot2_3.3.0                    
[33] Seurat_3.1.5                      dplyr_0.8.5                       data.table_1.12.8                

loaded via a namespace (and not attached):
 [1] Rtsne_0.15               colorspace_1.4-1         ellipsis_0.3.1           ggridges_0.5.2           rstudioapi_0.11          hexbin_1.28.1           
 [7] leiden_0.3.3             listenv_0.8.0            farver_2.0.3             ggrepel_0.8.2            fansi_0.4.1              RSpectra_0.16-0         
[13] codetools_0.2-16         splines_3.6.2            R.methodsS3_1.8.0        jsonlite_1.6.1           Rsamtools_2.2.3          Cairo_1.5-12            
[19] ica_1.0-2                cluster_2.1.0            R.oo_1.23.0              png_0.1-7                sctransform_0.2.1        compiler_3.6.2          
[25] httr_1.4.1               assertthat_0.2.1         lazyeval_0.2.2           cli_2.0.2                htmltools_0.4.0          tools_3.6.2             
[31] rsvd_1.0.3               igraph_1.2.5             gtable_0.3.0             glue_1.4.1               GenomeInfoDbData_1.2.2   RANN_2.6.1              
[37] reshape2_1.4.4           rappdirs_0.3.1           vctrs_0.3.0              ape_5.3                  nlme_3.1-148             lmtest_0.9-37           
[43] stringr_1.4.0            globals_0.12.5           lifecycle_0.2.0          irlba_2.3.3              gtools_3.8.2             XML_3.99-0.3            
[49] future_1.17.0            zlibbioc_1.32.0          zoo_1.8-8                RColorBrewer_1.1-2       reticulate_1.16          pbapply_1.4-2           
[55] stringi_1.4.6            rlang_0.4.6              pkgconfig_2.0.3          bitops_1.0-6             lattice_0.20-41          ROCR_1.0-11             
[61] purrr_0.3.4              Rhdf5lib_1.8.0           GenomicAlignments_1.22.1 patchwork_1.0.0          htmlwidgets_1.5.1        labeling_0.3            
[67] cowplot_1.0.0            tidyselect_1.1.0         RcppAnnoy_0.0.16         plyr_1.8.6               R6_2.4.1                 pillar_1.4.4            
[73] withr_2.2.0              fitdistrplus_1.1-1       survival_3.1-12          RCurl_1.98-1.2           tibble_3.0.1             future.apply_1.5.0      
[79] tsne_0.1-3               crayon_1.3.4             utf8_1.1.4               KernSmooth_2.23-17       plotly_4.9.2.1           digest_0.6.25           
[85] tidyr_1.1.0              R.utils_2.9.2            munsell_0.5.0           


------- Log Info


2020-06-14 20:31:00 : Input-Parameters, Class = list

Input-Parameters$ArchRProj: length = 1
class: ArchRProject 
outputDirectory: /data/aryee/caleb/tenx-scatac/asap_paper/asap_large_data_files/pbmc_stim_data/output/archr_pbmc_stim/ASAP_PBMCstim_hg38 
samples(2): Control Stim
sampleColData names(1): ArrowFiles
cellColData names(16): Sample TSSEnrichment ... BlacklistRatio Clusters
numberOfCells(1): 1
medianTSS(1): 6.726
medianFrags(1): 98193


Input-Parameters$embedding: length = 1
[1] "UMAP"


Input-Parameters$colorBy: length = 1
[1] "cellColData"


Input-Parameters$name: length = 1
[1] "Clusters"


Input-Parameters$log2Norm: length = 0
NULL


Input-Parameters$imputeWeights: length = 0
NULL


Input-Parameters$pal: length = 0
NULL


Input-Parameters$size: length = 1
[1] 0.1


Input-Parameters$sampleCells: length = 0
NULL


Input-Parameters$rastr: length = 1
[1] TRUE


Input-Parameters$quantCut: length = 2
[1] 0.01 0.99


Input-Parameters$discreteSet: length = 0
NULL


Input-Parameters$continuousSet: length = 0
NULL


Input-Parameters$randomize: length = 1
[1] TRUE


Input-Parameters$keepAxis: length = 1
[1] FALSE


Input-Parameters$baseSize: length = 1
[1] 10


Input-Parameters$plotAs: length = 0
NULL


Input-Parameters$threads: length = 1
[1] 12


Input-Parameters$logFile: length = 1
[1] "ArchRLogs/ArchR-plotEmbedding-6e6064920ef0-Date-2020-06-14_Time-20-31-00.log"



2020-06-14 20:31:00 : Getting UMAP Embedding

2020-06-14 20:31:00 : Embedding data.frame, Class = data.frame
Embedding data.frame: nRows = 1087, nCols = 2
                           Harmony#UMAP_Dimension_1 Harmony#UMAP_Dimension_2
Control#TATGTTCCACAAGGGT-1               -2.0588992                -2.311710
Control#ACTACGACAATCCATG-1                0.8132707                 3.293996
Control#ACATGGTTCAGCACTA-1                1.0825538                 3.255461
Control#TGCCTCATCATCGCTC-1                3.2788188                 4.455531
Control#ACGGATTCAGCCACGT-1               -2.1153514                -2.405905
Control#TTTGGCCTCACCCGGA-1               -3.7770837                -1.334589



2020-06-14 20:31:00 : ColorBy = cellColData

2020-06-14 20:31:00 : ColorParams 1, Class = list

ColorParams 1$color: length = 1087
[1] "C3" "C5" "C5" "C5" "C3" "C2"


ColorParams 1$discrete: length = 1
[1] TRUE


ColorParams 1$continuousSet: length = 1
[1] "solarExtra"


ColorParams 1$discreteSet: length = 1
[1] "stallion"


ColorParams 1$title: length = 1
[1] "UMAP of Harmony  colored by\ncolData :  Clusters"



2020-06-14 20:31:00 : PlotParams-1, Class = list

PlotParams-1$color: length = 1087
[1] "C3" "C5" "C5" "C5" "C3" "C2"


PlotParams-1$discrete: length = 1
[1] TRUE


PlotParams-1$continuousSet: length = 1
[1] "solarExtra"


PlotParams-1$discreteSet: length = 1
[1] "stallion"


PlotParams-1$title: length = 1
[1] "UMAP of Harmony  colored by\ncolData :  Clusters"


PlotParams-1$x: length = 1087
[1] -2.0588992  0.8132707  1.0825538  3.2788188 -2.1153514 -3.7770837


PlotParams-1$y: length = 1087
[1] -2.311710  3.293996  3.255461  4.455531 -2.405905 -1.334589


PlotParams-1$baseSize: length = 1
[1] 10


PlotParams-1$xlabel: length = 1
[1] "UMAP Dimension 1"


PlotParams-1$ylabel: length = 1
[1] "UMAP Dimension 2"


PlotParams-1$rastr: length = 1
[1] TRUE


PlotParams-1$size: length = 1
[1] 0.1


PlotParams-1$randomize: length = 1
[1] TRUE



------- Completed

End Time : 2020-06-14 20:31:00
Elapsed Time Minutes = 0.0160452405611674
Elapsed Time Hours = 0.000267500546243456

-------



