
           ___      .______        ______  __    __  .______      
          /   \     |   _  \      /      ||  |  |  | |   _  \     
         /  ^  \    |  |_)  |    |  ,----'|  |__|  | |  |_)  |    
        /  /_\  \   |      /     |  |     |   __   | |      /     
       /  _____  \  |  |\  \\___ |  `----.|  |  |  | |  |\  \\___.
      /__/     \__\ | _| `._____| \______||__|  |__| | _| `._____|
    
Logging With ArchR!

Start Time : 2020-06-14 20:16:06

------- ArchR Info

ArchRThreads = 12
ArchRGenome = Hg38

------- System Info

Computer OS = unix
Total Cores = 24

------- Session Info

R version 3.6.2 (2019-12-12)
Platform: x86_64-pc-linux-gnu (64-bit)
Running under: CentOS Linux 7 (Core)

Matrix products: default
BLAS/LAPACK: /usr/lib64/libopenblasp-r0.3.3.so

locale:
 [1] LC_CTYPE=en_US.UTF-8       LC_NUMERIC=C               LC_TIME=en_US.UTF-8        LC_COLLATE=en_US.UTF-8     LC_MONETARY=en_US.UTF-8   
 [6] LC_MESSAGES=en_US.UTF-8    LC_PAPER=en_US.UTF-8       LC_NAME=C                  LC_ADDRESS=C               LC_TELEPHONE=C            
[11] LC_MEASUREMENT=en_US.UTF-8 LC_IDENTIFICATION=C       

attached base packages:
 [1] grid      parallel  stats4    stats     graphics  grDevices utils     datasets  methods   base     

other attached packages:
 [1] randomForest_4.6-14               scales_1.1.1                      viridis_0.5.1                     viridisLite_0.3.0                
 [5] harmony_1.0                       Rcpp_1.0.4.6                      uwot_0.1.8                        gridExtra_2.3                    
 [9] ggrastr_0.1.7                     nabor_0.5.0                       BSgenome.Hsapiens.UCSC.hg38_1.4.1 BSgenome_1.54.0                  
[13] rtracklayer_1.46.0                Biostrings_2.54.0                 XVector_0.26.0                    ArchR_0.9.1                      
[17] magrittr_1.5                      rhdf5_2.30.1                      SummarizedExperiment_1.16.1       DelayedArray_0.12.3              
[21] BiocParallel_1.20.1               matrixStats_0.56.0                Biobase_2.46.0                    GenomicRanges_1.38.0             
[25] GenomeInfoDb_1.22.1               IRanges_2.20.2                    S4Vectors_0.24.4                  BiocGenerics_0.32.0              
[29] BuenColors_0.5.6                  MASS_7.3-51.6                     Matrix_1.2-18                     ggplot2_3.3.0                    
[33] Seurat_3.1.5                      dplyr_0.8.5                       data.table_1.12.8                

loaded via a namespace (and not attached):
 [1] Rtsne_0.15               colorspace_1.4-1         ellipsis_0.3.1           ggridges_0.5.2           rstudioapi_0.11          hexbin_1.28.1           
 [7] leiden_0.3.3             listenv_0.8.0            farver_2.0.3             ggrepel_0.8.2            fansi_0.4.1              RSpectra_0.16-0         
[13] codetools_0.2-16         splines_3.6.2            R.methodsS3_1.8.0        jsonlite_1.6.1           Rsamtools_2.2.3          Cairo_1.5-12            
[19] ica_1.0-2                cluster_2.1.0            R.oo_1.23.0              png_0.1-7                sctransform_0.2.1        compiler_3.6.2          
[25] httr_1.4.1               assertthat_0.2.1         lazyeval_0.2.2           cli_2.0.2                htmltools_0.4.0          tools_3.6.2             
[31] rsvd_1.0.3               igraph_1.2.5             gtable_0.3.0             glue_1.4.1               GenomeInfoDbData_1.2.2   RANN_2.6.1              
[37] reshape2_1.4.4           rappdirs_0.3.1           vctrs_0.3.0              ape_5.3                  nlme_3.1-148             lmtest_0.9-37           
[43] stringr_1.4.0            globals_0.12.5           lifecycle_0.2.0          irlba_2.3.3              gtools_3.8.2             XML_3.99-0.3            
[49] future_1.17.0            zlibbioc_1.32.0          zoo_1.8-8                RColorBrewer_1.1-2       reticulate_1.16          pbapply_1.4-2           
[55] stringi_1.4.6            rlang_0.4.6              pkgconfig_2.0.3          bitops_1.0-6             lattice_0.20-41          ROCR_1.0-11             
[61] purrr_0.3.4              Rhdf5lib_1.8.0           GenomicAlignments_1.22.1 patchwork_1.0.0          htmlwidgets_1.5.1        labeling_0.3            
[67] cowplot_1.0.0            tidyselect_1.1.0         RcppAnnoy_0.0.16         plyr_1.8.6               R6_2.4.1                 pillar_1.4.4            
[73] withr_2.2.0              fitdistrplus_1.1-1       survival_3.1-12          RCurl_1.98-1.2           tibble_3.0.1             future.apply_1.5.0      
[79] tsne_0.1-3               crayon_1.3.4             utf8_1.1.4               KernSmooth_2.23-17       plotly_4.9.2.1           digest_0.6.25           
[85] tidyr_1.1.0              R.utils_2.9.2            munsell_0.5.0           


------- Log Info


2020-06-14 20:16:06 : addDoubletScores Input-Parameters, Class = list

addDoubletScores Input-Parameters$input: length = 1
class: ArchRProject 
outputDirectory: /data/aryee/caleb/tenx-scatac/asap_paper/asap_large_data_files/pbmc_stim_data/output/archr_pbmc_stim/ASAP_PBMCstim_hg38 
samples(2): Control Stim
sampleColData names(1): ArrowFiles
cellColData names(15): Sample TSSEnrichment ... DoubletEnrichment BlacklistRatio
numberOfCells(1): 1
medianTSS(1): 6.726
medianFrags(1): 98193


addDoubletScores Input-Parameters$useMatrix: length = 1
[1] "TileMatrix"


addDoubletScores Input-Parameters$k: length = 1
[1] 10


addDoubletScores Input-Parameters$nTrials: length = 1
[1] 5


addDoubletScores Input-Parameters$dimsToUse: length = 30
[1] 1 2 3 4 5 6


addDoubletScores Input-Parameters$LSIMethod: length = 1
[1] 1


addDoubletScores Input-Parameters$scaleDims: length = 1
[1] FALSE


addDoubletScores Input-Parameters$corCutOff: length = 1
[1] 0.75


addDoubletScores Input-Parameters$knnMethod: length = 1
[1] "UMAP"


addDoubletScores Input-Parameters$outDir: length = 1
[1] "/data/aryee/caleb/tenx-scatac/asap_paper/asap_large_data_files/pbmc_stim_data/output/archr_pbmc_stim/ASAP_PBMCstim_hg38"


addDoubletScores Input-Parameters$threads: length = 1
[1] 12


addDoubletScores Input-Parameters$force: length = 1
[1] FALSE


addDoubletScores Input-Parameters$parallelParam: length = 0
NULL


addDoubletScores Input-Parameters$verbose: length = 1
[1] TRUE


addDoubletScores Input-Parameters$logFile: length = 1
[1] "ArchRLogs/ArchR-addDoubletScores-6e6072307289-Date-2020-06-14_Time-20-16-05.log"


2020-06-14 20:16:06 : Batch Execution w/ safelapply!, 0 mins elapsed.
2020-06-14 20:16:06 : Stim (1 of 2) :  Computing Doublet Statistics, 0 mins elapsed.
2020-06-14 20:16:06 : Running IterativeLSI, 0.006 mins elapsed.

2020-06-14 20:16:06 : IterativeLSI Input-Parameters, Class = list

IterativeLSI Input-Parameters$ArchRProj: length = 1
class: ArchRProject 
outputDirectory: /data/aryee/caleb/tenx-scatac/asap_paper/asap_reproducibility/pbmc_stimulation_asapseq/code/tmp/tmp-6e605b1034d9-Date-2020-06-14_Time-20-16-06 
samples(1): Stim
sampleColData names(1): ArrowFiles
cellColData names(15): Sample TSSEnrichment ... DoubletEnrichment BlacklistRatio
numberOfCells(1): 1
medianTSS(1): 14.659
medianFrags(1): 99696


IterativeLSI Input-Parameters$useMatrix: length = 1
[1] "TileMatrix"


IterativeLSI Input-Parameters$name: length = 1
[1] "IterativeLSI"


IterativeLSI Input-Parameters$iterations: length = 1
[1] 2


IterativeLSI Input-Parameters$varFeatures: length = 1
[1] 25000


IterativeLSI Input-Parameters$dimsToUse: length = 30
[1] 1 2 3 4 5 6


IterativeLSI Input-Parameters$LSIMethod: length = 1
[1] 1


IterativeLSI Input-Parameters$scaleDims: length = 1
[1] FALSE


IterativeLSI Input-Parameters$corCutOff: length = 1
[1] 0.75


IterativeLSI Input-Parameters$binarize: length = 1
[1] TRUE


IterativeLSI Input-Parameters$outlierQuantiles: length = 0
NULL


IterativeLSI Input-Parameters$filterBias: length = 1
[1] FALSE


IterativeLSI Input-Parameters$sampleCellsPre: length = 1
[1] 10000


IterativeLSI Input-Parameters$projectCellsPre: length = 1
[1] FALSE


IterativeLSI Input-Parameters$sampleCellsFinal: length = 0
NULL


IterativeLSI Input-Parameters$selectionMethod: length = 1
[1] "var"


IterativeLSI Input-Parameters$scaleTo: length = 1
[1] 10000


IterativeLSI Input-Parameters$totalFeatures: length = 1
[1] 5e+05


IterativeLSI Input-Parameters$filterQuantile: length = 1
[1] 0.995


IterativeLSI Input-Parameters$excludeChr: length = 0
NULL


IterativeLSI Input-Parameters$saveIterations: length = 1
[1] FALSE


IterativeLSI Input-Parameters$nPlot: length = 1
[1] 10000


IterativeLSI Input-Parameters$outDir: length = 1
[1] "/data/aryee/caleb/tenx-scatac/asap_paper/asap_reproducibility/pbmc_stimulation_asapseq/code/tmp/tmp-6e605b1034d9-Date-2020-06-14_Time-20-16-06"


IterativeLSI Input-Parameters$threads: length = 1
[1] 12


IterativeLSI Input-Parameters$seed: length = 1
[1] 1


IterativeLSI Input-Parameters$verbose: length = 1
[1] FALSE


IterativeLSI Input-Parameters$force: length = 1
[1] TRUE


IterativeLSI Input-Parameters$logFile: length = 1
[1] "ArchRLogs/ArchR-addDoubletScores-6e6072307289-Date-2020-06-14_Time-20-16-05.log"


2020-06-14 20:16:06 : Computing Total Accessibility Across All Features, 0 mins elapsed.
2020-06-14 20:16:10 : Computing Top Features, 0.054 mins elapsed.
###########
2020-06-14 20:16:10 : Running LSI (1 of 2) on Top Features, 0.063 mins elapsed.
###########
2020-06-14 20:16:10 : Creating Partial Matrix, 0.063 mins elapsed.
2020-06-14 20:16:33 : Computing LSI, 0.441 mins elapsed.

2020-06-14 20:16:33 : LSI Parameters, Class = list

LSI Parameters$: length = 1
                       
1 function (name)      
2 .Internal(args(name))


LSI Parameters$mat: nRows = 25000, nCols = 5836
LSI Parameters$mat: NonZeroEntries = 23519720, EntryRange = [ 1 , 1 ]
5 x 5 sparse Matrix of class "dgCMatrix"
     Stim#TTAGGTGGTAGCGAGT-1 Stim#CGAGTTACAGAATGCG-1 Stim#CTCAACCGTCACAGGA-1 Stim#AATGTCGGTTGAATAG-1 Stim#GAAAGTAGTCATCAAC-1
[1,]                       1                       1                       1                       .                       .
[2,]                       .                       1                       1                       1                       .
[3,]                       1                       1                       1                       .                       1
[4,]                       1                       1                       .                       .                       1
[5,]                       1                       1                       1                       .                       .


LSI Parameters$LSIMethod: length = 1
[1] 1


LSI Parameters$scaleTo: length = 1
[1] 10000


LSI Parameters$nDimensions: length = 1
[1] 30


LSI Parameters$binarize: length = 1
[1] TRUE


LSI Parameters$outlierQuantiles: length = 0
NULL


LSI Parameters$seed: length = 1
[1] 1


LSI Parameters$verbose: length = 1
[1] FALSE


LSI Parameters$tstart: length = 1
[1] "2020-06-14 20:16:06 EDT"


LSI Parameters$logFile: length = 1
[1] "ArchRLogs/ArchR-addDoubletScores-6e6072307289-Date-2020-06-14_Time-20-16-05.log"


2020-06-14 20:16:33 : Running LSI, Input Matrix = 0.283 GB, 0.448 mins elapsed.
2020-06-14 20:16:33 : Binarizing Matrix, 0.448 mins elapsed.
2020-06-14 20:16:34 : Computing Term Frequency, 0.456 mins elapsed.
2020-06-14 20:16:34 : Removing 0 Sum Rows, 0.458 mins elapsed.
2020-06-14 20:16:36 : Computing Inverse Document Frequency, 0.493 mins elapsed.
2020-06-14 20:16:36 : Computing TF-IDF Matrix, 0.494 mins elapsed.
2020-06-14 20:16:37 : Computing SVD using irlba, 0.519 mins elapsed.
2020-06-14 20:16:57 : Finished LSI (TF-IDF SVD) using irlba, 0.847 mins elapsed.

2020-06-14 20:17:00 : outLSI-1, Class = SimpleList

outLSI-1$matSVD: nRows = 5836, nCols = 30
                               LSI1         LSI2          LSI3         LSI4          LSI5
Stim#TTAGGTGGTAGCGAGT-1 -0.01230730 3.313766e-05 -6.405639e-05 7.937322e-05 -1.080566e-04
Stim#CGAGTTACAGAATGCG-1 -0.01228337 7.845979e-05  3.511607e-05 3.724452e-05 -7.404102e-05
Stim#CTCAACCGTCACAGGA-1 -0.01227770 1.065972e-04 -3.265801e-05 7.178801e-05 -1.186425e-04
Stim#AATGTCGGTTGAATAG-1 -0.01228338 7.681398e-05  4.502842e-05 6.199766e-06 -1.069541e-04
Stim#GAAAGTAGTCATCAAC-1 -0.01226581 9.787491e-05  4.027652e-05 4.706367e-06 -2.167376e-05


outLSI-1$rowSm: length = 25000
[1]  663  857 1111  734  608  792


outLSI-1$nCol: length = 1
[1] 5836


outLSI-1$exclude: length = 0
NULL


outLSI-1$idx: length = 25000
[1] 1 2 3 4 5 6


outLSI-1$u: nRows = 25000, nCols = 30
             [,1]          [,2]          [,3]         [,4]          [,5]
[1,] -0.004802043 -1.643558e-05 -4.354119e-05 0.0001988630 -1.218965e-04
[2,] -0.005832305 -3.724412e-04 -8.399517e-04 0.0001084942 -5.083734e-04
[3,] -0.006943325  6.190153e-04  2.324832e-04 0.0004001440 -8.465178e-04
[4,] -0.005450164  1.323247e-04 -1.301357e-04 0.0002491994 -2.967006e-04
[5,] -0.005009905 -3.032731e-05 -2.931310e-04 0.0005040801  3.517034e-05


outLSI-1$v: nRows = 5836, nCols = 30
            [,1]         [,2]          [,3]         [,4]          [,5]
[1,] -0.01291087 0.0001197558 -0.0002349273 3.168651e-04 -4.618779e-04
[2,] -0.01288577 0.0002835451  0.0001287884 1.486835e-04 -3.164816e-04
[3,] -0.01287982 0.0003852306 -0.0001197735 2.865843e-04 -5.071265e-04
[4,] -0.01288578 0.0002775973  0.0001651421 2.475003e-05 -4.571655e-04
[5,] -0.01286734 0.0003537092  0.0001477144 1.878825e-05 -9.264248e-05


outLSI-1$binarize: length = 1
[1] TRUE


outLSI-1$scaleTo: length = 1
[1] 10000


outLSI-1$nDimensions: length = 1
[1] 30


outLSI-1$LSIMethod: length = 1
[1] 1


outLSI-1$outliers: length = 1
[1] NA


outLSI-1$date: length = 1
[1] "2020-06-14"


outLSI-1$seed: length = 1
[1] 1


outLSI-1$scaleDims: length = 1
[1] FALSE


outLSI-1$useMatrix: length = 1
[1] "TileMatrix"


outLSI-1$tileSize: length = 1
[1] 500



2020-06-14 20:17:00 : Cluster Params, Class = list

Cluster Params$: length = 1
                       
1 function (name)      
2 .Internal(args(name))


Cluster Params$matSVD: nRows = 5836, nCols = 30
                               LSI1         LSI2          LSI3         LSI4          LSI5
Stim#TTAGGTGGTAGCGAGT-1 -0.01230730 3.313766e-05 -6.405639e-05 7.937322e-05 -1.080566e-04
Stim#CGAGTTACAGAATGCG-1 -0.01228337 7.845979e-05  3.511607e-05 3.724452e-05 -7.404102e-05
Stim#CTCAACCGTCACAGGA-1 -0.01227770 1.065972e-04 -3.265801e-05 7.178801e-05 -1.186425e-04
Stim#AATGTCGGTTGAATAG-1 -0.01228338 7.681398e-05  4.502842e-05 6.199766e-06 -1.069541e-04
Stim#GAAAGTAGTCATCAAC-1 -0.01226581 9.787491e-05  4.027652e-05 4.706367e-06 -2.167376e-05


Cluster Params$corCutOff: length = 1
[1] 0.75


Cluster Params$dimsToUse: length = 30
[1] 1 2 3 4 5 6


Cluster Params$scaleDims: length = 1
[1] FALSE


Cluster Params$verbose: length = 1
[1] FALSE


Cluster Params$j: length = 1
[1] 1


Cluster Params$filterBias: length = 1
[1] FALSE


Cluster Params$cellNames: length = 5836
[1] "Stim#TTAGGTGGTAGCGAGT-1" "Stim#CGAGTTACAGAATGCG-1" "Stim#CTCAACCGTCACAGGA-1" "Stim#AATGTCGGTTGAATAG-1" "Stim#GAAAGTAGTCATCAAC-1" "Stim#GACTAGTTCCTCCCAA-1"


Cluster Params$cellDepth: length = 5836
Stim#TTAGGTGGTAGCGAGT-1 Stim#CGAGTTACAGAATGCG-1 Stim#CTCAACCGTCACAGGA-1 Stim#AATGTCGGTTGAATAG-1 Stim#GAAAGTAGTCATCAAC-1 Stim#GACTAGTTCCTCCCAA-1 
               4.998682                4.995591                4.994621                4.994612                4.994348                4.984878 


Cluster Params$tstart: length = 1
[1] "2020-06-14 20:16:06 EDT"


Cluster Params$logFile: length = 1
[1] "ArchRLogs/ArchR-addDoubletScores-6e6072307289-Date-2020-06-14_Time-20-16-05.log"


2020-06-14 20:17:00 : Identifying Clusters, 0.892 mins elapsed.

2020-06-14 20:17:00 : addClusters Input-Parameters, Class = list

addClusters Input-Parameters$: length = 1
                       
1 function (name)      
2 .Internal(args(name))


addClusters Input-Parameters$input: nRows = 5836, nCols = 30
                               LSI1         LSI2          LSI3         LSI4          LSI5
Stim#TTAGGTGGTAGCGAGT-1 -0.01230730 3.313766e-05 -6.405639e-05 7.937322e-05 -1.080566e-04
Stim#CGAGTTACAGAATGCG-1 -0.01228337 7.845979e-05  3.511607e-05 3.724452e-05 -7.404102e-05
Stim#CTCAACCGTCACAGGA-1 -0.01227770 1.065972e-04 -3.265801e-05 7.178801e-05 -1.186425e-04
Stim#AATGTCGGTTGAATAG-1 -0.01228338 7.681398e-05  4.502842e-05 6.199766e-06 -1.069541e-04
Stim#GAAAGTAGTCATCAAC-1 -0.01226581 9.787491e-05  4.027652e-05 4.706367e-06 -2.167376e-05


addClusters Input-Parameters$reducedDims: length = 1
[1] "IterativeLSI"


addClusters Input-Parameters$name: length = 1
[1] "Clusters"


addClusters Input-Parameters$sampleCells: length = 1
[1] 10000


addClusters Input-Parameters$seed: length = 1
[1] 1


addClusters Input-Parameters$method: length = 1
[1] "Seurat"


addClusters Input-Parameters$dimsToUse: length = 0
NULL


addClusters Input-Parameters$scaleDims: length = 0
NULL


addClusters Input-Parameters$corCutOff: length = 1
[1] 0.75


addClusters Input-Parameters$knnAssign: length = 1
[1] 10


addClusters Input-Parameters$nOutlier: length = 1
[1] 5


addClusters Input-Parameters$testBias: length = 1
[1] TRUE


addClusters Input-Parameters$filterBias: length = 1
[1] FALSE


addClusters Input-Parameters$biasClusters: length = 1
[1] 0.01


addClusters Input-Parameters$biasCol: length = 1
[1] "nFrags"


addClusters Input-Parameters$biasVals: length = 5836
[1] 4.998682 4.995591 4.994621 4.994612 4.994348 4.984878


addClusters Input-Parameters$biasQuantiles: length = 2
[1] 0.05 0.95


addClusters Input-Parameters$biasEnrich: length = 1
[1] 10


addClusters Input-Parameters$biasProportion: length = 1
[1] 0.5


addClusters Input-Parameters$biasPval: length = 1
[1] 0.05


addClusters Input-Parameters$nPerm: length = 1
[1] 500


addClusters Input-Parameters$prefix: length = 1
[1] "C"


addClusters Input-Parameters$ArchRProj: length = 0
NULL


addClusters Input-Parameters$verbose: length = 1
[1] FALSE


addClusters Input-Parameters$tstart: length = 0
NULL


addClusters Input-Parameters$force: length = 1
[1] FALSE


addClusters Input-Parameters$logFile: length = 1
[1] "ArchRLogs/ArchR-addDoubletScores-6e6072307289-Date-2020-06-14_Time-20-16-05.log"


addClusters Input-Parameters$...: length = 2
[[1]]
<promise: 0x55d2fd010618>

[[2]]
<promise: 0x55d2fd0106f8>



2020-06-14 20:17:00 : Running Seurats FindClusters (Stuart et al. Cell 2019), 0 mins elapsed.
2020-06-14 20:17:12 : Testing Outlier Clusters, 0.206 mins elapsed.
2020-06-14 20:17:12 : Assigning Cluster Names to 5 Clusters, 0.206 mins elapsed.
2020-06-14 20:17:12 : Finished addClusters, 0.206 mins elapsed.
2020-06-14 20:17:12 : Identified 5 Clusters, 1.101 mins elapsed.

2020-06-14 20:17:12 : clusterDF-1, Class = DFrame
DataFrame with 5836 rows and 2 columns
                   cellNames    clusters
                 <character> <character>
1    Stim#TTAGGTGGTAGCGAGT-1          C2
2    Stim#CGAGTTACAGAATGCG-1          C2
3    Stim#CTCAACCGTCACAGGA-1          C2
4    Stim#AATGTCGGTTGAATAG-1          C2
5    Stim#GAAAGTAGTCATCAAC-1          C2
...                      ...         ...
5832 Stim#ACAATCGCAAATTCCG-1          C5
5833 Stim#CTTGTCGTCAGGATCT-1          C4
5834 Stim#CGTGGCAAGCCTGGTC-1          C1
5835 Stim#ATCGAGTTCGCGCTGA-1          C5
5836 Stim#TGGCGCACACTTATGG-1          C5

2020-06-14 20:17:12 : Creating Cluster Matrix on the total Group Features, 1.101 mins elapsed.
2020-06-14 20:17:45 : Computing Variable Features, 1.651 mins elapsed.
###########
2020-06-14 20:17:46 : Running LSI (2 of 2) on Variable Features, 1.654 mins elapsed.
###########
2020-06-14 20:17:46 : Creating Partial Matrix, 1.654 mins elapsed.
2020-06-14 20:18:05 : Computing LSI, 1.979 mins elapsed.

2020-06-14 20:18:05 : LSI Parameters, Class = list

LSI Parameters$: length = 1
                       
1 function (name)      
2 .Internal(args(name))


LSI Parameters$mat: nRows = 25000, nCols = 5836
LSI Parameters$mat: NonZeroEntries = 18703726, EntryRange = [ 1 , 1 ]
5 x 5 sparse Matrix of class "dgCMatrix"
     Stim#TTAGGTGGTAGCGAGT-1 Stim#CGAGTTACAGAATGCG-1 Stim#CTCAACCGTCACAGGA-1 Stim#AATGTCGGTTGAATAG-1 Stim#GAAAGTAGTCATCAAC-1
[1,]                       1                       .                       1                       .                       .
[2,]                       1                       .                       1                       .                       1
[3,]                       .                       .                       .                       .                       .
[4,]                       1                       .                       .                       1                       .
[5,]                       .                       1                       .                       .                       .


LSI Parameters$LSIMethod: length = 1
[1] 1


LSI Parameters$scaleTo: length = 1
[1] 10000


LSI Parameters$nDimensions: length = 1
[1] 30


LSI Parameters$binarize: length = 1
[1] TRUE


LSI Parameters$outlierQuantiles: length = 0
NULL


LSI Parameters$seed: length = 1
[1] 1


LSI Parameters$verbose: length = 1
[1] FALSE


LSI Parameters$tstart: length = 1
[1] "2020-06-14 20:16:06 EDT"


LSI Parameters$logFile: length = 1
[1] "ArchRLogs/ArchR-addDoubletScores-6e6072307289-Date-2020-06-14_Time-20-16-05.log"


2020-06-14 20:18:05 : Running LSI, Input Matrix = 0.225 GB, 1.985 mins elapsed.
2020-06-14 20:18:05 : Binarizing Matrix, 1.985 mins elapsed.
2020-06-14 20:18:06 : Computing Term Frequency, 1.993 mins elapsed.
2020-06-14 20:18:06 : Removing 0 Sum Rows, 1.994 mins elapsed.
2020-06-14 20:18:09 : Computing Inverse Document Frequency, 2.042 mins elapsed.
2020-06-14 20:18:09 : Computing TF-IDF Matrix, 2.042 mins elapsed.
2020-06-14 20:18:10 : Computing SVD using irlba, 2.063 mins elapsed.
2020-06-14 20:18:26 : Finished LSI (TF-IDF SVD) using irlba, 2.33 mins elapsed.

2020-06-14 20:18:28 : outLSI-2, Class = SimpleList

outLSI-2$matSVD: nRows = 5836, nCols = 30
                               LSI1          LSI2         LSI3          LSI4         LSI5
Stim#TTAGGTGGTAGCGAGT-1 -0.01327856  1.388486e-05 -0.001088767 -0.0004767161 0.0009243221
Stim#CGAGTTACAGAATGCG-1 -0.01289964 -1.635259e-04 -0.003094302 -0.0007901681 0.0002923126
Stim#CTCAACCGTCACAGGA-1 -0.01295683 -3.078944e-04 -0.002311926 -0.0007931089 0.0005626675
Stim#AATGTCGGTTGAATAG-1 -0.01277000 -1.277762e-04 -0.003395882 -0.0009250570 0.0001179762
Stim#GAAAGTAGTCATCAAC-1 -0.01225701 -1.440212e-04 -0.006307321 -0.0015889468 0.0019856666


outLSI-2$rowSm: length = 25000
[1]  792  683  200  146  465 2110


outLSI-2$nCol: length = 1
[1] 5836


outLSI-2$exclude: length = 0
NULL


outLSI-2$idx: length = 25000
[1] 1 2 3 4 5 6


outLSI-2$u: nRows = 25000, nCols = 30
             [,1]          [,2]         [,3]          [,4]         [,5]
[1,] -0.006702799 -0.0002480781 -0.001426788 -0.0005959666 -0.003766907
[2,] -0.005561564 -0.0003070587 -0.003246858 -0.0008613177 -0.002056414
[3,] -0.002271776 -0.0002425668 -0.004817332 -0.0007161436 -0.001411298
[4,] -0.001432992 -0.0002441987 -0.007644116 -0.0013882075 -0.001292253
[5,] -0.004865480 -0.0001624698  0.007413666  0.0014030063  0.001062748


outLSI-2$v: nRows = 5836, nCols = 30
            [,1]          [,2]         [,3]         [,4]         [,5]
[1,] -0.01252042  4.249416e-05 -0.003383552 -0.001556062 0.0033620694
[2,] -0.01216313 -5.004657e-04 -0.009616139 -0.002579210 0.0010632389
[3,] -0.01221706 -9.423005e-04 -0.007184754 -0.002588809 0.0020466105
[4,] -0.01204089 -3.910549e-04 -0.010553356 -0.003019504 0.0004291189
[5,] -0.01155719 -4.407720e-04 -0.019601213 -0.005186525 0.0072225354


outLSI-2$binarize: length = 1
[1] TRUE


outLSI-2$scaleTo: length = 1
[1] 10000


outLSI-2$nDimensions: length = 1
[1] 30


outLSI-2$LSIMethod: length = 1
[1] 1


outLSI-2$outliers: length = 1
[1] NA


outLSI-2$date: length = 1
[1] "2020-06-14"


outLSI-2$seed: length = 1
[1] 1


outLSI-2$scaleDims: length = 1
[1] FALSE


outLSI-2$useMatrix: length = 1
[1] "TileMatrix"


outLSI-2$tileSize: length = 1
[1] 500


2020-06-14 20:18:29 : Finished Running IterativeLSI, 2.373 mins elapsed.
2020-06-14 20:18:29 : Constructing Partial Matrix for Projection, 2.382 mins elapsed.

2020-06-14 20:18:29 : Stim (1 of 2) : LSI Result, Class = SimpleList

Stim (1 of 2) : LSI Result$matSVD: nRows = 5836, nCols = 30
                               LSI1          LSI2         LSI3          LSI4         LSI5
Stim#TTAGGTGGTAGCGAGT-1 -0.01327856  1.388486e-05 -0.001088767 -0.0004767161 0.0009243221
Stim#CGAGTTACAGAATGCG-1 -0.01289964 -1.635259e-04 -0.003094302 -0.0007901681 0.0002923126
Stim#CTCAACCGTCACAGGA-1 -0.01295683 -3.078944e-04 -0.002311926 -0.0007931089 0.0005626675
Stim#AATGTCGGTTGAATAG-1 -0.01277000 -1.277762e-04 -0.003395882 -0.0009250570 0.0001179762
Stim#GAAAGTAGTCATCAAC-1 -0.01225701 -1.440212e-04 -0.006307321 -0.0015889468 0.0019856666


Stim (1 of 2) : LSI Result$rowSm: length = 25000
[1]  792  683  200  146  465 2110


Stim (1 of 2) : LSI Result$nCol: length = 1
[1] 5836


Stim (1 of 2) : LSI Result$exclude: length = 0
NULL


Stim (1 of 2) : LSI Result$idx: length = 25000
[1] 1 2 3 4 5 6


Stim (1 of 2) : LSI Result$u: nRows = 25000, nCols = 30
             [,1]          [,2]         [,3]          [,4]         [,5]
[1,] -0.006702799 -0.0002480781 -0.001426788 -0.0005959666 -0.003766907
[2,] -0.005561564 -0.0003070587 -0.003246858 -0.0008613177 -0.002056414
[3,] -0.002271776 -0.0002425668 -0.004817332 -0.0007161436 -0.001411298
[4,] -0.001432992 -0.0002441987 -0.007644116 -0.0013882075 -0.001292253
[5,] -0.004865480 -0.0001624698  0.007413666  0.0014030063  0.001062748


Stim (1 of 2) : LSI Result$v: nRows = 5836, nCols = 30
            [,1]          [,2]         [,3]         [,4]         [,5]
[1,] -0.01252042  4.249416e-05 -0.003383552 -0.001556062 0.0033620694
[2,] -0.01216313 -5.004657e-04 -0.009616139 -0.002579210 0.0010632389
[3,] -0.01221706 -9.423005e-04 -0.007184754 -0.002588809 0.0020466105
[4,] -0.01204089 -3.910549e-04 -0.010553356 -0.003019504 0.0004291189
[5,] -0.01155719 -4.407720e-04 -0.019601213 -0.005186525 0.0072225354


Stim (1 of 2) : LSI Result$binarize: length = 1
[1] TRUE


Stim (1 of 2) : LSI Result$scaleTo: length = 1
[1] 10000


Stim (1 of 2) : LSI Result$nDimensions: length = 1
[1] 30


Stim (1 of 2) : LSI Result$LSIMethod: length = 1
[1] 1


Stim (1 of 2) : LSI Result$outliers: length = 1
[1] NA


Stim (1 of 2) : LSI Result$date: length = 1
[1] "2020-06-14"


Stim (1 of 2) : LSI Result$seed: length = 1
[1] 1


Stim (1 of 2) : LSI Result$scaleDims: length = 1
[1] FALSE


Stim (1 of 2) : LSI Result$useMatrix: length = 1
[1] "TileMatrix"


Stim (1 of 2) : LSI Result$tileSize: length = 1
[1] 500


Stim (1 of 2) : LSI Result$dimsKept: length = 30
[1] 1 2 3 4 5 6


2020-06-14 20:18:49 : Running LSI UMAP, 2.728 mins elapsed.

2020-06-14 20:18:49 : Stim (1 of 2) : UMAP Params, Class = list

Stim (1 of 2) : UMAP Params$n_neighbors: length = 1
[1] 40


Stim (1 of 2) : UMAP Params$min_dist: length = 1
[1] 0.4


Stim (1 of 2) : UMAP Params$metric: length = 1
[1] "euclidean"


Stim (1 of 2) : UMAP Params$verbose: length = 1
[1] FALSE


Stim (1 of 2) : UMAP Params$X: nRows = 5836, nCols = 30
                               LSI1          LSI2         LSI3          LSI4         LSI5
Stim#TTAGGTGGTAGCGAGT-1 -0.01327856  1.388486e-05 -0.001088767 -0.0004767161 0.0009243221
Stim#CGAGTTACAGAATGCG-1 -0.01289964 -1.635259e-04 -0.003094302 -0.0007901681 0.0002923126
Stim#CTCAACCGTCACAGGA-1 -0.01295683 -3.078944e-04 -0.002311926 -0.0007931089 0.0005626675
Stim#AATGTCGGTTGAATAG-1 -0.01277000 -1.277762e-04 -0.003395882 -0.0009250570 0.0001179762
Stim#GAAAGTAGTCATCAAC-1 -0.01225701 -1.440212e-04 -0.006307321 -0.0015889468 0.0019856666


Stim (1 of 2) : UMAP Params$ret_nn: length = 1
[1] TRUE


Stim (1 of 2) : UMAP Params$ret_model: length = 1
[1] TRUE


Stim (1 of 2) : UMAP Params$n_threads: length = 1
[1] 12


2020-06-14 20:19:16 : Simulating and Projecting Doublets, 3.162 mins elapsed.

2020-06-14 20:19:50 : Stim (1 of 2) : SimulatedLSI, Class = matrix
            LSI1          LSI2          LSI3          LSI4          LSI5
[1,] -0.01389609  2.146223e-04 -0.0002654591 -1.424379e-04 -0.0019363232
[2,] -0.01377229 -1.245973e-04  0.0008213559 -1.315144e-05  0.0004011444
[3,] -0.01423002  2.862479e-05  0.0026846794  4.433403e-04  0.0005699700
[4,] -0.01394341  1.964013e-04  0.0010467223 -1.094141e-04 -0.0003910628
[5,] -0.01381227 -1.360056e-04  0.0003328462 -2.111576e-04  0.0004532443

Stim (1 of 2) : SimulatedLSI: nRows = 25000, nCols = 30


2020-06-14 20:19:54 : Stim (1 of 2) : OriginalLSI, Class = matrix
                               LSI1          LSI2         LSI3          LSI4         LSI5
Stim#TTAGGTGGTAGCGAGT-1 -0.01327856  1.388486e-05 -0.001088767 -0.0004767161 0.0009243221
Stim#CGAGTTACAGAATGCG-1 -0.01289964 -1.635259e-04 -0.003094302 -0.0007901681 0.0002923126
Stim#CTCAACCGTCACAGGA-1 -0.01295683 -3.078944e-04 -0.002311926 -0.0007931089 0.0005626675
Stim#AATGTCGGTTGAATAG-1 -0.01277000 -1.277762e-04 -0.003395882 -0.0009250570 0.0001179762
Stim#GAAAGTAGTCATCAAC-1 -0.01225701 -1.440212e-04 -0.006307321 -0.0015889468 0.0019856666

Stim (1 of 2) : OriginalLSI: nRows = 5836, nCols = 30


2020-06-14 20:19:54 : Stim (1 of 2) : OriginalReProjectedLSI, Class = matrix
                               LSI1          LSI2         LSI3          LSI4         LSI5
Stim#TTAGGTGGTAGCGAGT-1 -0.01327856  1.388486e-05 -0.001088767 -0.0004767161 0.0009243221
Stim#CGAGTTACAGAATGCG-1 -0.01289964 -1.635259e-04 -0.003094302 -0.0007901681 0.0002923126
Stim#CTCAACCGTCACAGGA-1 -0.01295683 -3.078944e-04 -0.002311926 -0.0007931089 0.0005626675
Stim#AATGTCGGTTGAATAG-1 -0.01277000 -1.277762e-04 -0.003395882 -0.0009250570 0.0001179762
Stim#GAAAGTAGTCATCAAC-1 -0.01225701 -1.440212e-04 -0.006307321 -0.0015889468 0.0019856666

Stim (1 of 2) : OriginalReProjectedLSI: nRows = 5836, nCols = 30


2020-06-14 20:20:22 : Stim (1 of 2) : OriginalUMAP, Class = matrix
           [,1]        [,2]
[1,] -0.4160432 -0.09784259
[2,] -0.8867602 -1.71662464
[3,] -1.1105555 -0.94818630
[4,] -1.0050334 -1.82876601
[5,] -4.6869086 -0.49522139

Stim (1 of 2) : OriginalUMAP: nRows = 5836, nCols = 2


2020-06-14 20:20:22 : Stim (1 of 2) : OriginalReProjectedUMAP, Class = matrix
           [,1]       [,2]
[1,] -0.6128306 -0.1038329
[2,] -0.7695759 -1.4934502
[3,] -1.1771674 -0.8254097
[4,] -1.1005380 -1.7201622
[5,] -4.6391983 -0.6282886

Stim (1 of 2) : OriginalReProjectedUMAP: nRows = 5836, nCols = 2


2020-06-14 20:20:22 : Stim (1 of 2) : UMAP Projection R^2 = 0.99694

2020-06-14 20:20:24 : Stim (1 of 2) : Number of Nearby Simulated Doublets, Class = numeric

Stim (1 of 2) : Number of Nearby Simulated Doublets: length = 5836
Stim#TTAGGTGGTAGCGAGT-1 Stim#CGAGTTACAGAATGCG-1 Stim#CTCAACCGTCACAGGA-1 Stim#AATGTCGGTTGAATAG-1 Stim#GAAAGTAGTCATCAAC-1 Stim#GACTAGTTCCTCCCAA-1 
                    168                      93                     104                      85                      40                      70 



2020-06-14 20:20:24 : Stim (1 of 2) : DoubletScoresLSI, Class = numeric

Stim (1 of 2) : DoubletScoresLSI: length = 5836
Stim#TTAGGTGGTAGCGAGT-1 Stim#CGAGTTACAGAATGCG-1 Stim#CTCAACCGTCACAGGA-1 Stim#AATGTCGGTTGAATAG-1 Stim#GAAAGTAGTCATCAAC-1 Stim#GACTAGTTCCTCCCAA-1 
           129.69026040             37.71898705             49.05864686             30.51783347              0.07776808             17.65865369 



2020-06-14 20:20:24 : Stim (1 of 2) : DoubletEnrichLSI, Class = numeric

Stim (1 of 2) : DoubletEnrichLSI: length = 5836
Stim#TTAGGTGGTAGCGAGT-1 Stim#CGAGTTACAGAATGCG-1 Stim#CTCAACCGTCACAGGA-1 Stim#AATGTCGGTTGAATAG-1 Stim#GAAAGTAGTCATCAAC-1 Stim#GACTAGTTCCTCCCAA-1 
                   6.72                    3.72                    4.16                    3.40                    1.60                    2.80 



2020-06-14 20:20:24 : Stim (1 of 2) : DoubletScoresUMAP, Class = numeric

Stim (1 of 2) : DoubletScoresUMAP: length = 5836
Stim#TTAGGTGGTAGCGAGT-1 Stim#CGAGTTACAGAATGCG-1 Stim#CTCAACCGTCACAGGA-1 Stim#AATGTCGGTTGAATAG-1 Stim#GAAAGTAGTCATCAAC-1 Stim#GACTAGTTCCTCCCAA-1 
              108.66511                40.61270                95.51585                53.46225                24.81210                57.98023 



2020-06-14 20:20:24 : Stim (1 of 2) : DoubletEnrichUMAP, Class = numeric

Stim (1 of 2) : DoubletEnrichUMAP: length = 5836
Stim#TTAGGTGGTAGCGAGT-1 Stim#CGAGTTACAGAATGCG-1 Stim#CTCAACCGTCACAGGA-1 Stim#AATGTCGGTTGAATAG-1 Stim#GAAAGTAGTCATCAAC-1 Stim#GACTAGTTCCTCCCAA-1 
                   6.12                    3.84                    5.72                    4.32                    3.16                    4.48 



2020-06-14 20:20:24 : Stim (1 of 2) : SimulationResults, Class = SimpleList

Stim (1 of 2) : SimulationResults$doubletUMAP: nRows = 25000, nCols = 2
          [,1]      [,2]
[1,] -1.300556 -8.888676
[2,]  3.735410 -1.512199
[3,]  2.308586  4.301108
[4,]  1.833928 -4.313285
[5,]  3.028232 -1.345494


Stim (1 of 2) : SimulationResults$doubletScore: length = 5836
Stim#TTAGGTGGTAGCGAGT-1 Stim#CGAGTTACAGAATGCG-1 Stim#CTCAACCGTCACAGGA-1 Stim#AATGTCGGTTGAATAG-1 Stim#GAAAGTAGTCATCAAC-1 Stim#GACTAGTTCCTCCCAA-1 
              108.66511                40.61270                95.51585                53.46225                24.81210                57.98023 


Stim (1 of 2) : SimulationResults$doubletEnrich: length = 5836
Stim#TTAGGTGGTAGCGAGT-1 Stim#CGAGTTACAGAATGCG-1 Stim#CTCAACCGTCACAGGA-1 Stim#AATGTCGGTTGAATAG-1 Stim#GAAAGTAGTCATCAAC-1 Stim#GACTAGTTCCTCCCAA-1 
                   6.12                    3.84                    5.72                    4.32                    3.16                    4.48 



2020-06-14 20:20:25 : Stim (1 of 2) : Sample UMAP, Class = data.frame
Stim (1 of 2) : Sample UMAP: nRows = 5836, nCols = 5
                                X1          X2       type     score enrichment
Stim#TTAGGTGGTAGCGAGT-1 -0.4160432 -0.09784259 experiment 108.66511       6.12
Stim#CGAGTTACAGAATGCG-1 -0.8867602 -1.71662464 experiment  40.61270       3.84
Stim#CTCAACCGTCACAGGA-1 -1.1105555 -0.94818630 experiment  95.51585       5.72
Stim#AATGTCGGTTGAATAG-1 -1.0050334 -1.82876601 experiment  53.46225       4.32
Stim#GAAAGTAGTCATCAAC-1 -4.6869086 -0.49522139 experiment  24.81210       3.16
Stim#GACTAGTTCCTCCCAA-1 -1.6347220 -0.77028837 experiment  57.98023       4.48



2020-06-14 20:20:25 : Stim (1 of 2) : Simulated Doublet UMAP, Class = data.frame
Stim (1 of 2) : Simulated Doublet UMAP: nRows = 25000, nCols = 5
                       x         y      density              type        color
doublet_12648 -4.2112460 -6.849565 0.0001286618 simulated_doublet 0.0001286618
doublet_15416 -0.7323498 -4.994065 0.0001331861 simulated_doublet 0.0001331861
doublet_6547  -0.7974097 -5.249525 0.0001357506 simulated_doublet 0.0001357506
doublet_4476  -4.7038703 -7.220764 0.0001392204 simulated_doublet 0.0001392204
doublet_18031 -4.9659863 -7.234314 0.0002116530 simulated_doublet 0.0002116530
doublet_19201 -3.8805060 -6.635397 0.0002378024 simulated_doublet 0.0002378024


2020-06-14 20:20:36 : Control (2 of 2) :  Computing Doublet Statistics, 4.505 mins elapsed.
2020-06-14 20:20:36 : Running IterativeLSI, 4.509 mins elapsed.

2020-06-14 20:20:36 : IterativeLSI Input-Parameters, Class = list

IterativeLSI Input-Parameters$ArchRProj: length = 1
class: ArchRProject 
outputDirectory: /data/aryee/caleb/tenx-scatac/asap_paper/asap_reproducibility/pbmc_stimulation_asapseq/code/tmp/tmp-6e601da686ea-Date-2020-06-14_Time-20-20-36 
samples(1): Control
sampleColData names(1): ArrowFiles
cellColData names(15): Sample TSSEnrichment ... DoubletEnrichment BlacklistRatio
numberOfCells(1): 1
medianTSS(1): 6.726
medianFrags(1): 98193


IterativeLSI Input-Parameters$useMatrix: length = 1
[1] "TileMatrix"


IterativeLSI Input-Parameters$name: length = 1
[1] "IterativeLSI"


IterativeLSI Input-Parameters$iterations: length = 1
[1] 2


IterativeLSI Input-Parameters$varFeatures: length = 1
[1] 25000


IterativeLSI Input-Parameters$dimsToUse: length = 30
[1] 1 2 3 4 5 6


IterativeLSI Input-Parameters$LSIMethod: length = 1
[1] 1


IterativeLSI Input-Parameters$scaleDims: length = 1
[1] FALSE


IterativeLSI Input-Parameters$corCutOff: length = 1
[1] 0.75


IterativeLSI Input-Parameters$binarize: length = 1
[1] TRUE


IterativeLSI Input-Parameters$outlierQuantiles: length = 0
NULL


IterativeLSI Input-Parameters$filterBias: length = 1
[1] FALSE


IterativeLSI Input-Parameters$sampleCellsPre: length = 1
[1] 10000


IterativeLSI Input-Parameters$projectCellsPre: length = 1
[1] FALSE


IterativeLSI Input-Parameters$sampleCellsFinal: length = 0
NULL


IterativeLSI Input-Parameters$selectionMethod: length = 1
[1] "var"


IterativeLSI Input-Parameters$scaleTo: length = 1
[1] 10000


IterativeLSI Input-Parameters$totalFeatures: length = 1
[1] 5e+05


IterativeLSI Input-Parameters$filterQuantile: length = 1
[1] 0.995


IterativeLSI Input-Parameters$excludeChr: length = 0
NULL


IterativeLSI Input-Parameters$saveIterations: length = 1
[1] FALSE


IterativeLSI Input-Parameters$nPlot: length = 1
[1] 10000


IterativeLSI Input-Parameters$outDir: length = 1
[1] "/data/aryee/caleb/tenx-scatac/asap_paper/asap_reproducibility/pbmc_stimulation_asapseq/code/tmp/tmp-6e601da686ea-Date-2020-06-14_Time-20-20-36"


IterativeLSI Input-Parameters$threads: length = 1
[1] 12


IterativeLSI Input-Parameters$seed: length = 1
[1] 1


IterativeLSI Input-Parameters$verbose: length = 1
[1] FALSE


IterativeLSI Input-Parameters$force: length = 1
[1] TRUE


IterativeLSI Input-Parameters$logFile: length = 1
[1] "ArchRLogs/ArchR-addDoubletScores-6e6072307289-Date-2020-06-14_Time-20-16-05.log"


2020-06-14 20:20:37 : Computing Total Accessibility Across All Features, 0 mins elapsed.
2020-06-14 20:20:39 : Computing Top Features, 0.046 mins elapsed.
###########
2020-06-14 20:20:40 : Running LSI (1 of 2) on Top Features, 0.054 mins elapsed.
###########
2020-06-14 20:20:40 : Creating Partial Matrix, 0.055 mins elapsed.
2020-06-14 20:20:55 : Computing LSI, 0.313 mins elapsed.

2020-06-14 20:20:55 : LSI Parameters, Class = list

LSI Parameters$: length = 1
                       
1 function (name)      
2 .Internal(args(name))


LSI Parameters$mat: nRows = 25000, nCols = 4477
LSI Parameters$mat: NonZeroEntries = 18087872, EntryRange = [ 1 , 1 ]
5 x 5 sparse Matrix of class "dgCMatrix"
     Control#TATGTTCCACAAGGGT-1 Control#AACCGATCACGGTTAT-1 Control#ATCCTGCTCCGCTCTA-1 Control#GAACCTAAGTCGAGCA-1 Control#ACTACGACAATCCATG-1
[1,]                          .                          1                          .                          1                          1
[2,]                          1                          1                          .                          .                          1
[3,]                          .                          1                          .                          .                          1
[4,]                          .                          .                          .                          .                          .
[5,]                          .                          .                          .                          .                          .


LSI Parameters$LSIMethod: length = 1
[1] 1


LSI Parameters$scaleTo: length = 1
[1] 10000


LSI Parameters$nDimensions: length = 1
[1] 30


LSI Parameters$binarize: length = 1
[1] TRUE


LSI Parameters$outlierQuantiles: length = 0
NULL


LSI Parameters$seed: length = 1
[1] 1


LSI Parameters$verbose: length = 1
[1] FALSE


LSI Parameters$tstart: length = 1
[1] "2020-06-14 20:20:37 EDT"


LSI Parameters$logFile: length = 1
[1] "ArchRLogs/ArchR-addDoubletScores-6e6072307289-Date-2020-06-14_Time-20-16-05.log"


2020-06-14 20:20:56 : Running LSI, Input Matrix = 0.217 GB, 0.319 mins elapsed.
2020-06-14 20:20:56 : Binarizing Matrix, 0.319 mins elapsed.
2020-06-14 20:20:56 : Computing Term Frequency, 0.324 mins elapsed.
2020-06-14 20:20:56 : Removing 0 Sum Rows, 0.325 mins elapsed.
2020-06-14 20:20:58 : Computing Inverse Document Frequency, 0.354 mins elapsed.
2020-06-14 20:20:58 : Computing TF-IDF Matrix, 0.354 mins elapsed.
2020-06-14 20:20:59 : Computing SVD using irlba, 0.377 mins elapsed.
2020-06-14 20:21:22 : Finished LSI (TF-IDF SVD) using irlba, 0.762 mins elapsed.

2020-06-14 20:21:25 : outLSI-1, Class = SimpleList

outLSI-1$matSVD: nRows = 4477, nCols = 30
                                  LSI1          LSI2          LSI3          LSI4          LSI5
Control#TATGTTCCACAAGGGT-1 -0.01237222 -7.613395e-05 -9.344754e-05 -1.738416e-04 -0.0025314751
Control#AACCGATCACGGTTAT-1 -0.01231312 -1.435075e-04 -1.631461e-04 -7.070098e-05 -0.0004862924
Control#ATCCTGCTCCGCTCTA-1 -0.01246075 -5.132910e-04 -1.768307e-04 -4.717513e-04 -0.0049982463
Control#GAACCTAAGTCGAGCA-1 -0.01245120 -6.862345e-04 -2.874735e-04 -6.204189e-04 -0.0044764383
Control#ACTACGACAATCCATG-1 -0.01233015 -1.769409e-05 -6.484128e-05  5.464064e-05  0.0001571273


outLSI-1$rowSm: length = 25000
[1] 482 686 824 523 450 663


outLSI-1$nCol: length = 1
[1] 4477


outLSI-1$exclude: length = 0
NULL


outLSI-1$idx: length = 25000
[1] 1 2 3 4 5 6


outLSI-1$u: nRows = 25000, nCols = 30
             [,1]          [,2]          [,3]          [,4]          [,5]
[1,] -0.004638279 -2.645370e-04 -0.0005394179 -3.802965e-04 -0.0016953655
[2,] -0.006349011 -7.449142e-04 -0.0002771831  1.064416e-03 -0.0036748864
[3,] -0.006238303 -2.642114e-04 -0.0005501540  7.274263e-05 -0.0008916216
[4,] -0.005041519 -1.347309e-04 -0.0001217331  1.235397e-04  0.0022380816
[5,] -0.004662941  4.009937e-05 -0.0002158045 -4.026594e-04 -0.0039014703


outLSI-1$v: nRows = 4477, nCols = 30
            [,1]          [,2]          [,3]          [,4]          [,5]
[1,] -0.01485712 -0.0003535361 -0.0004553569 -0.0008541768 -0.0133591307
[2,] -0.01478614 -0.0006663922 -0.0007949881 -0.0003473917 -0.0025662680
[3,] -0.01496343 -0.0023835214 -0.0008616713 -0.0023179664 -0.0263768052
[4,] -0.01495196 -0.0031866029 -0.0014008184 -0.0030484498 -0.0236231141
[5,] -0.01480660 -0.0000821644 -0.0003159625  0.0002684787  0.0008291938


outLSI-1$binarize: length = 1
[1] TRUE


outLSI-1$scaleTo: length = 1
[1] 10000


outLSI-1$nDimensions: length = 1
[1] 30


outLSI-1$LSIMethod: length = 1
[1] 1


outLSI-1$outliers: length = 1
[1] NA


outLSI-1$date: length = 1
[1] "2020-06-14"


outLSI-1$seed: length = 1
[1] 1


outLSI-1$scaleDims: length = 1
[1] FALSE


outLSI-1$useMatrix: length = 1
[1] "TileMatrix"


outLSI-1$tileSize: length = 1
[1] 500



2020-06-14 20:21:25 : Cluster Params, Class = list

Cluster Params$: length = 1
                       
1 function (name)      
2 .Internal(args(name))


Cluster Params$matSVD: nRows = 4477, nCols = 30
                                  LSI1          LSI2          LSI3          LSI4          LSI5
Control#TATGTTCCACAAGGGT-1 -0.01237222 -7.613395e-05 -9.344754e-05 -1.738416e-04 -0.0025314751
Control#AACCGATCACGGTTAT-1 -0.01231312 -1.435075e-04 -1.631461e-04 -7.070098e-05 -0.0004862924
Control#ATCCTGCTCCGCTCTA-1 -0.01246075 -5.132910e-04 -1.768307e-04 -4.717513e-04 -0.0049982463
Control#GAACCTAAGTCGAGCA-1 -0.01245120 -6.862345e-04 -2.874735e-04 -6.204189e-04 -0.0044764383
Control#ACTACGACAATCCATG-1 -0.01233015 -1.769409e-05 -6.484128e-05  5.464064e-05  0.0001571273


Cluster Params$corCutOff: length = 1
[1] 0.75


Cluster Params$dimsToUse: length = 30
[1] 1 2 3 4 5 6


Cluster Params$scaleDims: length = 1
[1] FALSE


Cluster Params$verbose: length = 1
[1] FALSE


Cluster Params$j: length = 1
[1] 1


Cluster Params$filterBias: length = 1
[1] FALSE


Cluster Params$cellNames: length = 4477
[1] "Control#TATGTTCCACAAGGGT-1" "Control#AACCGATCACGGTTAT-1" "Control#ATCCTGCTCCGCTCTA-1" "Control#GAACCTAAGTCGAGCA-1" "Control#ACTACGACAATCCATG-1"
[6] "Control#AGTCAACTCATGAACC-1"


Cluster Params$cellDepth: length = 4477
Control#TATGTTCCACAAGGGT-1 Control#AACCGATCACGGTTAT-1 Control#ATCCTGCTCCGCTCTA-1 Control#GAACCTAAGTCGAGCA-1 Control#ACTACGACAATCCATG-1 Control#AGTCAACTCATGAACC-1 
                  4.992085                   4.988082                   4.975128                   4.969160                   4.958449                   4.952153 


Cluster Params$tstart: length = 1
[1] "2020-06-14 20:20:37 EDT"


Cluster Params$logFile: length = 1
[1] "ArchRLogs/ArchR-addDoubletScores-6e6072307289-Date-2020-06-14_Time-20-16-05.log"


2020-06-14 20:21:25 : Identifying Clusters, 0.809 mins elapsed.

2020-06-14 20:21:25 : addClusters Input-Parameters, Class = list

addClusters Input-Parameters$: length = 1
                       
1 function (name)      
2 .Internal(args(name))


addClusters Input-Parameters$input: nRows = 4477, nCols = 30
                                  LSI1          LSI2          LSI3          LSI4          LSI5
Control#TATGTTCCACAAGGGT-1 -0.01237222 -7.613395e-05 -9.344754e-05 -1.738416e-04 -0.0025314751
Control#AACCGATCACGGTTAT-1 -0.01231312 -1.435075e-04 -1.631461e-04 -7.070098e-05 -0.0004862924
Control#ATCCTGCTCCGCTCTA-1 -0.01246075 -5.132910e-04 -1.768307e-04 -4.717513e-04 -0.0049982463
Control#GAACCTAAGTCGAGCA-1 -0.01245120 -6.862345e-04 -2.874735e-04 -6.204189e-04 -0.0044764383
Control#ACTACGACAATCCATG-1 -0.01233015 -1.769409e-05 -6.484128e-05  5.464064e-05  0.0001571273


addClusters Input-Parameters$reducedDims: length = 1
[1] "IterativeLSI"


addClusters Input-Parameters$name: length = 1
[1] "Clusters"


addClusters Input-Parameters$sampleCells: length = 1
[1] 10000


addClusters Input-Parameters$seed: length = 1
[1] 1


addClusters Input-Parameters$method: length = 1
[1] "Seurat"


addClusters Input-Parameters$dimsToUse: length = 0
NULL


addClusters Input-Parameters$scaleDims: length = 0
NULL


addClusters Input-Parameters$corCutOff: length = 1
[1] 0.75


addClusters Input-Parameters$knnAssign: length = 1
[1] 10


addClusters Input-Parameters$nOutlier: length = 1
[1] 5


addClusters Input-Parameters$testBias: length = 1
[1] TRUE


addClusters Input-Parameters$filterBias: length = 1
[1] FALSE


addClusters Input-Parameters$biasClusters: length = 1
[1] 0.01


addClusters Input-Parameters$biasCol: length = 1
[1] "nFrags"


addClusters Input-Parameters$biasVals: length = 4477
[1] 4.992085 4.988082 4.975128 4.969160 4.958449 4.952153


addClusters Input-Parameters$biasQuantiles: length = 2
[1] 0.05 0.95


addClusters Input-Parameters$biasEnrich: length = 1
[1] 10


addClusters Input-Parameters$biasProportion: length = 1
[1] 0.5


addClusters Input-Parameters$biasPval: length = 1
[1] 0.05


addClusters Input-Parameters$nPerm: length = 1
[1] 500


addClusters Input-Parameters$prefix: length = 1
[1] "C"


addClusters Input-Parameters$ArchRProj: length = 0
NULL


addClusters Input-Parameters$verbose: length = 1
[1] FALSE


addClusters Input-Parameters$tstart: length = 0
NULL


addClusters Input-Parameters$force: length = 1
[1] FALSE


addClusters Input-Parameters$logFile: length = 1
[1] "ArchRLogs/ArchR-addDoubletScores-6e6072307289-Date-2020-06-14_Time-20-16-05.log"


addClusters Input-Parameters$...: length = 2
[[1]]
<promise: 0x55d30a506220>

[[2]]
<promise: 0x55d30a506300>



2020-06-14 20:21:25 : Running Seurats FindClusters (Stuart et al. Cell 2019), 0 mins elapsed.
2020-06-14 20:21:35 : Testing Outlier Clusters, 0.154 mins elapsed.
2020-06-14 20:21:35 : Assigning Cluster Names to 6 Clusters, 0.154 mins elapsed.
2020-06-14 20:21:35 : Finished addClusters, 0.154 mins elapsed.
2020-06-14 20:21:35 : Identified 6 Clusters, 0.965 mins elapsed.

2020-06-14 20:21:35 : clusterDF-1, Class = DFrame
DataFrame with 4477 rows and 2 columns
                      cellNames    clusters
                    <character> <character>
1    Control#TATGTTCCACAAGGGT-1          C5
2    Control#AACCGATCACGGTTAT-1          C1
3    Control#ATCCTGCTCCGCTCTA-1          C5
4    Control#GAACCTAAGTCGAGCA-1          C5
5    Control#ACTACGACAATCCATG-1          C1
...                         ...         ...
4473 Control#TACTCGCAGCGGACAT-1          C3
4474 Control#GTAATCGAGTCGAGCA-1          C2
4475 Control#AGGCGAATCTAAGGTC-1          C5
4476 Control#TCGTTCGCAGTGGTCC-1          C2
4477 Control#CACTGAACACCTGGTG-1          C2

2020-06-14 20:21:35 : Creating Cluster Matrix on the total Group Features, 0.966 mins elapsed.
2020-06-14 20:22:04 : Computing Variable Features, 1.455 mins elapsed.
###########
2020-06-14 20:22:04 : Running LSI (2 of 2) on Variable Features, 1.459 mins elapsed.
###########
2020-06-14 20:22:04 : Creating Partial Matrix, 1.459 mins elapsed.
2020-06-14 20:22:17 : Computing LSI, 1.672 mins elapsed.

2020-06-14 20:22:17 : LSI Parameters, Class = list

LSI Parameters$: length = 1
                       
1 function (name)      
2 .Internal(args(name))


LSI Parameters$mat: nRows = 25000, nCols = 4477
LSI Parameters$mat: NonZeroEntries = 14663683, EntryRange = [ 1 , 1 ]
5 x 5 sparse Matrix of class "dgCMatrix"
     Control#TATGTTCCACAAGGGT-1 Control#AACCGATCACGGTTAT-1 Control#ATCCTGCTCCGCTCTA-1 Control#GAACCTAAGTCGAGCA-1 Control#ACTACGACAATCCATG-1
[1,]                          .                          .                          .                          1                          .
[2,]                          .                          .                          .                          1                          .
[3,]                          .                          .                          .                          .                          .
[4,]                          .                          .                          .                          .                          .
[5,]                          1                          .                          .                          .                          1


LSI Parameters$LSIMethod: length = 1
[1] 1


LSI Parameters$scaleTo: length = 1
[1] 10000


LSI Parameters$nDimensions: length = 1
[1] 30


LSI Parameters$binarize: length = 1
[1] TRUE


LSI Parameters$outlierQuantiles: length = 0
NULL


LSI Parameters$seed: length = 1
[1] 1


LSI Parameters$verbose: length = 1
[1] FALSE


LSI Parameters$tstart: length = 1
[1] "2020-06-14 20:20:37 EDT"


LSI Parameters$logFile: length = 1
[1] "ArchRLogs/ArchR-addDoubletScores-6e6072307289-Date-2020-06-14_Time-20-16-05.log"


2020-06-14 20:22:17 : Running LSI, Input Matrix = 0.176 GB, 1.677 mins elapsed.
2020-06-14 20:22:17 : Binarizing Matrix, 1.677 mins elapsed.
2020-06-14 20:22:17 : Computing Term Frequency, 1.681 mins elapsed.
2020-06-14 20:22:18 : Removing 0 Sum Rows, 1.682 mins elapsed.
2020-06-14 20:22:19 : Computing Inverse Document Frequency, 1.705 mins elapsed.
2020-06-14 20:22:19 : Computing TF-IDF Matrix, 1.705 mins elapsed.
2020-06-14 20:22:20 : Computing SVD using irlba, 1.728 mins elapsed.
2020-06-14 20:22:30 : Finished LSI (TF-IDF SVD) using irlba, 1.882 mins elapsed.

2020-06-14 20:22:31 : outLSI-2, Class = SimpleList

outLSI-2$matSVD: nRows = 4477, nCols = 30
                                  LSI1        LSI2          LSI3          LSI4          LSI5
Control#TATGTTCCACAAGGGT-1 -0.01334472 0.001579484  4.540254e-04 -3.488973e-04 -0.0001618536
Control#AACCGATCACGGTTAT-1 -0.01253550 0.004270134  1.551173e-05  1.250601e-05 -0.0001724563
Control#ATCCTGCTCCGCTCTA-1 -0.01220070 0.009996413  1.245378e-04 -1.207610e-04 -0.0003298926
Control#GAACCTAAGTCGAGCA-1 -0.01233983 0.009319839  1.441863e-04  2.431976e-05  0.0000755521
Control#ACTACGACAATCCATG-1 -0.01285533 0.003973625 -1.414548e-05  1.993139e-04  0.0001802123


outLSI-2$rowSm: length = 25000
[1] 101 333 450 663 486 423


outLSI-2$nCol: length = 1
[1] 4477


outLSI-2$exclude: length = 0
NULL


outLSI-2$idx: length = 25000
[1] 1 2 3 4 5 6


outLSI-2$u: nRows = 25000, nCols = 30
             [,1]          [,2]         [,3]          [,4]          [,5]
[1,] -0.001903719  7.718679e-03 3.216662e-05 -0.0001346388  0.0005507560
[2,] -0.004229455  1.861710e-04 1.596767e-04 -0.0005336265 -0.0002174299
[3,] -0.005159408 -6.647134e-04 2.799793e-04 -0.0004426387  0.0001311528
[4,] -0.006557480 -2.868303e-05 2.953449e-04 -0.0003667888  0.0005520426
[5,] -0.005118390 -2.878282e-04 4.113332e-05 -0.0003224109  0.0003028304


outLSI-2$v: nRows = 4477, nCols = 30
            [,1]        [,2]          [,3]          [,4]          [,5]
[1,] -0.01462828 0.004338996  1.659041e-03 -1.405918e-03 -0.0006799781
[2,] -0.01374122 0.011730474  5.668098e-05  5.039426e-05 -0.0007245224
[3,] -0.01337422 0.027461121  4.550699e-04 -4.866190e-04 -0.0013859428
[4,] -0.01352673 0.025602506  5.268670e-04  9.799900e-05  0.0003174090
[5,] -0.01409182 0.010915934 -5.168860e-05  8.031560e-04  0.0007571065


outLSI-2$binarize: length = 1
[1] TRUE


outLSI-2$scaleTo: length = 1
[1] 10000


outLSI-2$nDimensions: length = 1
[1] 30


outLSI-2$LSIMethod: length = 1
[1] 1


outLSI-2$outliers: length = 1
[1] NA


outLSI-2$date: length = 1
[1] "2020-06-14"


outLSI-2$seed: length = 1
[1] 1


outLSI-2$scaleDims: length = 1
[1] FALSE


outLSI-2$useMatrix: length = 1
[1] "TileMatrix"


outLSI-2$tileSize: length = 1
[1] 500


2020-06-14 20:22:32 : Finished Running IterativeLSI, 1.925 mins elapsed.
2020-06-14 20:22:32 : Constructing Partial Matrix for Projection, 6.439 mins elapsed.

2020-06-14 20:22:32 : Control (2 of 2) : LSI Result, Class = SimpleList

Control (2 of 2) : LSI Result$matSVD: nRows = 4477, nCols = 30
                                  LSI1        LSI2          LSI3          LSI4          LSI5
Control#TATGTTCCACAAGGGT-1 -0.01334472 0.001579484  4.540254e-04 -3.488973e-04 -0.0001618536
Control#AACCGATCACGGTTAT-1 -0.01253550 0.004270134  1.551173e-05  1.250601e-05 -0.0001724563
Control#ATCCTGCTCCGCTCTA-1 -0.01220070 0.009996413  1.245378e-04 -1.207610e-04 -0.0003298926
Control#GAACCTAAGTCGAGCA-1 -0.01233983 0.009319839  1.441863e-04  2.431976e-05  0.0000755521
Control#ACTACGACAATCCATG-1 -0.01285533 0.003973625 -1.414548e-05  1.993139e-04  0.0001802123


Control (2 of 2) : LSI Result$rowSm: length = 25000
[1] 101 333 450 663 486 423


Control (2 of 2) : LSI Result$nCol: length = 1
[1] 4477


Control (2 of 2) : LSI Result$exclude: length = 0
NULL


Control (2 of 2) : LSI Result$idx: length = 25000
[1] 1 2 3 4 5 6


Control (2 of 2) : LSI Result$u: nRows = 25000, nCols = 30
             [,1]          [,2]         [,3]          [,4]          [,5]
[1,] -0.001903719  7.718679e-03 3.216662e-05 -0.0001346388  0.0005507560
[2,] -0.004229455  1.861710e-04 1.596767e-04 -0.0005336265 -0.0002174299
[3,] -0.005159408 -6.647134e-04 2.799793e-04 -0.0004426387  0.0001311528
[4,] -0.006557480 -2.868303e-05 2.953449e-04 -0.0003667888  0.0005520426
[5,] -0.005118390 -2.878282e-04 4.113332e-05 -0.0003224109  0.0003028304


Control (2 of 2) : LSI Result$v: nRows = 4477, nCols = 30
            [,1]        [,2]          [,3]          [,4]          [,5]
[1,] -0.01462828 0.004338996  1.659041e-03 -1.405918e-03 -0.0006799781
[2,] -0.01374122 0.011730474  5.668098e-05  5.039426e-05 -0.0007245224
[3,] -0.01337422 0.027461121  4.550699e-04 -4.866190e-04 -0.0013859428
[4,] -0.01352673 0.025602506  5.268670e-04  9.799900e-05  0.0003174090
[5,] -0.01409182 0.010915934 -5.168860e-05  8.031560e-04  0.0007571065


Control (2 of 2) : LSI Result$binarize: length = 1
[1] TRUE


Control (2 of 2) : LSI Result$scaleTo: length = 1
[1] 10000


Control (2 of 2) : LSI Result$nDimensions: length = 1
[1] 30


Control (2 of 2) : LSI Result$LSIMethod: length = 1
[1] 1


Control (2 of 2) : LSI Result$outliers: length = 1
[1] NA


Control (2 of 2) : LSI Result$date: length = 1
[1] "2020-06-14"


Control (2 of 2) : LSI Result$seed: length = 1
[1] 1


Control (2 of 2) : LSI Result$scaleDims: length = 1
[1] FALSE


Control (2 of 2) : LSI Result$useMatrix: length = 1
[1] "TileMatrix"


Control (2 of 2) : LSI Result$tileSize: length = 1
[1] 500


Control (2 of 2) : LSI Result$dimsKept: length = 30
[1] 1 2 3 4 5 6


2020-06-14 20:22:44 : Running LSI UMAP, 6.641 mins elapsed.

2020-06-14 20:22:44 : Control (2 of 2) : UMAP Params, Class = list

Control (2 of 2) : UMAP Params$n_neighbors: length = 1
[1] 40


Control (2 of 2) : UMAP Params$min_dist: length = 1
[1] 0.4


Control (2 of 2) : UMAP Params$metric: length = 1
[1] "euclidean"


Control (2 of 2) : UMAP Params$verbose: length = 1
[1] FALSE


Control (2 of 2) : UMAP Params$X: nRows = 4477, nCols = 30
                                  LSI1        LSI2          LSI3          LSI4          LSI5
Control#TATGTTCCACAAGGGT-1 -0.01334472 0.001579484  4.540254e-04 -3.488973e-04 -0.0001618536
Control#AACCGATCACGGTTAT-1 -0.01253550 0.004270134  1.551173e-05  1.250601e-05 -0.0001724563
Control#ATCCTGCTCCGCTCTA-1 -0.01220070 0.009996413  1.245378e-04 -1.207610e-04 -0.0003298926
Control#GAACCTAAGTCGAGCA-1 -0.01233983 0.009319839  1.441863e-04  2.431976e-05  0.0000755521
Control#ACTACGACAATCCATG-1 -0.01285533 0.003973625 -1.414548e-05  1.993139e-04  0.0001802123


Control (2 of 2) : UMAP Params$ret_nn: length = 1
[1] TRUE


Control (2 of 2) : UMAP Params$ret_model: length = 1
[1] TRUE


Control (2 of 2) : UMAP Params$n_threads: length = 1
[1] 12


2020-06-14 20:23:05 : Simulating and Projecting Doublets, 6.989 mins elapsed.

2020-06-14 20:23:34 : Control (2 of 2) : SimulatedLSI, Class = matrix
            LSI1          LSI2          LSI3          LSI4          LSI5
[1,] -0.01402123 -0.0018539228 -1.674139e-04  0.0002808859  1.785901e-04
[2,] -0.01383575 -0.0022153628  1.308088e-04  0.0001273421 -6.093902e-05
[3,] -0.01301250  0.0019975458  4.597136e-05 -0.0003321181  1.208496e-05
[4,] -0.01323425  0.0009355087  5.702520e-04 -0.0004812018 -4.957445e-04
[5,] -0.01364647 -0.0017290671  2.950156e-05 -0.0004987098 -2.639763e-04

Control (2 of 2) : SimulatedLSI: nRows = 20000, nCols = 30


2020-06-14 20:23:37 : Control (2 of 2) : OriginalLSI, Class = matrix
                                  LSI1        LSI2          LSI3          LSI4          LSI5
Control#TATGTTCCACAAGGGT-1 -0.01334472 0.001579484  4.540254e-04 -3.488973e-04 -0.0001618536
Control#AACCGATCACGGTTAT-1 -0.01253550 0.004270134  1.551173e-05  1.250601e-05 -0.0001724563
Control#ATCCTGCTCCGCTCTA-1 -0.01220070 0.009996413  1.245378e-04 -1.207610e-04 -0.0003298926
Control#GAACCTAAGTCGAGCA-1 -0.01233983 0.009319839  1.441863e-04  2.431976e-05  0.0000755521
Control#ACTACGACAATCCATG-1 -0.01285533 0.003973625 -1.414548e-05  1.993139e-04  0.0001802123

Control (2 of 2) : OriginalLSI: nRows = 4477, nCols = 30


2020-06-14 20:23:37 : Control (2 of 2) : OriginalReProjectedLSI, Class = matrix
                                  LSI1        LSI2          LSI3          LSI4          LSI5
Control#TATGTTCCACAAGGGT-1 -0.01334472 0.001579484  4.540254e-04 -3.488973e-04 -0.0001618536
Control#AACCGATCACGGTTAT-1 -0.01253550 0.004270134  1.551173e-05  1.250601e-05 -0.0001724563
Control#ATCCTGCTCCGCTCTA-1 -0.01220070 0.009996413  1.245378e-04 -1.207610e-04 -0.0003298926
Control#GAACCTAAGTCGAGCA-1 -0.01233983 0.009319839  1.441863e-04  2.431976e-05  0.0000755521
Control#ACTACGACAATCCATG-1 -0.01285533 0.003973625 -1.414548e-05  1.993139e-04  0.0001802123

Control (2 of 2) : OriginalReProjectedLSI: nRows = 4477, nCols = 30


2020-06-14 20:23:59 : Control (2 of 2) : OriginalUMAP, Class = matrix
           [,1]      [,2]
[1,]  -2.096803 -0.422388
[2,] -10.196285  4.486797
[3,]  -4.970307 -1.553522
[4,]  -4.956264 -1.580975
[5,]  -1.714093  1.822251

Control (2 of 2) : OriginalUMAP: nRows = 4477, nCols = 2


2020-06-14 20:23:59 : Control (2 of 2) : OriginalReProjectedUMAP, Class = matrix
           [,1]       [,2]
[1,]  -2.058186 -0.4777237
[2,] -10.143903  4.5843172
[3,]  -5.044729 -1.4463981
[4,]  -5.127665 -1.4867256
[5,]  -1.719679  1.6977693

Control (2 of 2) : OriginalReProjectedUMAP: nRows = 4477, nCols = 2


2020-06-14 20:23:59 : Control (2 of 2) : UMAP Projection R^2 = 0.99745

2020-06-14 20:24:01 : Control (2 of 2) : Number of Nearby Simulated Doublets, Class = numeric

Control (2 of 2) : Number of Nearby Simulated Doublets: length = 4477
Control#TATGTTCCACAAGGGT-1 Control#AACCGATCACGGTTAT-1 Control#ATCCTGCTCCGCTCTA-1 Control#GAACCTAAGTCGAGCA-1 Control#ACTACGACAATCCATG-1 Control#AGTCAACTCATGAACC-1 
                        91                        108                         41                         50                        185                         63 



2020-06-14 20:24:01 : Control (2 of 2) : DoubletScoresLSI, Class = numeric

Control (2 of 2) : DoubletScoresLSI: length = 4477
Control#TATGTTCCACAAGGGT-1 Control#AACCGATCACGGTTAT-1 Control#ATCCTGCTCCGCTCTA-1 Control#GAACCTAAGTCGAGCA-1 Control#ACTACGACAATCCATG-1 Control#AGTCAACTCATGAACC-1 
                  62.50929                   89.01127                    5.76148                   13.02607                  237.02947                   26.21347 



2020-06-14 20:24:01 : Control (2 of 2) : DoubletEnrichLSI, Class = numeric

Control (2 of 2) : DoubletEnrichLSI: length = 4477
Control#TATGTTCCACAAGGGT-1 Control#AACCGATCACGGTTAT-1 Control#ATCCTGCTCCGCTCTA-1 Control#GAACCTAAGTCGAGCA-1 Control#ACTACGACAATCCATG-1 Control#AGTCAACTCATGAACC-1 
                      4.55                       5.40                       2.05                       2.50                       9.25                       3.15 



2020-06-14 20:24:01 : Control (2 of 2) : DoubletScoresUMAP, Class = numeric

Control (2 of 2) : DoubletScoresUMAP: length = 4477
Control#TATGTTCCACAAGGGT-1 Control#AACCGATCACGGTTAT-1 Control#ATCCTGCTCCGCTCTA-1 Control#GAACCTAAGTCGAGCA-1 Control#ACTACGACAATCCATG-1 Control#AGTCAACTCATGAACC-1 
                  30.85411                  323.30622                    0.00000                    0.00000                  141.85710                    0.00000 



2020-06-14 20:24:01 : Control (2 of 2) : DoubletEnrichUMAP, Class = numeric

Control (2 of 2) : DoubletEnrichUMAP: length = 4477
Control#TATGTTCCACAAGGGT-1 Control#AACCGATCACGGTTAT-1 Control#ATCCTGCTCCGCTCTA-1 Control#GAACCTAAGTCGAGCA-1 Control#ACTACGACAATCCATG-1 Control#AGTCAACTCATGAACC-1 
                      3.35                      16.95                       0.95                       0.90                       6.90                       0.90 



2020-06-14 20:24:01 : Control (2 of 2) : SimulationResults, Class = SimpleList

Control (2 of 2) : SimulationResults$doubletUMAP: nRows = 20000, nCols = 2
            [,1]      [,2]
[1,]   6.0973625 -5.434980
[2,]   2.2162962  1.547531
[3,] -10.7507772  4.426135
[4,]  -2.2251444  7.447556
[5,]   0.6042871  6.670852


Control (2 of 2) : SimulationResults$doubletScore: length = 4477
Control#TATGTTCCACAAGGGT-1 Control#AACCGATCACGGTTAT-1 Control#ATCCTGCTCCGCTCTA-1 Control#GAACCTAAGTCGAGCA-1 Control#ACTACGACAATCCATG-1 Control#AGTCAACTCATGAACC-1 
                  30.85411                  323.30622                    0.00000                    0.00000                  141.85710                    0.00000 


Control (2 of 2) : SimulationResults$doubletEnrich: length = 4477
Control#TATGTTCCACAAGGGT-1 Control#AACCGATCACGGTTAT-1 Control#ATCCTGCTCCGCTCTA-1 Control#GAACCTAAGTCGAGCA-1 Control#ACTACGACAATCCATG-1 Control#AGTCAACTCATGAACC-1 
                      3.35                      16.95                       0.95                       0.90                       6.90                       0.90 



2020-06-14 20:24:01 : Control (2 of 2) : Sample UMAP, Class = data.frame
Control (2 of 2) : Sample UMAP: nRows = 4477, nCols = 5
                                   X1        X2       type     score enrichment
Control#TATGTTCCACAAGGGT-1  -2.096803 -0.422388 experiment  30.85411       3.35
Control#AACCGATCACGGTTAT-1 -10.196285  4.486797 experiment 323.30622      16.95
Control#ATCCTGCTCCGCTCTA-1  -4.970307 -1.553522 experiment   0.00000       0.95
Control#GAACCTAAGTCGAGCA-1  -4.956264 -1.580975 experiment   0.00000       0.90
Control#ACTACGACAATCCATG-1  -1.714093  1.822251 experiment 141.85710       6.90
Control#AGTCAACTCATGAACC-1 -12.429732  2.996281 experiment   0.00000       0.90



2020-06-14 20:24:01 : Control (2 of 2) : Simulated Doublet UMAP, Class = data.frame
Control (2 of 2) : Simulated Doublet UMAP: nRows = 20000, nCols = 5
                          x         y      density              type        color
doublet_19371   0.008102837 -4.124184 0.0001864199 simulated_doublet 0.0001864199
doublet_10596   0.003142912 -4.435770 0.0001994167 simulated_doublet 0.0001994167
doublet_2960  -14.807371140  2.459474 0.0002271359 simulated_doublet 0.0002271359
doublet_19387   0.271993101 -1.577929 0.0002721478 simulated_doublet 0.0002721478
doublet_10908   0.169485033 -4.695516 0.0003192716 simulated_doublet 0.0003192716
doublet_9171   -6.546512127  5.026177 0.0003198298 simulated_doublet 0.0003198298



------- Completed

End Time : 2020-06-14 20:24:11
Elapsed Time Minutes = 8.09216678539912
Elapsed Time Hours = 0.13486955344677

-------



