
           ___      .______        ______  __    __  .______      
          /   \     |   _  \      /      ||  |  |  | |   _  \     
         /  ^  \    |  |_)  |    |  ,----'|  |__|  | |  |_)  |    
        /  /_\  \   |      /     |  |     |   __   | |      /     
       /  _____  \  |  |\  \\___ |  `----.|  |  |  | |  |\  \\___.
      /__/     \__\ | _| `._____| \______||__|  |__| | _| `._____|
    
Logging With ArchR!

Start Time : 2020-06-14 20:25:33

------- ArchR Info

ArchRThreads = 12
ArchRGenome = Hg38

------- System Info

Computer OS = unix
Total Cores = 24

------- Session Info

R version 3.6.2 (2019-12-12)
Platform: x86_64-pc-linux-gnu (64-bit)
Running under: CentOS Linux 7 (Core)

Matrix products: default
BLAS/LAPACK: /usr/lib64/libopenblasp-r0.3.3.so

locale:
 [1] LC_CTYPE=en_US.UTF-8       LC_NUMERIC=C               LC_TIME=en_US.UTF-8        LC_COLLATE=en_US.UTF-8     LC_MONETARY=en_US.UTF-8   
 [6] LC_MESSAGES=en_US.UTF-8    LC_PAPER=en_US.UTF-8       LC_NAME=C                  LC_ADDRESS=C               LC_TELEPHONE=C            
[11] LC_MEASUREMENT=en_US.UTF-8 LC_IDENTIFICATION=C       

attached base packages:
 [1] grid      parallel  stats4    stats     graphics  grDevices utils     datasets  methods   base     

other attached packages:
 [1] randomForest_4.6-14               scales_1.1.1                      viridis_0.5.1                     viridisLite_0.3.0                
 [5] harmony_1.0                       Rcpp_1.0.4.6                      uwot_0.1.8                        gridExtra_2.3                    
 [9] ggrastr_0.1.7                     nabor_0.5.0                       BSgenome.Hsapiens.UCSC.hg38_1.4.1 BSgenome_1.54.0                  
[13] rtracklayer_1.46.0                Biostrings_2.54.0                 XVector_0.26.0                    ArchR_0.9.1                      
[17] magrittr_1.5                      rhdf5_2.30.1                      SummarizedExperiment_1.16.1       DelayedArray_0.12.3              
[21] BiocParallel_1.20.1               matrixStats_0.56.0                Biobase_2.46.0                    GenomicRanges_1.38.0             
[25] GenomeInfoDb_1.22.1               IRanges_2.20.2                    S4Vectors_0.24.4                  BiocGenerics_0.32.0              
[29] BuenColors_0.5.6                  MASS_7.3-51.6                     Matrix_1.2-18                     ggplot2_3.3.0                    
[33] Seurat_3.1.5                      dplyr_0.8.5                       data.table_1.12.8                

loaded via a namespace (and not attached):
 [1] Rtsne_0.15               colorspace_1.4-1         ellipsis_0.3.1           ggridges_0.5.2           rstudioapi_0.11          hexbin_1.28.1           
 [7] leiden_0.3.3             listenv_0.8.0            farver_2.0.3             ggrepel_0.8.2            fansi_0.4.1              RSpectra_0.16-0         
[13] codetools_0.2-16         splines_3.6.2            R.methodsS3_1.8.0        jsonlite_1.6.1           Rsamtools_2.2.3          Cairo_1.5-12            
[19] ica_1.0-2                cluster_2.1.0            R.oo_1.23.0              png_0.1-7                sctransform_0.2.1        compiler_3.6.2          
[25] httr_1.4.1               assertthat_0.2.1         lazyeval_0.2.2           cli_2.0.2                htmltools_0.4.0          tools_3.6.2             
[31] rsvd_1.0.3               igraph_1.2.5             gtable_0.3.0             glue_1.4.1               GenomeInfoDbData_1.2.2   RANN_2.6.1              
[37] reshape2_1.4.4           rappdirs_0.3.1           vctrs_0.3.0              ape_5.3                  nlme_3.1-148             lmtest_0.9-37           
[43] stringr_1.4.0            globals_0.12.5           lifecycle_0.2.0          irlba_2.3.3              gtools_3.8.2             XML_3.99-0.3            
[49] future_1.17.0            zlibbioc_1.32.0          zoo_1.8-8                RColorBrewer_1.1-2       reticulate_1.16          pbapply_1.4-2           
[55] stringi_1.4.6            rlang_0.4.6              pkgconfig_2.0.3          bitops_1.0-6             lattice_0.20-41          ROCR_1.0-11             
[61] purrr_0.3.4              Rhdf5lib_1.8.0           GenomicAlignments_1.22.1 patchwork_1.0.0          htmlwidgets_1.5.1        labeling_0.3            
[67] cowplot_1.0.0            tidyselect_1.1.0         RcppAnnoy_0.0.16         plyr_1.8.6               R6_2.4.1                 pillar_1.4.4            
[73] withr_2.2.0              fitdistrplus_1.1-1       survival_3.1-12          RCurl_1.98-1.2           tibble_3.0.1             future.apply_1.5.0      
[79] tsne_0.1-3               crayon_1.3.4             utf8_1.1.4               KernSmooth_2.23-17       plotly_4.9.2.1           digest_0.6.25           
[85] tidyr_1.1.0              R.utils_2.9.2            munsell_0.5.0           


------- Log Info


2020-06-14 20:25:33 : IterativeLSI Input-Parameters, Class = list

IterativeLSI Input-Parameters$ArchRProj: length = 1
class: ArchRProject 
outputDirectory: /data/aryee/caleb/tenx-scatac/asap_paper/asap_large_data_files/pbmc_stim_data/output/archr_pbmc_stim/ASAP_PBMCstim_hg38 
samples(2): Control Stim
sampleColData names(1): ArrowFiles
cellColData names(15): Sample TSSEnrichment ... DoubletEnrichment BlacklistRatio
numberOfCells(1): 1
medianTSS(1): 6.726
medianFrags(1): 98193


IterativeLSI Input-Parameters$useMatrix: length = 1
[1] "TileMatrix"


IterativeLSI Input-Parameters$name: length = 1
[1] "IterativeLSI"


IterativeLSI Input-Parameters$iterations: length = 1
[1] 2


IterativeLSI Input-Parameters$varFeatures: length = 1
[1] 25000


IterativeLSI Input-Parameters$dimsToUse: length = 30
[1] 1 2 3 4 5 6


IterativeLSI Input-Parameters$LSIMethod: length = 1
[1] 2


IterativeLSI Input-Parameters$scaleDims: length = 1
[1] TRUE


IterativeLSI Input-Parameters$corCutOff: length = 1
[1] 0.75


IterativeLSI Input-Parameters$binarize: length = 1
[1] TRUE


IterativeLSI Input-Parameters$outlierQuantiles: length = 2
[1] 0.02 0.98


IterativeLSI Input-Parameters$filterBias: length = 1
[1] TRUE


IterativeLSI Input-Parameters$sampleCellsPre: length = 1
[1] 10000


IterativeLSI Input-Parameters$projectCellsPre: length = 1
[1] FALSE


IterativeLSI Input-Parameters$sampleCellsFinal: length = 0
NULL


IterativeLSI Input-Parameters$selectionMethod: length = 1
[1] "var"


IterativeLSI Input-Parameters$scaleTo: length = 1
[1] 10000


IterativeLSI Input-Parameters$totalFeatures: length = 1
[1] 5e+05


IterativeLSI Input-Parameters$filterQuantile: length = 1
[1] 0.995


IterativeLSI Input-Parameters$excludeChr: length = 0
NULL


IterativeLSI Input-Parameters$saveIterations: length = 1
[1] TRUE


IterativeLSI Input-Parameters$nPlot: length = 1
[1] 10000


IterativeLSI Input-Parameters$outDir: length = 1
[1] "/data/aryee/caleb/tenx-scatac/asap_paper/asap_large_data_files/pbmc_stim_data/output/archr_pbmc_stim/ASAP_PBMCstim_hg38"


IterativeLSI Input-Parameters$threads: length = 1
[1] 12


IterativeLSI Input-Parameters$seed: length = 1
[1] 1


IterativeLSI Input-Parameters$verbose: length = 1
[1] TRUE


IterativeLSI Input-Parameters$force: length = 1
[1] TRUE


IterativeLSI Input-Parameters$logFile: length = 1
[1] "ArchRLogs/ArchR-addIterativeLSI-6e605e24212f-Date-2020-06-14_Time-20-25-33.log"


2020-06-14 20:25:33 : Computing Total Accessibility Across All Features, 0.003 mins elapsed.
2020-06-14 20:25:36 : Computing Top Features, 0.047 mins elapsed.
###########
2020-06-14 20:25:37 : Running LSI (1 of 2) on Top Features, 0.055 mins elapsed.
###########
2020-06-14 20:25:37 : Creating Partial Matrix, 0.055 mins elapsed.
2020-06-14 20:25:42 : Computing LSI, 0.137 mins elapsed.

2020-06-14 20:25:42 : LSI Parameters, Class = list

LSI Parameters$: length = 1
                       
1 function (name)      
2 .Internal(args(name))


LSI Parameters$mat: nRows = 25000, nCols = 1087
LSI Parameters$mat: NonZeroEntries = 5926521, EntryRange = [ 1 , 1 ]
5 x 5 sparse Matrix of class "dgCMatrix"
     Control#TATGTTCCACAAGGGT-1 Control#ACTACGACAATCCATG-1 Control#ACATGGTTCAGCACTA-1 Control#TGCCTCATCATCGCTC-1 Control#ACGGATTCAGCCACGT-1
[1,]                          .                          1                          1                          .                          1
[2,]                          1                          1                          1                          .                          .
[3,]                          .                          1                          1                          1                          .
[4,]                          .                          .                          .                          1                          .
[5,]                          .                          .                          .                          .                          .


LSI Parameters$LSIMethod: length = 1
[1] 2


LSI Parameters$scaleTo: length = 1
[1] 10000


LSI Parameters$nDimensions: length = 1
[1] 30


LSI Parameters$binarize: length = 1
[1] TRUE


LSI Parameters$outlierQuantiles: length = 2
[1] 0.02 0.98


LSI Parameters$seed: length = 1
[1] 1


LSI Parameters$verbose: length = 1
[1] FALSE


LSI Parameters$tstart: length = 1
[1] "2020-06-14 20:25:33 EDT"


LSI Parameters$logFile: length = 1
[1] "ArchRLogs/ArchR-addIterativeLSI-6e605e24212f-Date-2020-06-14_Time-20-25-33.log"


2020-06-14 20:25:42 : Running LSI, Input Matrix = 0.071 GB, 0.139 mins elapsed.
2020-06-14 20:25:42 : Binarizing Matrix, 0.14 mins elapsed.
2020-06-14 20:25:42 : Computing Term Frequency, 0.141 mins elapsed.
2020-06-14 20:25:42 : Filtering Outliers Based On Counts, 0.141 mins elapsed.
2020-06-14 20:25:42 : Removing 0 Sum Rows, 0.143 mins elapsed.
2020-06-14 20:25:42 : Computing Inverse Document Frequency, 0.149 mins elapsed.
2020-06-14 20:25:44 : Computing SVD using irlba, 0.172 mins elapsed.
2020-06-14 20:26:00 : Projecting Outliers with LSI-Projection (Granja* et al 2019), 0.442 mins elapsed.

2020-06-14 20:26:00 : LSI-Projection Parameters, Class = list

LSI-Projection Parameters$: length = 1
                       
1 function (name)      
2 .Internal(args(name))


LSI-Projection Parameters$mat: nRows = 25000, nCols = 10
LSI-Projection Parameters$mat: NonZeroEntries = 72023, EntryRange = [ 1 , 1 ]
5 x 5 sparse Matrix of class "dgCMatrix"
     Control#TATGTTCCACAAGGGT-1 Control#ACGGATTCAGCCACGT-1 Control#TTTGGCCTCACCCGGA-1 Control#CTACAGAGTCCCGTGA-1 Control#GTCACCTCAGTGGTCC-1
[1,]                          .                          1                          .                          .                          .
[2,]                          1                          .                          1                          1                          .
[3,]                          .                          .                          .                          .                          .
[4,]                          .                          .                          .                          .                          .
[5,]                          .                          .                          .                          .                          .


LSI-Projection Parameters$matSVD: nRows = 1043, nCols = 30
                                 LSI1       LSI2       LSI3      LSI4      LSI5
Control#TATGTTCCACAAGGGT-1  -79.92834   5.022985 -16.966531  3.833865  3.495533
Control#ACGGATTCAGCCACGT-1  -36.77155  -0.284816 -12.744235  4.934673  1.086355
Control#TTTGGCCTCACCCGGA-1 -110.15400   8.227075 -10.705366 -2.835776 -3.358815
Control#CTACAGAGTCCCGTGA-1 -111.77400   5.615889 -16.559245  3.701797 13.336309
Control#GTCACCTCAGTGGTCC-1  -81.84943 -14.529922   4.966782  2.422405 -5.792527


LSI-Projection Parameters$returnModel: length = 1
[1] FALSE


LSI-Projection Parameters$verbose: length = 1
[1] FALSE


LSI-Projection Parameters$tstart: length = 0
NULL


LSI-Projection Parameters$logFile: length = 1
[1] "ArchRLogs/ArchR-addIterativeLSI-6e605e24212f-Date-2020-06-14_Time-20-25-33.log"


2020-06-14 20:26:00 : Projecting LSI, Input Matrix = 0.001 GB, 0 mins elapsed.
2020-06-14 20:26:00 : Subsetting by Non-Zero features in inital Matrix, 0 mins elapsed.
2020-06-14 20:26:00 : Binarizing Matrix, 0 mins elapsed.
2020-06-14 20:26:00 : Computing Term Frequency, 0 mins elapsed.
2020-06-14 20:26:00 : Computing Inverse Document Frequency, 0 mins elapsed.
2020-06-14 20:26:00 : Computing TF-IDF Matrix, 0 mins elapsed.
2020-06-14 20:26:01 : Calculating V Matrix, 0.023 mins elapsed.
2020-06-14 20:26:01 : Computing Projected Coordinates, 0.023 mins elapsed.

2020-06-14 20:26:01 : LSI-Projection Parameters, Class = list

LSI-Projection Parameters$: length = 1
                       
1 function (name)      
2 .Internal(args(name))


LSI-Projection Parameters$mat: nRows = 25000, nCols = 44
LSI-Projection Parameters$mat: NonZeroEntries = 327167, EntryRange = [ 1 , 1 ]
5 x 5 sparse Matrix of class "dgCMatrix"
     Control#ACTACGACAATCCATG-1 Control#ACATGGTTCAGCACTA-1 Control#TGCCTCATCATCGCTC-1 Control#GTTACGAGTAACGGCA-1 Control#GATGGCCAGCCTTTGA-1
[1,]                          1                          1                          .                          .                          .
[2,]                          1                          1                          .                          .                          .
[3,]                          1                          1                          1                          1                          .
[4,]                          .                          .                          1                          1                          .
[5,]                          .                          .                          .                          1                          .


LSI-Projection Parameters$matSVD: nRows = 1043, nCols = 30
                                 LSI1       LSI2       LSI3      LSI4      LSI5
Control#TATGTTCCACAAGGGT-1  -79.92834   5.022985 -16.966531  3.833865  3.495533
Control#ACGGATTCAGCCACGT-1  -36.77155  -0.284816 -12.744235  4.934673  1.086355
Control#TTTGGCCTCACCCGGA-1 -110.15400   8.227075 -10.705366 -2.835776 -3.358815
Control#CTACAGAGTCCCGTGA-1 -111.77400   5.615889 -16.559245  3.701797 13.336309
Control#GTCACCTCAGTGGTCC-1  -81.84943 -14.529922   4.966782  2.422405 -5.792527


LSI-Projection Parameters$returnModel: length = 1
[1] FALSE


LSI-Projection Parameters$verbose: length = 1
[1] FALSE


LSI-Projection Parameters$tstart: length = 0
NULL


LSI-Projection Parameters$logFile: length = 1
[1] "ArchRLogs/ArchR-addIterativeLSI-6e605e24212f-Date-2020-06-14_Time-20-25-33.log"


2020-06-14 20:26:01 : Projecting LSI, Input Matrix = 0.004 GB, 0 mins elapsed.
2020-06-14 20:26:01 : Subsetting by Non-Zero features in inital Matrix, 0 mins elapsed.
2020-06-14 20:26:01 : Binarizing Matrix, 0 mins elapsed.
2020-06-14 20:26:01 : Computing Term Frequency, 0 mins elapsed.
2020-06-14 20:26:01 : Computing Inverse Document Frequency, 0 mins elapsed.
2020-06-14 20:26:01 : Computing TF-IDF Matrix, 0 mins elapsed.
2020-06-14 20:26:02 : Calculating V Matrix, 0.019 mins elapsed.
2020-06-14 20:26:02 : Computing Projected Coordinates, 0.019 mins elapsed.
2020-06-14 20:26:02 : Finished LSI (TF-IDF SVD) using irlba, 0.487 mins elapsed.

2020-06-14 20:26:05 : outLSI-1, Class = SimpleList

outLSI-1$matSVD: nRows = 1087, nCols = 30
                                 LSI1      LSI2        LSI3      LSI4        LSI5
Control#TATGTTCCACAAGGGT-1  -79.92834  5.022985 -16.9665314  3.833865   3.4955333
Control#ACTACGACAATCCATG-1 -130.87170 -1.596279  -1.0863979 12.179581   1.5375892
Control#ACATGGTTCAGCACTA-1 -134.54720 -4.486337   0.3221778  9.520986  -0.3956389
Control#TGCCTCATCATCGCTC-1 -133.85086 15.471245  -4.7361012 16.388206 -13.0577144
Control#ACGGATTCAGCCACGT-1  -36.77155 -0.284816 -12.7442349  4.934673   1.0863545


outLSI-1$rowSm: length = 25000
[1] 154 221 258 152 133 182


outLSI-1$nCol: length = 1
[1] 1043


outLSI-1$exclude: length = 0
NULL


outLSI-1$idx: length = 25000
[1] 1 2 3 4 5 6


outLSI-1$u: nRows = 25000, nCols = 30
             [,1]         [,2]          [,3]          [,4]        [,5]
[1,] -0.005143943 0.0054004922 -0.0034304170 -0.0043748124 0.006470493
[2,] -0.006275022 0.0008672365 -0.0081536651  0.0040635153 0.004138071
[3,] -0.006898279 0.0008741014 -0.0009373248  0.0030491208 0.007628253
[4,] -0.005002135 0.0012594099 -0.0045134570 -0.0000543961 0.006729315
[5,] -0.004651918 0.0036518787 -0.0005510142  0.0032365706 0.013019803


outLSI-1$v: nRows = 1043, nCols = 30
            [,1]          [,2]        [,3]         [,4]         [,5]
[1,] -0.03209060  0.0137974477 -0.06248931  0.015534379  0.015285932
[2,] -0.01476349 -0.0007823502 -0.04693820  0.019994728  0.004750617
[3,] -0.04422596  0.0225986389 -0.03942886 -0.011490240 -0.014688064
[4,] -0.04487638  0.0154260720 -0.06098924  0.014999254  0.058319546
[5,] -0.03286190 -0.0399116904  0.01829312  0.009815306 -0.025330662


outLSI-1$binarize: length = 1
[1] TRUE


outLSI-1$scaleTo: length = 1
[1] 10000


outLSI-1$nDimensions: length = 1
[1] 30


outLSI-1$LSIMethod: length = 1
[1] 2


outLSI-1$outliers: length = 44
[1] "Control#ACTACGACAATCCATG-1" "Control#ACATGGTTCAGCACTA-1" "Control#TGCCTCATCATCGCTC-1" "Control#GTTACGAGTAACGGCA-1" "Control#GATGGCCAGCCTTTGA-1"
[6] "Control#AACGTACGTGTCGGTC-1"


outLSI-1$date: length = 1
[1] "2020-06-14"


outLSI-1$seed: length = 1
[1] 1


outLSI-1$scaleDims: length = 1
[1] TRUE


outLSI-1$useMatrix: length = 1
[1] "TileMatrix"


outLSI-1$tileSize: length = 1
[1] 500



2020-06-14 20:26:05 : Cluster Params, Class = list

Cluster Params$: length = 1
                       
1 function (name)      
2 .Internal(args(name))


Cluster Params$matSVD: nRows = 1087, nCols = 30
                                 LSI1      LSI2        LSI3      LSI4        LSI5
Control#TATGTTCCACAAGGGT-1  -79.92834  5.022985 -16.9665314  3.833865   3.4955333
Control#ACTACGACAATCCATG-1 -130.87170 -1.596279  -1.0863979 12.179581   1.5375892
Control#ACATGGTTCAGCACTA-1 -134.54720 -4.486337   0.3221778  9.520986  -0.3956389
Control#TGCCTCATCATCGCTC-1 -133.85086 15.471245  -4.7361012 16.388206 -13.0577144
Control#ACGGATTCAGCCACGT-1  -36.77155 -0.284816 -12.7442349  4.934673   1.0863545


Cluster Params$corCutOff: length = 1
[1] 0.75


Cluster Params$dimsToUse: length = 30
[1] 1 2 3 4 5 6


Cluster Params$scaleDims: length = 1
[1] TRUE


Cluster Params$verbose: length = 1
[1] TRUE


Cluster Params$j: length = 1
[1] 1


Cluster Params$filterBias: length = 1
[1] TRUE


Cluster Params$cellNames: length = 1087
[1] "Control#TATGTTCCACAAGGGT-1" "Control#ACTACGACAATCCATG-1" "Control#ACATGGTTCAGCACTA-1" "Control#TGCCTCATCATCGCTC-1" "Control#ACGGATTCAGCCACGT-1"
[6] "Control#TTTGGCCTCACCCGGA-1"


Cluster Params$cellDepth: length = 1087
Control#TATGTTCCACAAGGGT-1 Control#ACTACGACAATCCATG-1 Control#ACATGGTTCAGCACTA-1 Control#TGCCTCATCATCGCTC-1 Control#ACGGATTCAGCCACGT-1 Control#TTTGGCCTCACCCGGA-1 
                  4.992085                   4.958449                   4.946600                   4.941725                   4.886327                   4.873745 


Cluster Params$tstart: length = 1
[1] "2020-06-14 20:25:33 EDT"


Cluster Params$logFile: length = 1
[1] "ArchRLogs/ArchR-addIterativeLSI-6e605e24212f-Date-2020-06-14_Time-20-25-33.log"


2020-06-14 20:26:05 : Identifying Clusters, 0.527 mins elapsed.

2020-06-14 20:26:05 : addClusters Input-Parameters, Class = list

addClusters Input-Parameters$: length = 1
                       
1 function (name)      
2 .Internal(args(name))


addClusters Input-Parameters$input: nRows = 1087, nCols = 30
                                LSI1         LSI2        LSI3      LSI4       LSI5
Control#TATGTTCCACAAGGGT-1 -4.656728  0.425068522 -0.89034660 0.3539352  0.3336962
Control#ACTACGACAATCCATG-1 -5.239781  0.092230426  0.11326068 0.6604207  0.2214880
Control#ACATGGTTCAGCACTA-1 -5.244280 -0.006603357  0.18704016 0.5574851  0.1581330
Control#TGCCTCATCATCGCTC-1 -5.168627  0.789757419 -0.01657425 0.8263468 -0.3486307
Control#ACGGATTCAGCCACGT-1 -4.276711  0.149114834 -1.36220721 0.7822366  0.3154372


addClusters Input-Parameters$reducedDims: length = 1
[1] "IterativeLSI"


addClusters Input-Parameters$name: length = 1
[1] "Clusters"


addClusters Input-Parameters$sampleCells: length = 1
[1] 10000


addClusters Input-Parameters$seed: length = 1
[1] 1


addClusters Input-Parameters$method: length = 1
[1] "Seurat"


addClusters Input-Parameters$dimsToUse: length = 0
NULL


addClusters Input-Parameters$scaleDims: length = 0
NULL


addClusters Input-Parameters$corCutOff: length = 1
[1] 0.75


addClusters Input-Parameters$knnAssign: length = 1
[1] 10


addClusters Input-Parameters$nOutlier: length = 1
[1] 5


addClusters Input-Parameters$testBias: length = 1
[1] TRUE


addClusters Input-Parameters$filterBias: length = 1
[1] TRUE


addClusters Input-Parameters$biasClusters: length = 1
[1] 0.01


addClusters Input-Parameters$biasCol: length = 1
[1] "nFrags"


addClusters Input-Parameters$biasVals: length = 1087
[1] 4.992085 4.958449 4.946600 4.941725 4.886327 4.873745


addClusters Input-Parameters$biasQuantiles: length = 2
[1] 0.05 0.95


addClusters Input-Parameters$biasEnrich: length = 1
[1] 10


addClusters Input-Parameters$biasProportion: length = 1
[1] 0.5


addClusters Input-Parameters$biasPval: length = 1
[1] 0.05


addClusters Input-Parameters$nPerm: length = 1
[1] 500


addClusters Input-Parameters$prefix: length = 1
[1] "C"


addClusters Input-Parameters$ArchRProj: length = 0
NULL


addClusters Input-Parameters$verbose: length = 1
[1] FALSE


addClusters Input-Parameters$tstart: length = 0
NULL


addClusters Input-Parameters$force: length = 1
[1] FALSE


addClusters Input-Parameters$logFile: length = 1
[1] "ArchRLogs/ArchR-addIterativeLSI-6e605e24212f-Date-2020-06-14_Time-20-25-33.log"


addClusters Input-Parameters$...: length = 2
[[1]]
<promise: 0x55d33c6f1f30>

[[2]]
<promise: 0x55d33c6f2010>



2020-06-14 20:26:05 : Running Seurats FindClusters (Stuart et al. Cell 2019), 0 mins elapsed.
2020-06-14 20:26:07 : Testing Outlier Clusters, 0.036 mins elapsed.
2020-06-14 20:26:07 : Assigning Cluster Names to 2 Clusters, 0.036 mins elapsed.
2020-06-14 20:26:07 : Finished addClusters, 0.036 mins elapsed.
2020-06-14 20:26:07 : Identified 2 Clusters, 0.566 mins elapsed.

2020-06-14 20:26:07 : clusterDF-1, Class = DFrame
DataFrame with 1087 rows and 2 columns
                      cellNames    clusters
                    <character> <character>
1    Control#TATGTTCCACAAGGGT-1          C1
2    Control#ACTACGACAATCCATG-1          C1
3    Control#ACATGGTTCAGCACTA-1          C1
4    Control#TGCCTCATCATCGCTC-1          C2
5    Control#ACGGATTCAGCCACGT-1          C1
...                         ...         ...
1083    Stim#TACATTCAGCCCATGC-1          C2
1084    Stim#TTGAGCAAGTTGAATG-1          C1
1085    Stim#TGGTCCTGTATCCTTT-1          C2
1086    Stim#ATGGATCCAACGGGTA-1          C1
1087    Stim#TTGCGAATCGAGGTAG-1          C2

2020-06-14 20:26:07 : Saving LSI Iteration, 0.566 mins elapsed.

2020-06-14 20:26:07 : Save iteration, Class = list

Save iteration$: length = 1
                       
1 function (name)      
2 .Internal(args(name))


Save iteration$matSVD: nRows = 1087, nCols = 30
                                 LSI1      LSI2        LSI3      LSI4        LSI5
Control#TATGTTCCACAAGGGT-1  -79.92834  5.022985 -16.9665314  3.833865   3.4955333
Control#ACTACGACAATCCATG-1 -130.87170 -1.596279  -1.0863979 12.179581   1.5375892
Control#ACATGGTTCAGCACTA-1 -134.54720 -4.486337   0.3221778  9.520986  -0.3956389
Control#TGCCTCATCATCGCTC-1 -133.85086 15.471245  -4.7361012 16.388206 -13.0577144
Control#ACGGATTCAGCCACGT-1  -36.77155 -0.284816 -12.7442349  4.934673   1.0863545


Save iteration$clusters: length = 1087
[1] "C1" "C1" "C1" "C2" "C1" "C2"


Save iteration$nPlot: length = 1
[1] 10000


Save iteration$ArchRProj: length = 1
class: ArchRProject 
outputDirectory: /data/aryee/caleb/tenx-scatac/asap_paper/asap_large_data_files/pbmc_stim_data/output/archr_pbmc_stim/ASAP_PBMCstim_hg38 
samples(2): Control Stim
sampleColData names(1): ArrowFiles
cellColData names(15): Sample TSSEnrichment ... DoubletEnrichment BlacklistRatio
numberOfCells(1): 1
medianTSS(1): 6.726
medianFrags(1): 98193


Save iteration$scaleDims: length = 1
[1] TRUE


Save iteration$corCutOff: length = 1
[1] 0.75


Save iteration$dimsToUse: length = 30
[1] 1 2 3 4 5 6


Save iteration$j: length = 1
[1] 1


Save iteration$threads: length = 1
[1] 12


Save iteration$outDir: length = 1
[1] "/data/aryee/caleb/tenx-scatac/asap_paper/asap_large_data_files/pbmc_stim_data/output/archr_pbmc_stim/ASAP_PBMCstim_hg38/IterativeLSI"


Save iteration$logFile: length = 1
[1] "ArchRLogs/ArchR-addIterativeLSI-6e605e24212f-Date-2020-06-14_Time-20-25-33.log"


2020-06-14 20:26:19 : Creating Cluster Matrix on the total Group Features, 0.764 mins elapsed.
2020-06-14 20:26:43 : Computing Variable Features, 1.162 mins elapsed.
###########
2020-06-14 20:26:43 : Running LSI (2 of 2) on Variable Features, 1.164 mins elapsed.
###########
2020-06-14 20:26:43 : Creating Partial Matrix, 1.164 mins elapsed.
2020-06-14 20:26:48 : Computing LSI, 1.242 mins elapsed.

2020-06-14 20:26:48 : LSI Parameters, Class = list

LSI Parameters$: length = 1
                       
1 function (name)      
2 .Internal(args(name))


LSI Parameters$mat: nRows = 25000, nCols = 1087
LSI Parameters$mat: NonZeroEntries = 4809793, EntryRange = [ 1 , 1 ]
5 x 5 sparse Matrix of class "dgCMatrix"
     Control#TATGTTCCACAAGGGT-1 Control#ACTACGACAATCCATG-1 Control#ACATGGTTCAGCACTA-1 Control#TGCCTCATCATCGCTC-1 Control#ACGGATTCAGCCACGT-1
[1,]                          .                          .                          .                          .                          .
[2,]                          1                          1                          1                          .                          .
[3,]                          1                          1                          1                          1                          .
[4,]                          .                          1                          1                          1                          .
[5,]                          1                          1                          .                          1                          .


LSI Parameters$LSIMethod: length = 1
[1] 2


LSI Parameters$scaleTo: length = 1
[1] 10000


LSI Parameters$nDimensions: length = 1
[1] 30


LSI Parameters$binarize: length = 1
[1] TRUE


LSI Parameters$outlierQuantiles: length = 2
[1] 0.02 0.98


LSI Parameters$seed: length = 1
[1] 1


LSI Parameters$verbose: length = 1
[1] FALSE


LSI Parameters$tstart: length = 1
[1] "2020-06-14 20:25:33 EDT"


LSI Parameters$logFile: length = 1
[1] "ArchRLogs/ArchR-addIterativeLSI-6e605e24212f-Date-2020-06-14_Time-20-25-33.log"


2020-06-14 20:26:48 : Running LSI, Input Matrix = 0.058 GB, 1.244 mins elapsed.
2020-06-14 20:26:48 : Binarizing Matrix, 1.244 mins elapsed.
2020-06-14 20:26:48 : Computing Term Frequency, 1.245 mins elapsed.
2020-06-14 20:26:48 : Filtering Outliers Based On Counts, 1.245 mins elapsed.
2020-06-14 20:26:48 : Removing 0 Sum Rows, 1.247 mins elapsed.
2020-06-14 20:26:48 : Computing Inverse Document Frequency, 1.252 mins elapsed.
2020-06-14 20:26:50 : Computing SVD using irlba, 1.274 mins elapsed.
2020-06-14 20:26:59 : Projecting Outliers with LSI-Projection (Granja* et al 2019), 1.425 mins elapsed.

2020-06-14 20:26:59 : LSI-Projection Parameters, Class = list

LSI-Projection Parameters$: length = 1
                       
1 function (name)      
2 .Internal(args(name))


LSI-Projection Parameters$mat: nRows = 25000, nCols = 10
LSI-Projection Parameters$mat: NonZeroEntries = 65843, EntryRange = [ 1 , 1 ]
5 x 5 sparse Matrix of class "dgCMatrix"
     Control#TATGTTCCACAAGGGT-1 Control#ACTACGACAATCCATG-1 Control#ACGGATTCAGCCACGT-1 Control#TTTGGCCTCACCCGGA-1 Control#GTTACGAGTAACGGCA-1
[1,]                          .                          .                          .                          .                          .
[2,]                          1                          1                          .                          1                          .
[3,]                          1                          1                          .                          1                          .
[4,]                          .                          1                          .                          .                          .
[5,]                          1                          1                          .                          1                          1


LSI-Projection Parameters$matSVD: nRows = 1043, nCols = 30
                                 LSI1       LSI2      LSI3      LSI4       LSI5
Control#TATGTTCCACAAGGGT-1  -74.74295  -6.463063 -3.393801 -5.525617 -0.1501861
Control#ACTACGACAATCCATG-1 -121.47202  -1.157001 -8.630043 -8.772512  7.7320239
Control#ACGGATTCAGCCACGT-1  -37.23102  -3.608039 -4.635928 -3.585425 -5.6729269
Control#TTTGGCCTCACCCGGA-1  -99.91177   2.928110  3.848091 -4.890036 13.1733466
Control#GTTACGAGTAACGGCA-1 -122.43204 -25.334229  3.379234  6.831785 24.9447415


LSI-Projection Parameters$returnModel: length = 1
[1] FALSE


LSI-Projection Parameters$verbose: length = 1
[1] FALSE


LSI-Projection Parameters$tstart: length = 0
NULL


LSI-Projection Parameters$logFile: length = 1
[1] "ArchRLogs/ArchR-addIterativeLSI-6e605e24212f-Date-2020-06-14_Time-20-25-33.log"


2020-06-14 20:26:59 : Projecting LSI, Input Matrix = 0.001 GB, 0 mins elapsed.
2020-06-14 20:26:59 : Subsetting by Non-Zero features in inital Matrix, 0 mins elapsed.
2020-06-14 20:26:59 : Binarizing Matrix, 0 mins elapsed.
2020-06-14 20:26:59 : Computing Term Frequency, 0 mins elapsed.
2020-06-14 20:26:59 : Computing Inverse Document Frequency, 0 mins elapsed.
2020-06-14 20:26:59 : Computing TF-IDF Matrix, 0 mins elapsed.
2020-06-14 20:27:00 : Calculating V Matrix, 0.023 mins elapsed.
2020-06-14 20:27:00 : Computing Projected Coordinates, 0.023 mins elapsed.

2020-06-14 20:27:00 : LSI-Projection Parameters, Class = list

LSI-Projection Parameters$: length = 1
                       
1 function (name)      
2 .Internal(args(name))


LSI-Projection Parameters$mat: nRows = 25000, nCols = 44
LSI-Projection Parameters$mat: NonZeroEntries = 268430, EntryRange = [ 1 , 1 ]
5 x 5 sparse Matrix of class "dgCMatrix"
     Control#ACATGGTTCAGCACTA-1 Control#TGCCTCATCATCGCTC-1 Control#GATGGCCAGCCTTTGA-1 Control#AACGTACGTGTCGGTC-1 Control#TTTGGCCGTCCTTCAC-1
[1,]                          .                          .                          .                          .                          .
[2,]                          1                          .                          .                          .                          .
[3,]                          1                          1                          .                          .                          .
[4,]                          1                          1                          .                          .                          .
[5,]                          .                          1                          .                          .                          .


LSI-Projection Parameters$matSVD: nRows = 1043, nCols = 30
                                 LSI1       LSI2      LSI3      LSI4       LSI5
Control#TATGTTCCACAAGGGT-1  -74.74295  -6.463063 -3.393801 -5.525617 -0.1501861
Control#ACTACGACAATCCATG-1 -121.47202  -1.157001 -8.630043 -8.772512  7.7320239
Control#ACGGATTCAGCCACGT-1  -37.23102  -3.608039 -4.635928 -3.585425 -5.6729269
Control#TTTGGCCTCACCCGGA-1  -99.91177   2.928110  3.848091 -4.890036 13.1733466
Control#GTTACGAGTAACGGCA-1 -122.43204 -25.334229  3.379234  6.831785 24.9447415


LSI-Projection Parameters$returnModel: length = 1
[1] FALSE


LSI-Projection Parameters$verbose: length = 1
[1] FALSE


LSI-Projection Parameters$tstart: length = 0
NULL


LSI-Projection Parameters$logFile: length = 1
[1] "ArchRLogs/ArchR-addIterativeLSI-6e605e24212f-Date-2020-06-14_Time-20-25-33.log"


2020-06-14 20:27:00 : Projecting LSI, Input Matrix = 0.003 GB, 0 mins elapsed.
2020-06-14 20:27:00 : Subsetting by Non-Zero features in inital Matrix, 0 mins elapsed.
2020-06-14 20:27:00 : Binarizing Matrix, 0 mins elapsed.
2020-06-14 20:27:00 : Computing Term Frequency, 0 mins elapsed.
2020-06-14 20:27:00 : Computing Inverse Document Frequency, 0 mins elapsed.
2020-06-14 20:27:00 : Computing TF-IDF Matrix, 0 mins elapsed.
2020-06-14 20:27:01 : Calculating V Matrix, 0.019 mins elapsed.
2020-06-14 20:27:01 : Computing Projected Coordinates, 0.019 mins elapsed.
2020-06-14 20:27:01 : Finished LSI (TF-IDF SVD) using irlba, 1.47 mins elapsed.

2020-06-14 20:27:03 : outLSI-2, Class = SimpleList

outLSI-2$matSVD: nRows = 1087, nCols = 30
                                 LSI1      LSI2       LSI3      LSI4       LSI5
Control#TATGTTCCACAAGGGT-1  -74.74295 -6.463063  -3.393801 -5.525617 -0.1501861
Control#ACTACGACAATCCATG-1 -121.47202 -1.157001  -8.630043 -8.772512  7.7320239
Control#ACATGGTTCAGCACTA-1 -124.72546 -5.931017  -4.570879 -3.362521 14.6943725
Control#TGCCTCATCATCGCTC-1 -125.80553 71.942742 -55.731148 16.877951  8.3103349
Control#ACGGATTCAGCCACGT-1  -37.23102 -3.608039  -4.635928 -3.585425 -5.6729269


outLSI-2$rowSm: length = 25000
[1]  49 221 177 270 499 101


outLSI-2$nCol: length = 1
[1] 1043


outLSI-2$exclude: length = 0
NULL


outLSI-2$idx: length = 25000
[1] 1 2 3 4 5 6


outLSI-2$u: nRows = 25000, nCols = 30
             [,1]          [,2]          [,3]          [,4]          [,5]
[1,] -0.002533882 -2.343627e-03 -0.0014881611  0.0058270752  0.0007909058
[2,] -0.007025894 -8.730185e-05 -0.0024539328 -0.0059770437  0.0007737228
[3,] -0.006161154  6.539867e-03 -0.0033800031  0.0011993115 -0.0074263469
[4,] -0.007918411  5.962997e-03  0.0063597214 -0.0003097111 -0.0033190915
[5,] -0.011098034 -3.861037e-03 -0.0002777276 -0.0015113167 -0.0075914047


outLSI-2$v: nRows = 1043, nCols = 30
            [,1]         [,2]         [,3]        [,4]          [,5]
[1,] -0.03080837 -0.009070557 -0.008769115 -0.01723811 -0.0005792152
[2,] -0.05006968 -0.001623788 -0.022298842 -0.02736736  0.0298197079
[3,] -0.01534629 -0.005063686 -0.011978598 -0.01118535 -0.0218784922
[4,] -0.04118274  0.004109442  0.009942936 -0.01525531  0.0508049838
[5,] -0.05046539 -0.035555208  0.008731474  0.02131292  0.0962031309


outLSI-2$binarize: length = 1
[1] TRUE


outLSI-2$scaleTo: length = 1
[1] 10000


outLSI-2$nDimensions: length = 1
[1] 30


outLSI-2$LSIMethod: length = 1
[1] 2


outLSI-2$outliers: length = 44
[1] "Control#ACATGGTTCAGCACTA-1" "Control#TGCCTCATCATCGCTC-1" "Control#GATGGCCAGCCTTTGA-1" "Control#AACGTACGTGTCGGTC-1" "Control#TTTGGCCGTCCTTCAC-1"
[6] "Control#GCTTGCTGTGACGCAA-1"


outLSI-2$date: length = 1
[1] "2020-06-14"


outLSI-2$seed: length = 1
[1] 1


outLSI-2$scaleDims: length = 1
[1] TRUE


outLSI-2$useMatrix: length = 1
[1] "TileMatrix"


outLSI-2$tileSize: length = 1
[1] 500


2020-06-14 20:27:04 : Finished Running IterativeLSI, 1.509 mins elapsed.
