
           ___      .______        ______  __    __  .______      
          /   \     |   _  \      /      ||  |  |  | |   _  \     
         /  ^  \    |  |_)  |    |  ,----'|  |__|  | |  |_)  |    
        /  /_\  \   |      /     |  |     |   __   | |      /     
       /  _____  \  |  |\  \\___ |  `----.|  |  |  | |  |\  \\___.
      /__/     \__\ | _| `._____| \______||__|  |__| | _| `._____|
    
Logging With ArchR!

Start Time : 2020-08-17 20:28:22

------- ArchR Info

ArchRThreads = 30
ArchRGenome = Hg38

------- System Info

Computer OS = unix
Total Cores = 112

------- Session Info

R version 3.6.3 (2020-02-29)
Platform: x86_64-pc-linux-gnu (64-bit)
Running under: CentOS Linux 7 (Core)

Matrix products: default
BLAS:   /home/ytakeshima/tool/R-3.6.3/lib/libRblas.so
LAPACK: /home/ytakeshima/tool/R-3.6.3/lib/libRlapack.so

locale:
 [1] LC_CTYPE=en_US.UTF-8       LC_NUMERIC=C              
 [3] LC_TIME=en_US.UTF-8        LC_COLLATE=en_US.UTF-8    
 [5] LC_MONETARY=en_US.UTF-8    LC_MESSAGES=en_US.UTF-8   
 [7] LC_PAPER=en_US.UTF-8       LC_NAME=C                 
 [9] LC_ADDRESS=C               LC_TELEPHONE=C            
[11] LC_MEASUREMENT=en_US.UTF-8 LC_IDENTIFICATION=C       

attached base packages:
 [1] grid      parallel  stats4    stats     graphics  grDevices utils    
 [8] datasets  methods   base     

other attached packages:
 [1] Seurat_3.1.5                      Rsamtools_2.2.3                  
 [3] BSgenome.Hsapiens.UCSC.hg38_1.4.1 BSgenome_1.54.0                  
 [5] rtracklayer_1.46.0                Biostrings_2.54.0                
 [7] XVector_0.26.0                    gridExtra_2.3                    
 [9] forcats_0.5.0                     stringr_1.4.0                    
[11] dplyr_1.0.0                       purrr_0.3.4                      
[13] readr_1.3.1                       tidyr_1.0.3                      
[15] tibble_3.0.1                      tidyverse_1.3.0                  
[17] patchwork_1.0.0                   ArchR_0.9.4                      
[19] magrittr_1.5                      rhdf5_2.30.1                     
[21] Matrix_1.2-18                     data.table_1.12.8                
[23] SummarizedExperiment_1.16.1       DelayedArray_0.12.3              
[25] BiocParallel_1.20.1               matrixStats_0.56.0               
[27] Biobase_2.46.0                    GenomicRanges_1.38.0             
[29] GenomeInfoDb_1.22.1               IRanges_2.20.2                   
[31] S4Vectors_0.24.4                  BiocGenerics_0.32.0              
[33] ggplot2_3.3.2                    

loaded via a namespace (and not attached):
 [1] Rtsne_0.15               colorspace_1.4-1         ellipsis_0.3.1          
 [4] ggridges_0.5.2           fs_1.4.1                 rstudioapi_0.11         
 [7] leiden_0.3.3             listenv_0.8.0            farver_2.0.3            
[10] npsurv_0.4-0.1           ggrepel_0.8.2            RSpectra_0.16-0         
[13] fansi_0.4.1              lubridate_1.7.8          xml2_1.3.1              
[16] codetools_0.2-16         splines_3.6.3            lsei_1.2-0.1            
[19] jsonlite_1.6.1           Cairo_1.5-12             broom_0.5.6             
[22] ica_1.0-2                cluster_2.1.0            dbplyr_1.4.3            
[25] png_0.1-7                uwot_0.1.8               sctransform_0.2.1       
[28] compiler_3.6.3           httr_1.4.1               backports_1.1.8         
[31] lazyeval_0.2.2           assertthat_0.2.1         cli_2.0.2               
[34] htmltools_0.4.0          tools_3.6.3              rsvd_1.0.3              
[37] igraph_1.2.5             gtable_0.3.0             glue_1.4.1              
[40] GenomeInfoDbData_1.2.2   reshape2_1.4.4           RANN_2.6.1              
[43] rappdirs_0.3.1           Rcpp_1.0.4.6             cellranger_1.1.0        
[46] vctrs_0.3.1              ape_5.3                  nlme_3.1-147            
[49] lmtest_0.9-37            globals_0.12.5           rvest_0.3.5             
[52] lifecycle_0.2.0          irlba_2.3.3              XML_3.99-0.3            
[55] future_1.17.0            zlibbioc_1.32.0          MASS_7.3-51.6           
[58] zoo_1.8-7                scales_1.1.1             hms_0.5.3               
[61] RColorBrewer_1.1-2       pbapply_1.4-2            reticulate_1.15         
[64] stringi_1.4.6            rlang_0.4.6              pkgconfig_2.0.3         
[67] bitops_1.0-6             lattice_0.20-41          ROCR_1.0-11             
[70] Rhdf5lib_1.8.0           htmlwidgets_1.5.1        GenomicAlignments_1.22.1
[73] labeling_0.3             cowplot_1.0.0            tidyselect_1.1.0        
[76] RcppAnnoy_0.0.16         plyr_1.8.6               R6_2.4.1                
[79] generics_0.0.2           DBI_1.1.0                pillar_1.4.4            
[82] haven_2.2.0              withr_2.2.0              fitdistrplus_1.0-14     
[85] survival_3.1-12          RCurl_1.98-1.2           tsne_0.1-3              
[88] future.apply_1.5.0       modelr_0.1.6             crayon_1.3.4            
[91] KernSmooth_2.23-17       plotly_4.9.2.1           readxl_1.3.1            
[94] reprex_0.3.0             digest_0.6.25            munsell_0.5.0           
[97] viridisLite_0.3.0       


------- Log Info


2020-08-17 20:28:22 : IterativeLSI Input-Parameters, Class = list

IterativeLSI Input-Parameters$ArchRProj: length = 1
class: ArchRProject 
outputDirectory: /home/ytakeshima/wd/2020/200817_Perturb_CD4_w_reseq_log_check_final/ArchR/plot_Perturb_CD4_stim 
samples(1): Perturb_CD4_stim
sampleColData names(1): ArrowFiles
cellColData names(17): Sample TSSEnrichment ... HTO HTO_sgRNA
numberOfCells(1): 1
medianTSS(1): 9.077
medianFrags(1): 11898


IterativeLSI Input-Parameters$useMatrix: length = 1
[1] "TileMatrix"


IterativeLSI Input-Parameters$name: length = 1
[1] "IterativeLSI"


IterativeLSI Input-Parameters$iterations: length = 1
[1] 2


IterativeLSI Input-Parameters$varFeatures: length = 1
[1] 12000


IterativeLSI Input-Parameters$dimsToUse: length = 20
[1] 1 2 3 4 5 6


IterativeLSI Input-Parameters$LSIMethod: length = 1
[1] 2


IterativeLSI Input-Parameters$scaleDims: length = 1
[1] TRUE


IterativeLSI Input-Parameters$corCutOff: length = 1
[1] 0.75


IterativeLSI Input-Parameters$binarize: length = 1
[1] TRUE


IterativeLSI Input-Parameters$outlierQuantiles: length = 2
[1] 0.02 0.98


IterativeLSI Input-Parameters$filterBias: length = 1
[1] TRUE


IterativeLSI Input-Parameters$sampleCellsPre: length = 1
[1] 10000


IterativeLSI Input-Parameters$projectCellsPre: length = 1
[1] FALSE


IterativeLSI Input-Parameters$sampleCellsFinal: length = 0
NULL


IterativeLSI Input-Parameters$selectionMethod: length = 1
[1] "var"


IterativeLSI Input-Parameters$scaleTo: length = 1
[1] 10000


IterativeLSI Input-Parameters$totalFeatures: length = 1
[1] 5e+05


IterativeLSI Input-Parameters$filterQuantile: length = 1
[1] 0.995


IterativeLSI Input-Parameters$excludeChr: length = 0
NULL


IterativeLSI Input-Parameters$saveIterations: length = 1
[1] TRUE


IterativeLSI Input-Parameters$nPlot: length = 1
[1] 10000


IterativeLSI Input-Parameters$outDir: length = 1
[1] "/home/ytakeshima/wd/2020/200817_Perturb_CD4_w_reseq_log_check_final/ArchR/plot_Perturb_CD4_stim"


IterativeLSI Input-Parameters$threads: length = 1
[1] 30


IterativeLSI Input-Parameters$seed: length = 1
[1] 1


IterativeLSI Input-Parameters$verbose: length = 1
[1] TRUE


IterativeLSI Input-Parameters$force: length = 1
[1] TRUE


IterativeLSI Input-Parameters$logFile: length = 1
[1] "ArchRLogs/ArchR-addIterativeLSI-35d906f68c6b2-Date-2020-08-17_Time-20-28-22.log"


2020-08-17 20:28:22 : Computing Total Accessibility Across All Features, 0 mins elapsed.
2020-08-17 20:28:25 : Computing Top Features, 0.036 mins elapsed.
###########
2020-08-17 20:28:25 : Running LSI (1 of 2) on Top Features, 0.043 mins elapsed.
###########
2020-08-17 20:28:25 : Creating Partial Matrix, 0.043 mins elapsed.
2020-08-17 20:28:42 : Computing LSI, 0.332 mins elapsed.

2020-08-17 20:28:42 : LSI Parameters, Class = list

LSI Parameters$: length = 1
                       
1 function (name)      
2 .Internal(args(name))


LSI Parameters$mat: nRows = 12000, nCols = 5825
LSI Parameters$mat: NonZeroEntries = 11127040, EntryRange = [ 1 , 1 ]
5 x 5 sparse Matrix of class "dgCMatrix"
     Perturb_CD4_stim#AAACGAAAGCTGAGGT-1 Perturb_CD4_stim#AAACGAACAACATAAG-1
[1,]                                   .                                   1
[2,]                                   .                                   .
[3,]                                   .                                   .
[4,]                                   .                                   .
[5,]                                   .                                   .
     Perturb_CD4_stim#AAACGAACAATCCATG-1 Perturb_CD4_stim#AAACGAACAGAGATGC-1
[1,]                                   .                                   .
[2,]                                   .                                   .
[3,]                                   .                                   .
[4,]                                   1                                   .
[5,]                                   .                                   .
     Perturb_CD4_stim#AAACGAACAGCGTAGA-1
[1,]                                   .
[2,]                                   .
[3,]                                   .
[4,]                                   .
[5,]                                   .


LSI Parameters$LSIMethod: length = 1
[1] 2


LSI Parameters$scaleTo: length = 1
[1] 10000


LSI Parameters$nDimensions: length = 1
[1] 20


LSI Parameters$binarize: length = 1
[1] TRUE


LSI Parameters$outlierQuantiles: length = 2
[1] 0.02 0.98


LSI Parameters$seed: length = 1
[1] 1


LSI Parameters$verbose: length = 1
[1] FALSE


LSI Parameters$tstart: length = 1
[1] "2020-08-17 20:28:22 JST"


LSI Parameters$logFile: length = 1
[1] "ArchRLogs/ArchR-addIterativeLSI-35d906f68c6b2-Date-2020-08-17_Time-20-28-22.log"


2020-08-17 20:28:42 : Running LSI, Input Matrix = 0.134 GB, 0.334 mins elapsed.
2020-08-17 20:28:42 : Binarizing Matrix, 0.334 mins elapsed.
2020-08-17 20:28:43 : Computing Term Frequency, 0.337 mins elapsed.
2020-08-17 20:28:43 : Filtering Outliers Based On Counts, 0.338 mins elapsed.
2020-08-17 20:28:43 : Removing 0 Sum Rows, 0.342 mins elapsed.
2020-08-17 20:28:44 : Computing Inverse Document Frequency, 0.352 mins elapsed.
2020-08-17 20:28:45 : Computing SVD using irlba, 0.384 mins elapsed.
2020-08-17 20:28:55 : Projecting Outliers with LSI-Projection (Granja* et al 2019), 0.544 mins elapsed.

2020-08-17 20:28:55 : LSI-Projection Parameters, Class = list

LSI-Projection Parameters$: length = 1
                       
1 function (name)      
2 .Internal(args(name))


LSI-Projection Parameters$mat: nRows = 12000, nCols = 10
LSI-Projection Parameters$mat: NonZeroEntries = 15647, EntryRange = [ 1 , 1 ]
5 x 5 sparse Matrix of class "dgCMatrix"
     Perturb_CD4_stim#AAACGAAAGCTGAGGT-1 Perturb_CD4_stim#AAACGAACAACATAAG-1
[1,]                                   .                                   1
[2,]                                   .                                   .
[3,]                                   .                                   .
[4,]                                   .                                   .
[5,]                                   .                                   .
     Perturb_CD4_stim#AAACGAACAATCCATG-1 Perturb_CD4_stim#AAACGAACAGAGATGC-1
[1,]                                   .                                   .
[2,]                                   .                                   .
[3,]                                   .                                   .
[4,]                                   1                                   .
[5,]                                   .                                   .
     Perturb_CD4_stim#AAACGAACAGCGTAGA-1
[1,]                                   .
[2,]                                   .
[3,]                                   .
[4,]                                   .
[5,]                                   .


LSI-Projection Parameters$matSVD: nRows = 5588, nCols = 20
                                        LSI1       LSI2      LSI3       LSI4
Perturb_CD4_stim#AAACGAAAGCTGAGGT-1 50.92375 -11.454988  5.688817  1.2888667
Perturb_CD4_stim#AAACGAACAACATAAG-1 63.66759 -16.899732  3.873396 -3.4584559
Perturb_CD4_stim#AAACGAACAATCCATG-1 58.45215 -17.969147  0.776864 -3.9876280
Perturb_CD4_stim#AAACGAACAGAGATGC-1 47.26440 -12.614209 -4.793474  4.1638397
Perturb_CD4_stim#AAACGAACAGCGTAGA-1 41.47193   5.964697  4.589385  0.2237922
                                         LSI5
Perturb_CD4_stim#AAACGAAAGCTGAGGT-1 -2.600408
Perturb_CD4_stim#AAACGAACAACATAAG-1 -3.109721
Perturb_CD4_stim#AAACGAACAATCCATG-1  1.437908
Perturb_CD4_stim#AAACGAACAGAGATGC-1  7.722012
Perturb_CD4_stim#AAACGAACAGCGTAGA-1  7.846193


LSI-Projection Parameters$returnModel: length = 1
[1] FALSE


LSI-Projection Parameters$verbose: length = 1
[1] FALSE


LSI-Projection Parameters$tstart: length = 0
NULL


LSI-Projection Parameters$logFile: length = 1
[1] "ArchRLogs/ArchR-addIterativeLSI-35d906f68c6b2-Date-2020-08-17_Time-20-28-22.log"


2020-08-17 20:28:55 : Projecting LSI, Input Matrix = 0 GB, 0 mins elapsed.
2020-08-17 20:28:55 : Subsetting by Non-Zero features in inital Matrix, 0 mins elapsed.
2020-08-17 20:28:55 : Binarizing Matrix, 0 mins elapsed.
2020-08-17 20:28:55 : Computing Term Frequency, 0 mins elapsed.
2020-08-17 20:28:55 : Computing Inverse Document Frequency, 0 mins elapsed.
2020-08-17 20:28:55 : Computing TF-IDF Matrix, 0 mins elapsed.
2020-08-17 20:28:56 : Calculating V Matrix, 0.013 mins elapsed.
2020-08-17 20:28:56 : Computing Projected Coordinates, 0.013 mins elapsed.

2020-08-17 20:28:56 : LSI-Projection Parameters, Class = list

LSI-Projection Parameters$: length = 1
                       
1 function (name)      
2 .Internal(args(name))


LSI-Projection Parameters$mat: nRows = 12000, nCols = 237
LSI-Projection Parameters$mat: NonZeroEntries = 626641, EntryRange = [ 1 , 1 ]
5 x 5 sparse Matrix of class "dgCMatrix"
     Perturb_CD4_stim#AAACTCGCACATTGCA-1 Perturb_CD4_stim#AAAGATGGTGTGACCC-1
[1,]                                   .                                   .
[2,]                                   .                                   1
[3,]                                   .                                   1
[4,]                                   .                                   .
[5,]                                   .                                   .
     Perturb_CD4_stim#AAAGGGCCAGGCAGAT-1 Perturb_CD4_stim#AAATGAGAGGGTCCCT-1
[1,]                                   .                                   .
[2,]                                   .                                   .
[3,]                                   .                                   1
[4,]                                   .                                   .
[5,]                                   .                                   1
     Perturb_CD4_stim#AAATGAGCACAGGTAG-1
[1,]                                   1
[2,]                                   .
[3,]                                   1
[4,]                                   1
[5,]                                   .


LSI-Projection Parameters$matSVD: nRows = 5588, nCols = 20
                                        LSI1       LSI2      LSI3       LSI4
Perturb_CD4_stim#AAACGAAAGCTGAGGT-1 50.92375 -11.454988  5.688817  1.2888667
Perturb_CD4_stim#AAACGAACAACATAAG-1 63.66759 -16.899732  3.873396 -3.4584559
Perturb_CD4_stim#AAACGAACAATCCATG-1 58.45215 -17.969147  0.776864 -3.9876280
Perturb_CD4_stim#AAACGAACAGAGATGC-1 47.26440 -12.614209 -4.793474  4.1638397
Perturb_CD4_stim#AAACGAACAGCGTAGA-1 41.47193   5.964697  4.589385  0.2237922
                                         LSI5
Perturb_CD4_stim#AAACGAAAGCTGAGGT-1 -2.600408
Perturb_CD4_stim#AAACGAACAACATAAG-1 -3.109721
Perturb_CD4_stim#AAACGAACAATCCATG-1  1.437908
Perturb_CD4_stim#AAACGAACAGAGATGC-1  7.722012
Perturb_CD4_stim#AAACGAACAGCGTAGA-1  7.846193


LSI-Projection Parameters$returnModel: length = 1
[1] FALSE


LSI-Projection Parameters$verbose: length = 1
[1] FALSE


LSI-Projection Parameters$tstart: length = 0
NULL


LSI-Projection Parameters$logFile: length = 1
[1] "ArchRLogs/ArchR-addIterativeLSI-35d906f68c6b2-Date-2020-08-17_Time-20-28-22.log"


2020-08-17 20:28:56 : Projecting LSI, Input Matrix = 0.008 GB, 0 mins elapsed.
2020-08-17 20:28:56 : Subsetting by Non-Zero features in inital Matrix, 0 mins elapsed.
2020-08-17 20:28:56 : Binarizing Matrix, 0 mins elapsed.
2020-08-17 20:28:56 : Computing Term Frequency, 0 mins elapsed.
2020-08-17 20:28:56 : Computing Inverse Document Frequency, 0 mins elapsed.
2020-08-17 20:28:56 : Computing TF-IDF Matrix, 0 mins elapsed.
2020-08-17 20:28:57 : Calculating V Matrix, 0.012 mins elapsed.
2020-08-17 20:28:57 : Computing Projected Coordinates, 0.012 mins elapsed.
2020-08-17 20:28:57 : Finished LSI (TF-IDF SVD) using irlba, 0.57 mins elapsed.

2020-08-17 20:28:58 : outLSI-1, Class = SimpleList

outLSI-1$matSVD: nRows = 5825, nCols = 20
                                        LSI1       LSI2      LSI3       LSI4
Perturb_CD4_stim#AAACGAAAGCTGAGGT-1 50.92375 -11.454988  5.688817  1.2888667
Perturb_CD4_stim#AAACGAACAACATAAG-1 63.66759 -16.899732  3.873396 -3.4584559
Perturb_CD4_stim#AAACGAACAATCCATG-1 58.45215 -17.969147  0.776864 -3.9876280
Perturb_CD4_stim#AAACGAACAGAGATGC-1 47.26440 -12.614209 -4.793474  4.1638397
Perturb_CD4_stim#AAACGAACAGCGTAGA-1 41.47193   5.964697  4.589385  0.2237922
                                         LSI5
Perturb_CD4_stim#AAACGAAAGCTGAGGT-1 -2.600408
Perturb_CD4_stim#AAACGAACAACATAAG-1 -3.109721
Perturb_CD4_stim#AAACGAACAATCCATG-1  1.437908
Perturb_CD4_stim#AAACGAACAGAGATGC-1  7.722012
Perturb_CD4_stim#AAACGAACAGCGTAGA-1  7.846193


outLSI-1$rowSm: length = 12000
[1]  798  666  830 1142  773  848


outLSI-1$nCol: length = 1
[1] 5588


outLSI-1$exclude: length = 0
NULL


outLSI-1$idx: length = 12000
[1] 1 2 3 4 5 6


outLSI-1$u: nRows = 12000, nCols = 20
            [,1]         [,2]          [,3]         [,4]         [,5]
[1,] 0.008449789 -0.008754111 -0.0003990396  0.008387167 -0.013389027
[2,] 0.007674813  0.002811454 -0.0191077258  0.011599535 -0.007309983
[3,] 0.009034619  0.015829472 -0.0191467816  0.003756474 -0.023360521
[4,] 0.010985419 -0.009516577 -0.0084454287  0.004064728 -0.010772498
[5,] 0.008602616  0.011091750 -0.0146831733 -0.002471484 -0.018702932


outLSI-1$v: nRows = 5588, nCols = 20
            [,1]         [,2]         [,3]         [,4]         [,5]
[1,] 0.010874612 -0.013567021  0.011148906  0.003992534 -0.008081510
[2,] 0.013596021 -0.020015649  0.007591056 -0.010713291 -0.009664346
[3,] 0.012482279 -0.021282239  0.001522493 -0.012352512  0.004468711
[4,] 0.010093168 -0.014939976 -0.009394218  0.012898365  0.023998359
[5,] 0.008856204  0.007064448  0.008994247  0.000693243  0.024384287


outLSI-1$binarize: length = 1
[1] TRUE


outLSI-1$scaleTo: length = 1
[1] 10000


outLSI-1$nDimensions: length = 1
[1] 20


outLSI-1$LSIMethod: length = 1
[1] 2


outLSI-1$outliers: length = 237
[1] "Perturb_CD4_stim#AAACTCGCACATTGCA-1" "Perturb_CD4_stim#AAAGATGGTGTGACCC-1"
[3] "Perturb_CD4_stim#AAAGGGCCAGGCAGAT-1" "Perturb_CD4_stim#AAATGAGAGGGTCCCT-1"
[5] "Perturb_CD4_stim#AAATGAGCACAGGTAG-1" "Perturb_CD4_stim#AACCTGACATACCCGG-1"


outLSI-1$date: length = 1
[1] "2020-08-17"


outLSI-1$seed: length = 1
[1] 1


outLSI-1$scaleDims: length = 1
[1] TRUE


outLSI-1$useMatrix: length = 1
[1] "TileMatrix"


outLSI-1$tileSize: length = 1
[1] 500



2020-08-17 20:28:58 : Cluster Params, Class = list

Cluster Params$: length = 1
                       
1 function (name)      
2 .Internal(args(name))


Cluster Params$matSVD: nRows = 5825, nCols = 20
                                        LSI1       LSI2      LSI3       LSI4
Perturb_CD4_stim#AAACGAAAGCTGAGGT-1 50.92375 -11.454988  5.688817  1.2888667
Perturb_CD4_stim#AAACGAACAACATAAG-1 63.66759 -16.899732  3.873396 -3.4584559
Perturb_CD4_stim#AAACGAACAATCCATG-1 58.45215 -17.969147  0.776864 -3.9876280
Perturb_CD4_stim#AAACGAACAGAGATGC-1 47.26440 -12.614209 -4.793474  4.1638397
Perturb_CD4_stim#AAACGAACAGCGTAGA-1 41.47193   5.964697  4.589385  0.2237922
                                         LSI5
Perturb_CD4_stim#AAACGAAAGCTGAGGT-1 -2.600408
Perturb_CD4_stim#AAACGAACAACATAAG-1 -3.109721
Perturb_CD4_stim#AAACGAACAATCCATG-1  1.437908
Perturb_CD4_stim#AAACGAACAGAGATGC-1  7.722012
Perturb_CD4_stim#AAACGAACAGCGTAGA-1  7.846193


Cluster Params$corCutOff: length = 1
[1] 0.75


Cluster Params$dimsToUse: length = 20
[1] 1 2 3 4 5 6


Cluster Params$scaleDims: length = 1
[1] TRUE


Cluster Params$verbose: length = 1
[1] TRUE


Cluster Params$j: length = 1
[1] 1


Cluster Params$filterBias: length = 1
[1] TRUE


Cluster Params$cellNames: length = 5825
[1] "Perturb_CD4_stim#AAACGAAAGCTGAGGT-1" "Perturb_CD4_stim#AAACGAACAACATAAG-1"
[3] "Perturb_CD4_stim#AAACGAACAATCCATG-1" "Perturb_CD4_stim#AAACGAACAGAGATGC-1"
[5] "Perturb_CD4_stim#AAACGAACAGCGTAGA-1" "Perturb_CD4_stim#AAACGAAGTAAACGAT-1"


Cluster Params$cellDepth: length = 5825
Perturb_CD4_stim#AAACGAAAGCTGAGGT-1 Perturb_CD4_stim#AAACGAACAACATAAG-1 
                           4.075510                            4.259809 
Perturb_CD4_stim#AAACGAACAATCCATG-1 Perturb_CD4_stim#AAACGAACAGAGATGC-1 
                           4.129464                            3.883093 
Perturb_CD4_stim#AAACGAACAGCGTAGA-1 Perturb_CD4_stim#AAACGAAGTAAACGAT-1 
                           3.893373                            3.925364 


Cluster Params$tstart: length = 1
[1] "2020-08-17 20:28:22 JST"


Cluster Params$logFile: length = 1
[1] "ArchRLogs/ArchR-addIterativeLSI-35d906f68c6b2-Date-2020-08-17_Time-20-28-22.log"


2020-08-17 20:28:58 : Identifying Clusters, 0.595 mins elapsed.

2020-08-17 20:28:58 : addClusters Input-Parameters, Class = list

addClusters Input-Parameters$: length = 1
                       
1 function (name)      
2 .Internal(args(name))


addClusters Input-Parameters$input: nRows = 5825, nCols = 20
                                        LSI1       LSI2       LSI3        LSI4
Perturb_CD4_stim#AAACGAAAGCTGAGGT-1 4.009616 -1.1335564  0.2799627 -0.08281641
Perturb_CD4_stim#AAACGAACAACATAAG-1 4.044791 -1.2589889  0.1085145 -0.37414425
Perturb_CD4_stim#AAACGAACAATCCATG-1 3.973903 -1.4573573 -0.1250786 -0.46369093
Perturb_CD4_stim#AAACGAACAGAGATGC-1 3.896060 -1.2767569 -0.6011361  0.17267192
Perturb_CD4_stim#AAACGAACAGCGTAGA-1 3.963674  0.2956809  0.1536075 -0.29737006
                                           LSI5
Perturb_CD4_stim#AAACGAAAGCTGAGGT-1 -0.40348991
Perturb_CD4_stim#AAACGAACAACATAAG-1 -0.35118687
Perturb_CD4_stim#AAACGAACAATCCATG-1 -0.07809816
Perturb_CD4_stim#AAACGAACAGAGATGC-1  0.48005673
Perturb_CD4_stim#AAACGAACAGCGTAGA-1  0.49004456


addClusters Input-Parameters$reducedDims: length = 1
[1] "IterativeLSI"


addClusters Input-Parameters$name: length = 1
[1] "Clusters"


addClusters Input-Parameters$sampleCells: length = 1
[1] 10000


addClusters Input-Parameters$seed: length = 1
[1] 1


addClusters Input-Parameters$method: length = 1
[1] "Seurat"


addClusters Input-Parameters$dimsToUse: length = 0
NULL


addClusters Input-Parameters$scaleDims: length = 0
NULL


addClusters Input-Parameters$corCutOff: length = 1
[1] 0.75


addClusters Input-Parameters$knnAssign: length = 1
[1] 10


addClusters Input-Parameters$nOutlier: length = 1
[1] 5


addClusters Input-Parameters$testBias: length = 1
[1] TRUE


addClusters Input-Parameters$filterBias: length = 1
[1] TRUE


addClusters Input-Parameters$biasClusters: length = 1
[1] 0.01


addClusters Input-Parameters$biasCol: length = 1
[1] "nFrags"


addClusters Input-Parameters$biasVals: length = 5825
[1] 4.075510 4.259809 4.129464 3.883093 3.893373 3.925364


addClusters Input-Parameters$biasQuantiles: length = 2
[1] 0.05 0.95


addClusters Input-Parameters$biasEnrich: length = 1
[1] 10


addClusters Input-Parameters$biasProportion: length = 1
[1] 0.5


addClusters Input-Parameters$biasPval: length = 1
[1] 0.05


addClusters Input-Parameters$nPerm: length = 1
[1] 500


addClusters Input-Parameters$prefix: length = 1
[1] "C"


addClusters Input-Parameters$ArchRProj: length = 0
NULL


addClusters Input-Parameters$verbose: length = 1
[1] FALSE


addClusters Input-Parameters$tstart: length = 0
NULL


addClusters Input-Parameters$force: length = 1
[1] FALSE


addClusters Input-Parameters$logFile: length = 1
[1] "ArchRLogs/ArchR-addIterativeLSI-35d906f68c6b2-Date-2020-08-17_Time-20-28-22.log"


addClusters Input-Parameters$...: length = 2
[[1]]
<promise: 0x54396290>

[[2]]
<promise: 0x54396370>



2020-08-17 20:28:58 : Running Seurats FindClusters (Stuart et al. Cell 2019), 0 mins elapsed.
2020-08-17 20:29:07 : Testing Outlier Clusters, 0.145 mins elapsed.
2020-08-17 20:29:07 : Assigning Cluster Names to 2 Clusters, 0.145 mins elapsed.
2020-08-17 20:29:07 : Finished addClusters, 0.145 mins elapsed.
2020-08-17 20:29:07 : Identified 2 Clusters, 0.741 mins elapsed.

2020-08-17 20:29:07 : clusterDF-1, Class = DFrame
DataFrame with 5825 rows and 2 columns
                               cellNames    clusters
                             <character> <character>
1    Perturb_CD4_stim#AAACGAAAGCTGAGGT-1          C1
2    Perturb_CD4_stim#AAACGAACAACATAAG-1          C1
3    Perturb_CD4_stim#AAACGAACAATCCATG-1          C1
4    Perturb_CD4_stim#AAACGAACAGAGATGC-1          C1
5    Perturb_CD4_stim#AAACGAACAGCGTAGA-1          C2
...                                  ...         ...
5821 Perturb_CD4_stim#TTTGTGTCAGATTAAG-1          C2
5822 Perturb_CD4_stim#TTTGTGTGTACTAGAA-1          C1
5823 Perturb_CD4_stim#TTTGTGTGTTTCGATG-1          C2
5824 Perturb_CD4_stim#TTTGTGTTCCAACGCG-1          C2
5825 Perturb_CD4_stim#TTTGTGTTCTGTTGCC-1          C2

2020-08-17 20:29:07 : Saving LSI Iteration, 0.741 mins elapsed.

2020-08-17 20:29:07 : Save iteration, Class = list

Save iteration$: length = 1
                       
1 function (name)      
2 .Internal(args(name))


Save iteration$matSVD: nRows = 5825, nCols = 20
                                        LSI1       LSI2      LSI3       LSI4
Perturb_CD4_stim#AAACGAAAGCTGAGGT-1 50.92375 -11.454988  5.688817  1.2888667
Perturb_CD4_stim#AAACGAACAACATAAG-1 63.66759 -16.899732  3.873396 -3.4584559
Perturb_CD4_stim#AAACGAACAATCCATG-1 58.45215 -17.969147  0.776864 -3.9876280
Perturb_CD4_stim#AAACGAACAGAGATGC-1 47.26440 -12.614209 -4.793474  4.1638397
Perturb_CD4_stim#AAACGAACAGCGTAGA-1 41.47193   5.964697  4.589385  0.2237922
                                         LSI5
Perturb_CD4_stim#AAACGAAAGCTGAGGT-1 -2.600408
Perturb_CD4_stim#AAACGAACAACATAAG-1 -3.109721
Perturb_CD4_stim#AAACGAACAATCCATG-1  1.437908
Perturb_CD4_stim#AAACGAACAGAGATGC-1  7.722012
Perturb_CD4_stim#AAACGAACAGCGTAGA-1  7.846193


Save iteration$clusters: length = 5825
[1] "C1" "C1" "C1" "C1" "C2" "C2"


Save iteration$nPlot: length = 1
[1] 10000


Save iteration$ArchRProj: length = 1
class: ArchRProject 
outputDirectory: /home/ytakeshima/wd/2020/200817_Perturb_CD4_w_reseq_log_check_final/ArchR/plot_Perturb_CD4_stim 
samples(1): Perturb_CD4_stim
sampleColData names(1): ArrowFiles
cellColData names(17): Sample TSSEnrichment ... HTO HTO_sgRNA
numberOfCells(1): 1
medianTSS(1): 9.077
medianFrags(1): 11898


Save iteration$scaleDims: length = 1
[1] TRUE


Save iteration$corCutOff: length = 1
[1] 0.75


Save iteration$dimsToUse: length = 20
[1] 1 2 3 4 5 6


Save iteration$j: length = 1
[1] 1


Save iteration$threads: length = 1
[1] 30


Save iteration$outDir: length = 1
[1] "/home/ytakeshima/wd/2020/200817_Perturb_CD4_w_reseq_log_check_final/ArchR/plot_Perturb_CD4_stim/IterativeLSI"


Save iteration$logFile: length = 1
[1] "ArchRLogs/ArchR-addIterativeLSI-35d906f68c6b2-Date-2020-08-17_Time-20-28-22.log"


2020-08-17 20:29:19 : Creating Cluster Matrix on the total Group Features, 0.936 mins elapsed.
2020-08-17 20:29:27 : Computing Variable Features, 1.076 mins elapsed.
###########
2020-08-17 20:29:27 : Running LSI (2 of 2) on Variable Features, 1.077 mins elapsed.
###########
2020-08-17 20:29:27 : Creating Partial Matrix, 1.078 mins elapsed.
2020-08-17 20:29:43 : Computing LSI, 1.35 mins elapsed.

2020-08-17 20:29:43 : LSI Parameters, Class = list

LSI Parameters$: length = 1
                       
1 function (name)      
2 .Internal(args(name))


LSI Parameters$mat: nRows = 12000, nCols = 5825
LSI Parameters$mat: NonZeroEntries = 9008969, EntryRange = [ 1 , 1 ]
5 x 5 sparse Matrix of class "dgCMatrix"
     Perturb_CD4_stim#AAACGAAAGCTGAGGT-1 Perturb_CD4_stim#AAACGAACAACATAAG-1
[1,]                                   .                                   1
[2,]                                   .                                   .
[3,]                                   .                                   .
[4,]                                   .                                   .
[5,]                                   .                                   .
     Perturb_CD4_stim#AAACGAACAATCCATG-1 Perturb_CD4_stim#AAACGAACAGAGATGC-1
[1,]                                   .                                   .
[2,]                                   .                                   .
[3,]                                   1                                   .
[4,]                                   .                                   .
[5,]                                   .                                   .
     Perturb_CD4_stim#AAACGAACAGCGTAGA-1
[1,]                                   .
[2,]                                   .
[3,]                                   .
[4,]                                   .
[5,]                                   .


LSI Parameters$LSIMethod: length = 1
[1] 2


LSI Parameters$scaleTo: length = 1
[1] 10000


LSI Parameters$nDimensions: length = 1
[1] 20


LSI Parameters$binarize: length = 1
[1] TRUE


LSI Parameters$outlierQuantiles: length = 2
[1] 0.02 0.98


LSI Parameters$seed: length = 1
[1] 1


LSI Parameters$verbose: length = 1
[1] FALSE


LSI Parameters$tstart: length = 1
[1] "2020-08-17 20:28:22 JST"


LSI Parameters$logFile: length = 1
[1] "ArchRLogs/ArchR-addIterativeLSI-35d906f68c6b2-Date-2020-08-17_Time-20-28-22.log"


2020-08-17 20:29:43 : Running LSI, Input Matrix = 0.109 GB, 1.352 mins elapsed.
2020-08-17 20:29:43 : Binarizing Matrix, 1.352 mins elapsed.
2020-08-17 20:29:44 : Computing Term Frequency, 1.355 mins elapsed.
2020-08-17 20:29:44 : Filtering Outliers Based On Counts, 1.355 mins elapsed.
2020-08-17 20:29:44 : Removing 0 Sum Rows, 1.358 mins elapsed.
2020-08-17 20:29:44 : Computing Inverse Document Frequency, 1.367 mins elapsed.
2020-08-17 20:29:46 : Computing SVD using irlba, 1.386 mins elapsed.
2020-08-17 20:29:50 : Projecting Outliers with LSI-Projection (Granja* et al 2019), 1.452 mins elapsed.

2020-08-17 20:29:50 : LSI-Projection Parameters, Class = list

LSI-Projection Parameters$: length = 1
                       
1 function (name)      
2 .Internal(args(name))


LSI-Projection Parameters$mat: nRows = 12000, nCols = 10
LSI-Projection Parameters$mat: NonZeroEntries = 12560, EntryRange = [ 1 , 1 ]
5 x 5 sparse Matrix of class "dgCMatrix"
     Perturb_CD4_stim#AAACGAAAGCTGAGGT-1 Perturb_CD4_stim#AAACGAACAACATAAG-1
[1,]                                   .                                   1
[2,]                                   .                                   .
[3,]                                   .                                   .
[4,]                                   .                                   .
[5,]                                   .                                   .
     Perturb_CD4_stim#AAACGAACAATCCATG-1 Perturb_CD4_stim#AAACGAACAGAGATGC-1
[1,]                                   .                                   .
[2,]                                   .                                   .
[3,]                                   1                                   .
[4,]                                   .                                   .
[5,]                                   .                                   .
     Perturb_CD4_stim#AAACGAACAGCGTAGA-1
[1,]                                   .
[2,]                                   .
[3,]                                   .
[4,]                                   .
[5,]                                   .


LSI-Projection Parameters$matSVD: nRows = 5587, nCols = 20
                                         LSI1      LSI2       LSI3      LSI4
Perturb_CD4_stim#AAACGAAAGCTGAGGT-1 -48.79880 23.225434   5.046670 -1.164560
Perturb_CD4_stim#AAACGAACAACATAAG-1 -60.56159 32.711879   6.439541  4.406228
Perturb_CD4_stim#AAACGAACAATCCATG-1 -54.97137 30.338462   3.553502  1.799094
Perturb_CD4_stim#AAACGAACAGAGATGC-1 -44.23851 18.535179 -10.794762 -4.000385
Perturb_CD4_stim#AAACGAACAGCGTAGA-1 -39.37620 -5.364955   2.802404 -6.724346
                                          LSI5
Perturb_CD4_stim#AAACGAAAGCTGAGGT-1 -2.2104483
Perturb_CD4_stim#AAACGAACAACATAAG-1 -2.9049681
Perturb_CD4_stim#AAACGAACAATCCATG-1 -2.0628140
Perturb_CD4_stim#AAACGAACAGAGATGC-1  3.0554978
Perturb_CD4_stim#AAACGAACAGCGTAGA-1 -0.9306017


LSI-Projection Parameters$returnModel: length = 1
[1] FALSE


LSI-Projection Parameters$verbose: length = 1
[1] FALSE


LSI-Projection Parameters$tstart: length = 0
NULL


LSI-Projection Parameters$logFile: length = 1
[1] "ArchRLogs/ArchR-addIterativeLSI-35d906f68c6b2-Date-2020-08-17_Time-20-28-22.log"


2020-08-17 20:29:50 : Projecting LSI, Input Matrix = 0 GB, 0 mins elapsed.
2020-08-17 20:29:50 : Subsetting by Non-Zero features in inital Matrix, 0 mins elapsed.
2020-08-17 20:29:50 : Binarizing Matrix, 0 mins elapsed.
2020-08-17 20:29:50 : Computing Term Frequency, 0 mins elapsed.
2020-08-17 20:29:50 : Computing Inverse Document Frequency, 0 mins elapsed.
2020-08-17 20:29:50 : Computing TF-IDF Matrix, 0 mins elapsed.
2020-08-17 20:29:50 : Calculating V Matrix, 0.012 mins elapsed.
2020-08-17 20:29:50 : Computing Projected Coordinates, 0.012 mins elapsed.

2020-08-17 20:29:50 : LSI-Projection Parameters, Class = list

LSI-Projection Parameters$: length = 1
                       
1 function (name)      
2 .Internal(args(name))


LSI-Projection Parameters$mat: nRows = 12000, nCols = 238
LSI-Projection Parameters$mat: NonZeroEntries = 501621, EntryRange = [ 1 , 1 ]
5 x 5 sparse Matrix of class "dgCMatrix"
     Perturb_CD4_stim#AAACTGCAGTACTCTG-1 Perturb_CD4_stim#AAACTGCCATCCGTGG-1
[1,]                                   .                                   .
[2,]                                   .                                   .
[3,]                                   .                                   .
[4,]                                   .                                   .
[5,]                                   .                                   .
     Perturb_CD4_stim#AAAGGGCCAGGCAGAT-1 Perturb_CD4_stim#AAATGAGAGGGTCCCT-1
[1,]                                   .                                   .
[2,]                                   .                                   1
[3,]                                   .                                   .
[4,]                                   .                                   1
[5,]                                   .                                   .
     Perturb_CD4_stim#AAATGAGCACAGGTAG-1
[1,]                                   1
[2,]                                   1
[3,]                                   1
[4,]                                   .
[5,]                                   1


LSI-Projection Parameters$matSVD: nRows = 5587, nCols = 20
                                         LSI1      LSI2       LSI3      LSI4
Perturb_CD4_stim#AAACGAAAGCTGAGGT-1 -48.79880 23.225434   5.046670 -1.164560
Perturb_CD4_stim#AAACGAACAACATAAG-1 -60.56159 32.711879   6.439541  4.406228
Perturb_CD4_stim#AAACGAACAATCCATG-1 -54.97137 30.338462   3.553502  1.799094
Perturb_CD4_stim#AAACGAACAGAGATGC-1 -44.23851 18.535179 -10.794762 -4.000385
Perturb_CD4_stim#AAACGAACAGCGTAGA-1 -39.37620 -5.364955   2.802404 -6.724346
                                          LSI5
Perturb_CD4_stim#AAACGAAAGCTGAGGT-1 -2.2104483
Perturb_CD4_stim#AAACGAACAACATAAG-1 -2.9049681
Perturb_CD4_stim#AAACGAACAATCCATG-1 -2.0628140
Perturb_CD4_stim#AAACGAACAGAGATGC-1  3.0554978
Perturb_CD4_stim#AAACGAACAGCGTAGA-1 -0.9306017


LSI-Projection Parameters$returnModel: length = 1
[1] FALSE


LSI-Projection Parameters$verbose: length = 1
[1] FALSE


LSI-Projection Parameters$tstart: length = 0
NULL


LSI-Projection Parameters$logFile: length = 1
[1] "ArchRLogs/ArchR-addIterativeLSI-35d906f68c6b2-Date-2020-08-17_Time-20-28-22.log"


2020-08-17 20:29:50 : Projecting LSI, Input Matrix = 0.006 GB, 0 mins elapsed.
2020-08-17 20:29:50 : Subsetting by Non-Zero features in inital Matrix, 0 mins elapsed.
2020-08-17 20:29:50 : Binarizing Matrix, 0 mins elapsed.
2020-08-17 20:29:50 : Computing Term Frequency, 0 mins elapsed.
2020-08-17 20:29:50 : Computing Inverse Document Frequency, 0 mins elapsed.
2020-08-17 20:29:50 : Computing TF-IDF Matrix, 0 mins elapsed.
2020-08-17 20:29:51 : Calculating V Matrix, 0.012 mins elapsed.
2020-08-17 20:29:51 : Computing Projected Coordinates, 0.012 mins elapsed.
2020-08-17 20:29:51 : Finished LSI (TF-IDF SVD) using irlba, 1.477 mins elapsed.

2020-08-17 20:29:52 : outLSI-2, Class = SimpleList

outLSI-2$matSVD: nRows = 5825, nCols = 20
                                         LSI1      LSI2       LSI3      LSI4
Perturb_CD4_stim#AAACGAAAGCTGAGGT-1 -48.79880 23.225434   5.046670 -1.164560
Perturb_CD4_stim#AAACGAACAACATAAG-1 -60.56159 32.711879   6.439541  4.406228
Perturb_CD4_stim#AAACGAACAATCCATG-1 -54.97137 30.338462   3.553502  1.799094
Perturb_CD4_stim#AAACGAACAGAGATGC-1 -44.23851 18.535179 -10.794762 -4.000385
Perturb_CD4_stim#AAACGAACAGCGTAGA-1 -39.37620 -5.364955   2.802404 -6.724346
                                          LSI5
Perturb_CD4_stim#AAACGAAAGCTGAGGT-1 -2.2104483
Perturb_CD4_stim#AAACGAACAACATAAG-1 -2.9049681
Perturb_CD4_stim#AAACGAACAATCCATG-1 -2.0628140
Perturb_CD4_stim#AAACGAACAGAGATGC-1  3.0554978
Perturb_CD4_stim#AAACGAACAGCGTAGA-1 -0.9306017


outLSI-2$rowSm: length = 12000
[1]  797  825 1143  775  255  259


outLSI-2$nCol: length = 1
[1] 5587


outLSI-2$exclude: length = 0
NULL


outLSI-2$idx: length = 12000
[1] 1 2 3 4 5 6


outLSI-2$u: nRows = 12000, nCols = 20
             [,1]         [,2]         [,3]          [,4]          [,5]
[1,] -0.009459016  0.005651775 -0.005465047 -4.104156e-04  0.0035792189
[2,] -0.010022468 -0.010780709 -0.016478247  3.855670e-03 -0.0072755571
[3,] -0.012367653  0.005873177 -0.014715766 -7.706594e-08 -0.0007370503
[4,] -0.009625641 -0.007505960 -0.014131655  4.608995e-03 -0.0028335347
[5,] -0.004125718 -0.007011409 -0.004643989  1.114834e-02  0.0086291023


outLSI-2$v: nRows = 5587, nCols = 20
             [,1]         [,2]         [,3]         [,4]         [,5]
[1,] -0.010995571  0.016520945  0.009602688 -0.002687649 -0.006051802
[2,] -0.013646018  0.023268937  0.012253011  0.010168983 -0.007953270
[3,] -0.012386403  0.021580655  0.006761523  0.004152069 -0.005647606
[4,] -0.009968025  0.013184627 -0.020540024 -0.009232352  0.008365392
[5,] -0.008872427 -0.003816253  0.005332351 -0.015518889 -0.002547817


outLSI-2$binarize: length = 1
[1] TRUE


outLSI-2$scaleTo: length = 1
[1] 10000


outLSI-2$nDimensions: length = 1
[1] 20


outLSI-2$LSIMethod: length = 1
[1] 2


outLSI-2$outliers: length = 238
[1] "Perturb_CD4_stim#AAACTGCAGTACTCTG-1" "Perturb_CD4_stim#AAACTGCCATCCGTGG-1"
[3] "Perturb_CD4_stim#AAAGGGCCAGGCAGAT-1" "Perturb_CD4_stim#AAATGAGAGGGTCCCT-1"
[5] "Perturb_CD4_stim#AAATGAGCACAGGTAG-1" "Perturb_CD4_stim#AACCTGACATACCCGG-1"


outLSI-2$date: length = 1
[1] "2020-08-17"


outLSI-2$seed: length = 1
[1] 1


outLSI-2$scaleDims: length = 1
[1] TRUE


outLSI-2$useMatrix: length = 1
[1] "TileMatrix"


outLSI-2$tileSize: length = 1
[1] 500


2020-08-17 20:29:52 : Finished Running IterativeLSI, 1.501 mins elapsed.
