
           ___      .______        ______  __    __  .______      
          /   \     |   _  \      /      ||  |  |  | |   _  \     
         /  ^  \    |  |_)  |    |  ,----'|  |__|  | |  |_)  |    
        /  /_\  \   |      /     |  |     |   __   | |      /     
       /  _____  \  |  |\  \\___ |  `----.|  |  |  | |  |\  \\___.
      /__/     \__\ | _| `._____| \______||__|  |__| | _| `._____|
    
Logging With ArchR!

Start Time : 2020-08-17 20:35:38

------- ArchR Info

ArchRThreads = 30
ArchRGenome = Hg38

------- System Info

Computer OS = unix
Total Cores = 112

------- Session Info

R version 3.6.3 (2020-02-29)
Platform: x86_64-pc-linux-gnu (64-bit)
Running under: CentOS Linux 7 (Core)

Matrix products: default
BLAS:   /home/ytakeshima/tool/R-3.6.3/lib/libRblas.so
LAPACK: /home/ytakeshima/tool/R-3.6.3/lib/libRlapack.so

locale:
 [1] LC_CTYPE=en_US.UTF-8       LC_NUMERIC=C              
 [3] LC_TIME=en_US.UTF-8        LC_COLLATE=en_US.UTF-8    
 [5] LC_MONETARY=en_US.UTF-8    LC_MESSAGES=en_US.UTF-8   
 [7] LC_PAPER=en_US.UTF-8       LC_NAME=C                 
 [9] LC_ADDRESS=C               LC_TELEPHONE=C            
[11] LC_MEASUREMENT=en_US.UTF-8 LC_IDENTIFICATION=C       

attached base packages:
 [1] grid      parallel  stats4    stats     graphics  grDevices utils    
 [8] datasets  methods   base     

other attached packages:
 [1] uwot_0.1.8                        Seurat_3.1.5                     
 [3] Rsamtools_2.2.3                   BSgenome.Hsapiens.UCSC.hg38_1.4.1
 [5] BSgenome_1.54.0                   rtracklayer_1.46.0               
 [7] Biostrings_2.54.0                 XVector_0.26.0                   
 [9] gridExtra_2.3                     forcats_0.5.0                    
[11] stringr_1.4.0                     dplyr_1.0.0                      
[13] purrr_0.3.4                       readr_1.3.1                      
[15] tidyr_1.0.3                       tibble_3.0.1                     
[17] tidyverse_1.3.0                   patchwork_1.0.0                  
[19] ArchR_0.9.4                       magrittr_1.5                     
[21] rhdf5_2.30.1                      Matrix_1.2-18                    
[23] data.table_1.12.8                 SummarizedExperiment_1.16.1      
[25] DelayedArray_0.12.3               BiocParallel_1.20.1              
[27] matrixStats_0.56.0                Biobase_2.46.0                   
[29] GenomicRanges_1.38.0              GenomeInfoDb_1.22.1              
[31] IRanges_2.20.2                    S4Vectors_0.24.4                 
[33] BiocGenerics_0.32.0               ggplot2_3.3.2                    

loaded via a namespace (and not attached):
 [1] Rtsne_0.15               colorspace_1.4-1         ellipsis_0.3.1          
 [4] ggridges_0.5.2           fs_1.4.1                 rstudioapi_0.11         
 [7] leiden_0.3.3             listenv_0.8.0            farver_2.0.3            
[10] npsurv_0.4-0.1           ggrepel_0.8.2            RSpectra_0.16-0         
[13] fansi_0.4.1              lubridate_1.7.8          xml2_1.3.1              
[16] codetools_0.2-16         splines_3.6.3            lsei_1.2-0.1            
[19] jsonlite_1.6.1           Cairo_1.5-12             broom_0.5.6             
[22] ica_1.0-2                cluster_2.1.0            dbplyr_1.4.3            
[25] png_0.1-7                sctransform_0.2.1        compiler_3.6.3          
[28] httr_1.4.1               backports_1.1.8          lazyeval_0.2.2          
[31] assertthat_0.2.1         cli_2.0.2                htmltools_0.4.0         
[34] tools_3.6.3              rsvd_1.0.3               igraph_1.2.5            
[37] gtable_0.3.0             glue_1.4.1               GenomeInfoDbData_1.2.2  
[40] reshape2_1.4.4           RANN_2.6.1               rappdirs_0.3.1          
[43] Rcpp_1.0.4.6             cellranger_1.1.0         vctrs_0.3.1             
[46] ape_5.3                  nlme_3.1-147             lmtest_0.9-37           
[49] globals_0.12.5           rvest_0.3.5              lifecycle_0.2.0         
[52] irlba_2.3.3              gtools_3.8.2             XML_3.99-0.3            
[55] future_1.17.0            zlibbioc_1.32.0          MASS_7.3-51.6           
[58] zoo_1.8-7                scales_1.1.1             hms_0.5.3               
[61] RColorBrewer_1.1-2       pbapply_1.4-2            reticulate_1.15         
[64] stringi_1.4.6            rlang_0.4.6              pkgconfig_2.0.3         
[67] bitops_1.0-6             lattice_0.20-41          ROCR_1.0-11             
[70] Rhdf5lib_1.8.0           htmlwidgets_1.5.1        GenomicAlignments_1.22.1
[73] labeling_0.3             cowplot_1.0.0            tidyselect_1.1.0        
[76] RcppAnnoy_0.0.16         plyr_1.8.6               R6_2.4.1                
[79] generics_0.0.2           DBI_1.1.0                pillar_1.4.4            
[82] haven_2.2.0              withr_2.2.0              fitdistrplus_1.0-14     
[85] survival_3.1-12          RCurl_1.98-1.2           tsne_0.1-3              
[88] future.apply_1.5.0       modelr_0.1.6             crayon_1.3.4            
[91] KernSmooth_2.23-17       plotly_4.9.2.1           readxl_1.3.1            
[94] reprex_0.3.0             digest_0.6.25            munsell_0.5.0           
[97] viridisLite_0.3.0       


------- Log Info


2020-08-17 20:35:39 : peakSet, Class = GRanges
GRanges object with 112469 ranges and 12 metadata columns:
                     seqnames              ranges strand |     score
                        <Rle>           <IRanges>  <Rle> | <numeric>
    sgNFKB2_sgGuide2     chr1       827298-827798      * |   69.1625
    sgZAP70_sgGuide2     chr1       844380-844880      * |   12.0927
      sgCD4_sgGuide1     chr1       869662-870162      * |   37.6461
    sgNFKB2_sgGuide2     chr1       875232-875732      * |   3.02902
    sgNFKB2_sgGuide1     chr1       876372-876872      * |    13.391
                 ...      ...                 ...    ... .       ...
  sgCD3ECD4_sgGuide1     chrX 155632386-155632886      * |   34.1903
    sgNFKB2_sgGuide1     chrX 155767383-155767883      * |   4.75853
      sgNTC_sgGuide2     chrX 155880992-155881492      * |   120.955
    sgNFKB2_sgGuide1     chrX 155881548-155882048      * |   12.1979
      sgNTC_sgGuide1     chrX 155966801-155967301      * |   16.1022
                     replicateScoreQuantile groupScoreQuantile Reproducibility
                                  <numeric>          <numeric>       <numeric>
    sgNFKB2_sgGuide2                  0.875              0.686               2
    sgZAP70_sgGuide2                  0.594              0.207               2
      sgCD4_sgGuide1                  0.795              0.492               2
    sgNFKB2_sgGuide2                  0.273              0.045               2
    sgNFKB2_sgGuide1                  0.568              0.208               2
                 ...                    ...                ...             ...
  sgCD3ECD4_sgGuide1                  0.814              0.466               2
    sgNFKB2_sgGuide1                   0.54              0.165               2
      sgNTC_sgGuide2                  0.934              0.811               2
    sgNFKB2_sgGuide1                  0.544               0.19               2
      sgNTC_sgGuide1                  0.653              0.275               2
                                GroupReplicate distToGeneStart nearestGene
                                   <character>       <integer> <character>
    sgNFKB2_sgGuide2   sgNFKB2_sgGuide2._.Rep1              25   LINC00115
    sgZAP70_sgGuide2   sgZAP70_sgGuide2._.Rep1           17107   LINC00115
      sgCD4_sgGuide1     sgCD4_sgGuide1._.Rep1            6990      FAM41C
    sgNFKB2_sgGuide2   sgNFKB2_sgGuide2._.Rep2            1420      FAM41C
    sgNFKB2_sgGuide1   sgNFKB2_sgGuide1._.Rep1             280      FAM41C
                 ...                       ...             ...         ...
  sgCD3ECD4_sgGuide1 sgCD3ECD4_sgGuide1._.Rep1           37307       TMLHE
    sgNFKB2_sgGuide1   sgNFKB2_sgGuide1._.Rep2           97688       TMLHE
      sgNTC_sgGuide2     sgNTC_sgGuide2._.Rep1          211297       TMLHE
    sgNFKB2_sgGuide1   sgNFKB2_sgGuide1._.Rep1          211853       TMLHE
      sgNTC_sgGuide1     sgNTC_sgGuide1._.Rep1          297106       TMLHE
                        peakType distToTSS  nearestTSS        GC       idx
                     <character> <integer> <character> <numeric> <integer>
    sgNFKB2_sgGuide2    Promoter        25  uc031tlo.2    0.6886         1
    sgZAP70_sgGuide2    Intronic      6717  uc031tlo.2     0.513         2
      sgCD4_sgGuide1    Intronic       288  uc057aux.1    0.7305         3
    sgNFKB2_sgGuide2    Intronic      1319  uc057aux.1    0.5629         4
    sgNFKB2_sgGuide1    Intronic       179  uc057aux.1    0.5888         5
                 ...         ...       ...         ...       ...       ...
  sgCD3ECD4_sgGuide1    Intronic     19699  uc061qgd.1    0.4271      2846
    sgNFKB2_sgGuide1      Distal       178  uc061qgd.1     0.519      2847
      sgNTC_sgGuide2      Distal        50  uc061qgd.1    0.6148      2848
    sgNFKB2_sgGuide1      Distal       419  uc061qgd.1    0.4591      2849
      sgNTC_sgGuide1      Distal     30529  uc061qgd.1    0.4072      2850
  -------
  seqinfo: 23 sequences from an unspecified genome; no seqlengths

2020-08-17 20:35:39 : Batch Execution w/ safelapply!, 0 mins elapsed.

2020-08-17 20:35:39 : featureDF, Class = data.frame
featureDF: nRows = 112469, nCols = 4
  seqnames idx  start    end
1     chr1   1 827298 827798
2     chr1   2 844380 844880
3     chr1   3 869662 870162
4     chr1   4 875232 875732
5     chr1   5 876372 876872
6     chr1   6 904430 904930


2020-08-17 20:35:39 : Adding Perturb_CD4_stim to PeakMatrix for Chr (1 of 23)!, 0.008 mins elapsed.
2020-08-17 20:35:51 : Adding Perturb_CD4_stim to PeakMatrix for Chr (2 of 23)!, 0.202 mins elapsed.
2020-08-17 20:35:57 : Adding Perturb_CD4_stim to PeakMatrix for Chr (3 of 23)!, 0.308 mins elapsed.
2020-08-17 20:36:02 : Adding Perturb_CD4_stim to PeakMatrix for Chr (4 of 23)!, 0.39 mins elapsed.
2020-08-17 20:36:06 : Adding Perturb_CD4_stim to PeakMatrix for Chr (5 of 23)!, 0.456 mins elapsed.
2020-08-17 20:36:10 : Adding Perturb_CD4_stim to PeakMatrix for Chr (6 of 23)!, 0.525 mins elapsed.
2020-08-17 20:36:15 : Adding Perturb_CD4_stim to PeakMatrix for Chr (7 of 23)!, 0.605 mins elapsed.
2020-08-17 20:36:19 : Adding Perturb_CD4_stim to PeakMatrix for Chr (8 of 23)!, 0.67 mins elapsed.
2020-08-17 20:36:23 : Adding Perturb_CD4_stim to PeakMatrix for Chr (9 of 23)!, 0.731 mins elapsed.
2020-08-17 20:36:26 : Adding Perturb_CD4_stim to PeakMatrix for Chr (10 of 23)!, 0.789 mins elapsed.
2020-08-17 20:36:30 : Adding Perturb_CD4_stim to PeakMatrix for Chr (11 of 23)!, 0.851 mins elapsed.
2020-08-17 20:36:35 : Adding Perturb_CD4_stim to PeakMatrix for Chr (12 of 23)!, 0.927 mins elapsed.
2020-08-17 20:36:39 : Adding Perturb_CD4_stim to PeakMatrix for Chr (13 of 23)!, 0.995 mins elapsed.
2020-08-17 20:36:42 : Adding Perturb_CD4_stim to PeakMatrix for Chr (14 of 23)!, 1.042 mins elapsed.
2020-08-17 20:36:45 : Adding Perturb_CD4_stim to PeakMatrix for Chr (15 of 23)!, 1.095 mins elapsed.
2020-08-17 20:36:48 : Adding Perturb_CD4_stim to PeakMatrix for Chr (16 of 23)!, 1.143 mins elapsed.
2020-08-17 20:36:51 : Adding Perturb_CD4_stim to PeakMatrix for Chr (17 of 23)!, 1.195 mins elapsed.
2020-08-17 20:36:54 : Adding Perturb_CD4_stim to PeakMatrix for Chr (18 of 23)!, 1.254 mins elapsed.
2020-08-17 20:36:57 : Adding Perturb_CD4_stim to PeakMatrix for Chr (19 of 23)!, 1.294 mins elapsed.
2020-08-17 20:37:00 : Adding Perturb_CD4_stim to PeakMatrix for Chr (20 of 23)!, 1.349 mins elapsed.
2020-08-17 20:37:02 : Adding Perturb_CD4_stim to PeakMatrix for Chr (21 of 23)!, 1.392 mins elapsed.
2020-08-17 20:37:05 : Adding Perturb_CD4_stim to PeakMatrix for Chr (22 of 23)!, 1.426 mins elapsed.
2020-08-17 20:37:07 : Adding Perturb_CD4_stim to PeakMatrix for Chr (23 of 23)!, 1.463 mins elapsed.

------- Completed

End Time : 2020-08-17 20:37:10
Elapsed Time Minutes = 1.53355788787206
Elapsed Time Hours = 0.0255593540271123

-------



