
           ___      .______        ______  __    __  .______      
          /   \     |   _  \      /      ||  |  |  | |   _  \     
         /  ^  \    |  |_)  |    |  ,----'|  |__|  | |  |_)  |    
        /  /_\  \   |      /     |  |     |   __   | |      /     
       /  _____  \  |  |\  \\___ |  `----.|  |  |  | |  |\  \\___.
      /__/     \__\ | _| `._____| \______||__|  |__| | _| `._____|
    
Logging With ArchR!

Start Time : 2020-08-17 20:32:52

------- ArchR Info

ArchRThreads = 30
ArchRGenome = Hg38

------- System Info

Computer OS = unix
Total Cores = 112

------- Session Info

R version 3.6.3 (2020-02-29)
Platform: x86_64-pc-linux-gnu (64-bit)
Running under: CentOS Linux 7 (Core)

Matrix products: default
BLAS:   /home/ytakeshima/tool/R-3.6.3/lib/libRblas.so
LAPACK: /home/ytakeshima/tool/R-3.6.3/lib/libRlapack.so

locale:
 [1] LC_CTYPE=en_US.UTF-8       LC_NUMERIC=C              
 [3] LC_TIME=en_US.UTF-8        LC_COLLATE=en_US.UTF-8    
 [5] LC_MONETARY=en_US.UTF-8    LC_MESSAGES=en_US.UTF-8   
 [7] LC_PAPER=en_US.UTF-8       LC_NAME=C                 
 [9] LC_ADDRESS=C               LC_TELEPHONE=C            
[11] LC_MEASUREMENT=en_US.UTF-8 LC_IDENTIFICATION=C       

attached base packages:
 [1] grid      parallel  stats4    stats     graphics  grDevices utils    
 [8] datasets  methods   base     

other attached packages:
 [1] uwot_0.1.8                        Seurat_3.1.5                     
 [3] Rsamtools_2.2.3                   BSgenome.Hsapiens.UCSC.hg38_1.4.1
 [5] BSgenome_1.54.0                   rtracklayer_1.46.0               
 [7] Biostrings_2.54.0                 XVector_0.26.0                   
 [9] gridExtra_2.3                     forcats_0.5.0                    
[11] stringr_1.4.0                     dplyr_1.0.0                      
[13] purrr_0.3.4                       readr_1.3.1                      
[15] tidyr_1.0.3                       tibble_3.0.1                     
[17] tidyverse_1.3.0                   patchwork_1.0.0                  
[19] ArchR_0.9.4                       magrittr_1.5                     
[21] rhdf5_2.30.1                      Matrix_1.2-18                    
[23] data.table_1.12.8                 SummarizedExperiment_1.16.1      
[25] DelayedArray_0.12.3               BiocParallel_1.20.1              
[27] matrixStats_0.56.0                Biobase_2.46.0                   
[29] GenomicRanges_1.38.0              GenomeInfoDb_1.22.1              
[31] IRanges_2.20.2                    S4Vectors_0.24.4                 
[33] BiocGenerics_0.32.0               ggplot2_3.3.2                    

loaded via a namespace (and not attached):
 [1] Rtsne_0.15               colorspace_1.4-1         ellipsis_0.3.1          
 [4] ggridges_0.5.2           fs_1.4.1                 rstudioapi_0.11         
 [7] leiden_0.3.3             listenv_0.8.0            farver_2.0.3            
[10] npsurv_0.4-0.1           ggrepel_0.8.2            RSpectra_0.16-0         
[13] fansi_0.4.1              lubridate_1.7.8          xml2_1.3.1              
[16] codetools_0.2-16         splines_3.6.3            lsei_1.2-0.1            
[19] jsonlite_1.6.1           Cairo_1.5-12             broom_0.5.6             
[22] ica_1.0-2                cluster_2.1.0            dbplyr_1.4.3            
[25] png_0.1-7                sctransform_0.2.1        compiler_3.6.3          
[28] httr_1.4.1               backports_1.1.8          lazyeval_0.2.2          
[31] assertthat_0.2.1         cli_2.0.2                htmltools_0.4.0         
[34] tools_3.6.3              rsvd_1.0.3               igraph_1.2.5            
[37] gtable_0.3.0             glue_1.4.1               GenomeInfoDbData_1.2.2  
[40] reshape2_1.4.4           RANN_2.6.1               rappdirs_0.3.1          
[43] Rcpp_1.0.4.6             cellranger_1.1.0         vctrs_0.3.1             
[46] ape_5.3                  nlme_3.1-147             lmtest_0.9-37           
[49] globals_0.12.5           rvest_0.3.5              lifecycle_0.2.0         
[52] irlba_2.3.3              gtools_3.8.2             XML_3.99-0.3            
[55] future_1.17.0            zlibbioc_1.32.0          MASS_7.3-51.6           
[58] zoo_1.8-7                scales_1.1.1             hms_0.5.3               
[61] RColorBrewer_1.1-2       pbapply_1.4-2            reticulate_1.15         
[64] stringi_1.4.6            rlang_0.4.6              pkgconfig_2.0.3         
[67] bitops_1.0-6             lattice_0.20-41          ROCR_1.0-11             
[70] Rhdf5lib_1.8.0           htmlwidgets_1.5.1        GenomicAlignments_1.22.1
[73] labeling_0.3             cowplot_1.0.0            tidyselect_1.1.0        
[76] RcppAnnoy_0.0.16         plyr_1.8.6               R6_2.4.1                
[79] generics_0.0.2           DBI_1.1.0                pillar_1.4.4            
[82] haven_2.2.0              withr_2.2.0              fitdistrplus_1.0-14     
[85] survival_3.1-12          RCurl_1.98-1.2           tsne_0.1-3              
[88] future.apply_1.5.0       modelr_0.1.6             crayon_1.3.4            
[91] KernSmooth_2.23-17       plotly_4.9.2.1           readxl_1.3.1            
[94] reprex_0.3.0             digest_0.6.25            munsell_0.5.0           
[97] viridisLite_0.3.0       


------- Log Info


2020-08-17 20:32:52 : ReproduciblePeakSet Args, Class = list

ReproduciblePeakSet Args$ArchRProj: length = 1
class: ArchRProject 
outputDirectory: /home/ytakeshima/wd/2020/200817_Perturb_CD4_w_reseq_log_check_final/ArchR/plot_Perturb_CD4_stim 
samples(1): Perturb_CD4_stim
sampleColData names(1): ArrowFiles
cellColData names(18): Sample TSSEnrichment ... HTO_sgRNA Clusters
numberOfCells(1): 1
medianTSS(1): 9.077
medianFrags(1): 11898


ReproduciblePeakSet Args$groupBy: length = 1
[1] "HTO"


ReproduciblePeakSet Args$peakMethod: length = 1
[1] "Macs2"


ReproduciblePeakSet Args$reproducibility: length = 1
[1] "2"


ReproduciblePeakSet Args$peaksPerCell: length = 1
[1] 500


ReproduciblePeakSet Args$maxPeaks: length = 1
[1] 150000


ReproduciblePeakSet Args$minCells: length = 1
[1] 25


ReproduciblePeakSet Args$excludeChr: length = 2
[1] "chrM" "chrY"


ReproduciblePeakSet Args$pathToMacs2: length = 1
[1] "macs2"


ReproduciblePeakSet Args$genomeSize: length = 0
NULL


ReproduciblePeakSet Args$shift: length = 1
[1] -75


ReproduciblePeakSet Args$extsize: length = 1
[1] 150


ReproduciblePeakSet Args$method: length = 1
[1] "q"


ReproduciblePeakSet Args$cutOff: length = 1
[1] 0.1


ReproduciblePeakSet Args$additionalParams: length = 1
[1] "--nomodel --nolambda"


ReproduciblePeakSet Args$extendSummits: length = 1
[1] 250


ReproduciblePeakSet Args$promoterRegion: length = 2
[1] 2000  100


ReproduciblePeakSet Args$plot: length = 1
[1] TRUE


ReproduciblePeakSet Args$threads: length = 1
[1] 30


ReproduciblePeakSet Args$parallelParam: length = 0
NULL


ReproduciblePeakSet Args$force: length = 1
[1] FALSE


ReproduciblePeakSet Args$verbose: length = 1
[1] TRUE


ReproduciblePeakSet Args$logFile: length = 1
[1] "ArchRLogs/ArchR-addReproduciblePeakSet-35d901abce661-Date-2020-08-17_Time-20-32-52.log"



2020-08-17 20:32:52 : Calling Peaks with Macs2
2020-08-17 20:32:52 : Peak Calling Parameters!, 0.008 mins elapsed.

2020-08-17 20:32:52 : PeakCallSummary, Class = data.frame
PeakCallSummary: nRows = 10, nCols = 7
                                Group nCells nCellsUsed nReplicates nMin nMax
sgCD3E_sgGuide2       sgCD3E_sgGuide2    621        540           2   40  500
sgCD3ECD4_sgGuide1 sgCD3ECD4_sgGuide1    639        540           2   40  500
sgCD4_sgGuide1         sgCD4_sgGuide1    548        540           2   40  500
sgCD4_sgGuide2         sgCD4_sgGuide2    620        540           2   40  500
sgNFKB2_sgGuide1     sgNFKB2_sgGuide1    534        534           2   40  494
sgNFKB2_sgGuide2     sgNFKB2_sgGuide2    494        494           2   40  454
                   maxPeaks
sgCD3E_sgGuide2      150000
sgCD3ECD4_sgGuide1   150000
sgCD4_sgGuide1       150000
sgCD4_sgGuide2       150000
sgNFKB2_sgGuide1     150000
sgNFKB2_sgGuide2     150000


2020-08-17 20:32:53 : Batching Peak Calls!, 0.01 mins elapsed.

2020-08-17 20:32:53 : PeakArgs, Class = list

PeakArgs$X: length = 20
[1] 1 2 3 4 5 6


PeakArgs$FUN: length = 1
                                                                                
1 function (i = NULL, coverageFiles = NULL, outFiles = NULL, peakParams = NULL, 
2     bedDir = NULL, excludeChr = NULL, subThreads = 1, tstart = NULL,          
3     logFile = NULL)                                                           
4 {                                                                             
5     .logDiffTime(sprintf("Group %s of %s, Calling Peaks with MACS2!",         
6         i, length(coverageFiles)), tstart, verbose = TRUE, logFile = logFile) 


PeakArgs$coverageFiles: length = 20
                                                                                                                                               sgCD3E_sgGuide2._.Rep1 
   "/home/ytakeshima/wd/2020/200817_Perturb_CD4_w_reseq_log_check_final/ArchR/plot_Perturb_CD4_stim/GroupCoverages/HTO/sgCD3E_sgGuide2._.Rep1.insertions.coverage.h5" 
                                                                                                                                               sgCD3E_sgGuide2._.Rep2 
   "/home/ytakeshima/wd/2020/200817_Perturb_CD4_w_reseq_log_check_final/ArchR/plot_Perturb_CD4_stim/GroupCoverages/HTO/sgCD3E_sgGuide2._.Rep2.insertions.coverage.h5" 
                                                                                                                                            sgCD3ECD4_sgGuide1._.Rep1 
"/home/ytakeshima/wd/2020/200817_Perturb_CD4_w_reseq_log_check_final/ArchR/plot_Perturb_CD4_stim/GroupCoverages/HTO/sgCD3ECD4_sgGuide1._.Rep1.insertions.coverage.h5" 
                                                                                                                                            sgCD3ECD4_sgGuide1._.Rep2 
"/home/ytakeshima/wd/2020/200817_Perturb_CD4_w_reseq_log_check_final/ArchR/plot_Perturb_CD4_stim/GroupCoverages/HTO/sgCD3ECD4_sgGuide1._.Rep2.insertions.coverage.h5" 
                                                                                                                                                sgCD4_sgGuide1._.Rep1 
    "/home/ytakeshima/wd/2020/200817_Perturb_CD4_w_reseq_log_check_final/ArchR/plot_Perturb_CD4_stim/GroupCoverages/HTO/sgCD4_sgGuide1._.Rep1.insertions.coverage.h5" 
                                                                                                                                                sgCD4_sgGuide1._.Rep2 
    "/home/ytakeshima/wd/2020/200817_Perturb_CD4_w_reseq_log_check_final/ArchR/plot_Perturb_CD4_stim/GroupCoverages/HTO/sgCD4_sgGuide1._.Rep2.insertions.coverage.h5" 


PeakArgs$outFiles: length = 20
[1] "/home/ytakeshima/wd/2020/200817_Perturb_CD4_w_reseq_log_check_final/ArchR/plot_Perturb_CD4_stim/PeakCalls/ReplicateCalls/sgCD3E_sgGuide2._.Rep1-summits.rds"   
[2] "/home/ytakeshima/wd/2020/200817_Perturb_CD4_w_reseq_log_check_final/ArchR/plot_Perturb_CD4_stim/PeakCalls/ReplicateCalls/sgCD3E_sgGuide2._.Rep2-summits.rds"   
[3] "/home/ytakeshima/wd/2020/200817_Perturb_CD4_w_reseq_log_check_final/ArchR/plot_Perturb_CD4_stim/PeakCalls/ReplicateCalls/sgCD3ECD4_sgGuide1._.Rep1-summits.rds"
[4] "/home/ytakeshima/wd/2020/200817_Perturb_CD4_w_reseq_log_check_final/ArchR/plot_Perturb_CD4_stim/PeakCalls/ReplicateCalls/sgCD3ECD4_sgGuide1._.Rep2-summits.rds"
[5] "/home/ytakeshima/wd/2020/200817_Perturb_CD4_w_reseq_log_check_final/ArchR/plot_Perturb_CD4_stim/PeakCalls/ReplicateCalls/sgCD4_sgGuide1._.Rep1-summits.rds"    
[6] "/home/ytakeshima/wd/2020/200817_Perturb_CD4_w_reseq_log_check_final/ArchR/plot_Perturb_CD4_stim/PeakCalls/ReplicateCalls/sgCD4_sgGuide1._.Rep2-summits.rds"    


PeakArgs$bedDir: length = 1
[1] "/home/ytakeshima/wd/2020/200817_Perturb_CD4_w_reseq_log_check_final/ArchR/plot_Perturb_CD4_stim/PeakCalls/InsertionBeds"


PeakArgs$excludeChr: length = 2
[1] "chrM" "chrY"


PeakArgs$threads: length = 1
[1] 30


PeakArgs$logFile: length = 1
[1] "ArchRLogs/ArchR-addReproduciblePeakSet-35d901abce661-Date-2020-08-17_Time-20-32-52.log"


PeakArgs$registryDir: length = 1
[1] "/home/ytakeshima/wd/2020/200817_Perturb_CD4_w_reseq_log_check_final/ArchR/plot_Perturb_CD4_stim/PeakCalls/batchRegistry"


2020-08-17 20:32:53 : Batch Execution w/ safelapply!, 0 mins elapsed.
2020-08-17 20:32:53 : Group 1 of 20, Calling Peaks with MACS2!, 0.001 mins elapsed.
2020-08-17 20:32:53 : Group 2 of 20, Calling Peaks with MACS2!, 0.002 mins elapsed.
2020-08-17 20:32:53 : Group 3 of 20, Calling Peaks with MACS2!, 0.003 mins elapsed.
2020-08-17 20:32:53 : Group 4 of 20, Calling Peaks with MACS2!, 0.003 mins elapsed.

2020-08-17 20:32:53 : InsertionSites, Class = integer

InsertionSites: length = 81038
[1] 181522 181709 191458 191536 629914 629969

2020-08-17 20:32:53 : Group 5 of 20, Calling Peaks with MACS2!, 0.004 mins elapsed.


2020-08-17 20:32:53 : InsertionSites-DT, Class = data.table
 
2020-08-17 20:32:53 : InsertionSites-DT, Class = data.frame
InsertionSites-DT: nRows = 81038, nCols = 3
   seqnames  start    end
1:     chr1 181521 181522
2:     chr1 181708 181709
3:     chr1 191457 191458
4:     chr1 191535 191536
5:     chr1 629913 629914
6:     chr1 629968 629969


2020-08-17 20:32:53 : Group 6 of 20, Calling Peaks with MACS2!, 0.005 mins elapsed.

2020-08-17 20:32:53 : InsertionSites, Class = integer

InsertionSites: length = 91828
[1] 104958 105024 135051 135225 181395 181463


2020-08-17 20:32:53 : Group 7 of 20, Calling Peaks with MACS2!, 0.005 mins elapsed.

2020-08-17 20:32:53 : InsertionSites-DT, Class = data.table
 
2020-08-17 20:32:53 : InsertionSites-DT, Class = data.frame
InsertionSites-DT: nRows = 91828, nCols = 3
   seqnames  start    end
1:     chr1 104957 104958
2:     chr1 105023 105024
3:     chr1 135050 135051
4:     chr1 135224 135225
5:     chr1 181394 181395
6:     chr1 181462 181463


2020-08-17 20:32:53 : Group 8 of 20, Calling Peaks with MACS2!, 0.006 mins elapsed.
2020-08-17 20:32:53 : Group 9 of 20, Calling Peaks with MACS2!, 0.007 mins elapsed.

2020-08-17 20:32:53 : InsertionSites, Class = integer

InsertionSites: length = 150798
[1] 48920 49353 54658 54721 79584 79813



2020-08-17 20:32:53 : InsertionSites-DT, Class = data.table
 
2020-08-17 20:32:53 : InsertionSites-DT, Class = data.frame
InsertionSites-DT: nRows = 150798, nCols = 3
   seqnames start   end
1:     chr1 48919 48920
2:     chr1 49352 49353
3:     chr1 54657 54658
4:     chr1 54720 54721
5:     chr1 79583 79584
6:     chr1 79812 79813


2020-08-17 20:32:53 : Group 10 of 20, Calling Peaks with MACS2!, 0.007 mins elapsed.

2020-08-17 20:32:53 : InsertionSites, Class = integer

InsertionSites: length = 111626
[1] 629922 629969 633980 634085 778422 778619


2020-08-17 20:32:53 : Group 11 of 20, Calling Peaks with MACS2!, 0.008 mins elapsed.

2020-08-17 20:32:53 : InsertionSites-DT, Class = data.table
 
2020-08-17 20:32:53 : InsertionSites-DT, Class = data.frame
InsertionSites-DT: nRows = 111626, nCols = 3
   seqnames  start    end
1:     chr1 629921 629922
2:     chr1 629968 629969
3:     chr1 633979 633980
4:     chr1 634084 634085
5:     chr1 778421 778422
6:     chr1 778618 778619


2020-08-17 20:32:53 : Group 12 of 20, Calling Peaks with MACS2!, 0.009 mins elapsed.
2020-08-17 20:32:53 : Group 13 of 20, Calling Peaks with MACS2!, 0.01 mins elapsed.

2020-08-17 20:32:53 : InsertionSites, Class = integer

InsertionSites: length = 135756
[1]  72842  73253 185694 185717 600631 600823



2020-08-17 20:32:53 : InsertionSites-DT, Class = data.table
 
2020-08-17 20:32:53 : InsertionSites-DT, Class = data.frame
2020-08-17 20:32:53 : Group 14 of 20, Calling Peaks with MACS2!, 0.01 mins elapsed.
InsertionSites-DT: nRows = 135756, nCols = 3
   seqnames  start    end
1:     chr1  72841  72842
2:     chr1  73252  73253
3:     chr1 185693 185694
4:     chr1 185716 185717
5:     chr1 600630 600631
6:     chr1 600822 600823


2020-08-17 20:32:53 : Group 15 of 20, Calling Peaks with MACS2!, 0.011 mins elapsed.

2020-08-17 20:32:53 : InsertionSites, Class = integer


2020-08-17 20:32:53 : InsertionSites, Class = integer
2020-08-17 20:32:53 : Group 16 of 20, Calling Peaks with MACS2!, 0.012 mins elapsed.
InsertionSites: length = 152200

InsertionSites: length = 1122362
[1]  66688  66847 101670 102042 183588 183801

[1] 54318 54403 85893 86034 89812 89982




2020-08-17 20:32:53 : InsertionSites-DT, Class = data.table
 
2020-08-17 20:32:53 : InsertionSites-DT, Class = data.frame
InsertionSites-DT: nRows = 152200, nCols = 3

2020-08-17 20:32:53 : InsertionSites-DT, Class = data.table
 
2020-08-17 20:32:53 : InsertionSites-DT, Class = data.frame
InsertionSites-DT: nRows = 1122362, nCols = 3
   seqnames  start    end
1:     chr1  66687  66688
2:     chr1  66846  66847
3:     chr1 101669 101670
4:     chr1 102041 102042
5:     chr1 183587 183588
6:     chr1 183800 183801

   seqnames start   end
1:     chr1 54317 54318
2:     chr1 54402 54403
3:     chr1 85892 85893
4:     chr1 86033 86034
5:     chr1 89811 89812
6:     chr1 89981 89982



2020-08-17 20:32:53 : Group 17 of 20, Calling Peaks with MACS2!, 0.012 mins elapsed.
2020-08-17 20:32:53 : Group 18 of 20, Calling Peaks with MACS2!, 0.013 mins elapsed.

2020-08-17 20:32:53 : InsertionSites, Class = integer

InsertionSites: length = 141696
[1]  10335  10542 633977 633979 633981 634025



2020-08-17 20:32:53 : InsertionSites-DT, Class = data.table
 
2020-08-17 20:32:53 : InsertionSites-DT, Class = data.frame

2020-08-17 20:32:53 : InsertionSites, Class = integer
InsertionSites-DT: nRows = 141696, nCols = 3

InsertionSites: length = 1204108
[1]  82162  82341  98549  98988 100293 100884
   seqnames  start    end
1:     chr1  10334  10335
2:     chr1  10541  10542
3:     chr1 633976 633977
4:     chr1 633978 633979
5:     chr1 633980 633981
6:     chr1 634024 634025




2020-08-17 20:32:53 : Group 19 of 20, Calling Peaks with MACS2!, 0.014 mins elapsed.

2020-08-17 20:32:53 : InsertionSites-DT, Class = data.table
 
2020-08-17 20:32:53 : InsertionSites-DT, Class = data.frame

2020-08-17 20:32:53 : InsertionSites, Class = integer
InsertionSites-DT: nRows = 1204108, nCols = 3
2020-08-17 20:32:53 : Group 20 of 20, Calling Peaks with MACS2!, 0.015 mins elapsed.

InsertionSites: length = 143348
   seqnames  start    end
1:     chr1  82161  82162
2:     chr1  82340  82341
3:     chr1  98548  98549
4:     chr1  98987  98988
5:     chr1 100292 100293
6:     chr1 100883 100884
[1]
  10554  10610 181395 181452 629914 629962




2020-08-17 20:32:53 : InsertionSites-DT, Class = data.table
 
2020-08-17 20:32:53 : InsertionSites-DT, Class = data.frame
InsertionSites-DT: nRows = 143348, nCols = 3
   seqnames  start    end
1:     chr1  10553  10554
2:     chr1  10609  10610
3:     chr1 181394 181395
4:     chr1 181451 181452
5:     chr1 629913 629914
6:     chr1 629961 629962



2020-08-17 20:32:54 : InsertionSites, Class = integer

InsertionSites: length = 108448
[1] 633973 633988 634056 634092 777039 777244



2020-08-17 20:32:54 : InsertionSites-DT, Class = data.table
 
2020-08-17 20:32:54 : InsertionSites-DT, Class = data.frame
InsertionSites-DT: nRows = 108448, nCols = 3
   seqnames  start    end
1:     chr1 633972 633973
2:     chr1 633987 633988
3:     chr1 634055 634056
4:     chr1 634091 634092
5:     chr1 777038 777039
6:     chr1 777243 777244



2020-08-17 20:32:54 : InsertionSites, Class = integer

InsertionSites: length = 102534
[1] 181488 181721 183617 183831 630103 630138



2020-08-17 20:32:54 : InsertionSites-DT, Class = data.table
 
2020-08-17 20:32:54 : InsertionSites-DT, Class = data.frame
InsertionSites-DT: nRows = 102534, nCols = 3
   seqnames  start    end
1:     chr1 181487 181488
2:     chr1 181720 181721
3:     chr1 183616 183617
4:     chr1 183830 183831
5:     chr1 630102 630103
6:     chr1 630137 630138



2020-08-17 20:32:54 : InsertionSites, Class = integer

InsertionSites: length = 1852046
[1] 10518 10583 16230 16266 56468 56640



2020-08-17 20:32:54 : InsertionSites, Class = integer

2020-08-17 20:32:54 : InsertionSites-DT, Class = data.table
 
2020-08-17 20:32:54 : InsertionSites-DT, Class = data.frame

InsertionSites-DT: nRows = 1852046, nCols = 3
InsertionSites: length = 1808226
[1] 10158 10279 10554 10608 17490 17524


   seqnames start   end
1:     chr1 10517 10518
2:     chr1 10582 10583
3:     chr1 16229 16230
4:     chr1 16265 16266
5:     chr1 56467 56468
6:     chr1 56639 56640



2020-08-17 20:32:54 : InsertionSites, Class = integer

InsertionSites: length = 1800392
[1] 10067 10086 10125 10209 60222 60280



2020-08-17 20:32:54 : InsertionSites-DT, Class = data.table
 
2020-08-17 20:32:54 : InsertionSites-DT, Class = data.frame
InsertionSites-DT: nRows = 1808226, nCols = 3
   seqnames start   end
1:     chr1 10157 10158
2:     chr1 10278 10279
3:     chr1 10553 10554
4:     chr1 10607 10608
5:     chr1 17489 17490
6:     chr1 17523 17524



2020-08-17 20:32:54 : InsertionSites-DT, Class = data.table
 
2020-08-17 20:32:54 : InsertionSites-DT, Class = data.frame
InsertionSites-DT: nRows = 1800392, nCols = 3
   seqnames start   end
1:     chr1 10066 10067
2:     chr1 10085 10086
3:     chr1 10124 10125
4:     chr1 10208 10209
5:     chr1 60221 60222
6:     chr1 60279 60280



2020-08-17 20:32:54 : InsertionSites, Class = integer

InsertionSites: length = 1764830
[1] 10062 10129 16955 17522 30854 31206



2020-08-17 20:32:54 : InsertionSites, Class = integer


2020-08-17 20:32:54 : InsertionSites, Class = integer

2020-08-17 20:32:54 : InsertionSites-DT, Class = data.table
 
2020-08-17 20:32:54 : InsertionSites-DT, Class = data.frame
InsertionSites: length = 1388886

InsertionSites-DT: nRows = 1764830, nCols = 3
[1] 17453 17623 55380 55803 85000 85254
InsertionSites: length = 1800998



2020-08-17 20:32:54 : InsertionSites, Class = integer
[1] 59048 59277 62172 62538 64946 65036



InsertionSites: length = 1219782
   seqnames start   end
1:     chr1 10061 10062
2:     chr1 10128 10129
3:     chr1 16954 16955
4:     chr1 17521 17522
5:     chr1 30853 30854
6:     chr1 31205 31206

[1] 10152 10168 10203 10265 10556 10610




2020-08-17 20:32:54 : InsertionSites-DT, Class = data.table
 
2020-08-17 20:32:54 : InsertionSites-DT, Class = data.frame
InsertionSites-DT: nRows = 1388886, nCols = 3
   seqnames start   end
1:     chr1 17452 17453
2:     chr1 17622 17623
3:     chr1 55379 55380
4:     chr1 55802 55803
5:     chr1 84999 85000
6:     chr1 85253 85254



2020-08-17 20:32:54 : InsertionSites-DT, Class = data.table
 
2020-08-17 20:32:54 : InsertionSites-DT, Class = data.frame

2020-08-17 20:32:54 : InsertionSites-DT, Class = data.table
 
2020-08-17 20:32:54 : InsertionSites-DT, Class = data.frame
InsertionSites-DT: nRows = 1219782, nCols = 3
InsertionSites-DT: nRows = 1800998, nCols = 3
   seqnames start   end
1:     chr1 10151 10152
2:     chr1 10167 10168
3:     chr1 10202 10203
4:     chr1 10264 10265
5:     chr1 10555 10556
6:     chr1 10609 10610
   seqnames start   end
1:     chr1 59047 59048
2:     chr1 59276 59277
3:     chr1 62171 62172
4:     chr1 62537 62538
5:     chr1 64945 64946
6:     chr1 65035 65036





2020-08-17 20:32:55 : Running Macs2 with Params : macs2 callpeak -g 2.7e+09 --name sgCD3E_sgGuide2._.Rep2-2 --treatment /home/ytakeshima/wd/2020/200817_Perturb_CD4_w_reseq_log_check_final/ArchR/plot_Perturb_CD4_stim/PeakCalls/InsertionBeds/sgCD3E_sgGuide2._.Rep2-2.insertions.bed --outdir /home/ytakeshima/wd/2020/200817_Perturb_CD4_w_reseq_log_check_final/ArchR/plot_Perturb_CD4_stim/PeakCalls/InsertionBeds --format BED --call-summits --keep-dup all --nomodel --nolambda --shift -75 --extsize 150 -q 0.1

2020-08-17 20:32:55 : Running Macs2 with Params : macs2 callpeak -g 2.7e+09 --name sgCD4_sgGuide2._.Rep2-8 --treatment /home/ytakeshima/wd/2020/200817_Perturb_CD4_w_reseq_log_check_final/ArchR/plot_Perturb_CD4_stim/PeakCalls/InsertionBeds/sgCD4_sgGuide2._.Rep2-8.insertions.bed --outdir /home/ytakeshima/wd/2020/200817_Perturb_CD4_w_reseq_log_check_final/ArchR/plot_Perturb_CD4_stim/PeakCalls/InsertionBeds --format BED --call-summits --keep-dup all --nomodel --nolambda --shift -75 --extsize 150 -q 0.1

2020-08-17 20:32:55 : Running Macs2 with Params : macs2 callpeak -g 2.7e+09 --name sgCD3ECD4_sgGuide1._.Rep2-4 --treatment /home/ytakeshima/wd/2020/200817_Perturb_CD4_w_reseq_log_check_final/ArchR/plot_Perturb_CD4_stim/PeakCalls/InsertionBeds/sgCD3ECD4_sgGuide1._.Rep2-4.insertions.bed --outdir /home/ytakeshima/wd/2020/200817_Perturb_CD4_w_reseq_log_check_final/ArchR/plot_Perturb_CD4_stim/PeakCalls/InsertionBeds --format BED --call-summits --keep-dup all --nomodel --nolambda --shift -75 --extsize 150 -q 0.1

2020-08-17 20:32:55 : Running Macs2 with Params : macs2 callpeak -g 2.7e+09 --name sgCD4_sgGuide1._.Rep2-6 --treatment /home/ytakeshima/wd/2020/200817_Perturb_CD4_w_reseq_log_check_final/ArchR/plot_Perturb_CD4_stim/PeakCalls/InsertionBeds/sgCD4_sgGuide1._.Rep2-6.insertions.bed --outdir /home/ytakeshima/wd/2020/200817_Perturb_CD4_w_reseq_log_check_final/ArchR/plot_Perturb_CD4_stim/PeakCalls/InsertionBeds --format BED --call-summits --keep-dup all --nomodel --nolambda --shift -75 --extsize 150 -q 0.1

2020-08-17 20:32:55 : Running Macs2 with Params : macs2 callpeak -g 2.7e+09 --name sgNFKB2_sgGuide1._.Rep2-10 --treatment /home/ytakeshima/wd/2020/200817_Perturb_CD4_w_reseq_log_check_final/ArchR/plot_Perturb_CD4_stim/PeakCalls/InsertionBeds/sgNFKB2_sgGuide1._.Rep2-10.insertions.bed --outdir /home/ytakeshima/wd/2020/200817_Perturb_CD4_w_reseq_log_check_final/ArchR/plot_Perturb_CD4_stim/PeakCalls/InsertionBeds --format BED --call-summits --keep-dup all --nomodel --nolambda --shift -75 --extsize 150 -q 0.1

2020-08-17 20:32:55 : Running Macs2 with Params : macs2 callpeak -g 2.7e+09 --name sgNTC_sgGuide1._.Rep2-14 --treatment /home/ytakeshima/wd/2020/200817_Perturb_CD4_w_reseq_log_check_final/ArchR/plot_Perturb_CD4_stim/PeakCalls/InsertionBeds/sgNTC_sgGuide1._.Rep2-14.insertions.bed --outdir /home/ytakeshima/wd/2020/200817_Perturb_CD4_w_reseq_log_check_final/ArchR/plot_Perturb_CD4_stim/PeakCalls/InsertionBeds --format BED --call-summits --keep-dup all --nomodel --nolambda --shift -75 --extsize 150 -q 0.1

2020-08-17 20:32:55 : Running Macs2 with Params : macs2 callpeak -g 2.7e+09 --name sgNFKB2_sgGuide2._.Rep2-12 --treatment /home/ytakeshima/wd/2020/200817_Perturb_CD4_w_reseq_log_check_final/ArchR/plot_Perturb_CD4_stim/PeakCalls/InsertionBeds/sgNFKB2_sgGuide2._.Rep2-12.insertions.bed --outdir /home/ytakeshima/wd/2020/200817_Perturb_CD4_w_reseq_log_check_final/ArchR/plot_Perturb_CD4_stim/PeakCalls/InsertionBeds --format BED --call-summits --keep-dup all --nomodel --nolambda --shift -75 --extsize 150 -q 0.1

2020-08-17 20:32:55 : Running Macs2 with Params : macs2 callpeak -g 2.7e+09 --name sgNTC_sgGuide2._.Rep2-16 --treatment /home/ytakeshima/wd/2020/200817_Perturb_CD4_w_reseq_log_check_final/ArchR/plot_Perturb_CD4_stim/PeakCalls/InsertionBeds/sgNTC_sgGuide2._.Rep2-16.insertions.bed --outdir /home/ytakeshima/wd/2020/200817_Perturb_CD4_w_reseq_log_check_final/ArchR/plot_Perturb_CD4_stim/PeakCalls/InsertionBeds --format BED --call-summits --keep-dup all --nomodel --nolambda --shift -75 --extsize 150 -q 0.1

2020-08-17 20:32:55 : Running Macs2 with Params : macs2 callpeak -g 2.7e+09 --name sgZAP70_sgGuide1._.Rep2-18 --treatment /home/ytakeshima/wd/2020/200817_Perturb_CD4_w_reseq_log_check_final/ArchR/plot_Perturb_CD4_stim/PeakCalls/InsertionBeds/sgZAP70_sgGuide1._.Rep2-18.insertions.bed --outdir /home/ytakeshima/wd/2020/200817_Perturb_CD4_w_reseq_log_check_final/ArchR/plot_Perturb_CD4_stim/PeakCalls/InsertionBeds --format BED --call-summits --keep-dup all --nomodel --nolambda --shift -75 --extsize 150 -q 0.1

2020-08-17 20:32:56 : Running Macs2 with Params : macs2 callpeak -g 2.7e+09 --name sgZAP70_sgGuide2._.Rep2-20 --treatment /home/ytakeshima/wd/2020/200817_Perturb_CD4_w_reseq_log_check_final/ArchR/plot_Perturb_CD4_stim/PeakCalls/InsertionBeds/sgZAP70_sgGuide2._.Rep2-20.insertions.bed --outdir /home/ytakeshima/wd/2020/200817_Perturb_CD4_w_reseq_log_check_final/ArchR/plot_Perturb_CD4_stim/PeakCalls/InsertionBeds --format BED --call-summits --keep-dup all --nomodel --nolambda --shift -75 --extsize 150 -q 0.1

2020-08-17 20:32:56 : InsertionSites, Class = integer

InsertionSites: length = 2071906
[1] 10285 10431 10470 10557 16199 16266



2020-08-17 20:32:56 : InsertionSites-DT, Class = data.table
 
2020-08-17 20:32:56 : InsertionSites-DT, Class = data.frame
InsertionSites-DT: nRows = 2071906, nCols = 3
   seqnames start   end
1:     chr1 10284 10285
2:     chr1 10430 10431
3:     chr1 10469 10470
4:     chr1 10556 10557
5:     chr1 16198 16199
6:     chr1 16265 16266



2020-08-17 20:33:02 : Running Macs2 with Params : macs2 callpeak -g 2.7e+09 --name sgCD3E_sgGuide2._.Rep1-1 --treatment /home/ytakeshima/wd/2020/200817_Perturb_CD4_w_reseq_log_check_final/ArchR/plot_Perturb_CD4_stim/PeakCalls/InsertionBeds/sgCD3E_sgGuide2._.Rep1-1.insertions.bed --outdir /home/ytakeshima/wd/2020/200817_Perturb_CD4_w_reseq_log_check_final/ArchR/plot_Perturb_CD4_stim/PeakCalls/InsertionBeds --format BED --call-summits --keep-dup all --nomodel --nolambda --shift -75 --extsize 150 -q 0.1

2020-08-17 20:33:02 : Running Macs2 with Params : macs2 callpeak -g 2.7e+09 --name sgCD3ECD4_sgGuide1._.Rep1-3 --treatment /home/ytakeshima/wd/2020/200817_Perturb_CD4_w_reseq_log_check_final/ArchR/plot_Perturb_CD4_stim/PeakCalls/InsertionBeds/sgCD3ECD4_sgGuide1._.Rep1-3.insertions.bed --outdir /home/ytakeshima/wd/2020/200817_Perturb_CD4_w_reseq_log_check_final/ArchR/plot_Perturb_CD4_stim/PeakCalls/InsertionBeds --format BED --call-summits --keep-dup all --nomodel --nolambda --shift -75 --extsize 150 -q 0.1

2020-08-17 20:33:03 : Running Macs2 with Params : macs2 callpeak -g 2.7e+09 --name sgZAP70_sgGuide1._.Rep1-17 --treatment /home/ytakeshima/wd/2020/200817_Perturb_CD4_w_reseq_log_check_final/ArchR/plot_Perturb_CD4_stim/PeakCalls/InsertionBeds/sgZAP70_sgGuide1._.Rep1-17.insertions.bed --outdir /home/ytakeshima/wd/2020/200817_Perturb_CD4_w_reseq_log_check_final/ArchR/plot_Perturb_CD4_stim/PeakCalls/InsertionBeds --format BED --call-summits --keep-dup all --nomodel --nolambda --shift -75 --extsize 150 -q 0.1

2020-08-17 20:33:03 : Running Macs2 with Params : macs2 callpeak -g 2.7e+09 --name sgZAP70_sgGuide2._.Rep1-19 --treatment /home/ytakeshima/wd/2020/200817_Perturb_CD4_w_reseq_log_check_final/ArchR/plot_Perturb_CD4_stim/PeakCalls/InsertionBeds/sgZAP70_sgGuide2._.Rep1-19.insertions.bed --outdir /home/ytakeshima/wd/2020/200817_Perturb_CD4_w_reseq_log_check_final/ArchR/plot_Perturb_CD4_stim/PeakCalls/InsertionBeds --format BED --call-summits --keep-dup all --nomodel --nolambda --shift -75 --extsize 150 -q 0.1

2020-08-17 20:33:06 : Running Macs2 with Params : macs2 callpeak -g 2.7e+09 --name sgCD4_sgGuide2._.Rep1-7 --treatment /home/ytakeshima/wd/2020/200817_Perturb_CD4_w_reseq_log_check_final/ArchR/plot_Perturb_CD4_stim/PeakCalls/InsertionBeds/sgCD4_sgGuide2._.Rep1-7.insertions.bed --outdir /home/ytakeshima/wd/2020/200817_Perturb_CD4_w_reseq_log_check_final/ArchR/plot_Perturb_CD4_stim/PeakCalls/InsertionBeds --format BED --call-summits --keep-dup all --nomodel --nolambda --shift -75 --extsize 150 -q 0.1

2020-08-17 20:33:06 : Running Macs2 with Params : macs2 callpeak -g 2.7e+09 --name sgNFKB2_sgGuide1._.Rep1-9 --treatment /home/ytakeshima/wd/2020/200817_Perturb_CD4_w_reseq_log_check_final/ArchR/plot_Perturb_CD4_stim/PeakCalls/InsertionBeds/sgNFKB2_sgGuide1._.Rep1-9.insertions.bed --outdir /home/ytakeshima/wd/2020/200817_Perturb_CD4_w_reseq_log_check_final/ArchR/plot_Perturb_CD4_stim/PeakCalls/InsertionBeds --format BED --call-summits --keep-dup all --nomodel --nolambda --shift -75 --extsize 150 -q 0.1

2020-08-17 20:33:08 : Running Macs2 with Params : macs2 callpeak -g 2.7e+09 --name sgNFKB2_sgGuide2._.Rep1-11 --treatment /home/ytakeshima/wd/2020/200817_Perturb_CD4_w_reseq_log_check_final/ArchR/plot_Perturb_CD4_stim/PeakCalls/InsertionBeds/sgNFKB2_sgGuide2._.Rep1-11.insertions.bed --outdir /home/ytakeshima/wd/2020/200817_Perturb_CD4_w_reseq_log_check_final/ArchR/plot_Perturb_CD4_stim/PeakCalls/InsertionBeds --format BED --call-summits --keep-dup all --nomodel --nolambda --shift -75 --extsize 150 -q 0.1

2020-08-17 20:33:09 : Running Macs2 with Params : macs2 callpeak -g 2.7e+09 --name sgNTC_sgGuide2._.Rep1-15 --treatment /home/ytakeshima/wd/2020/200817_Perturb_CD4_w_reseq_log_check_final/ArchR/plot_Perturb_CD4_stim/PeakCalls/InsertionBeds/sgNTC_sgGuide2._.Rep1-15.insertions.bed --outdir /home/ytakeshima/wd/2020/200817_Perturb_CD4_w_reseq_log_check_final/ArchR/plot_Perturb_CD4_stim/PeakCalls/InsertionBeds --format BED --call-summits --keep-dup all --nomodel --nolambda --shift -75 --extsize 150 -q 0.1

2020-08-17 20:33:10 : Running Macs2 with Params : macs2 callpeak -g 2.7e+09 --name sgCD4_sgGuide1._.Rep1-5 --treatment /home/ytakeshima/wd/2020/200817_Perturb_CD4_w_reseq_log_check_final/ArchR/plot_Perturb_CD4_stim/PeakCalls/InsertionBeds/sgCD4_sgGuide1._.Rep1-5.insertions.bed --outdir /home/ytakeshima/wd/2020/200817_Perturb_CD4_w_reseq_log_check_final/ArchR/plot_Perturb_CD4_stim/PeakCalls/InsertionBeds --format BED --call-summits --keep-dup all --nomodel --nolambda --shift -75 --extsize 150 -q 0.1

2020-08-17 20:33:11 : Running Macs2 with Params : macs2 callpeak -g 2.7e+09 --name sgNTC_sgGuide1._.Rep1-13 --treatment /home/ytakeshima/wd/2020/200817_Perturb_CD4_w_reseq_log_check_final/ArchR/plot_Perturb_CD4_stim/PeakCalls/InsertionBeds/sgNTC_sgGuide1._.Rep1-13.insertions.bed --outdir /home/ytakeshima/wd/2020/200817_Perturb_CD4_w_reseq_log_check_final/ArchR/plot_Perturb_CD4_stim/PeakCalls/InsertionBeds --format BED --call-summits --keep-dup all --nomodel --nolambda --shift -75 --extsize 150 -q 0.1
2020-08-17 20:35:28 : Identifying Reproducible Peaks!, 2.603 mins elapsed.
2020-08-17 20:35:28 : Rep. Peaks Group (1 of 10) : Creating Reproducible Peaks, 2.604 mins elapsed.

2020-08-17 20:35:28 : 
2020-08-17 20:35:28 : Rep. Peaks Group (2 of 10) : Creating Reproducible Peaks, 2.604 mins elapsed.

2020-08-17 20:35:28 : 
2020-08-17 20:35:28 : Rep. Peaks Group (3 of 10) : Creating Reproducible Peaks, 2.605 mins elapsed.

2020-08-17 20:35:28 : 
2020-08-17 20:35:28 : Rep. Peaks Group (4 of 10) : Creating Reproducible Peaks, 2.606 mins elapsed.

2020-08-17 20:35:28 : 
2020-08-17 20:35:28 : Rep. Peaks Group (5 of 10) : Creating Reproducible Peaks, 2.606 mins elapsed.

2020-08-17 20:35:28 : 
2020-08-17 20:35:28 : Rep. Peaks Group (6 of 10) : Creating Reproducible Peaks, 2.607 mins elapsed.

2020-08-17 20:35:28 : 
2020-08-17 20:35:28 : Rep. Peaks Group (7 of 10) : Creating Reproducible Peaks, 2.607 mins elapsed.

2020-08-17 20:35:28 : 
2020-08-17 20:35:28 : Rep. Peaks Group (8 of 10) : Creating Reproducible Peaks, 2.608 mins elapsed.

2020-08-17 20:35:28 : 

2020-08-17 20:35:28 : 
2020-08-17 20:35:29 : Rep. Peaks Group (9 of 10) : Creating Reproducible Peaks, 2.609 mins elapsed.

2020-08-17 20:35:29 : 

2020-08-17 20:35:29 : 
2020-08-17 20:35:29 : Rep. Peaks Group (10 of 10) : Creating Reproducible Peaks, 2.61 mins elapsed.

2020-08-17 20:35:29 : 

2020-08-17 20:35:29 : 

2020-08-17 20:35:29 : 

2020-08-17 20:35:29 : 

2020-08-17 20:35:29 : 

2020-08-17 20:35:29 : 

2020-08-17 20:35:29 : 

2020-08-17 20:35:29 : 

2020-08-17 20:35:29 : 

2020-08-17 20:35:30 : 

2020-08-17 20:35:30 : 

2020-08-17 20:35:30 : 

2020-08-17 20:35:30 : 

2020-08-17 20:35:30 : 

2020-08-17 20:35:30 : 

2020-08-17 20:35:30 : 

2020-08-17 20:35:30 : 

2020-08-17 20:35:30 : 

2020-08-17 20:35:31 : 

2020-08-17 20:35:31 : 
2020-08-17 20:35:31 : Rep. Peaks Group (2 of 10) : Annotating and Filtering Peaks, 2.646 mins elapsed.

2020-08-17 20:35:31 : 

2020-08-17 20:35:31 : 

2020-08-17 20:35:31 : 

2020-08-17 20:35:31 : Annotating Peaks : Nearest Gene

2020-08-17 20:35:31 : 

2020-08-17 20:35:31 : 

2020-08-17 20:35:31 : 

2020-08-17 20:35:31 : 

2020-08-17 20:35:31 : 

2020-08-17 20:35:31 : 
2020-08-17 20:35:31 : Rep. Peaks Group (4 of 10) : Annotating and Filtering Peaks, 2.651 mins elapsed.

2020-08-17 20:35:31 : 

2020-08-17 20:35:31 : 

2020-08-17 20:35:31 : 
2020-08-17 20:35:31 : Rep. Peaks Group (10 of 10) : Annotating and Filtering Peaks, 2.652 mins elapsed.

2020-08-17 20:35:31 : 
2020-08-17 20:35:31 : Rep. Peaks Group (5 of 10) : Annotating and Filtering Peaks, 2.652 mins elapsed.
2020-08-17 20:35:31 : Rep. Peaks Group (9 of 10) : Annotating and Filtering Peaks, 2.653 mins elapsed.

2020-08-17 20:35:31 : 

2020-08-17 20:35:31 : 

2020-08-17 20:35:31 : Annotating Peaks : Nearest Gene

2020-08-17 20:35:31 : Annotating Peaks : Gene
2020-08-17 20:35:31 : Rep. Peaks Group (1 of 10) : Annotating and Filtering Peaks, 2.653 mins elapsed.
2020-08-17 20:35:31 : Rep. Peaks Group (6 of 10) : Annotating and Filtering Peaks, 2.654 mins elapsed.

2020-08-17 20:35:31 : 
2020-08-17 20:35:31 : Rep. Peaks Group (3 of 10) : Annotating and Filtering Peaks, 2.654 mins elapsed.

2020-08-17 20:35:31 : Annotating Peaks : Nearest Gene

2020-08-17 20:35:31 : Annotating Peaks : Nearest Gene

2020-08-17 20:35:31 : Annotating Peaks : Nearest Gene

2020-08-17 20:35:31 : Annotating Peaks : Nearest Gene

2020-08-17 20:35:31 : Annotating Peaks : TSS

2020-08-17 20:35:31 : Annotating Peaks : Gene

2020-08-17 20:35:31 : Annotating Peaks : Nearest Gene

2020-08-17 20:35:31 : Annotating Peaks : Nearest Gene

2020-08-17 20:35:31 : 
2020-08-17 20:35:31 : Rep. Peaks Group (8 of 10) : Annotating and Filtering Peaks, 2.657 mins elapsed.

2020-08-17 20:35:31 : Annotating Peaks : Gene

2020-08-17 20:35:31 : Annotating Peaks : Gene

2020-08-17 20:35:31 : 

2020-08-17 20:35:31 : Annotating Peaks : TSS

2020-08-17 20:35:31 : Annotating Peaks : Gene

2020-08-17 20:35:31 : Annotating Peaks : Gene

2020-08-17 20:35:31 : Annotating Peaks : Nearest Gene

2020-08-17 20:35:32 : Annotating Peaks : Gene

2020-08-17 20:35:32 : Annotating Peaks : TSS

2020-08-17 20:35:32 : Annotating Peaks : TSS

2020-08-17 20:35:32 : 
2020-08-17 20:35:32 : Rep. Peaks Group (7 of 10) : Annotating and Filtering Peaks, 2.66 mins elapsed.

2020-08-17 20:35:32 : Annotating Peaks : TSS

2020-08-17 20:35:32 : Annotating Peaks : GC

2020-08-17 20:35:32 : Annotating Peaks : TSS

2020-08-17 20:35:32 : Annotating Peaks : TSS

2020-08-17 20:35:32 : Annotating Peaks : Gene

2020-08-17 20:35:32 : Annotating Peaks : Nearest Gene

2020-08-17 20:35:32 : Annotating Peaks : Gene

2020-08-17 20:35:32 : Annotating Peaks : TSS

2020-08-17 20:35:32 : Annotating Peaks : GC

2020-08-17 20:35:32 : Annotating Peaks : GC

2020-08-17 20:35:32 : Annotating Peaks : TSS

2020-08-17 20:35:32 : Annotating Peaks : GC

2020-08-17 20:35:32 : Annotating Peaks : GC

2020-08-17 20:35:32 : Annotating Peaks : GC

2020-08-17 20:35:32 : Annotating Peaks : Gene

2020-08-17 20:35:32 : Annotating Peaks : GC

2020-08-17 20:35:32 : Annotating Peaks : TSS

2020-08-17 20:35:32 : Annotating Peaks : GC

2020-08-17 20:35:32 : Annotating Peaks : GC

2020-08-17 20:35:32 : Annotating Peaks : GC
2020-08-17 20:35:34 : Creating Union Peak Set!, 2.703 mins elapsed.
2020-08-17 20:35:38 : Finished Creating Union Peak Set (112469)!, 2.773 mins elapsed.
