
           ___      .______        ______  __    __  .______      
          /   \     |   _  \      /      ||  |  |  | |   _  \     
         /  ^  \    |  |_)  |    |  ,----'|  |__|  | |  |_)  |    
        /  /_\  \   |      /     |  |     |   __   | |      /     
       /  _____  \  |  |\  \\___ |  `----.|  |  |  | |  |\  \\___.
      /__/     \__\ | _| `._____| \______||__|  |__| | _| `._____|
    
Logging With ArchR!

Start Time : 2020-08-17 20:29:52

------- ArchR Info

ArchRThreads = 30
ArchRGenome = Hg38

------- System Info

Computer OS = unix
Total Cores = 112

------- Session Info

R version 3.6.3 (2020-02-29)
Platform: x86_64-pc-linux-gnu (64-bit)
Running under: CentOS Linux 7 (Core)

Matrix products: default
BLAS:   /home/ytakeshima/tool/R-3.6.3/lib/libRblas.so
LAPACK: /home/ytakeshima/tool/R-3.6.3/lib/libRlapack.so

locale:
 [1] LC_CTYPE=en_US.UTF-8       LC_NUMERIC=C              
 [3] LC_TIME=en_US.UTF-8        LC_COLLATE=en_US.UTF-8    
 [5] LC_MONETARY=en_US.UTF-8    LC_MESSAGES=en_US.UTF-8   
 [7] LC_PAPER=en_US.UTF-8       LC_NAME=C                 
 [9] LC_ADDRESS=C               LC_TELEPHONE=C            
[11] LC_MEASUREMENT=en_US.UTF-8 LC_IDENTIFICATION=C       

attached base packages:
 [1] grid      parallel  stats4    stats     graphics  grDevices utils    
 [8] datasets  methods   base     

other attached packages:
 [1] uwot_0.1.8                        Seurat_3.1.5                     
 [3] Rsamtools_2.2.3                   BSgenome.Hsapiens.UCSC.hg38_1.4.1
 [5] BSgenome_1.54.0                   rtracklayer_1.46.0               
 [7] Biostrings_2.54.0                 XVector_0.26.0                   
 [9] gridExtra_2.3                     forcats_0.5.0                    
[11] stringr_1.4.0                     dplyr_1.0.0                      
[13] purrr_0.3.4                       readr_1.3.1                      
[15] tidyr_1.0.3                       tibble_3.0.1                     
[17] tidyverse_1.3.0                   patchwork_1.0.0                  
[19] ArchR_0.9.4                       magrittr_1.5                     
[21] rhdf5_2.30.1                      Matrix_1.2-18                    
[23] data.table_1.12.8                 SummarizedExperiment_1.16.1      
[25] DelayedArray_0.12.3               BiocParallel_1.20.1              
[27] matrixStats_0.56.0                Biobase_2.46.0                   
[29] GenomicRanges_1.38.0              GenomeInfoDb_1.22.1              
[31] IRanges_2.20.2                    S4Vectors_0.24.4                 
[33] BiocGenerics_0.32.0               ggplot2_3.3.2                    

loaded via a namespace (and not attached):
 [1] Rtsne_0.15               colorspace_1.4-1         ellipsis_0.3.1          
 [4] ggridges_0.5.2           fs_1.4.1                 rstudioapi_0.11         
 [7] leiden_0.3.3             listenv_0.8.0            farver_2.0.3            
[10] npsurv_0.4-0.1           ggrepel_0.8.2            RSpectra_0.16-0         
[13] fansi_0.4.1              lubridate_1.7.8          xml2_1.3.1              
[16] codetools_0.2-16         splines_3.6.3            lsei_1.2-0.1            
[19] jsonlite_1.6.1           Cairo_1.5-12             broom_0.5.6             
[22] ica_1.0-2                cluster_2.1.0            dbplyr_1.4.3            
[25] png_0.1-7                sctransform_0.2.1        compiler_3.6.3          
[28] httr_1.4.1               backports_1.1.8          lazyeval_0.2.2          
[31] assertthat_0.2.1         cli_2.0.2                htmltools_0.4.0         
[34] tools_3.6.3              rsvd_1.0.3               igraph_1.2.5            
[37] gtable_0.3.0             glue_1.4.1               GenomeInfoDbData_1.2.2  
[40] reshape2_1.4.4           RANN_2.6.1               rappdirs_0.3.1          
[43] Rcpp_1.0.4.6             cellranger_1.1.0         vctrs_0.3.1             
[46] ape_5.3                  nlme_3.1-147             lmtest_0.9-37           
[49] globals_0.12.5           rvest_0.3.5              lifecycle_0.2.0         
[52] irlba_2.3.3              gtools_3.8.2             XML_3.99-0.3            
[55] future_1.17.0            zlibbioc_1.32.0          MASS_7.3-51.6           
[58] zoo_1.8-7                scales_1.1.1             hms_0.5.3               
[61] RColorBrewer_1.1-2       pbapply_1.4-2            reticulate_1.15         
[64] stringi_1.4.6            rlang_0.4.6              pkgconfig_2.0.3         
[67] bitops_1.0-6             lattice_0.20-41          ROCR_1.0-11             
[70] Rhdf5lib_1.8.0           htmlwidgets_1.5.1        GenomicAlignments_1.22.1
[73] labeling_0.3             cowplot_1.0.0            tidyselect_1.1.0        
[76] RcppAnnoy_0.0.16         plyr_1.8.6               R6_2.4.1                
[79] generics_0.0.2           DBI_1.1.0                pillar_1.4.4            
[82] haven_2.2.0              withr_2.2.0              fitdistrplus_1.0-14     
[85] survival_3.1-12          RCurl_1.98-1.2           tsne_0.1-3              
[88] future.apply_1.5.0       modelr_0.1.6             crayon_1.3.4            
[91] KernSmooth_2.23-17       plotly_4.9.2.1           readxl_1.3.1            
[94] reprex_0.3.0             digest_0.6.25            munsell_0.5.0           
[97] viridisLite_0.3.0       


------- Log Info


2020-08-17 20:29:53 : addClusters Input-Parameters, Class = list

addClusters Input-Parameters$: length = 1
                       
1 function (name)      
2 .Internal(args(name))


addClusters Input-Parameters$input: length = 1
class: ArchRProject 
outputDirectory: /home/ytakeshima/wd/2020/200817_Perturb_CD4_w_reseq_log_check_final/ArchR/plot_Perturb_CD4_stim 
samples(1): Perturb_CD4_stim
sampleColData names(1): ArrowFiles
cellColData names(17): Sample TSSEnrichment ... HTO HTO_sgRNA
numberOfCells(1): 1
medianTSS(1): 9.077
medianFrags(1): 11898


addClusters Input-Parameters$reducedDims: length = 1
[1] "IterativeLSI"


addClusters Input-Parameters$name: length = 1
[1] "Clusters"


addClusters Input-Parameters$sampleCells: length = 0
NULL


addClusters Input-Parameters$seed: length = 1
[1] 1


addClusters Input-Parameters$method: length = 1
[1] "Seurat"


addClusters Input-Parameters$dimsToUse: length = 0
NULL


addClusters Input-Parameters$scaleDims: length = 0
NULL


addClusters Input-Parameters$corCutOff: length = 1
[1] 0.75


addClusters Input-Parameters$knnAssign: length = 1
[1] 10


addClusters Input-Parameters$nOutlier: length = 1
[1] 5


addClusters Input-Parameters$testBias: length = 1
[1] TRUE


addClusters Input-Parameters$filterBias: length = 1
[1] FALSE


addClusters Input-Parameters$biasClusters: length = 1
[1] 0.01


addClusters Input-Parameters$biasCol: length = 1
[1] "nFrags"


addClusters Input-Parameters$biasVals: length = 0
NULL


addClusters Input-Parameters$biasQuantiles: length = 2
[1] 0.05 0.95


addClusters Input-Parameters$biasEnrich: length = 1
[1] 10


addClusters Input-Parameters$biasProportion: length = 1
[1] 0.5


addClusters Input-Parameters$biasPval: length = 1
[1] 0.05


addClusters Input-Parameters$nPerm: length = 1
[1] 500


addClusters Input-Parameters$prefix: length = 1
[1] "C"


addClusters Input-Parameters$ArchRProj: length = 0
NULL


addClusters Input-Parameters$verbose: length = 1
[1] TRUE


addClusters Input-Parameters$tstart: length = 0
NULL


addClusters Input-Parameters$force: length = 1
[1] TRUE


addClusters Input-Parameters$logFile: length = 1
[1] "ArchRLogs/ArchR-addClusters-35d901316f379-Date-2020-08-17_Time-20-29-52.log"


addClusters Input-Parameters$...: length = 1
[[1]]
<promise: 0x2e437a48>



2020-08-17 20:29:53 : Running Seurats FindClusters (Stuart et al. Cell 2019), 0.001 mins elapsed.
2020-08-17 20:30:01 : Testing Outlier Clusters, 0.131 mins elapsed.
2020-08-17 20:30:01 : Assigning Cluster Names to 6 Clusters, 0.131 mins elapsed.
2020-08-17 20:30:01 : Finished addClusters, 0.132 mins elapsed.
